========================================================================
5e6 BEST-CODE RE-EVALUATION
File: optimization/results/logical_guided_absolute_score_gamma01_slack1_repeated_runs/beam/logical_guided_beam_absolute_score_gamma01_slack1_C0_run7.hdf5
Run group: /[625,25]/logical_guided_score_S50_T300_p0.03_bw5_gamma0.1_maxw18_comb10_weightslack1_window2_scoretop0.1_min3_max10_100000prec_20260613_190803
Method: beam
C: 0 ([625,25])
Run: 7
Selection policy: distance_then_ler
Selected HDF5 row: 1564
Distance: 9.0
Stored precision LER: 0.00356 ± 0.00018834441519776304
Stored score: 9282000099.999996
Physical error rate p: 0.03
Budget: 5000000
Workers: 3
Batch size: 10000
State SHA256: b59d33983a257f5b9a20f36e6c982375e1076ecb9bde9268bbabd5fbbb0b776b
========================================================================
/users/udayeon/optimizing_qecc/optimizing-qLDPC-code/venv312/lib/python3.12/site-packages/ldpc/code_util/code_util.py:164: UserWarning: This function has exponential complexity. Not recommended for large pcms. Use the                            'ldpc.code_util.estimate_code_distance' function instead.
  warnings.warn(
Decoder reeval_5000000_beam_C0_run7_row1564_batch0 finished in 0.0m 3.64s with 51 failures out of 10000/10000 runs.
Logical error rate for reeval_5000000_beam_C0_run7_row1564_batch0: 0.0051 ± 0.0007124 (stderr)
Decoder reeval_5000000_beam_C0_run7_row1564_batch1 finished in 0.0m 3.52s with 47 failures out of 10000/10000 runs.
Logical error rate for reeval_5000000_beam_C0_run7_row1564_batch1: 0.0047 ± 0.0006840 (stderr)
Decoder reeval_5000000_beam_C0_run7_row1564_batch2 finished in 0.0m 3.58s with 36 failures out of 10000/10000 runs.
Logical error rate for reeval_5000000_beam_C0_run7_row1564_batch2: 0.0036 ± 0.0005989 (stderr)
Decoder reeval_5000000_beam_C0_run7_row1564_batch3 finished in 0.0m 3.50s with 40 failures out of 10000/10000 runs.
Logical error rate for reeval_5000000_beam_C0_run7_row1564_batch3: 0.004 ± 0.0006312 (stderr)
Decoder reeval_5000000_beam_C0_run7_row1564_batch4 finished in 0.0m 3.53s with 49 failures out of 10000/10000 runs.
Logical error rate for reeval_5000000_beam_C0_run7_row1564_batch4: 0.0049 ± 0.0006983 (stderr)
Decoder reeval_5000000_beam_C0_run7_row1564_batch5 finished in 0.0m 3.68s with 32 failures out of 10000/10000 runs.
Logical error rate for reeval_5000000_beam_C0_run7_row1564_batch5: 0.0032 ± 0.0005648 (stderr)
Decoder reeval_5000000_beam_C0_run7_row1564_batch6 finished in 0.0m 3.67s with 41 failures out of 10000/10000 runs.
Logical error rate for reeval_5000000_beam_C0_run7_row1564_batch6: 0.0041 ± 0.0006390 (stderr)
Decoder reeval_5000000_beam_C0_run7_row1564_batch7 finished in 0.0m 3.60s with 32 failures out of 10000/10000 runs.
Logical error rate for reeval_5000000_beam_C0_run7_row1564_batch7: 0.0032 ± 0.0005648 (stderr)
Decoder reeval_5000000_beam_C0_run7_row1564_batch8 finished in 0.0m 3.60s with 49 failures out of 10000/10000 runs.
Logical error rate for reeval_5000000_beam_C0_run7_row1564_batch8: 0.0049 ± 0.0006983 (stderr)
Decoder reeval_5000000_beam_C0_run7_row1564_batch9 finished in 0.0m 3.59s with 42 failures out of 10000/10000 runs.
Logical error rate for reeval_5000000_beam_C0_run7_row1564_batch9: 0.0042 ± 0.0006467 (stderr)
Decoder reeval_5000000_beam_C0_run7_row1564_batch10 finished in 0.0m 3.43s with 42 failures out of 10000/10000 runs.
Logical error rate for reeval_5000000_beam_C0_run7_row1564_batch10: 0.0042 ± 0.0006467 (stderr)
Decoder reeval_5000000_beam_C0_run7_row1564_batch11 finished in 0.0m 3.60s with 41 failures out of 10000/10000 runs.
Logical error rate for reeval_5000000_beam_C0_run7_row1564_batch11: 0.0041 ± 0.0006390 (stderr)
Decoder reeval_5000000_beam_C0_run7_row1564_batch12 finished in 0.0m 3.62s with 47 failures out of 10000/10000 runs.
Logical error rate for reeval_5000000_beam_C0_run7_row1564_batch12: 0.0047 ± 0.0006840 (stderr)
Decoder reeval_5000000_beam_C0_run7_row1564_batch13 finished in 0.0m 3.51s with 28 failures out of 10000/10000 runs.
Logical error rate for reeval_5000000_beam_C0_run7_row1564_batch13: 0.0028 ± 0.0005284 (stderr)
Decoder reeval_5000000_beam_C0_run7_row1564_batch14 finished in 0.0m 3.54s with 34 failures out of 10000/10000 runs.
Logical error rate for reeval_5000000_beam_C0_run7_row1564_batch14: 0.0034 ± 0.0005821 (stderr)
Decoder reeval_5000000_beam_C0_run7_row1564_batch15 finished in 0.0m 3.55s with 34 failures out of 10000/10000 runs.
Logical error rate for reeval_5000000_beam_C0_run7_row1564_batch15: 0.0034 ± 0.0005821 (stderr)
Decoder reeval_5000000_beam_C0_run7_row1564_batch16 finished in 0.0m 3.48s with 40 failures out of 10000/10000 runs.
Logical error rate for reeval_5000000_beam_C0_run7_row1564_batch16: 0.004 ± 0.0006312 (stderr)
Decoder reeval_5000000_beam_C0_run7_row1564_batch17 finished in 0.0m 3.70s with 37 failures out of 10000/10000 runs.
Logical error rate for reeval_5000000_beam_C0_run7_row1564_batch17: 0.0037 ± 0.0006072 (stderr)
Decoder reeval_5000000_beam_C0_run7_row1564_batch18 finished in 0.0m 3.67s with 26 failures out of 10000/10000 runs.
Logical error rate for reeval_5000000_beam_C0_run7_row1564_batch18: 0.0026 ± 0.0005093 (stderr)
Decoder reeval_5000000_beam_C0_run7_row1564_batch19 finished in 0.0m 3.63s with 33 failures out of 10000/10000 runs.
Logical error rate for reeval_5000000_beam_C0_run7_row1564_batch19: 0.0033 ± 0.0005735 (stderr)
Decoder reeval_5000000_beam_C0_run7_row1564_batch20 finished in 0.0m 3.52s with 44 failures out of 10000/10000 runs.
Logical error rate for reeval_5000000_beam_C0_run7_row1564_batch20: 0.0044 ± 0.0006619 (stderr)
Decoder reeval_5000000_beam_C0_run7_row1564_batch21 finished in 0.0m 3.57s with 34 failures out of 10000/10000 runs.
Logical error rate for reeval_5000000_beam_C0_run7_row1564_batch21: 0.0034 ± 0.0005821 (stderr)
