
--- BEAM SEARCH FROM LOGICAL-GUIDED BEST STATE ---
Code family: [1600,64]
Noise level p = 0.03
Beam width = 2
Depth = 10
Expand per parent = 50
Budgets: screen=100000, precision=1000000
Workers = 32
Source run = logical_guided_S10_T100_p0.03_100000screen_1000000prec_top3_20260414_123231
Traceback (most recent call last):
  File "/users/udayeon/optimizing_qecc/optimizing-qLDPC-code/optimization/logical_guided_search/start_from_logical_guided.py", line 708, in <module>
    main()
  File "/users/udayeon/optimizing_qecc/optimizing-qLDPC-code/optimization/logical_guided_search/start_from_logical_guided.py", line 247, in main
    initial_state = load_best_state_from_logical_guided(
  File "/users/udayeon/optimizing_qecc/optimizing-qLDPC-code/optimization/logical_guided_search/start_from_logical_guided.py", line 46, in load_best_state_from_logical_guided
    grp = f[code_name][run_name]
  File "h5py/_objects.pyx", line 56, in h5py._objects.with_phil.wrapper
  File "h5py/_objects.pyx", line 57, in h5py._objects.with_phil.wrapper
  File "/users/udayeon/.local/lib/python3.9/site-packages/h5py/_hl/group.py", line 360, in __getitem__
    oid = h5o.open(self.id, self._e(name), lapl=self._lapl)
  File "h5py/_objects.pyx", line 56, in h5py._objects.with_phil.wrapper
  File "h5py/_objects.pyx", line 57, in h5py._objects.with_phil.wrapper
  File "h5py/h5o.pyx", line 257, in h5py.h5o.open
KeyError: "Unable to synchronously open object (object 'logical_guided_S10_T100_p0.03_100000screen_1000000prec_top3_20260414_123231' doesn't exist)"
