C=2, N=50, L=10, p=0.03
/Users/manyyeon/data/git/optimizing-qLDPC-code/venv/lib/python3.13/site-packages/ldpc/code_util/code_util.py:164: UserWarning: This function has exponential complexity. Not recommended for large pcms. Use the                            'ldpc.code_util.estimate_code_distance' function instead.
  warnings.warn(
H: [32, 8, 6]
H^T: [24, 0, inf]
Q: [[1600, 64, 6]]
Distance 6 is below threshold 12. Skipping performance evaluation.
Exploring code family [1600,64] with 50 neighbors and 10 iterations at p=0.03... with distance threshold 12
Initial state: Dist=6, LER=0.000000
--------------------------------------------------
Iteration 1/10: current dist = 6, current LER = 0.000000
H: [32, 8, 6]
H^T: [24, 0, inf]
Q: [[1600, 64, 6]]
Distance 6 is below threshold 12. Skipping performance evaluation.
H: [32, 8, 6]
H^T: [24, 0, inf]
Q: [[1600, 64, 6]]
Distance 6 is below threshold 12. Skipping performance evaluation.
H: [32, 8, 8]
H^T: [24, 0, inf]
Q: [[1600, 64, 8]]
Distance 8 is below threshold 12. Skipping performance evaluation.
H: [32, 8, 6]
H^T: [24, 0, inf]
Q: [[1600, 64, 6]]
Distance 6 is below threshold 12. Skipping performance evaluation.
H: [32, 8, 8]
H^T: [24, 0, inf]
Q: [[1600, 64, 8]]
Distance 8 is below threshold 12. Skipping performance evaluation.
H: [32, 8, 8]
H^T: [24, 0, inf]
Q: [[1600, 64, 8]]
Distance 8 is below threshold 12. Skipping performance evaluation.
H: [32, 8, 6]
H^T: [24, 0, inf]
Q: [[1600, 64, 6]]
Distance 6 is below threshold 12. Skipping performance evaluation.
H: [32, 8, 6]
H^T: [24, 0, inf]
Q: [[1600, 64, 6]]
Distance 6 is below threshold 12. Skipping performance evaluation.
H: [32, 8, 6]
H^T: [24, 0, inf]
Q: [[1600, 64, 6]]
Distance 6 is below threshold 12. Skipping performance evaluation.
H: [32, 8, 6]
H^T: [24, 0, inf]
Q: [[1600, 64, 6]]
Distance 6 is below threshold 12. Skipping performance evaluation.
H: [32, 8, 6]
H^T: [24, 0, inf]
Q: [[1600, 64, 6]]
Distance 6 is below threshold 12. Skipping performance evaluation.
H: [32, 8, 8]
H^T: [24, 0, inf]
Q: [[1600, 64, 8]]
Distance 8 is below threshold 12. Skipping performance evaluation.
H: [32, 8, 6]
H^T: [24, 0, inf]
Q: [[1600, 64, 6]]
Distance 6 is below threshold 12. Skipping performance evaluation.
H: [32, 8, 6]
H^T: [24, 0, inf]
Q: [[1600, 64, 6]]
Distance 6 is below threshold 12. Skipping performance evaluation.
H: [32, 8, 6]
H^T: [24, 0, inf]
Q: [[1600, 64, 6]]
Distance 6 is below threshold 12. Skipping performance evaluation.
H: [32, 8, 6]
H^T: [24, 0, inf]
Q: [[1600, 64, 6]]
Distance 6 is below threshold 12. Skipping performance evaluation.
H: [32, 8, 6]
H^T: [24, 0, inf]
Q: [[1600, 64, 6]]
Distance 6 is below threshold 12. Skipping performance evaluation.
H: [32, 8, 6]
H^T: [24, 0, inf]
Q: [[1600, 64, 6]]
Distance 6 is below threshold 12. Skipping performance evaluation.
H: [32, 8, 6]
H^T: [24, 0, inf]
Q: [[1600, 64, 6]]
Distance 6 is below threshold 12. Skipping performance evaluation.
H: [32, 8, 8]
H^T: [24, 0, inf]
Q: [[1600, 64, 8]]
Distance 8 is below threshold 12. Skipping performance evaluation.
H: [32, 8, 6]
H^T: [24, 0, inf]
Q: [[1600, 64, 6]]
Distance 6 is below threshold 12. Skipping performance evaluation.
H: [32, 8, 6]
H^T: [24, 0, inf]
Q: [[1600, 64, 6]]
Distance 6 is below threshold 12. Skipping performance evaluation.
H: [32, 8, 7]
H^T: [24, 0, inf]
Q: [[1600, 64, 7]]
Distance 7 is below threshold 12. Skipping performance evaluation.
H: [32, 8, 8]
H^T: [24, 0, inf]
Q: [[1600, 64, 8]]
Distance 8 is below threshold 12. Skipping performance evaluation.
H: [32, 8, 6]
H^T: [24, 0, inf]
Q: [[1600, 64, 6]]
Distance 6 is below threshold 12. Skipping performance evaluation.
H: [32, 8, 6]
H^T: [24, 0, inf]
Q: [[1600, 64, 6]]
Distance 6 is below threshold 12. Skipping performance evaluation.
H: [32, 8, 6]
H^T: [24, 0, inf]
Q: [[1600, 64, 6]]
Distance 6 is below threshold 12. Skipping performance evaluation.
H: [32, 8, 6]
H^T: [24, 0, inf]
Q: [[1600, 64, 6]]
Distance 6 is below threshold 12. Skipping performance evaluation.
H: [32, 8, 6]
H^T: [24, 0, inf]
Q: [[1600, 64, 6]]
Distance 6 is below threshold 12. Skipping performance evaluation.
H: [32, 8, 6]
H^T: [24, 0, inf]
Q: [[1600, 64, 6]]
Distance 6 is below threshold 12. Skipping performance evaluation.
H: [32, 8, 8]
H^T: [24, 0, inf]
Q: [[1600, 64, 8]]
Distance 8 is below threshold 12. Skipping performance evaluation.
H: [32, 8, 6]
H^T: [24, 0, inf]
Q: [[1600, 64, 6]]
Distance 6 is below threshold 12. Skipping performance evaluation.
H: [32, 8, 6]
H^T: [24, 0, inf]
Q: [[1600, 64, 6]]
Distance 6 is below threshold 12. Skipping performance evaluation.
H: [32, 8, 6]
H^T: [24, 0, inf]
Q: [[1600, 64, 6]]
Distance 6 is below threshold 12. Skipping performance evaluation.
H: [32, 8, 8]
H^T: [24, 0, inf]
Q: [[1600, 64, 8]]
Distance 8 is below threshold 12. Skipping performance evaluation.
H: [32, 8, 6]
H^T: [24, 0, inf]
Q: [[1600, 64, 6]]
Distance 6 is below threshold 12. Skipping performance evaluation.
H: [32, 8, 8]
H^T: [24, 0, inf]
Q: [[1600, 64, 8]]
Distance 8 is below threshold 12. Skipping performance evaluation.
H: [32, 8, 6]
H^T: [24, 0, inf]
Q: [[1600, 64, 6]]
Distance 6 is below threshold 12. Skipping performance evaluation.
H: [32, 8, 6]
H^T: [24, 0, inf]
Q: [[1600, 64, 6]]
Distance 6 is below threshold 12. Skipping performance evaluation.
H: [32, 8, 6]
H^T: [24, 0, inf]
Q: [[1600, 64, 6]]
Distance 6 is below threshold 12. Skipping performance evaluation.
H: [32, 8, 8]
H^T: [24, 0, inf]
Q: [[1600, 64, 8]]
Distance 8 is below threshold 12. Skipping performance evaluation.
H: [32, 8, 6]
H^T: [24, 0, inf]
Q: [[1600, 64, 6]]
Distance 6 is below threshold 12. Skipping performance evaluation.
H: [32, 8, 8]
H^T: [24, 0, inf]
Q: [[1600, 64, 8]]
Distance 8 is below threshold 12. Skipping performance evaluation.
H: [32, 8, 8]
H^T: [24, 0, inf]
Q: [[1600, 64, 8]]
Distance 8 is below threshold 12. Skipping performance evaluation.
H: [32, 8, 6]
H^T: [24, 0, inf]
Q: [[1600, 64, 6]]
Distance 6 is below threshold 12. Skipping performance evaluation.
H: [32, 8, 6]
H^T: [24, 0, inf]
Q: [[1600, 64, 6]]
Distance 6 is below threshold 12. Skipping performance evaluation.
H: [32, 8, 6]
H^T: [24, 0, inf]
Q: [[1600, 64, 6]]
Distance 6 is below threshold 12. Skipping performance evaluation.
H: [32, 8, 8]
H^T: [24, 0, inf]
Q: [[1600, 64, 8]]
Distance 8 is below threshold 12. Skipping performance evaluation.
H: [32, 8, 6]
H^T: [24, 0, inf]
Q: [[1600, 64, 6]]
Distance 6 is below threshold 12. Skipping performance evaluation.
Iteration 1: valid_found=0, scanned=49
No valid neighbors (dist >= 12) found; running greedy look-ahead.
H: [32, 8, 8]
H^T: [24, 0, inf]
Q: [[1600, 64, 8]]
Distance 8 is below threshold 12. Skipping performance evaluation.
Fallback selected: Dist=8, LER=0.000000
Updated distance threshold to 12.
--------------------------------------------------
Iteration 2/10: current dist = 8, current LER = 0.000000
H: [32, 8, 8]
H^T: [24, 0, inf]
Q: [[1600, 64, 8]]
Distance 8 is below threshold 12. Skipping performance evaluation.
H: [32, 8, 6]
H^T: [24, 0, inf]
Q: [[1600, 64, 6]]
Distance 6 is below threshold 12. Skipping performance evaluation.
H: [32, 8, 8]
H^T: [24, 0, inf]
Q: [[1600, 64, 8]]
Distance 8 is below threshold 12. Skipping performance evaluation.
H: [32, 8, 6]
H^T: [24, 0, inf]
Q: [[1600, 64, 6]]
Distance 6 is below threshold 12. Skipping performance evaluation.
H: [32, 8, 6]
H^T: [24, 0, inf]
Q: [[1600, 64, 6]]
Distance 6 is below threshold 12. Skipping performance evaluation.
H: [32, 8, 9]
H^T: [24, 0, inf]
Q: [[1600, 64, 9]]
Distance 9 is below threshold 12. Skipping performance evaluation.
H: [32, 8, 8]
H^T: [24, 0, inf]
Q: [[1600, 64, 8]]
Distance 8 is below threshold 12. Skipping performance evaluation.
H: [32, 8, 8]
H^T: [24, 0, inf]
Q: [[1600, 64, 8]]
Distance 8 is below threshold 12. Skipping performance evaluation.
H: [32, 8, 8]
H^T: [24, 0, inf]
Q: [[1600, 64, 8]]
Distance 8 is below threshold 12. Skipping performance evaluation.
H: [32, 8, 9]
H^T: [24, 0, inf]
Q: [[1600, 64, 9]]
Distance 9 is below threshold 12. Skipping performance evaluation.
H: [32, 8, 8]
H^T: [24, 0, inf]
Q: [[1600, 64, 8]]
Distance 8 is below threshold 12. Skipping performance evaluation.
H: [32, 8, 8]
H^T: [24, 0, inf]
Q: [[1600, 64, 8]]
Distance 8 is below threshold 12. Skipping performance evaluation.
H: [32, 8, 8]
H^T: [24, 0, inf]
Q: [[1600, 64, 8]]
Distance 8 is below threshold 12. Skipping performance evaluation.
H: [32, 8, 8]
H^T: [24, 0, inf]
Q: [[1600, 64, 8]]
Distance 8 is below threshold 12. Skipping performance evaluation.
H: [32, 8, 6]
H^T: [24, 0, inf]
Q: [[1600, 64, 6]]
Distance 6 is below threshold 12. Skipping performance evaluation.
H: [32, 8, 8]
H^T: [24, 0, inf]
Q: [[1600, 64, 8]]
Distance 8 is below threshold 12. Skipping performance evaluation.
H: [32, 8, 8]
H^T: [24, 0, inf]
Q: [[1600, 64, 8]]
Distance 8 is below threshold 12. Skipping performance evaluation.
H: [32, 8, 9]
H^T: [24, 0, inf]
Q: [[1600, 64, 9]]
Distance 9 is below threshold 12. Skipping performance evaluation.
H: [32, 8, 8]
H^T: [24, 0, inf]
Q: [[1600, 64, 8]]
Distance 8 is below threshold 12. Skipping performance evaluation.
H: [32, 9, 8]
H^T: [24, 1, 12]
Q: [[1600, 82, 8]]
Distance 8 is below threshold 12. Skipping performance evaluation.
H: [32, 8, 8]
H^T: [24, 0, inf]
Q: [[1600, 64, 8]]
Distance 8 is below threshold 12. Skipping performance evaluation.
H: [32, 8, 8]
H^T: [24, 0, inf]
Q: [[1600, 64, 8]]
Distance 8 is below threshold 12. Skipping performance evaluation.
H: [32, 8, 6]
H^T: [24, 0, inf]
Q: [[1600, 64, 6]]
Distance 6 is below threshold 12. Skipping performance evaluation.
H: [32, 8, 8]
H^T: [24, 0, inf]
Q: [[1600, 64, 8]]
Distance 8 is below threshold 12. Skipping performance evaluation.
H: [32, 8, 8]
H^T: [24, 0, inf]
Q: [[1600, 64, 8]]
Distance 8 is below threshold 12. Skipping performance evaluation.
H: [32, 8, 8]
H^T: [24, 0, inf]
Q: [[1600, 64, 8]]
Distance 8 is below threshold 12. Skipping performance evaluation.
H: [32, 8, 8]
H^T: [24, 0, inf]
Q: [[1600, 64, 8]]
Distance 8 is below threshold 12. Skipping performance evaluation.
H: [32, 8, 8]
H^T: [24, 0, inf]
Q: [[1600, 64, 8]]
Distance 8 is below threshold 12. Skipping performance evaluation.
H: [32, 8, 6]
H^T: [24, 0, inf]
Q: [[1600, 64, 6]]
Distance 6 is below threshold 12. Skipping performance evaluation.
H: [32, 8, 8]
H^T: [24, 0, inf]
Q: [[1600, 64, 8]]
Distance 8 is below threshold 12. Skipping performance evaluation.
H: [32, 8, 8]
H^T: [24, 0, inf]
Q: [[1600, 64, 8]]
Distance 8 is below threshold 12. Skipping performance evaluation.
H: [32, 8, 8]
H^T: [24, 0, inf]
Q: [[1600, 64, 8]]
Distance 8 is below threshold 12. Skipping performance evaluation.
H: [32, 8, 8]
H^T: [24, 0, inf]
Q: [[1600, 64, 8]]
Distance 8 is below threshold 12. Skipping performance evaluation.
H: [32, 8, 8]
H^T: [24, 0, inf]
Q: [[1600, 64, 8]]
Distance 8 is below threshold 12. Skipping performance evaluation.
H: [32, 8, 8]
H^T: [24, 0, inf]
Q: [[1600, 64, 8]]
Distance 8 is below threshold 12. Skipping performance evaluation.
H: [32, 8, 8]
H^T: [24, 0, inf]
Q: [[1600, 64, 8]]
Distance 8 is below threshold 12. Skipping performance evaluation.
H: [32, 8, 8]
H^T: [24, 0, inf]
Q: [[1600, 64, 8]]
Distance 8 is below threshold 12. Skipping performance evaluation.
H: [32, 8, 8]
H^T: [24, 0, inf]
Q: [[1600, 64, 8]]
Distance 8 is below threshold 12. Skipping performance evaluation.
H: [32, 8, 7]
H^T: [24, 0, inf]
Q: [[1600, 64, 7]]
Distance 7 is below threshold 12. Skipping performance evaluation.
H: [32, 8, 8]
H^T: [24, 0, inf]
Q: [[1600, 64, 8]]
Distance 8 is below threshold 12. Skipping performance evaluation.
H: [32, 8, 7]
H^T: [24, 0, inf]
Q: [[1600, 64, 7]]
Distance 7 is below threshold 12. Skipping performance evaluation.
H: [32, 8, 7]
H^T: [24, 0, inf]
Q: [[1600, 64, 7]]
Distance 7 is below threshold 12. Skipping performance evaluation.
H: [32, 8, 8]
H^T: [24, 0, inf]
Q: [[1600, 64, 8]]
Distance 8 is below threshold 12. Skipping performance evaluation.
H: [32, 8, 8]
H^T: [24, 0, inf]
Q: [[1600, 64, 8]]
Distance 8 is below threshold 12. Skipping performance evaluation.
H: [32, 8, 6]
H^T: [24, 0, inf]
Q: [[1600, 64, 6]]
Distance 6 is below threshold 12. Skipping performance evaluation.
H: [32, 8, 8]
H^T: [24, 0, inf]
Q: [[1600, 64, 8]]
Distance 8 is below threshold 12. Skipping performance evaluation.
H: [32, 8, 9]
H^T: [24, 0, inf]
Q: [[1600, 64, 9]]
Distance 9 is below threshold 12. Skipping performance evaluation.
H: [32, 8, 8]
H^T: [24, 0, inf]
Q: [[1600, 64, 8]]
Distance 8 is below threshold 12. Skipping performance evaluation.
H: [32, 8, 7]
H^T: [24, 0, inf]
Q: [[1600, 64, 7]]
Distance 7 is below threshold 12. Skipping performance evaluation.
Iteration 2: valid_found=0, scanned=49
No valid neighbors (dist >= 12) found; running greedy look-ahead.
H: [32, 8, 9]
H^T: [24, 0, inf]
Q: [[1600, 64, 9]]
Distance 9 is below threshold 12. Skipping performance evaluation.
Fallback selected: Dist=9, LER=0.000000
Updated distance threshold to 12.
--------------------------------------------------
Iteration 3/10: current dist = 9, current LER = 0.000000
H: [32, 8, 9]
H^T: [24, 0, inf]
Q: [[1600, 64, 9]]
Distance 9 is below threshold 12. Skipping performance evaluation.
H: [32, 8, 8]
H^T: [24, 0, inf]
Q: [[1600, 64, 8]]
Distance 8 is below threshold 12. Skipping performance evaluation.
H: [32, 8, 6]
H^T: [24, 0, inf]
Q: [[1600, 64, 6]]
Distance 6 is below threshold 12. Skipping performance evaluation.
H: [32, 8, 9]
H^T: [24, 0, inf]
Q: [[1600, 64, 9]]
Distance 9 is below threshold 12. Skipping performance evaluation.
H: [32, 8, 8]
H^T: [24, 0, inf]
Q: [[1600, 64, 8]]
Distance 8 is below threshold 12. Skipping performance evaluation.
H: [32, 8, 8]
H^T: [24, 0, inf]
Q: [[1600, 64, 8]]
Distance 8 is below threshold 12. Skipping performance evaluation.
H: [32, 8, 8]
H^T: [24, 0, inf]
Q: [[1600, 64, 8]]
Distance 8 is below threshold 12. Skipping performance evaluation.
H: [32, 8, 9]
H^T: [24, 0, inf]
Q: [[1600, 64, 9]]
Distance 9 is below threshold 12. Skipping performance evaluation.
H: [32, 8, 8]
H^T: [24, 0, inf]
Q: [[1600, 64, 8]]
Distance 8 is below threshold 12. Skipping performance evaluation.
H: [32, 8, 8]
H^T: [24, 0, inf]
Q: [[1600, 64, 8]]
Distance 8 is below threshold 12. Skipping performance evaluation.
H: [32, 8, 8]
H^T: [24, 0, inf]
Q: [[1600, 64, 8]]
Distance 8 is below threshold 12. Skipping performance evaluation.
H: [32, 8, 8]
H^T: [24, 0, inf]
Q: [[1600, 64, 8]]
Distance 8 is below threshold 12. Skipping performance evaluation.
H: [32, 8, 8]
H^T: [24, 0, inf]
Q: [[1600, 64, 8]]
Distance 8 is below threshold 12. Skipping performance evaluation.
H: [32, 8, 8]
H^T: [24, 0, inf]
Q: [[1600, 64, 8]]
Distance 8 is below threshold 12. Skipping performance evaluation.
H: [32, 8, 9]
H^T: [24, 0, inf]
Q: [[1600, 64, 9]]
Distance 9 is below threshold 12. Skipping performance evaluation.
H: [32, 8, 6]
H^T: [24, 0, inf]
Q: [[1600, 64, 6]]
Distance 6 is below threshold 12. Skipping performance evaluation.
H: [32, 8, 8]
H^T: [24, 0, inf]
Q: [[1600, 64, 8]]
Distance 8 is below threshold 12. Skipping performance evaluation.
H: [32, 8, 9]
H^T: [24, 0, inf]
Q: [[1600, 64, 9]]
Distance 9 is below threshold 12. Skipping performance evaluation.
H: [32, 8, 7]
H^T: [24, 0, inf]
Q: [[1600, 64, 7]]
Distance 7 is below threshold 12. Skipping performance evaluation.
H: [32, 8, 4]
H^T: [24, 0, inf]
Q: [[1600, 64, 4]]
Distance 4 is below threshold 12. Skipping performance evaluation.
H: [32, 8, 7]
H^T: [24, 0, inf]
Q: [[1600, 64, 7]]
Distance 7 is below threshold 12. Skipping performance evaluation.
H: [32, 8, 8]
H^T: [24, 0, inf]
Q: [[1600, 64, 8]]
Distance 8 is below threshold 12. Skipping performance evaluation.
H: [32, 8, 7]
H^T: [24, 0, inf]
Q: [[1600, 64, 7]]
Distance 7 is below threshold 12. Skipping performance evaluation.
H: [32, 8, 6]
H^T: [24, 0, inf]
Q: [[1600, 64, 6]]
Distance 6 is below threshold 12. Skipping performance evaluation.
H: [32, 8, 10]
H^T: [24, 0, inf]
Q: [[1600, 64, 10]]
Distance 10 is below threshold 12. Skipping performance evaluation.
H: [32, 8, 6]
H^T: [24, 0, inf]
Q: [[1600, 64, 6]]
Distance 6 is below threshold 12. Skipping performance evaluation.
H: [32, 8, 9]
H^T: [24, 0, inf]
Q: [[1600, 64, 9]]
Distance 9 is below threshold 12. Skipping performance evaluation.
H: [32, 8, 9]
H^T: [24, 0, inf]
Q: [[1600, 64, 9]]
Distance 9 is below threshold 12. Skipping performance evaluation.
H: [32, 8, 9]
H^T: [24, 0, inf]
Q: [[1600, 64, 9]]
Distance 9 is below threshold 12. Skipping performance evaluation.
H: [32, 8, 8]
H^T: [24, 0, inf]
Q: [[1600, 64, 8]]
Distance 8 is below threshold 12. Skipping performance evaluation.
H: [32, 8, 6]
H^T: [24, 0, inf]
Q: [[1600, 64, 6]]
Distance 6 is below threshold 12. Skipping performance evaluation.
H: [32, 8, 10]
H^T: [24, 0, inf]
Q: [[1600, 64, 10]]
Distance 10 is below threshold 12. Skipping performance evaluation.
H: [32, 8, 9]
H^T: [24, 0, inf]
Q: [[1600, 64, 9]]
Distance 9 is below threshold 12. Skipping performance evaluation.
H: [32, 8, 9]
H^T: [24, 0, inf]
Q: [[1600, 64, 9]]
Distance 9 is below threshold 12. Skipping performance evaluation.
H: [32, 8, 9]
H^T: [24, 0, inf]
Q: [[1600, 64, 9]]
Distance 9 is below threshold 12. Skipping performance evaluation.
H: [32, 8, 7]
H^T: [24, 0, inf]
Q: [[1600, 64, 7]]
Distance 7 is below threshold 12. Skipping performance evaluation.
H: [32, 8, 9]
H^T: [24, 0, inf]
Q: [[1600, 64, 9]]
Distance 9 is below threshold 12. Skipping performance evaluation.
H: [32, 8, 9]
H^T: [24, 0, inf]
Q: [[1600, 64, 9]]
Distance 9 is below threshold 12. Skipping performance evaluation.
H: [32, 8, 9]
H^T: [24, 0, inf]
Q: [[1600, 64, 9]]
Distance 9 is below threshold 12. Skipping performance evaluation.
H: [32, 8, 10]
H^T: [24, 0, inf]
Q: [[1600, 64, 10]]
Distance 10 is below threshold 12. Skipping performance evaluation.
H: [32, 8, 9]
H^T: [24, 0, inf]
Q: [[1600, 64, 9]]
Distance 9 is below threshold 12. Skipping performance evaluation.
H: [32, 8, 5]
H^T: [24, 0, inf]
Q: [[1600, 64, 5]]
Distance 5 is below threshold 12. Skipping performance evaluation.
H: [32, 8, 10]
H^T: [24, 0, inf]
Q: [[1600, 64, 10]]
Distance 10 is below threshold 12. Skipping performance evaluation.
H: [32, 8, 8]
H^T: [24, 0, inf]
Q: [[1600, 64, 8]]
Distance 8 is below threshold 12. Skipping performance evaluation.
H: [32, 8, 9]
H^T: [24, 0, inf]
Q: [[1600, 64, 9]]
Distance 9 is below threshold 12. Skipping performance evaluation.
H: [32, 8, 9]
H^T: [24, 0, inf]
Q: [[1600, 64, 9]]
Distance 9 is below threshold 12. Skipping performance evaluation.
H: [32, 8, 9]
H^T: [24, 0, inf]
Q: [[1600, 64, 9]]
Distance 9 is below threshold 12. Skipping performance evaluation.
H: [32, 8, 9]
H^T: [24, 0, inf]
Q: [[1600, 64, 9]]
Distance 9 is below threshold 12. Skipping performance evaluation.
H: [32, 8, 9]
H^T: [24, 0, inf]
Q: [[1600, 64, 9]]
Distance 9 is below threshold 12. Skipping performance evaluation.
Iteration 3: valid_found=0, scanned=49
No valid neighbors (dist >= 12) found; running greedy look-ahead.
H: [32, 8, 10]
H^T: [24, 0, inf]
Q: [[1600, 64, 10]]
Distance 10 is below threshold 12. Skipping performance evaluation.
Fallback selected: Dist=10, LER=0.000000
Updated distance threshold to 12.
--------------------------------------------------
Iteration 4/10: current dist = 10, current LER = 0.000000
H: [32, 8, 9]
H^T: [24, 0, inf]
Q: [[1600, 64, 9]]
Distance 9 is below threshold 12. Skipping performance evaluation.
H: [32, 8, 10]
H^T: [24, 0, inf]
Q: [[1600, 64, 10]]
Distance 10 is below threshold 12. Skipping performance evaluation.
H: [32, 8, 6]
H^T: [24, 0, inf]
Q: [[1600, 64, 6]]
Distance 6 is below threshold 12. Skipping performance evaluation.
H: [32, 8, 10]
H^T: [24, 0, inf]
Q: [[1600, 64, 10]]
Distance 10 is below threshold 12. Skipping performance evaluation.
H: [32, 8, 10]
H^T: [24, 0, inf]
Q: [[1600, 64, 10]]
Distance 10 is below threshold 12. Skipping performance evaluation.
H: [32, 8, 9]
H^T: [24, 0, inf]
Q: [[1600, 64, 9]]
Distance 9 is below threshold 12. Skipping performance evaluation.
H: [32, 8, 8]
H^T: [24, 0, inf]
Q: [[1600, 64, 8]]
Distance 8 is below threshold 12. Skipping performance evaluation.
H: [32, 8, 7]
H^T: [24, 0, inf]
Q: [[1600, 64, 7]]
Distance 7 is below threshold 12. Skipping performance evaluation.
H: [32, 8, 10]
H^T: [24, 0, inf]
Q: [[1600, 64, 10]]
Distance 10 is below threshold 12. Skipping performance evaluation.
H: [32, 8, 10]
H^T: [24, 0, inf]
Q: [[1600, 64, 10]]
Distance 10 is below threshold 12. Skipping performance evaluation.
H: [32, 8, 10]
H^T: [24, 0, inf]
Q: [[1600, 64, 10]]
Distance 10 is below threshold 12. Skipping performance evaluation.
H: [32, 8, 6]
H^T: [24, 0, inf]
Q: [[1600, 64, 6]]
Distance 6 is below threshold 12. Skipping performance evaluation.
H: [32, 8, 8]
H^T: [24, 0, inf]
Q: [[1600, 64, 8]]
Distance 8 is below threshold 12. Skipping performance evaluation.
H: [32, 8, 7]
H^T: [24, 0, inf]
Q: [[1600, 64, 7]]
Distance 7 is below threshold 12. Skipping performance evaluation.
H: [32, 8, 8]
H^T: [24, 0, inf]
Q: [[1600, 64, 8]]
Distance 8 is below threshold 12. Skipping performance evaluation.
H: [32, 8, 10]
H^T: [24, 0, inf]
Q: [[1600, 64, 10]]
Distance 10 is below threshold 12. Skipping performance evaluation.
H: [32, 8, 8]
H^T: [24, 0, inf]
Q: [[1600, 64, 8]]
Distance 8 is below threshold 12. Skipping performance evaluation.
H: [32, 8, 10]
H^T: [24, 0, inf]
Q: [[1600, 64, 10]]
Distance 10 is below threshold 12. Skipping performance evaluation.
H: [32, 8, 9]
H^T: [24, 0, inf]
Q: [[1600, 64, 9]]
Distance 9 is below threshold 12. Skipping performance evaluation.
H: [32, 8, 10]
H^T: [24, 0, inf]
Q: [[1600, 64, 10]]
Distance 10 is below threshold 12. Skipping performance evaluation.
H: [32, 8, 8]
H^T: [24, 0, inf]
Q: [[1600, 64, 8]]
Distance 8 is below threshold 12. Skipping performance evaluation.
H: [32, 8, 8]
H^T: [24, 0, inf]
Q: [[1600, 64, 8]]
Distance 8 is below threshold 12. Skipping performance evaluation.
H: [32, 8, 10]
H^T: [24, 0, inf]
Q: [[1600, 64, 10]]
Distance 10 is below threshold 12. Skipping performance evaluation.
H: [32, 8, 8]
H^T: [24, 0, inf]
Q: [[1600, 64, 8]]
Distance 8 is below threshold 12. Skipping performance evaluation.
H: [32, 8, 9]
H^T: [24, 0, inf]
Q: [[1600, 64, 9]]
Distance 9 is below threshold 12. Skipping performance evaluation.
H: [32, 8, 8]
H^T: [24, 0, inf]
Q: [[1600, 64, 8]]
Distance 8 is below threshold 12. Skipping performance evaluation.
H: [32, 8, 10]
H^T: [24, 0, inf]
Q: [[1600, 64, 10]]
Distance 10 is below threshold 12. Skipping performance evaluation.
H: [32, 8, 7]
H^T: [24, 0, inf]
Q: [[1600, 64, 7]]
Distance 7 is below threshold 12. Skipping performance evaluation.
H: [32, 8, 9]
H^T: [24, 0, inf]
Q: [[1600, 64, 9]]
Distance 9 is below threshold 12. Skipping performance evaluation.
H: [32, 8, 10]
H^T: [24, 0, inf]
Q: [[1600, 64, 10]]
Distance 10 is below threshold 12. Skipping performance evaluation.
H: [32, 8, 9]
H^T: [24, 0, inf]
Q: [[1600, 64, 9]]
Distance 9 is below threshold 12. Skipping performance evaluation.
H: [32, 8, 8]
H^T: [24, 0, inf]
Q: [[1600, 64, 8]]
Distance 8 is below threshold 12. Skipping performance evaluation.
H: [32, 8, 9]
H^T: [24, 0, inf]
Q: [[1600, 64, 9]]
Distance 9 is below threshold 12. Skipping performance evaluation.
H: [32, 8, 8]
H^T: [24, 0, inf]
Q: [[1600, 64, 8]]
Distance 8 is below threshold 12. Skipping performance evaluation.
H: [32, 8, 10]
H^T: [24, 0, inf]
Q: [[1600, 64, 10]]
Distance 10 is below threshold 12. Skipping performance evaluation.
H: [32, 8, 9]
H^T: [24, 0, inf]
Q: [[1600, 64, 9]]
Distance 9 is below threshold 12. Skipping performance evaluation.
H: [32, 8, 10]
H^T: [24, 0, inf]
Q: [[1600, 64, 10]]
Distance 10 is below threshold 12. Skipping performance evaluation.
H: [32, 8, 8]
H^T: [24, 0, inf]
Q: [[1600, 64, 8]]
Distance 8 is below threshold 12. Skipping performance evaluation.
H: [32, 8, 9]
H^T: [24, 0, inf]
Q: [[1600, 64, 9]]
Distance 9 is below threshold 12. Skipping performance evaluation.
H: [32, 8, 10]
H^T: [24, 0, inf]
Q: [[1600, 64, 10]]
Distance 10 is below threshold 12. Skipping performance evaluation.
H: [32, 8, 6]
H^T: [24, 0, inf]
Q: [[1600, 64, 6]]
Distance 6 is below threshold 12. Skipping performance evaluation.
H: [32, 8, 6]
H^T: [24, 0, inf]
Q: [[1600, 64, 6]]
Distance 6 is below threshold 12. Skipping performance evaluation.
H: [32, 8, 10]
H^T: [24, 0, inf]
Q: [[1600, 64, 10]]
Distance 10 is below threshold 12. Skipping performance evaluation.
H: [32, 8, 9]
H^T: [24, 0, inf]
Q: [[1600, 64, 9]]
Distance 9 is below threshold 12. Skipping performance evaluation.
H: [32, 8, 9]
H^T: [24, 0, inf]
Q: [[1600, 64, 9]]
Distance 9 is below threshold 12. Skipping performance evaluation.
H: [32, 8, 9]
H^T: [24, 0, inf]
Q: [[1600, 64, 9]]
Distance 9 is below threshold 12. Skipping performance evaluation.
H: [32, 8, 8]
H^T: [24, 0, inf]
Q: [[1600, 64, 8]]
Distance 8 is below threshold 12. Skipping performance evaluation.
H: [32, 8, 10]
H^T: [24, 0, inf]
Q: [[1600, 64, 10]]
Distance 10 is below threshold 12. Skipping performance evaluation.
H: [32, 8, 8]
H^T: [24, 0, inf]
Q: [[1600, 64, 8]]
Distance 8 is below threshold 12. Skipping performance evaluation.
Iteration 4: valid_found=0, scanned=49
No valid neighbors (dist >= 12) found; running greedy look-ahead.
H: [32, 8, 10]
H^T: [24, 0, inf]
Q: [[1600, 64, 10]]
Distance 10 is below threshold 12. Skipping performance evaluation.
Fallback selected: Dist=10, LER=0.000000
Updated distance threshold to 12.
--------------------------------------------------
Iteration 5/10: current dist = 10, current LER = 0.000000
H: [32, 8, 10]
H^T: [24, 0, inf]
Q: [[1600, 64, 10]]
Distance 10 is below threshold 12. Skipping performance evaluation.
H: [32, 8, 5]
H^T: [24, 0, inf]
Q: [[1600, 64, 5]]
Distance 5 is below threshold 12. Skipping performance evaluation.
H: [32, 8, 7]
H^T: [24, 0, inf]
Q: [[1600, 64, 7]]
Distance 7 is below threshold 12. Skipping performance evaluation.
H: [32, 8, 10]
H^T: [24, 0, inf]
Q: [[1600, 64, 10]]
Distance 10 is below threshold 12. Skipping performance evaluation.
H: [32, 8, 10]
H^T: [24, 0, inf]
Q: [[1600, 64, 10]]
Distance 10 is below threshold 12. Skipping performance evaluation.
H: [32, 8, 8]
H^T: [24, 0, inf]
Q: [[1600, 64, 8]]
Distance 8 is below threshold 12. Skipping performance evaluation.
H: [32, 8, 9]
H^T: [24, 0, inf]
Q: [[1600, 64, 9]]
Distance 9 is below threshold 12. Skipping performance evaluation.
H: [32, 8, 10]
H^T: [24, 0, inf]
Q: [[1600, 64, 10]]
Distance 10 is below threshold 12. Skipping performance evaluation.
H: [32, 8, 9]
H^T: [24, 0, inf]
Q: [[1600, 64, 9]]
Distance 9 is below threshold 12. Skipping performance evaluation.
H: [32, 8, 9]
H^T: [24, 0, inf]
Q: [[1600, 64, 9]]
Distance 9 is below threshold 12. Skipping performance evaluation.
H: [32, 8, 10]
H^T: [24, 0, inf]
Q: [[1600, 64, 10]]
Distance 10 is below threshold 12. Skipping performance evaluation.
H: [32, 8, 7]
H^T: [24, 0, inf]
Q: [[1600, 64, 7]]
Distance 7 is below threshold 12. Skipping performance evaluation.
H: [32, 8, 9]
H^T: [24, 0, inf]
Q: [[1600, 64, 9]]
Distance 9 is below threshold 12. Skipping performance evaluation.
H: [32, 8, 7]
H^T: [24, 0, inf]
Q: [[1600, 64, 7]]
Distance 7 is below threshold 12. Skipping performance evaluation.
H: [32, 8, 8]
H^T: [24, 0, inf]
Q: [[1600, 64, 8]]
Distance 8 is below threshold 12. Skipping performance evaluation.
H: [32, 8, 8]
H^T: [24, 0, inf]
Q: [[1600, 64, 8]]
Distance 8 is below threshold 12. Skipping performance evaluation.
H: [32, 8, 9]
H^T: [24, 0, inf]
Q: [[1600, 64, 9]]
Distance 9 is below threshold 12. Skipping performance evaluation.
H: [32, 8, 8]
H^T: [24, 0, inf]
Q: [[1600, 64, 8]]
Distance 8 is below threshold 12. Skipping performance evaluation.
H: [32, 8, 6]
H^T: [24, 0, inf]
Q: [[1600, 64, 6]]
Distance 6 is below threshold 12. Skipping performance evaluation.
H: [32, 8, 10]
H^T: [24, 0, inf]
Q: [[1600, 64, 10]]
Distance 10 is below threshold 12. Skipping performance evaluation.
H: [32, 8, 10]
H^T: [24, 0, inf]
Q: [[1600, 64, 10]]
Distance 10 is below threshold 12. Skipping performance evaluation.
H: [32, 8, 6]
H^T: [24, 0, inf]
Q: [[1600, 64, 6]]
Distance 6 is below threshold 12. Skipping performance evaluation.
H: [32, 8, 10]
H^T: [24, 0, inf]
Q: [[1600, 64, 10]]
Distance 10 is below threshold 12. Skipping performance evaluation.
H: [32, 8, 8]
H^T: [24, 0, inf]
Q: [[1600, 64, 8]]
Distance 8 is below threshold 12. Skipping performance evaluation.
H: [32, 8, 9]
H^T: [24, 0, inf]
Q: [[1600, 64, 9]]
Distance 9 is below threshold 12. Skipping performance evaluation.
H: [32, 8, 8]
H^T: [24, 0, inf]
Q: [[1600, 64, 8]]
Distance 8 is below threshold 12. Skipping performance evaluation.
H: [32, 8, 9]
H^T: [24, 0, inf]
Q: [[1600, 64, 9]]
Distance 9 is below threshold 12. Skipping performance evaluation.
H: [32, 8, 8]
H^T: [24, 0, inf]
Q: [[1600, 64, 8]]
Distance 8 is below threshold 12. Skipping performance evaluation.
H: [32, 8, 9]
H^T: [24, 0, inf]
Q: [[1600, 64, 9]]
Distance 9 is below threshold 12. Skipping performance evaluation.
H: [32, 8, 6]
H^T: [24, 0, inf]
Q: [[1600, 64, 6]]
Distance 6 is below threshold 12. Skipping performance evaluation.
H: [32, 8, 8]
H^T: [24, 0, inf]
Q: [[1600, 64, 8]]
Distance 8 is below threshold 12. Skipping performance evaluation.
H: [32, 8, 10]
H^T: [24, 0, inf]
Q: [[1600, 64, 10]]
Distance 10 is below threshold 12. Skipping performance evaluation.
H: [32, 8, 8]
H^T: [24, 0, inf]
Q: [[1600, 64, 8]]
Distance 8 is below threshold 12. Skipping performance evaluation.
H: [32, 8, 10]
H^T: [24, 0, inf]
Q: [[1600, 64, 10]]
Distance 10 is below threshold 12. Skipping performance evaluation.
H: [32, 8, 7]
H^T: [24, 0, inf]
Q: [[1600, 64, 7]]
Distance 7 is below threshold 12. Skipping performance evaluation.
H: [32, 8, 8]
H^T: [24, 0, inf]
Q: [[1600, 64, 8]]
Distance 8 is below threshold 12. Skipping performance evaluation.
H: [32, 8, 2]
H^T: [24, 0, inf]
Q: [[1600, 64, 2]]
Distance 2 is below threshold 12. Skipping performance evaluation.
H: [32, 8, 6]
H^T: [24, 0, inf]
Q: [[1600, 64, 6]]
Distance 6 is below threshold 12. Skipping performance evaluation.
H: [32, 8, 8]
H^T: [24, 0, inf]
Q: [[1600, 64, 8]]
Distance 8 is below threshold 12. Skipping performance evaluation.
H: [32, 8, 9]
H^T: [24, 0, inf]
Q: [[1600, 64, 9]]
Distance 9 is below threshold 12. Skipping performance evaluation.
H: [32, 8, 8]
H^T: [24, 0, inf]
Q: [[1600, 64, 8]]
Distance 8 is below threshold 12. Skipping performance evaluation.
H: [32, 8, 9]
H^T: [24, 0, inf]
Q: [[1600, 64, 9]]
Distance 9 is below threshold 12. Skipping performance evaluation.
H: [32, 8, 10]
H^T: [24, 0, inf]
Q: [[1600, 64, 10]]
Distance 10 is below threshold 12. Skipping performance evaluation.
H: [32, 8, 8]
H^T: [24, 0, inf]
Q: [[1600, 64, 8]]
Distance 8 is below threshold 12. Skipping performance evaluation.
H: [32, 8, 8]
H^T: [24, 0, inf]
Q: [[1600, 64, 8]]
Distance 8 is below threshold 12. Skipping performance evaluation.
H: [32, 8, 9]
H^T: [24, 0, inf]
Q: [[1600, 64, 9]]
Distance 9 is below threshold 12. Skipping performance evaluation.
H: [32, 8, 10]
H^T: [24, 0, inf]
Q: [[1600, 64, 10]]
Distance 10 is below threshold 12. Skipping performance evaluation.
H: [32, 8, 10]
H^T: [24, 0, inf]
Q: [[1600, 64, 10]]
Distance 10 is below threshold 12. Skipping performance evaluation.
H: [32, 8, 9]
H^T: [24, 0, inf]
Q: [[1600, 64, 9]]
Distance 9 is below threshold 12. Skipping performance evaluation.
Iteration 5: valid_found=0, scanned=49
No valid neighbors (dist >= 12) found; running greedy look-ahead.
H: [32, 8, 10]
H^T: [24, 0, inf]
Q: [[1600, 64, 10]]
Distance 10 is below threshold 12. Skipping performance evaluation.
Fallback selected: Dist=10, LER=0.000000
Updated distance threshold to 12.
--------------------------------------------------
Iteration 6/10: current dist = 10, current LER = 0.000000
H: [32, 8, 6]
H^T: [24, 0, inf]
Q: [[1600, 64, 6]]
Distance 6 is below threshold 12. Skipping performance evaluation.
H: [32, 8, 9]
H^T: [24, 0, inf]
Q: [[1600, 64, 9]]
Distance 9 is below threshold 12. Skipping performance evaluation.
H: [32, 8, 10]
H^T: [24, 0, inf]
Q: [[1600, 64, 10]]
Distance 10 is below threshold 12. Skipping performance evaluation.
H: [32, 8, 10]
H^T: [24, 0, inf]
Q: [[1600, 64, 10]]
Distance 10 is below threshold 12. Skipping performance evaluation.
H: [32, 8, 10]
H^T: [24, 0, inf]
Q: [[1600, 64, 10]]
Distance 10 is below threshold 12. Skipping performance evaluation.
H: [32, 8, 8]
H^T: [24, 0, inf]
Q: [[1600, 64, 8]]
Distance 8 is below threshold 12. Skipping performance evaluation.
H: [32, 8, 8]
H^T: [24, 0, inf]
Q: [[1600, 64, 8]]
Distance 8 is below threshold 12. Skipping performance evaluation.
H: [32, 8, 8]
H^T: [24, 0, inf]
Q: [[1600, 64, 8]]
Distance 8 is below threshold 12. Skipping performance evaluation.
H: [32, 8, 10]
H^T: [24, 0, inf]
Q: [[1600, 64, 10]]
Distance 10 is below threshold 12. Skipping performance evaluation.
H: [32, 8, 10]
H^T: [24, 0, inf]
Q: [[1600, 64, 10]]
Distance 10 is below threshold 12. Skipping performance evaluation.
H: [32, 8, 8]
H^T: [24, 0, inf]
Q: [[1600, 64, 8]]
Distance 8 is below threshold 12. Skipping performance evaluation.
H: [32, 8, 10]
H^T: [24, 0, inf]
Q: [[1600, 64, 10]]
Distance 10 is below threshold 12. Skipping performance evaluation.
H: [32, 8, 8]
H^T: [24, 0, inf]
Q: [[1600, 64, 8]]
Distance 8 is below threshold 12. Skipping performance evaluation.
H: [32, 8, 9]
H^T: [24, 0, inf]
Q: [[1600, 64, 9]]
Distance 9 is below threshold 12. Skipping performance evaluation.
H: [32, 8, 8]
H^T: [24, 0, inf]
Q: [[1600, 64, 8]]
Distance 8 is below threshold 12. Skipping performance evaluation.
H: [32, 8, 9]
H^T: [24, 0, inf]
Q: [[1600, 64, 9]]
Distance 9 is below threshold 12. Skipping performance evaluation.
H: [32, 8, 6]
H^T: [24, 0, inf]
Q: [[1600, 64, 6]]
Distance 6 is below threshold 12. Skipping performance evaluation.
H: [32, 8, 6]
H^T: [24, 0, inf]
Q: [[1600, 64, 6]]
Distance 6 is below threshold 12. Skipping performance evaluation.
H: [32, 8, 10]
H^T: [24, 0, inf]
Q: [[1600, 64, 10]]
Distance 10 is below threshold 12. Skipping performance evaluation.
H: [32, 8, 10]
H^T: [24, 0, inf]
Q: [[1600, 64, 10]]
Distance 10 is below threshold 12. Skipping performance evaluation.
H: [32, 8, 8]
H^T: [24, 0, inf]
Q: [[1600, 64, 8]]
Distance 8 is below threshold 12. Skipping performance evaluation.
H: [32, 8, 9]
H^T: [24, 0, inf]
Q: [[1600, 64, 9]]
Distance 9 is below threshold 12. Skipping performance evaluation.
H: [32, 8, 10]
H^T: [24, 0, inf]
Q: [[1600, 64, 10]]
Distance 10 is below threshold 12. Skipping performance evaluation.
H: [32, 8, 10]
H^T: [24, 0, inf]
Q: [[1600, 64, 10]]
Distance 10 is below threshold 12. Skipping performance evaluation.
H: [32, 8, 9]
H^T: [24, 0, inf]
Q: [[1600, 64, 9]]
Distance 9 is below threshold 12. Skipping performance evaluation.
H: [32, 8, 6]
H^T: [24, 0, inf]
Q: [[1600, 64, 6]]
Distance 6 is below threshold 12. Skipping performance evaluation.
H: [32, 8, 9]
H^T: [24, 0, inf]
Q: [[1600, 64, 9]]
Distance 9 is below threshold 12. Skipping performance evaluation.
H: [32, 8, 7]
H^T: [24, 0, inf]
Q: [[1600, 64, 7]]
Distance 7 is below threshold 12. Skipping performance evaluation.
H: [32, 8, 8]
H^T: [24, 0, inf]
Q: [[1600, 64, 8]]
Distance 8 is below threshold 12. Skipping performance evaluation.
H: [32, 8, 8]
H^T: [24, 0, inf]
Q: [[1600, 64, 8]]
Distance 8 is below threshold 12. Skipping performance evaluation.
H: [32, 8, 8]
H^T: [24, 0, inf]
Q: [[1600, 64, 8]]
Distance 8 is below threshold 12. Skipping performance evaluation.
H: [32, 8, 8]
H^T: [24, 0, inf]
Q: [[1600, 64, 8]]
Distance 8 is below threshold 12. Skipping performance evaluation.
H: [32, 8, 10]
H^T: [24, 0, inf]
Q: [[1600, 64, 10]]
Distance 10 is below threshold 12. Skipping performance evaluation.
H: [32, 8, 10]
H^T: [24, 0, inf]
Q: [[1600, 64, 10]]
Distance 10 is below threshold 12. Skipping performance evaluation.
H: [32, 8, 4]
H^T: [24, 0, inf]
Q: [[1600, 64, 4]]
Distance 4 is below threshold 12. Skipping performance evaluation.
H: [32, 8, 10]
H^T: [24, 0, inf]
Q: [[1600, 64, 10]]
Distance 10 is below threshold 12. Skipping performance evaluation.
H: [32, 8, 8]
H^T: [24, 0, inf]
Q: [[1600, 64, 8]]
Distance 8 is below threshold 12. Skipping performance evaluation.
H: [32, 8, 10]
H^T: [24, 0, inf]
Q: [[1600, 64, 10]]
Distance 10 is below threshold 12. Skipping performance evaluation.
H: [32, 8, 9]
H^T: [24, 0, inf]
Q: [[1600, 64, 9]]
Distance 9 is below threshold 12. Skipping performance evaluation.
H: [32, 8, 8]
H^T: [24, 0, inf]
Q: [[1600, 64, 8]]
Distance 8 is below threshold 12. Skipping performance evaluation.
H: [32, 8, 7]
H^T: [24, 0, inf]
Q: [[1600, 64, 7]]
Distance 7 is below threshold 12. Skipping performance evaluation.
H: [32, 8, 9]
H^T: [24, 0, inf]
Q: [[1600, 64, 9]]
Distance 9 is below threshold 12. Skipping performance evaluation.
H: [32, 8, 7]
H^T: [24, 0, inf]
Q: [[1600, 64, 7]]
Distance 7 is below threshold 12. Skipping performance evaluation.
H: [32, 8, 8]
H^T: [24, 0, inf]
Q: [[1600, 64, 8]]
Distance 8 is below threshold 12. Skipping performance evaluation.
H: [32, 8, 8]
H^T: [24, 0, inf]
Q: [[1600, 64, 8]]
Distance 8 is below threshold 12. Skipping performance evaluation.
H: [32, 8, 8]
H^T: [24, 0, inf]
Q: [[1600, 64, 8]]
Distance 8 is below threshold 12. Skipping performance evaluation.
H: [32, 8, 5]
H^T: [24, 0, inf]
Q: [[1600, 64, 5]]
Distance 5 is below threshold 12. Skipping performance evaluation.
H: [32, 8, 9]
H^T: [24, 0, inf]
Q: [[1600, 64, 9]]
Distance 9 is below threshold 12. Skipping performance evaluation.
H: [32, 8, 6]
H^T: [24, 0, inf]
Q: [[1600, 64, 6]]
Distance 6 is below threshold 12. Skipping performance evaluation.
Iteration 6: valid_found=0, scanned=49
No valid neighbors (dist >= 12) found; running greedy look-ahead.
H: [32, 8, 10]
H^T: [24, 0, inf]
Q: [[1600, 64, 10]]
Distance 10 is below threshold 12. Skipping performance evaluation.
Fallback selected: Dist=10, LER=0.000000
Updated distance threshold to 12.
--------------------------------------------------
Iteration 7/10: current dist = 10, current LER = 0.000000
H: [32, 8, 8]
H^T: [24, 0, inf]
Q: [[1600, 64, 8]]
Distance 8 is below threshold 12. Skipping performance evaluation.
H: [32, 8, 6]
H^T: [24, 0, inf]
Q: [[1600, 64, 6]]
Distance 6 is below threshold 12. Skipping performance evaluation.
H: [32, 8, 9]
H^T: [24, 0, inf]
Q: [[1600, 64, 9]]
Distance 9 is below threshold 12. Skipping performance evaluation.
H: [32, 8, 10]
H^T: [24, 0, inf]
Q: [[1600, 64, 10]]
Distance 10 is below threshold 12. Skipping performance evaluation.
H: [32, 8, 6]
H^T: [24, 0, inf]
Q: [[1600, 64, 6]]
Distance 6 is below threshold 12. Skipping performance evaluation.
H: [32, 8, 10]
H^T: [24, 0, inf]
Q: [[1600, 64, 10]]
Distance 10 is below threshold 12. Skipping performance evaluation.
H: [32, 8, 7]
H^T: [24, 0, inf]
Q: [[1600, 64, 7]]
Distance 7 is below threshold 12. Skipping performance evaluation.
H: [32, 8, 9]
H^T: [24, 0, inf]
Q: [[1600, 64, 9]]
Distance 9 is below threshold 12. Skipping performance evaluation.
H: [32, 8, 7]
H^T: [24, 0, inf]
Q: [[1600, 64, 7]]
Distance 7 is below threshold 12. Skipping performance evaluation.
H: [32, 8, 8]
H^T: [24, 0, inf]
Q: [[1600, 64, 8]]
Distance 8 is below threshold 12. Skipping performance evaluation.
H: [32, 8, 10]
H^T: [24, 0, inf]
Q: [[1600, 64, 10]]
Distance 10 is below threshold 12. Skipping performance evaluation.
H: [32, 8, 7]
H^T: [24, 0, inf]
Q: [[1600, 64, 7]]
Distance 7 is below threshold 12. Skipping performance evaluation.
H: [32, 8, 10]
H^T: [24, 0, inf]
Q: [[1600, 64, 10]]
Distance 10 is below threshold 12. Skipping performance evaluation.
H: [32, 8, 4]
H^T: [24, 0, inf]
Q: [[1600, 64, 4]]
Distance 4 is below threshold 12. Skipping performance evaluation.
H: [32, 8, 9]
H^T: [24, 0, inf]
Q: [[1600, 64, 9]]
Distance 9 is below threshold 12. Skipping performance evaluation.
H: [32, 8, 10]
H^T: [24, 0, inf]
Q: [[1600, 64, 10]]
Distance 10 is below threshold 12. Skipping performance evaluation.
H: [32, 8, 7]
H^T: [24, 0, inf]
Q: [[1600, 64, 7]]
Distance 7 is below threshold 12. Skipping performance evaluation.
H: [32, 8, 8]
H^T: [24, 0, inf]
Q: [[1600, 64, 8]]
Distance 8 is below threshold 12. Skipping performance evaluation.
H: [32, 8, 7]
H^T: [24, 0, inf]
Q: [[1600, 64, 7]]
Distance 7 is below threshold 12. Skipping performance evaluation.
H: [32, 8, 8]
H^T: [24, 0, inf]
Q: [[1600, 64, 8]]
Distance 8 is below threshold 12. Skipping performance evaluation.
H: [32, 8, 10]
H^T: [24, 0, inf]
Q: [[1600, 64, 10]]
Distance 10 is below threshold 12. Skipping performance evaluation.
H: [32, 8, 8]
H^T: [24, 0, inf]
Q: [[1600, 64, 8]]
Distance 8 is below threshold 12. Skipping performance evaluation.
H: [32, 8, 8]
H^T: [24, 0, inf]
Q: [[1600, 64, 8]]
Distance 8 is below threshold 12. Skipping performance evaluation.
H: [32, 8, 10]
H^T: [24, 0, inf]
Q: [[1600, 64, 10]]
Distance 10 is below threshold 12. Skipping performance evaluation.
H: [32, 8, 9]
H^T: [24, 0, inf]
Q: [[1600, 64, 9]]
Distance 9 is below threshold 12. Skipping performance evaluation.
H: [32, 8, 8]
H^T: [24, 0, inf]
Q: [[1600, 64, 8]]
Distance 8 is below threshold 12. Skipping performance evaluation.
H: [32, 8, 7]
H^T: [24, 0, inf]
Q: [[1600, 64, 7]]
Distance 7 is below threshold 12. Skipping performance evaluation.
H: [32, 8, 8]
H^T: [24, 0, inf]
Q: [[1600, 64, 8]]
Distance 8 is below threshold 12. Skipping performance evaluation.
H: [32, 8, 10]
H^T: [24, 0, inf]
Q: [[1600, 64, 10]]
Distance 10 is below threshold 12. Skipping performance evaluation.
H: [32, 8, 8]
H^T: [24, 0, inf]
Q: [[1600, 64, 8]]
Distance 8 is below threshold 12. Skipping performance evaluation.
H: [32, 8, 10]
H^T: [24, 0, inf]
Q: [[1600, 64, 10]]
Distance 10 is below threshold 12. Skipping performance evaluation.
H: [32, 8, 10]
H^T: [24, 0, inf]
Q: [[1600, 64, 10]]
Distance 10 is below threshold 12. Skipping performance evaluation.
H: [32, 8, 6]
H^T: [24, 0, inf]
Q: [[1600, 64, 6]]
Distance 6 is below threshold 12. Skipping performance evaluation.
H: [32, 8, 10]
H^T: [24, 0, inf]
Q: [[1600, 64, 10]]
Distance 10 is below threshold 12. Skipping performance evaluation.
H: [32, 8, 9]
H^T: [24, 0, inf]
Q: [[1600, 64, 9]]
Distance 9 is below threshold 12. Skipping performance evaluation.
H: [32, 8, 9]
H^T: [24, 0, inf]
Q: [[1600, 64, 9]]
Distance 9 is below threshold 12. Skipping performance evaluation.
H: [32, 8, 8]
H^T: [24, 0, inf]
Q: [[1600, 64, 8]]
Distance 8 is below threshold 12. Skipping performance evaluation.
H: [32, 8, 8]
H^T: [24, 0, inf]
Q: [[1600, 64, 8]]
Distance 8 is below threshold 12. Skipping performance evaluation.
H: [32, 8, 7]
H^T: [24, 0, inf]
Q: [[1600, 64, 7]]
Distance 7 is below threshold 12. Skipping performance evaluation.
H: [32, 8, 8]
H^T: [24, 0, inf]
Q: [[1600, 64, 8]]
Distance 8 is below threshold 12. Skipping performance evaluation.
H: [32, 8, 9]
H^T: [24, 0, inf]
Q: [[1600, 64, 9]]
Distance 9 is below threshold 12. Skipping performance evaluation.
H: [32, 8, 9]
H^T: [24, 0, inf]
Q: [[1600, 64, 9]]
Distance 9 is below threshold 12. Skipping performance evaluation.
H: [32, 8, 8]
H^T: [24, 0, inf]
Q: [[1600, 64, 8]]
Distance 8 is below threshold 12. Skipping performance evaluation.
H: [32, 8, 8]
H^T: [24, 0, inf]
Q: [[1600, 64, 8]]
Distance 8 is below threshold 12. Skipping performance evaluation.
H: [32, 8, 9]
H^T: [24, 0, inf]
Q: [[1600, 64, 9]]
Distance 9 is below threshold 12. Skipping performance evaluation.
H: [32, 8, 8]
H^T: [24, 0, inf]
Q: [[1600, 64, 8]]
Distance 8 is below threshold 12. Skipping performance evaluation.
H: [32, 8, 9]
H^T: [24, 0, inf]
Q: [[1600, 64, 9]]
Distance 9 is below threshold 12. Skipping performance evaluation.
H: [32, 8, 7]
H^T: [24, 0, inf]
Q: [[1600, 64, 7]]
Distance 7 is below threshold 12. Skipping performance evaluation.
H: [32, 8, 8]
H^T: [24, 0, inf]
Q: [[1600, 64, 8]]
Distance 8 is below threshold 12. Skipping performance evaluation.
Iteration 7: valid_found=0, scanned=49
No valid neighbors (dist >= 12) found; running greedy look-ahead.
H: [32, 8, 10]
H^T: [24, 0, inf]
Q: [[1600, 64, 10]]
Distance 10 is below threshold 12. Skipping performance evaluation.
Fallback selected: Dist=10, LER=0.000000
Updated distance threshold to 12.
--------------------------------------------------
Iteration 8/10: current dist = 10, current LER = 0.000000
H: [32, 8, 10]
H^T: [24, 0, inf]
Q: [[1600, 64, 10]]
Distance 10 is below threshold 12. Skipping performance evaluation.
H: [32, 8, 6]
H^T: [24, 0, inf]
Q: [[1600, 64, 6]]
Distance 6 is below threshold 12. Skipping performance evaluation.
H: [32, 8, 9]
H^T: [24, 0, inf]
Q: [[1600, 64, 9]]
Distance 9 is below threshold 12. Skipping performance evaluation.
H: [32, 8, 8]
H^T: [24, 0, inf]
Q: [[1600, 64, 8]]
Distance 8 is below threshold 12. Skipping performance evaluation.
H: [32, 8, 8]
H^T: [24, 0, inf]
Q: [[1600, 64, 8]]
Distance 8 is below threshold 12. Skipping performance evaluation.
H: [32, 8, 8]
H^T: [24, 0, inf]
Q: [[1600, 64, 8]]
Distance 8 is below threshold 12. Skipping performance evaluation.
H: [32, 8, 8]
H^T: [24, 0, inf]
Q: [[1600, 64, 8]]
Distance 8 is below threshold 12. Skipping performance evaluation.
H: [32, 8, 8]
H^T: [24, 0, inf]
Q: [[1600, 64, 8]]
Distance 8 is below threshold 12. Skipping performance evaluation.
H: [32, 8, 9]
H^T: [24, 0, inf]
Q: [[1600, 64, 9]]
Distance 9 is below threshold 12. Skipping performance evaluation.
H: [32, 8, 10]
H^T: [24, 0, inf]
Q: [[1600, 64, 10]]
Distance 10 is below threshold 12. Skipping performance evaluation.
H: [32, 8, 9]
H^T: [24, 0, inf]
Q: [[1600, 64, 9]]
Distance 9 is below threshold 12. Skipping performance evaluation.
H: [32, 8, 9]
H^T: [24, 0, inf]
Q: [[1600, 64, 9]]
Distance 9 is below threshold 12. Skipping performance evaluation.
H: [32, 8, 9]
H^T: [24, 0, inf]
Q: [[1600, 64, 9]]
Distance 9 is below threshold 12. Skipping performance evaluation.
H: [32, 8, 9]
H^T: [24, 0, inf]
Q: [[1600, 64, 9]]
Distance 9 is below threshold 12. Skipping performance evaluation.
H: [32, 8, 9]
H^T: [24, 0, inf]
Q: [[1600, 64, 9]]
Distance 9 is below threshold 12. Skipping performance evaluation.
H: [32, 8, 8]
H^T: [24, 0, inf]
Q: [[1600, 64, 8]]
Distance 8 is below threshold 12. Skipping performance evaluation.
H: [32, 8, 8]
H^T: [24, 0, inf]
Q: [[1600, 64, 8]]
Distance 8 is below threshold 12. Skipping performance evaluation.
H: [32, 8, 9]
H^T: [24, 0, inf]
Q: [[1600, 64, 9]]
Distance 9 is below threshold 12. Skipping performance evaluation.
H: [32, 8, 7]
H^T: [24, 0, inf]
Q: [[1600, 64, 7]]
Distance 7 is below threshold 12. Skipping performance evaluation.
H: [32, 8, 5]
H^T: [24, 0, inf]
Q: [[1600, 64, 5]]
Distance 5 is below threshold 12. Skipping performance evaluation.
H: [32, 8, 9]
H^T: [24, 0, inf]
Q: [[1600, 64, 9]]
Distance 9 is below threshold 12. Skipping performance evaluation.
H: [32, 8, 8]
H^T: [24, 0, inf]
Q: [[1600, 64, 8]]
Distance 8 is below threshold 12. Skipping performance evaluation.
H: [32, 8, 8]
H^T: [24, 0, inf]
Q: [[1600, 64, 8]]
Distance 8 is below threshold 12. Skipping performance evaluation.
H: [32, 8, 9]
H^T: [24, 0, inf]
Q: [[1600, 64, 9]]
Distance 9 is below threshold 12. Skipping performance evaluation.
H: [32, 8, 10]
H^T: [24, 0, inf]
Q: [[1600, 64, 10]]
Distance 10 is below threshold 12. Skipping performance evaluation.
H: [32, 8, 10]
H^T: [24, 0, inf]
Q: [[1600, 64, 10]]
Distance 10 is below threshold 12. Skipping performance evaluation.
H: [32, 8, 7]
H^T: [24, 0, inf]
Q: [[1600, 64, 7]]
Distance 7 is below threshold 12. Skipping performance evaluation.
H: [32, 8, 8]
H^T: [24, 0, inf]
Q: [[1600, 64, 8]]
Distance 8 is below threshold 12. Skipping performance evaluation.
H: [32, 8, 6]
H^T: [24, 0, inf]
Q: [[1600, 64, 6]]
Distance 6 is below threshold 12. Skipping performance evaluation.
H: [32, 8, 8]
H^T: [24, 0, inf]
Q: [[1600, 64, 8]]
Distance 8 is below threshold 12. Skipping performance evaluation.
H: [32, 8, 7]
H^T: [24, 0, inf]
Q: [[1600, 64, 7]]
Distance 7 is below threshold 12. Skipping performance evaluation.
H: [32, 8, 10]
H^T: [24, 0, inf]
Q: [[1600, 64, 10]]
Distance 10 is below threshold 12. Skipping performance evaluation.
H: [32, 8, 8]
H^T: [24, 0, inf]
Q: [[1600, 64, 8]]
Distance 8 is below threshold 12. Skipping performance evaluation.
H: [32, 8, 10]
H^T: [24, 0, inf]
Q: [[1600, 64, 10]]
Distance 10 is below threshold 12. Skipping performance evaluation.
H: [32, 8, 8]
H^T: [24, 0, inf]
Q: [[1600, 64, 8]]
Distance 8 is below threshold 12. Skipping performance evaluation.
H: [32, 8, 8]
H^T: [24, 0, inf]
Q: [[1600, 64, 8]]
Distance 8 is below threshold 12. Skipping performance evaluation.
H: [32, 8, 8]
H^T: [24, 0, inf]
Q: [[1600, 64, 8]]
Distance 8 is below threshold 12. Skipping performance evaluation.
H: [32, 8, 6]
H^T: [24, 0, inf]
Q: [[1600, 64, 6]]
Distance 6 is below threshold 12. Skipping performance evaluation.
H: [32, 8, 9]
H^T: [24, 0, inf]
Q: [[1600, 64, 9]]
Distance 9 is below threshold 12. Skipping performance evaluation.
H: [32, 8, 8]
H^T: [24, 0, inf]
Q: [[1600, 64, 8]]
Distance 8 is below threshold 12. Skipping performance evaluation.
H: [32, 8, 5]
H^T: [24, 0, inf]
Q: [[1600, 64, 5]]
Distance 5 is below threshold 12. Skipping performance evaluation.
H: [32, 8, 8]
H^T: [24, 0, inf]
Q: [[1600, 64, 8]]
Distance 8 is below threshold 12. Skipping performance evaluation.
H: [32, 8, 8]
H^T: [24, 0, inf]
Q: [[1600, 64, 8]]
Distance 8 is below threshold 12. Skipping performance evaluation.
H: [32, 8, 8]
H^T: [24, 0, inf]
Q: [[1600, 64, 8]]
Distance 8 is below threshold 12. Skipping performance evaluation.
H: [32, 8, 10]
H^T: [24, 0, inf]
Q: [[1600, 64, 10]]
Distance 10 is below threshold 12. Skipping performance evaluation.
H: [32, 8, 10]
H^T: [24, 0, inf]
Q: [[1600, 64, 10]]
Distance 10 is below threshold 12. Skipping performance evaluation.
H: [32, 8, 7]
H^T: [24, 0, inf]
Q: [[1600, 64, 7]]
Distance 7 is below threshold 12. Skipping performance evaluation.
H: [32, 8, 8]
H^T: [24, 0, inf]
Q: [[1600, 64, 8]]
Distance 8 is below threshold 12. Skipping performance evaluation.
H: [32, 8, 9]
H^T: [24, 0, inf]
Q: [[1600, 64, 9]]
Distance 9 is below threshold 12. Skipping performance evaluation.
Iteration 8: valid_found=0, scanned=49
No valid neighbors (dist >= 12) found; running greedy look-ahead.
H: [32, 8, 10]
H^T: [24, 0, inf]
Q: [[1600, 64, 10]]
Distance 10 is below threshold 12. Skipping performance evaluation.
Fallback selected: Dist=10, LER=0.000000
Updated distance threshold to 12.
--------------------------------------------------
Iteration 9/10: current dist = 10, current LER = 0.000000
H: [32, 8, 6]
H^T: [24, 0, inf]
Q: [[1600, 64, 6]]
Distance 6 is below threshold 12. Skipping performance evaluation.
H: [32, 8, 9]
H^T: [24, 0, inf]
Q: [[1600, 64, 9]]
Distance 9 is below threshold 12. Skipping performance evaluation.
H: [32, 8, 8]
H^T: [24, 0, inf]
Q: [[1600, 64, 8]]
Distance 8 is below threshold 12. Skipping performance evaluation.
H: [32, 8, 10]
H^T: [24, 0, inf]
Q: [[1600, 64, 10]]
Distance 10 is below threshold 12. Skipping performance evaluation.
H: [32, 8, 8]
H^T: [24, 0, inf]
Q: [[1600, 64, 8]]
Distance 8 is below threshold 12. Skipping performance evaluation.
H: [32, 8, 6]
H^T: [24, 0, inf]
Q: [[1600, 64, 6]]
Distance 6 is below threshold 12. Skipping performance evaluation.
H: [32, 8, 10]
H^T: [24, 0, inf]
Q: [[1600, 64, 10]]
Distance 10 is below threshold 12. Skipping performance evaluation.
H: [32, 8, 8]
H^T: [24, 0, inf]
Q: [[1600, 64, 8]]
Distance 8 is below threshold 12. Skipping performance evaluation.
H: [32, 8, 9]
H^T: [24, 0, inf]
Q: [[1600, 64, 9]]
Distance 9 is below threshold 12. Skipping performance evaluation.
H: [32, 8, 10]
H^T: [24, 0, inf]
Q: [[1600, 64, 10]]
Distance 10 is below threshold 12. Skipping performance evaluation.
H: [32, 8, 8]
H^T: [24, 0, inf]
Q: [[1600, 64, 8]]
Distance 8 is below threshold 12. Skipping performance evaluation.
H: [32, 8, 10]
H^T: [24, 0, inf]
Q: [[1600, 64, 10]]
Distance 10 is below threshold 12. Skipping performance evaluation.
H: [32, 8, 5]
H^T: [24, 0, inf]
Q: [[1600, 64, 5]]
Distance 5 is below threshold 12. Skipping performance evaluation.
H: [32, 8, 9]
H^T: [24, 0, inf]
Q: [[1600, 64, 9]]
Distance 9 is below threshold 12. Skipping performance evaluation.
H: [32, 8, 8]
H^T: [24, 0, inf]
Q: [[1600, 64, 8]]
Distance 8 is below threshold 12. Skipping performance evaluation.
H: [32, 8, 10]
H^T: [24, 0, inf]
Q: [[1600, 64, 10]]
Distance 10 is below threshold 12. Skipping performance evaluation.
H: [32, 8, 10]
H^T: [24, 0, inf]
Q: [[1600, 64, 10]]
Distance 10 is below threshold 12. Skipping performance evaluation.
H: [32, 8, 9]
H^T: [24, 0, inf]
Q: [[1600, 64, 9]]
Distance 9 is below threshold 12. Skipping performance evaluation.
H: [32, 8, 8]
H^T: [24, 0, inf]
Q: [[1600, 64, 8]]
Distance 8 is below threshold 12. Skipping performance evaluation.
H: [32, 8, 9]
H^T: [24, 0, inf]
Q: [[1600, 64, 9]]
Distance 9 is below threshold 12. Skipping performance evaluation.
H: [32, 8, 5]
H^T: [24, 0, inf]
Q: [[1600, 64, 5]]
Distance 5 is below threshold 12. Skipping performance evaluation.
H: [32, 8, 8]
H^T: [24, 0, inf]
Q: [[1600, 64, 8]]
Distance 8 is below threshold 12. Skipping performance evaluation.
H: [32, 8, 9]
H^T: [24, 0, inf]
Q: [[1600, 64, 9]]
Distance 9 is below threshold 12. Skipping performance evaluation.
H: [32, 8, 6]
H^T: [24, 0, inf]
Q: [[1600, 64, 6]]
Distance 6 is below threshold 12. Skipping performance evaluation.
H: [32, 8, 8]
H^T: [24, 0, inf]
Q: [[1600, 64, 8]]
Distance 8 is below threshold 12. Skipping performance evaluation.
H: [32, 8, 8]
H^T: [24, 0, inf]
Q: [[1600, 64, 8]]
Distance 8 is below threshold 12. Skipping performance evaluation.
H: [32, 8, 8]
H^T: [24, 0, inf]
Q: [[1600, 64, 8]]
Distance 8 is below threshold 12. Skipping performance evaluation.
H: [32, 8, 9]
H^T: [24, 0, inf]
Q: [[1600, 64, 9]]
Distance 9 is below threshold 12. Skipping performance evaluation.
H: [32, 8, 8]
H^T: [24, 0, inf]
Q: [[1600, 64, 8]]
Distance 8 is below threshold 12. Skipping performance evaluation.
H: [32, 8, 9]
H^T: [24, 0, inf]
Q: [[1600, 64, 9]]
Distance 9 is below threshold 12. Skipping performance evaluation.
H: [32, 8, 6]
H^T: [24, 0, inf]
Q: [[1600, 64, 6]]
Distance 6 is below threshold 12. Skipping performance evaluation.
H: [32, 8, 8]
H^T: [24, 0, inf]
Q: [[1600, 64, 8]]
Distance 8 is below threshold 12. Skipping performance evaluation.
H: [32, 8, 10]
H^T: [24, 0, inf]
Q: [[1600, 64, 10]]
Distance 10 is below threshold 12. Skipping performance evaluation.
H: [32, 8, 8]
H^T: [24, 0, inf]
Q: [[1600, 64, 8]]
Distance 8 is below threshold 12. Skipping performance evaluation.
H: [32, 8, 10]
H^T: [24, 0, inf]
Q: [[1600, 64, 10]]
Distance 10 is below threshold 12. Skipping performance evaluation.
H: [32, 8, 8]
H^T: [24, 0, inf]
Q: [[1600, 64, 8]]
Distance 8 is below threshold 12. Skipping performance evaluation.
H: [32, 8, 9]
H^T: [24, 0, inf]
Q: [[1600, 64, 9]]
Distance 9 is below threshold 12. Skipping performance evaluation.
H: [32, 8, 9]
H^T: [24, 0, inf]
Q: [[1600, 64, 9]]
Distance 9 is below threshold 12. Skipping performance evaluation.
H: [32, 8, 8]
H^T: [24, 0, inf]
Q: [[1600, 64, 8]]
Distance 8 is below threshold 12. Skipping performance evaluation.
H: [32, 8, 10]
H^T: [24, 0, inf]
Q: [[1600, 64, 10]]
Distance 10 is below threshold 12. Skipping performance evaluation.
H: [32, 8, 6]
H^T: [24, 0, inf]
Q: [[1600, 64, 6]]
Distance 6 is below threshold 12. Skipping performance evaluation.
H: [32, 8, 6]
H^T: [24, 0, inf]
Q: [[1600, 64, 6]]
Distance 6 is below threshold 12. Skipping performance evaluation.
H: [32, 8, 9]
H^T: [24, 0, inf]
Q: [[1600, 64, 9]]
Distance 9 is below threshold 12. Skipping performance evaluation.
H: [32, 8, 9]
H^T: [24, 0, inf]
Q: [[1600, 64, 9]]
Distance 9 is below threshold 12. Skipping performance evaluation.
H: [32, 8, 8]
H^T: [24, 0, inf]
Q: [[1600, 64, 8]]
Distance 8 is below threshold 12. Skipping performance evaluation.
H: [32, 8, 7]
H^T: [24, 0, inf]
Q: [[1600, 64, 7]]
Distance 7 is below threshold 12. Skipping performance evaluation.
H: [32, 8, 8]
H^T: [24, 0, inf]
Q: [[1600, 64, 8]]
Distance 8 is below threshold 12. Skipping performance evaluation.
H: [32, 8, 9]
H^T: [24, 0, inf]
Q: [[1600, 64, 9]]
Distance 9 is below threshold 12. Skipping performance evaluation.
H: [32, 8, 10]
H^T: [24, 0, inf]
Q: [[1600, 64, 10]]
Distance 10 is below threshold 12. Skipping performance evaluation.
Iteration 9: valid_found=0, scanned=49
No valid neighbors (dist >= 12) found; running greedy look-ahead.
H: [32, 8, 10]
H^T: [24, 0, inf]
Q: [[1600, 64, 10]]
Distance 10 is below threshold 12. Skipping performance evaluation.
Fallback selected: Dist=10, LER=0.000000
Updated distance threshold to 12.
--------------------------------------------------
Iteration 10/10: current dist = 10, current LER = 0.000000
H: [32, 8, 10]
H^T: [24, 0, inf]
Q: [[1600, 64, 10]]
Distance 10 is below threshold 12. Skipping performance evaluation.
H: [32, 8, 10]
H^T: [24, 0, inf]
Q: [[1600, 64, 10]]
Distance 10 is below threshold 12. Skipping performance evaluation.
H: [32, 8, 9]
H^T: [24, 0, inf]
Q: [[1600, 64, 9]]
Distance 9 is below threshold 12. Skipping performance evaluation.
H: [32, 8, 10]
H^T: [24, 0, inf]
Q: [[1600, 64, 10]]
Distance 10 is below threshold 12. Skipping performance evaluation.
H: [32, 8, 6]
H^T: [24, 0, inf]
Q: [[1600, 64, 6]]
Distance 6 is below threshold 12. Skipping performance evaluation.
H: [32, 8, 10]
H^T: [24, 0, inf]
Q: [[1600, 64, 10]]
Distance 10 is below threshold 12. Skipping performance evaluation.
H: [32, 8, 6]
H^T: [24, 0, inf]
Q: [[1600, 64, 6]]
Distance 6 is below threshold 12. Skipping performance evaluation.
H: [32, 8, 4]
H^T: [24, 0, inf]
Q: [[1600, 64, 4]]
Distance 4 is below threshold 12. Skipping performance evaluation.
H: [32, 8, 8]
H^T: [24, 0, inf]
Q: [[1600, 64, 8]]
Distance 8 is below threshold 12. Skipping performance evaluation.
H: [32, 8, 7]
H^T: [24, 0, inf]
Q: [[1600, 64, 7]]
Distance 7 is below threshold 12. Skipping performance evaluation.
H: [32, 8, 8]
H^T: [24, 0, inf]
Q: [[1600, 64, 8]]
Distance 8 is below threshold 12. Skipping performance evaluation.
H: [32, 8, 8]
H^T: [24, 0, inf]
Q: [[1600, 64, 8]]
Distance 8 is below threshold 12. Skipping performance evaluation.
H: [32, 8, 7]
H^T: [24, 0, inf]
Q: [[1600, 64, 7]]
Distance 7 is below threshold 12. Skipping performance evaluation.
H: [32, 8, 9]
H^T: [24, 0, inf]
Q: [[1600, 64, 9]]
Distance 9 is below threshold 12. Skipping performance evaluation.
H: [32, 8, 2]
H^T: [24, 0, inf]
Q: [[1600, 64, 2]]
Distance 2 is below threshold 12. Skipping performance evaluation.
H: [32, 8, 9]
H^T: [24, 0, inf]
Q: [[1600, 64, 9]]
Distance 9 is below threshold 12. Skipping performance evaluation.
H: [32, 8, 8]
H^T: [24, 0, inf]
Q: [[1600, 64, 8]]
Distance 8 is below threshold 12. Skipping performance evaluation.
H: [32, 8, 7]
H^T: [24, 0, inf]
Q: [[1600, 64, 7]]
Distance 7 is below threshold 12. Skipping performance evaluation.
H: [32, 8, 9]
H^T: [24, 0, inf]
Q: [[1600, 64, 9]]
Distance 9 is below threshold 12. Skipping performance evaluation.
H: [32, 8, 10]
H^T: [24, 0, inf]
Q: [[1600, 64, 10]]
Distance 10 is below threshold 12. Skipping performance evaluation.
H: [32, 8, 8]
H^T: [24, 0, inf]
Q: [[1600, 64, 8]]
Distance 8 is below threshold 12. Skipping performance evaluation.
H: [32, 8, 2]
H^T: [24, 0, inf]
Q: [[1600, 64, 2]]
Distance 2 is below threshold 12. Skipping performance evaluation.
H: [32, 8, 8]
H^T: [24, 0, inf]
Q: [[1600, 64, 8]]
Distance 8 is below threshold 12. Skipping performance evaluation.
H: [32, 8, 9]
H^T: [24, 0, inf]
Q: [[1600, 64, 9]]
Distance 9 is below threshold 12. Skipping performance evaluation.
H: [32, 8, 10]
H^T: [24, 0, inf]
Q: [[1600, 64, 10]]
Distance 10 is below threshold 12. Skipping performance evaluation.
H: [32, 8, 8]
H^T: [24, 0, inf]
Q: [[1600, 64, 8]]
Distance 8 is below threshold 12. Skipping performance evaluation.
H: [32, 8, 8]
H^T: [24, 0, inf]
Q: [[1600, 64, 8]]
Distance 8 is below threshold 12. Skipping performance evaluation.
H: [32, 8, 8]
H^T: [24, 0, inf]
Q: [[1600, 64, 8]]
Distance 8 is below threshold 12. Skipping performance evaluation.
H: [32, 8, 6]
H^T: [24, 0, inf]
Q: [[1600, 64, 6]]
Distance 6 is below threshold 12. Skipping performance evaluation.
H: [32, 8, 8]
H^T: [24, 0, inf]
Q: [[1600, 64, 8]]
Distance 8 is below threshold 12. Skipping performance evaluation.
H: [32, 8, 8]
H^T: [24, 0, inf]
Q: [[1600, 64, 8]]
Distance 8 is below threshold 12. Skipping performance evaluation.
H: [32, 8, 10]
H^T: [24, 0, inf]
Q: [[1600, 64, 10]]
Distance 10 is below threshold 12. Skipping performance evaluation.
H: [32, 8, 10]
H^T: [24, 0, inf]
Q: [[1600, 64, 10]]
Distance 10 is below threshold 12. Skipping performance evaluation.
H: [32, 8, 10]
H^T: [24, 0, inf]
Q: [[1600, 64, 10]]
Distance 10 is below threshold 12. Skipping performance evaluation.
H: [32, 8, 8]
H^T: [24, 0, inf]
Q: [[1600, 64, 8]]
Distance 8 is below threshold 12. Skipping performance evaluation.
H: [32, 8, 10]
H^T: [24, 0, inf]
Q: [[1600, 64, 10]]
Distance 10 is below threshold 12. Skipping performance evaluation.
H: [32, 8, 9]
H^T: [24, 0, inf]
Q: [[1600, 64, 9]]
Distance 9 is below threshold 12. Skipping performance evaluation.
H: [32, 8, 10]
H^T: [24, 0, inf]
Q: [[1600, 64, 10]]
Distance 10 is below threshold 12. Skipping performance evaluation.
H: [32, 8, 8]
H^T: [24, 0, inf]
Q: [[1600, 64, 8]]
Distance 8 is below threshold 12. Skipping performance evaluation.
H: [32, 8, 8]
H^T: [24, 0, inf]
Q: [[1600, 64, 8]]
Distance 8 is below threshold 12. Skipping performance evaluation.
H: [32, 8, 9]
H^T: [24, 0, inf]
Q: [[1600, 64, 9]]
Distance 9 is below threshold 12. Skipping performance evaluation.
H: [32, 8, 10]
H^T: [24, 0, inf]
Q: [[1600, 64, 10]]
Distance 10 is below threshold 12. Skipping performance evaluation.
H: [32, 8, 8]
H^T: [24, 0, inf]
Q: [[1600, 64, 8]]
Distance 8 is below threshold 12. Skipping performance evaluation.
H: [32, 8, 10]
H^T: [24, 0, inf]
Q: [[1600, 64, 10]]
Distance 10 is below threshold 12. Skipping performance evaluation.
H: [32, 8, 9]
H^T: [24, 0, inf]
Q: [[1600, 64, 9]]
Distance 9 is below threshold 12. Skipping performance evaluation.
H: [32, 8, 8]
H^T: [24, 0, inf]
Q: [[1600, 64, 8]]
Distance 8 is below threshold 12. Skipping performance evaluation.
H: [32, 8, 8]
H^T: [24, 0, inf]
Q: [[1600, 64, 8]]
Distance 8 is below threshold 12. Skipping performance evaluation.
H: [32, 8, 9]
H^T: [24, 0, inf]
Q: [[1600, 64, 9]]
Distance 9 is below threshold 12. Skipping performance evaluation.
H: [32, 8, 10]
H^T: [24, 0, inf]
Q: [[1600, 64, 10]]
Distance 10 is below threshold 12. Skipping performance evaluation.
Iteration 10: valid_found=0, scanned=49
Last iteration.
Streaming results saved to optimization/results/best_neighbor_search_5.hdf5 for code family [1600,64].
