C = 1, N = 50, L = 10, p = 0.03, distance_threshold = 12
Exploring code family [1225,65] with 50 neighbors and 10 iterations at p=0.03... with distance threshold 12
Rank of H: 20 out of (21, 28)
H Classical Code parameters: [28, 8, 6]
H is not full rank; skipping H^T classical code parameters computation.
H^T Classical Code parameters: [21, 1, 12]
H_X Code parameters: nx=1225, d_Hx=6
H_Z Code parameters: nz=1225, d_Hz=6
Quantum Code parameters: [[1225, 65, 6]]
Distance 6 is below threshold 12 or rank_H 20 is above initial_rank None. Skipping performance evaluation.
Initial state logical error rate: 0.000000, rank_H: 20
Iteration 1/10: cost of current state = 0.000000
--------------------------------------------------
Exploring neighbor 1/49 of iteration 1/10...
Rank of H: 21 out of (21, 28)
H Classical Code parameters: [28, 7, 6]
H is full rank.
H^T Classical Code parameters: [21, 0, inf]
H_X Code parameters: nx=1225, d_Hx=8
H_Z Code parameters: nz=1225, d_Hz=8
Quantum Code parameters: [[1225, 49, 8]]
Distance 8 is below threshold 8 or rank_H 21 is above initial_rank 20. Skipping performance evaluation.
Skipping neighbor 1/49 due to distance or rank criteria.
--------------------------------------------------
Exploring neighbor 2/49 of iteration 1/10...
Rank of H: 21 out of (21, 28)
H Classical Code parameters: [28, 7, 8]
H is full rank.
H^T Classical Code parameters: [21, 0, inf]
H_X Code parameters: nx=1225, d_Hx=8
H_Z Code parameters: nz=1225, d_Hz=10
Quantum Code parameters: [[1225, 49, 8]]
Distance 8 is below threshold 8 or rank_H 21 is above initial_rank 20. Skipping performance evaluation.
Skipping neighbor 2/49 due to distance or rank criteria.
--------------------------------------------------
Exploring neighbor 3/49 of iteration 1/10...
Rank of H: 21 out of (21, 28)
H Classical Code parameters: [28, 7, 6]
H is full rank.
H^T Classical Code parameters: [21, 0, inf]
H_X Code parameters: nx=1225, d_Hx=6
H_Z Code parameters: nz=1225, d_Hz=6
Quantum Code parameters: [[1225, 49, 6]]
Distance 6 is below threshold 8 or rank_H 21 is above initial_rank 20. Skipping performance evaluation.
Skipping neighbor 3/49 due to distance or rank criteria.
--------------------------------------------------
Exploring neighbor 4/49 of iteration 1/10...
Rank of H: 20 out of (21, 28)
H Classical Code parameters: [28, 8, 6]
H is not full rank; skipping H^T classical code parameters computation.
H^T Classical Code parameters: [21, 1, 12]
H_X Code parameters: nx=1225, d_Hx=6
H_Z Code parameters: nz=1225, d_Hz=6
Quantum Code parameters: [[1225, 65, 6]]
Distance 6 is below threshold 8 or rank_H 20 is above initial_rank 20. Skipping performance evaluation.
Skipping neighbor 4/49 due to distance or rank criteria.
--------------------------------------------------
Exploring neighbor 5/49 of iteration 1/10...
Rank of H: 21 out of (21, 28)
H Classical Code parameters: [28, 7, 6]
H is full rank.
H^T Classical Code parameters: [21, 0, inf]
H_X Code parameters: nx=1225, d_Hx=6
H_Z Code parameters: nz=1225, d_Hz=6
Quantum Code parameters: [[1225, 49, 6]]
Distance 6 is below threshold 8 or rank_H 21 is above initial_rank 20. Skipping performance evaluation.
Skipping neighbor 5/49 due to distance or rank criteria.
--------------------------------------------------
Exploring neighbor 6/49 of iteration 1/10...
Rank of H: 21 out of (21, 28)
H Classical Code parameters: [28, 7, 6]
H is full rank.
H^T Classical Code parameters: [21, 0, inf]
H_X Code parameters: nx=1225, d_Hx=8
H_Z Code parameters: nz=1225, d_Hz=8
Quantum Code parameters: [[1225, 49, 8]]
Distance 8 is below threshold 8 or rank_H 21 is above initial_rank 20. Skipping performance evaluation.
Skipping neighbor 6/49 due to distance or rank criteria.
--------------------------------------------------
Exploring neighbor 7/49 of iteration 1/10...
Rank of H: 21 out of (21, 28)
H Classical Code parameters: [28, 7, 8]
H is full rank.
H^T Classical Code parameters: [21, 0, inf]
H_X Code parameters: nx=1225, d_Hx=8
H_Z Code parameters: nz=1225, d_Hz=8
Quantum Code parameters: [[1225, 49, 8]]
Distance 8 is below threshold 8 or rank_H 21 is above initial_rank 20. Skipping performance evaluation.
Skipping neighbor 7/49 due to distance or rank criteria.
--------------------------------------------------
Exploring neighbor 8/49 of iteration 1/10...
Rank of H: 21 out of (21, 28)
H Classical Code parameters: [28, 7, 6]
H is full rank.
H^T Classical Code parameters: [21, 0, inf]
H_X Code parameters: nx=1225, d_Hx=6
H_Z Code parameters: nz=1225, d_Hz=6
Quantum Code parameters: [[1225, 49, 6]]
Distance 6 is below threshold 8 or rank_H 21 is above initial_rank 20. Skipping performance evaluation.
Skipping neighbor 8/49 due to distance or rank criteria.
--------------------------------------------------
Exploring neighbor 9/49 of iteration 1/10...
Rank of H: 20 out of (21, 28)
H Classical Code parameters: [28, 8, 6]
H is not full rank; skipping H^T classical code parameters computation.
H^T Classical Code parameters: [21, 1, 12]
H_X Code parameters: nx=1225, d_Hx=6
H_Z Code parameters: nz=1225, d_Hz=6
Quantum Code parameters: [[1225, 65, 6]]
Distance 6 is below threshold 8 or rank_H 20 is above initial_rank 20. Skipping performance evaluation.
Skipping neighbor 9/49 due to distance or rank criteria.
--------------------------------------------------
Exploring neighbor 10/49 of iteration 1/10...
Rank of H: 20 out of (21, 28)
H Classical Code parameters: [28, 8, 6]
H is not full rank; skipping H^T classical code parameters computation.
H^T Classical Code parameters: [21, 1, 12]
H_X Code parameters: nx=1225, d_Hx=6
H_Z Code parameters: nz=1225, d_Hz=6
Quantum Code parameters: [[1225, 65, 6]]
Distance 6 is below threshold 8 or rank_H 20 is above initial_rank 20. Skipping performance evaluation.
Skipping neighbor 10/49 due to distance or rank criteria.
--------------------------------------------------
Exploring neighbor 11/49 of iteration 1/10...
Rank of H: 20 out of (21, 28)
H Classical Code parameters: [28, 8, 6]
H is not full rank; skipping H^T classical code parameters computation.
H^T Classical Code parameters: [21, 1, 12]
H_X Code parameters: nx=1225, d_Hx=6
H_Z Code parameters: nz=1225, d_Hz=6
Quantum Code parameters: [[1225, 65, 6]]
Distance 6 is below threshold 8 or rank_H 20 is above initial_rank 20. Skipping performance evaluation.
Skipping neighbor 11/49 due to distance or rank criteria.
--------------------------------------------------
Exploring neighbor 12/49 of iteration 1/10...
Rank of H: 21 out of (21, 28)
H Classical Code parameters: [28, 7, 6]
H is full rank.
H^T Classical Code parameters: [21, 0, inf]
H_X Code parameters: nx=1225, d_Hx=6
H_Z Code parameters: nz=1225, d_Hz=6
Quantum Code parameters: [[1225, 49, 6]]
Distance 6 is below threshold 8 or rank_H 21 is above initial_rank 20. Skipping performance evaluation.
Skipping neighbor 12/49 due to distance or rank criteria.
--------------------------------------------------
Exploring neighbor 13/49 of iteration 1/10...
Rank of H: 20 out of (21, 28)
H Classical Code parameters: [28, 8, 6]
H is not full rank; skipping H^T classical code parameters computation.
H^T Classical Code parameters: [21, 1, 12]
H_X Code parameters: nx=1225, d_Hx=8
H_Z Code parameters: nz=1225, d_Hz=8
Quantum Code parameters: [[1225, 65, 8]]
Hx, Hz, Lx, Lz: (588, 1225), (588, 1225), (65, 1225), (65, 1225)
BP max iterations: 122, OSD order: 2, MS scaling factor: 0.625
