C = 1, N = 50, L = 10, p = 0.03
Exploring code family [1225,65] with 50 neighbors and 10 iterations.
Rank of H: 20 out of (21, 28)
H Classical Code parameters: [28, 8, 6]
H_X Code parameters: nx=1225, dz=6
H_Z Code parameters: nz=1225, dx=6
Quantum Code parameters: [[1225, 64, 6]]
Hx, Hz, Lx, Lz: (588, 1225), (588, 1225), (65, 1225), (65, 1225)
BP max iterations: 122, OSD order: 2, MS scaling factor: 0.625
Decoder Random walk finished in 213.10 seconds with 2263 failures out of 100000 runs.
Logical error rate for Random walk: 0.02263 ± 0.0004703 (stderr)
Logical error rate for p=0.03: 0.02263
Iteration 1/10: cost of current state = 0.022630
Exploring neighbor 1/49 of iteration 1/10...
Rank of H: 21 out of (21, 28)
H Classical Code parameters: [28, 7, 6]
H_X Code parameters: nx=1225, dz=10
H_Z Code parameters: nz=1225, dx=10
Quantum Code parameters: [[1225, 49, 10]]
Hx, Hz, Lx, Lz: (588, 1225), (588, 1225), (49, 1225), (49, 1225)
BP max iterations: 122, OSD order: 2, MS scaling factor: 0.625
Decoder Random walk finished in 188.32 seconds with 1073 failures out of 100000 runs.
Logical error rate for Random walk: 0.01073 ± 0.0003258 (stderr)
Logical error rate for p=0.03: 0.01073
Found minimum in neighbor 1/49 of iteration 1/10: 0.010730
total runtime so far: 406.4s, avg decoding runtime so far: 200.7127s
Exploring neighbor 2/49 of iteration 1/10...
Rank of H: 21 out of (21, 28)
H Classical Code parameters: [28, 7, 6]
H_X Code parameters: nx=1225, dz=6
H_Z Code parameters: nz=1225, dx=6
Quantum Code parameters: [[1225, 49, 6]]
Distance 6 is below threshold 8. Skipping performance evaluation.
Skipping neighbor 2/49 due to insufficient distance.
Exploring neighbor 3/49 of iteration 1/10...
Rank of H: 21 out of (21, 28)
H Classical Code parameters: [28, 7, 6]
H_X Code parameters: nx=1225, dz=6
H_Z Code parameters: nz=1225, dx=6
Quantum Code parameters: [[1225, 49, 6]]
Distance 6 is below threshold 8. Skipping performance evaluation.
Skipping neighbor 3/49 due to insufficient distance.
Exploring neighbor 4/49 of iteration 1/10...
Rank of H: 21 out of (21, 28)
H Classical Code parameters: [28, 7, 6]
H_X Code parameters: nx=1225, dz=6
H_Z Code parameters: nz=1225, dx=6
Quantum Code parameters: [[1225, 49, 6]]
Distance 6 is below threshold 8. Skipping performance evaluation.
Skipping neighbor 4/49 due to insufficient distance.
Exploring neighbor 5/49 of iteration 1/10...
Rank of H: 21 out of (21, 28)
H Classical Code parameters: [28, 7, 6]
H_X Code parameters: nx=1225, dz=6
H_Z Code parameters: nz=1225, dx=6
Quantum Code parameters: [[1225, 49, 6]]
Distance 6 is below threshold 8. Skipping performance evaluation.
Skipping neighbor 5/49 due to insufficient distance.
Exploring neighbor 6/49 of iteration 1/10...
Rank of H: 21 out of (21, 28)
H Classical Code parameters: [28, 7, 6]
H_X Code parameters: nx=1225, dz=6
H_Z Code parameters: nz=1225, dx=6
Quantum Code parameters: [[1225, 49, 6]]
Distance 6 is below threshold 8. Skipping performance evaluation.
Skipping neighbor 6/49 due to insufficient distance.
Exploring neighbor 7/49 of iteration 1/10...
Rank of H: 20 out of (21, 28)
H Classical Code parameters: [28, 8, 6]
H_X Code parameters: nx=1225, dz=6
H_Z Code parameters: nz=1225, dx=6
Quantum Code parameters: [[1225, 64, 6]]
Distance 6 is below threshold 8. Skipping performance evaluation.
Skipping neighbor 7/49 due to insufficient distance.
Exploring neighbor 8/49 of iteration 1/10...
Rank of H: 20 out of (21, 28)
H Classical Code parameters: [28, 8, 6]
H_X Code parameters: nx=1225, dz=6
H_Z Code parameters: nz=1225, dx=6
Quantum Code parameters: [[1225, 64, 6]]
Distance 6 is below threshold 8. Skipping performance evaluation.
Skipping neighbor 8/49 due to insufficient distance.
Exploring neighbor 9/49 of iteration 1/10...
Rank of H: 21 out of (21, 28)
H Classical Code parameters: [28, 7, 6]
H_X Code parameters: nx=1225, dz=6
H_Z Code parameters: nz=1225, dx=6
Quantum Code parameters: [[1225, 49, 6]]
Distance 6 is below threshold 8. Skipping performance evaluation.
Skipping neighbor 9/49 due to insufficient distance.
Exploring neighbor 10/49 of iteration 1/10...
Rank of H: 20 out of (21, 28)
H Classical Code parameters: [28, 8, 6]
H_X Code parameters: nx=1225, dz=6
H_Z Code parameters: nz=1225, dx=6
Quantum Code parameters: [[1225, 64, 6]]
Distance 6 is below threshold 8. Skipping performance evaluation.
Skipping neighbor 10/49 due to insufficient distance.
Exploring neighbor 11/49 of iteration 1/10...
Rank of H: 21 out of (21, 28)
H Classical Code parameters: [28, 7, 6]
H_X Code parameters: nx=1225, dz=6
H_Z Code parameters: nz=1225, dx=6
Quantum Code parameters: [[1225, 49, 6]]
Distance 6 is below threshold 8. Skipping performance evaluation.
Skipping neighbor 11/49 due to insufficient distance.
Exploring neighbor 12/49 of iteration 1/10...
Rank of H: 20 out of (21, 28)
H Classical Code parameters: [28, 8, 6]
H_X Code parameters: nx=1225, dz=6
H_Z Code parameters: nz=1225, dx=6
Quantum Code parameters: [[1225, 64, 6]]
Distance 6 is below threshold 8. Skipping performance evaluation.
Skipping neighbor 12/49 due to insufficient distance.
Exploring neighbor 13/49 of iteration 1/10...
Rank of H: 21 out of (21, 28)
H Classical Code parameters: [28, 7, 8]
H_X Code parameters: nx=1225, dz=8
H_Z Code parameters: nz=1225, dx=8
Quantum Code parameters: [[1225, 49, 8]]
Hx, Hz, Lx, Lz: (588, 1225), (588, 1225), (49, 1225), (49, 1225)
BP max iterations: 122, OSD order: 2, MS scaling factor: 0.625
Decoder Random walk finished in 183.79 seconds with 420 failures out of 100000 runs.
Logical error rate for Random walk: 0.0042 ± 0.0002045 (stderr)
Logical error rate for p=0.03: 0.0042
Found minimum in neighbor 13/49 of iteration 1/10: 0.004200
total runtime so far: 593.7s, avg decoding runtime so far: 41.8012s
Exploring neighbor 14/49 of iteration 1/10...
Rank of H: 21 out of (21, 28)
H Classical Code parameters: [28, 7, 6]
H_X Code parameters: nx=1225, dz=6
H_Z Code parameters: nz=1225, dx=6
Quantum Code parameters: [[1225, 49, 6]]
Distance 6 is below threshold 8. Skipping performance evaluation.
Skipping neighbor 14/49 due to insufficient distance.
Exploring neighbor 15/49 of iteration 1/10...
Rank of H: 21 out of (21, 28)
H Classical Code parameters: [28, 7, 6]
H_X Code parameters: nx=1225, dz=6
H_Z Code parameters: nz=1225, dx=6
Quantum Code parameters: [[1225, 49, 6]]
Distance 6 is below threshold 8. Skipping performance evaluation.
Skipping neighbor 15/49 due to insufficient distance.
Exploring neighbor 16/49 of iteration 1/10...
Rank of H: 21 out of (21, 28)
H Classical Code parameters: [28, 7, 6]
H_X Code parameters: nx=1225, dz=6
H_Z Code parameters: nz=1225, dx=6
Quantum Code parameters: [[1225, 49, 6]]
Distance 6 is below threshold 8. Skipping performance evaluation.
Skipping neighbor 16/49 due to insufficient distance.
Exploring neighbor 17/49 of iteration 1/10...
Rank of H: 21 out of (21, 28)
H Classical Code parameters: [28, 7, 6]
H_X Code parameters: nx=1225, dz=6
H_Z Code parameters: nz=1225, dx=6
Quantum Code parameters: [[1225, 49, 6]]
Distance 6 is below threshold 8. Skipping performance evaluation.
Skipping neighbor 17/49 due to insufficient distance.
Exploring neighbor 18/49 of iteration 1/10...
Rank of H: 21 out of (21, 28)
H Classical Code parameters: [28, 7, 6]
H_X Code parameters: nx=1225, dz=6
H_Z Code parameters: nz=1225, dx=6
Quantum Code parameters: [[1225, 49, 6]]
Distance 6 is below threshold 8. Skipping performance evaluation.
Skipping neighbor 18/49 due to insufficient distance.
Exploring neighbor 19/49 of iteration 1/10...
Rank of H: 20 out of (21, 28)
H Classical Code parameters: [28, 8, 6]
H_X Code parameters: nx=1225, dz=6
H_Z Code parameters: nz=1225, dx=6
Quantum Code parameters: [[1225, 64, 6]]
Distance 6 is below threshold 8. Skipping performance evaluation.
Skipping neighbor 19/49 due to insufficient distance.
Exploring neighbor 20/49 of iteration 1/10...
Rank of H: 20 out of (21, 28)
H Classical Code parameters: [28, 8, 6]
H_X Code parameters: nx=1225, dz=6
H_Z Code parameters: nz=1225, dx=6
Quantum Code parameters: [[1225, 64, 6]]
Distance 6 is below threshold 8. Skipping performance evaluation.
Skipping neighbor 20/49 due to insufficient distance.
Exploring neighbor 21/49 of iteration 1/10...
Rank of H: 20 out of (21, 28)
H Classical Code parameters: [28, 8, 6]
H_X Code parameters: nx=1225, dz=6
H_Z Code parameters: nz=1225, dx=6
Quantum Code parameters: [[1225, 64, 6]]
Distance 6 is below threshold 8. Skipping performance evaluation.
Skipping neighbor 21/49 due to insufficient distance.
Exploring neighbor 22/49 of iteration 1/10...
Rank of H: 21 out of (21, 28)
H Classical Code parameters: [28, 7, 6]
H_X Code parameters: nx=1225, dz=6
H_Z Code parameters: nz=1225, dx=6
Quantum Code parameters: [[1225, 49, 6]]
Distance 6 is below threshold 8. Skipping performance evaluation.
Skipping neighbor 22/49 due to insufficient distance.
Exploring neighbor 23/49 of iteration 1/10...
Rank of H: 21 out of (21, 28)
H Classical Code parameters: [28, 7, 6]
H_X Code parameters: nx=1225, dz=6
H_Z Code parameters: nz=1225, dx=6
Quantum Code parameters: [[1225, 49, 6]]
Distance 6 is below threshold 8. Skipping performance evaluation.
Skipping neighbor 23/49 due to insufficient distance.
Exploring neighbor 24/49 of iteration 1/10...
Rank of H: 20 out of (21, 28)
H Classical Code parameters: [28, 8, 6]
H_X Code parameters: nx=1225, dz=6
H_Z Code parameters: nz=1225, dx=6
Quantum Code parameters: [[1225, 64, 6]]
Distance 6 is below threshold 8. Skipping performance evaluation.
Skipping neighbor 24/49 due to insufficient distance.
Exploring neighbor 25/49 of iteration 1/10...
Rank of H: 20 out of (21, 28)
H Classical Code parameters: [28, 8, 6]
H_X Code parameters: nx=1225, dz=6
H_Z Code parameters: nz=1225, dx=6
Quantum Code parameters: [[1225, 64, 6]]
Distance 6 is below threshold 8. Skipping performance evaluation.
Skipping neighbor 25/49 due to insufficient distance.
Exploring neighbor 26/49 of iteration 1/10...
Rank of H: 21 out of (21, 28)
H Classical Code parameters: [28, 7, 6]
H_X Code parameters: nx=1225, dz=6
H_Z Code parameters: nz=1225, dx=6
Quantum Code parameters: [[1225, 49, 6]]
Distance 6 is below threshold 8. Skipping performance evaluation.
Skipping neighbor 26/49 due to insufficient distance.
Exploring neighbor 27/49 of iteration 1/10...
Rank of H: 21 out of (21, 28)
H Classical Code parameters: [28, 7, 6]
H_X Code parameters: nx=1225, dz=6
H_Z Code parameters: nz=1225, dx=6
Quantum Code parameters: [[1225, 49, 6]]
Distance 6 is below threshold 8. Skipping performance evaluation.
Skipping neighbor 27/49 due to insufficient distance.
Exploring neighbor 28/49 of iteration 1/10...
Rank of H: 21 out of (21, 28)
H Classical Code parameters: [28, 7, 6]
H_X Code parameters: nx=1225, dz=8
H_Z Code parameters: nz=1225, dx=8
Quantum Code parameters: [[1225, 49, 8]]
Hx, Hz, Lx, Lz: (588, 1225), (588, 1225), (49, 1225), (49, 1225)
BP max iterations: 122, OSD order: 2, MS scaling factor: 0.625
Decoder Random walk finished in 203.39 seconds with 1258 failures out of 100000 runs.
Logical error rate for Random walk: 0.01258 ± 0.0003524 (stderr)
Logical error rate for p=0.03: 0.01258
total runtime so far: 800.9s, avg decoding runtime so far: 27.1934s
Exploring neighbor 29/49 of iteration 1/10...
Rank of H: 21 out of (21, 28)
H Classical Code parameters: [28, 7, 6]
H_X Code parameters: nx=1225, dz=8
H_Z Code parameters: nz=1225, dx=8
Quantum Code parameters: [[1225, 49, 8]]
Hx, Hz, Lx, Lz: (588, 1225), (588, 1225), (49, 1225), (49, 1225)
BP max iterations: 122, OSD order: 2, MS scaling factor: 0.625
Decoder Random walk finished in 190.28 seconds with 1225 failures out of 100000 runs.
Logical error rate for Random walk: 0.01225 ± 0.0003479 (stderr)
Logical error rate for p=0.03: 0.01225
total runtime so far: 993.6s, avg decoding runtime so far: 32.6295s
Exploring neighbor 30/49 of iteration 1/10...
Rank of H: 21 out of (21, 28)
H Classical Code parameters: [28, 7, 6]
H_X Code parameters: nx=1225, dz=6
H_Z Code parameters: nz=1225, dx=6
Quantum Code parameters: [[1225, 49, 6]]
Distance 6 is below threshold 8. Skipping performance evaluation.
Skipping neighbor 30/49 due to insufficient distance.
Exploring neighbor 31/49 of iteration 1/10...
Rank of H: 21 out of (21, 28)
H Classical Code parameters: [28, 7, 6]
H_X Code parameters: nx=1225, dz=6
H_Z Code parameters: nz=1225, dx=6
Quantum Code parameters: [[1225, 49, 6]]
Distance 6 is below threshold 8. Skipping performance evaluation.
Skipping neighbor 31/49 due to insufficient distance.
Exploring neighbor 32/49 of iteration 1/10...
Rank of H: 20 out of (21, 28)
H Classical Code parameters: [28, 8, 6]
H_X Code parameters: nx=1225, dz=6
H_Z Code parameters: nz=1225, dx=6
Quantum Code parameters: [[1225, 64, 6]]
Distance 6 is below threshold 8. Skipping performance evaluation.
Skipping neighbor 32/49 due to insufficient distance.
Exploring neighbor 33/49 of iteration 1/10...
Rank of H: 21 out of (21, 28)
H Classical Code parameters: [28, 7, 6]
H_X Code parameters: nx=1225, dz=8
H_Z Code parameters: nz=1225, dx=8
Quantum Code parameters: [[1225, 49, 8]]
Hx, Hz, Lx, Lz: (588, 1225), (588, 1225), (49, 1225), (49, 1225)
BP max iterations: 122, OSD order: 2, MS scaling factor: 0.625
Decoder Random walk finished in 183.75 seconds with 1264 failures out of 100000 runs.
Logical error rate for Random walk: 0.01264 ± 0.0003533 (stderr)
Logical error rate for p=0.03: 0.01264
total runtime so far: 1180.0s, avg decoding runtime so far: 34.1953s
Exploring neighbor 34/49 of iteration 1/10...
Rank of H: 20 out of (21, 28)
H Classical Code parameters: [28, 8, 6]
H_X Code parameters: nx=1225, dz=8
H_Z Code parameters: nz=1225, dx=8
Quantum Code parameters: [[1225, 64, 8]]
Hx, Hz, Lx, Lz: (588, 1225), (588, 1225), (65, 1225), (65, 1225)
BP max iterations: 122, OSD order: 2, MS scaling factor: 0.625
Decoder Random walk finished in 198.47 seconds with 1515 failures out of 100000 runs.
Logical error rate for Random walk: 0.01515 ± 0.0003863 (stderr)
Logical error rate for p=0.03: 0.01515
total runtime so far: 1381.1s, avg decoding runtime so far: 38.8889s
Exploring neighbor 35/49 of iteration 1/10...
Rank of H: 20 out of (21, 28)
H Classical Code parameters: [28, 8, 6]
H_X Code parameters: nx=1225, dz=6
H_Z Code parameters: nz=1225, dx=6
Quantum Code parameters: [[1225, 64, 6]]
Distance 6 is below threshold 8. Skipping performance evaluation.
Skipping neighbor 35/49 due to insufficient distance.
Exploring neighbor 36/49 of iteration 1/10...
Rank of H: 21 out of (21, 28)
H Classical Code parameters: [28, 7, 6]
H_X Code parameters: nx=1225, dz=6
H_Z Code parameters: nz=1225, dx=6
Quantum Code parameters: [[1225, 49, 6]]
Distance 6 is below threshold 8. Skipping performance evaluation.
Skipping neighbor 36/49 due to insufficient distance.
Exploring neighbor 37/49 of iteration 1/10...
Rank of H: 20 out of (21, 28)
H Classical Code parameters: [28, 8, 6]
H_X Code parameters: nx=1225, dz=6
H_Z Code parameters: nz=1225, dx=6
Quantum Code parameters: [[1225, 64, 6]]
Distance 6 is below threshold 8. Skipping performance evaluation.
Skipping neighbor 37/49 due to insufficient distance.
Exploring neighbor 38/49 of iteration 1/10...
Rank of H: 21 out of (21, 28)
H Classical Code parameters: [28, 7, 6]
H_X Code parameters: nx=1225, dz=6
H_Z Code parameters: nz=1225, dx=6
Quantum Code parameters: [[1225, 49, 6]]
Distance 6 is below threshold 8. Skipping performance evaluation.
Skipping neighbor 38/49 due to insufficient distance.
Exploring neighbor 39/49 of iteration 1/10...
Rank of H: 21 out of (21, 28)
H Classical Code parameters: [28, 7, 6]
H_X Code parameters: nx=1225, dz=6
H_Z Code parameters: nz=1225, dx=6
Quantum Code parameters: [[1225, 49, 6]]
Distance 6 is below threshold 8. Skipping performance evaluation.
Skipping neighbor 39/49 due to insufficient distance.
Exploring neighbor 40/49 of iteration 1/10...
Rank of H: 21 out of (21, 28)
H Classical Code parameters: [28, 7, 6]
H_X Code parameters: nx=1225, dz=8
H_Z Code parameters: nz=1225, dx=8
Quantum Code parameters: [[1225, 49, 8]]
Hx, Hz, Lx, Lz: (588, 1225), (588, 1225), (49, 1225), (49, 1225)
BP max iterations: 122, OSD order: 2, MS scaling factor: 0.625
