
--- LOGICAL GUIDED SEARCH ---
Code family: [2025,81]
Noise level p = 0.03
Search steps = 5
Trials/step = 20
Budgets: screening=10000, precision=100000
/Library/Frameworks/Python.framework/Versions/3.12/lib/python3.12/site-packages/ldpc/code_util/code_util.py:164: UserWarning: This function has exponential complexity. Not recommended for large pcms. Use the                            'ldpc.code_util.estimate_code_distance' function instead.
  warnings.warn(

>>> PHASE 1: Logical-guided search

Step 1/5 (global max dist so far = 10)
  Target logical weight: 10
  Current distance: 10
  Rejected at trial 2/20: distance 10->6.
  Rejected at trial 3/20: distance 10->8.
  Rejected at trial 6/20: distance 10->8.
  Rejected at trial 12/20: distance 10->8.
  Rejected at trial 13/20: distance 10->6.
  Rejected at trial 17/20: distance 10->6.
  Rejected at trial 19/20: distance 10->8.
  Accepted first non-decreasing valid move.

Step 2/5 (global max dist so far = 10)
  Target logical weight: 10
  Current distance: 10
  Rejected at trial 2/20: distance 10->8.
  Accepted at trial 4/20: distance 10->12

Step 3/5 (global max dist so far = 12)
  Target logical weight: 12
  Current distance: 12
  Rejected at trial 1/20: distance 12->8.
  Rejected at trial 2/20: distance 12->10.
  Rejected at trial 3/20: distance 12->8.
  Rejected at trial 4/20: distance 12->6.
  Rejected at trial 5/20: distance 12->10.
  Rejected at trial 6/20: distance 12->10.
  Rejected at trial 7/20: distance 12->10.
  Rejected at trial 8/20: distance 12->4.
  Rejected at trial 9/20: distance 12->8.
  Rejected at trial 10/20: distance 12->10.
  Rejected at trial 12/20: distance 12->8.
  Rejected at trial 13/20: distance 12->8.
  Rejected at trial 14/20: distance 12->10.
  Rejected at trial 16/20: distance 12->8.
  Rejected at trial 17/20: distance 12->10.
  Rejected at trial 18/20: distance 12->10.
  Rejected at trial 19/20: distance 12->8.
  Rejected at trial 20/20: distance 12->10.
  Accepted first non-decreasing valid move.

Step 4/5 (global max dist so far = 12)
  Target logical weight: 12
  Current distance: 12
  Rejected at trial 1/20: distance 12->6.
  Rejected at trial 2/20: distance 12->10.
  Rejected at trial 3/20: distance 12->10.
  Rejected at trial 4/20: distance 12->10.
  Rejected at trial 5/20: distance 12->10.
  Rejected at trial 6/20: distance 12->8.
  Rejected at trial 7/20: distance 12->10.
  Rejected at trial 8/20: distance 12->10.
  Rejected at trial 9/20: distance 12->8.
  Rejected at trial 10/20: distance 12->10.
  Rejected at trial 11/20: distance 12->6.
  Rejected at trial 12/20: distance 12->8.
  Rejected at trial 13/20: distance 12->10.
  Rejected at trial 14/20: distance 12->6.
  Rejected at trial 15/20: distance 12->10.
  Rejected at trial 16/20: distance 12->10.
  Rejected at trial 17/20: distance 12->4.
  Rejected at trial 18/20: distance 12->10.
  Rejected at trial 19/20: distance 12->6.
  Rejected at trial 20/20: distance 12->2.

Step 5/5 (global max dist so far = 12)
  Target logical weight: 12
  Current distance: 12
  Rejected at trial 1/20: distance 12->10.
  Rejected at trial 2/20: distance 12->10.
  Rejected at trial 4/20: distance 12->6.
  Rejected at trial 6/20: distance 12->8.
  Rejected at trial 7/20: distance 12->10.
  Rejected at trial 8/20: distance 12->10.
  Rejected at trial 9/20: distance 12->10.
  Rejected at trial 10/20: distance 12->10.
  Rejected at trial 11/20: distance 12->10.
  Rejected at trial 12/20: distance 12->8.
  Rejected at trial 13/20: distance 12->10.
  Rejected at trial 14/20: distance 12->6.
  Rejected at trial 15/20: distance 12->10.
  Rejected at trial 16/20: distance 12->10.
  Rejected at trial 17/20: distance 12->10.
  Rejected at trial 18/20: distance 12->10.
  Rejected at trial 19/20: distance 12->10.
  Rejected at trial 20/20: distance 12->10.
  Accepted first non-decreasing valid move.

>>> PHASE 2: Screening (10000)
Found 6 total saved states.
Screening 3 unique candidates with dist == 12
Running MC (screening):   0%|          | 0/3 [00:00<?, ?it/s]Hx, Hz, Lx, Lz: (972, 2025), (972, 2025), (81, 2025), (81, 2025)
Decoder screen_row_2 finished in 0.0m 33.96s with 17 failures out of 10000 runs.
Logical error rate for screen_row_2: 0.0017 ± 0.0004120 (stderr)
Running MC (screening):  33%|███▎      | 1/3 [00:39<01:19, 39.95s/it]Hx, Hz, Lx, Lz: (972, 2025), (972, 2025), (81, 2025), (81, 2025)
Decoder screen_row_3 finished in 0.0m 36.67s with 13 failures out of 10000 runs.
Logical error rate for screen_row_3: 0.0013 ± 0.0003603 (stderr)
Running MC (screening):  67%|██████▋   | 2/3 [01:22<00:41, 41.51s/it]Hx, Hz, Lx, Lz: (972, 2025), (972, 2025), (81, 2025), (81, 2025)
Decoder screen_row_5 finished in 0.0m 37.53s with 9 failures out of 10000 runs.
Logical error rate for screen_row_5: 0.0009 ± 0.0002999 (stderr)
Running MC (screening): 100%|██████████| 3/3 [02:05<00:00, 42.38s/it]Running MC (screening): 100%|██████████| 3/3 [02:05<00:00, 41.99s/it]
Best screening LER: 0.000900 (dist=12)

>>> PHASE 3: Precision (100000)
Promoting top 2 candidates
Evaluating row 5 | dist=12 | screening LER=0.000900
Hx, Hz, Lx, Lz: (972, 2025), (972, 2025), (81, 2025), (81, 2025)
Decoder precision_row_5 finished in 6.0m 2.31s with 138 failures out of 100000 runs.
Logical error rate for precision_row_5: 0.00138 ± 0.0001174 (stderr)
  -> LER: 0.001380 ± 0.000117 | runtime=362.31s
Evaluating row 3 | dist=12 | screening LER=0.001300
Hx, Hz, Lx, Lz: (972, 2025), (972, 2025), (81, 2025), (81, 2025)
Decoder precision_row_3 finished in 5.0m 54.18s with 103 failures out of 100000 runs.
Logical error rate for precision_row_3: 0.00103 ± 0.0001014 (stderr)
  -> LER: 0.001030 ± 0.000101 | runtime=354.18s

>>> RESULT: Best code found
Distance: 12
LER: 0.001030 ± 0.000101

Total time: 0.24 hours
Saved to optimization/results/logical_guided_search.hdf5
