
--- LOGICAL GUIDED SEARCH ---
Code family: [1600,64]
Noise level p = 0.03
Search steps = 5
Trials/step = 20
Budgets: screening=10000, precision=100000
Workers = 8
/Library/Frameworks/Python.framework/Versions/3.12/lib/python3.12/site-packages/ldpc/code_util/code_util.py:164: UserWarning: This function has exponential complexity. Not recommended for large pcms. Use the                            'ldpc.code_util.estimate_code_distance' function instead.
  warnings.warn(

>>> PHASE 1: Logical-guided search

Step 1/5 (global max dist so far = 6)
  Target logical weight: 6
  Current distance: 6
  Rejected at trial 1/20: distance 6->4.
  Accepted at trial 2/20: distance 6->8

Step 2/5 (global max dist so far = 8)
  Target logical weight: 8
  Current distance: 8
  Accepted at trial 2/20: distance 8->10

Step 3/5 (global max dist so far = 10)
  Target logical weight: 10
  Current distance: 10
  Rejected at trial 1/20: distance 10->8.
  Rejected at trial 4/20: distance 10->2.
  Rejected at trial 5/20: distance 10->8.
  Rejected at trial 9/20: distance 10->8.
  Rejected at trial 10/20: distance 10->8.
  Rejected at trial 11/20: distance 10->8.
  Rejected at trial 12/20: distance 10->8.
  Rejected at trial 13/20: distance 10->8.
  Rejected at trial 14/20: distance 10->8.
  Rejected at trial 16/20: distance 10->8.
  Rejected at trial 17/20: distance 10->8.
  Rejected at trial 18/20: distance 10->6.
  Rejected at trial 19/20: distance 10->8.
  Rejected at trial 20/20: distance 10->8.
  Accepted first non-decreasing valid move.

Step 4/5 (global max dist so far = 10)
  Target logical weight: 10
  Current distance: 10
  Rejected at trial 5/20: distance 10->8.
  Rejected at trial 7/20: distance 10->8.
  Rejected at trial 9/20: distance 10->8.
  Rejected at trial 11/20: distance 10->8.
  Rejected at trial 13/20: distance 10->8.
  Rejected at trial 15/20: distance 10->8.
  Rejected at trial 17/20: distance 10->8.
  Rejected at trial 18/20: distance 10->8.
  Rejected at trial 20/20: distance 10->6.
  Accepted first non-decreasing valid move.

Step 5/5 (global max dist so far = 10)
  Target logical weight: 10
  Current distance: 10
  Rejected at trial 1/20: distance 10->8.
  Rejected at trial 2/20: distance 10->8.
  Rejected at trial 3/20: distance 10->8.
  Rejected at trial 4/20: distance 10->8.
  Rejected at trial 5/20: distance 10->8.
  Rejected at trial 6/20: distance 10->8.
  Rejected at trial 10/20: distance 10->8.
  Rejected at trial 11/20: distance 10->8.
  Rejected at trial 13/20: distance 10->8.
  Rejected at trial 14/20: distance 10->8.
  Rejected at trial 15/20: distance 10->6.
  Rejected at trial 16/20: distance 10->8.
  Rejected at trial 17/20: distance 10->8.
  Rejected at trial 18/20: distance 10->6.
  Rejected at trial 19/20: distance 10->8.
  Accepted first non-decreasing valid move.

>>> PHASE 2: Screening (10000)
Found 6 total saved states.
Screening 4 unique candidates with dist == 10

>>> PHASE 2: Screening (10000)
Found 6 total saved states.
Screening 4 unique candidates with dist == 10
Running MC (screening):   0%|          | 0/4 [00:00<?, ?it/s]/Library/Frameworks/Python.framework/Versions/3.12/lib/python3.12/site-packages/ldpc/code_util/code_util.py:164: UserWarning: This function has exponential complexity. Not recommended for large pcms. Use the                            'ldpc.code_util.estimate_code_distance' function instead.
  warnings.warn(
/Library/Frameworks/Python.framework/Versions/3.12/lib/python3.12/site-packages/ldpc/code_util/code_util.py:164: UserWarning: This function has exponential complexity. Not recommended for large pcms. Use the                            'ldpc.code_util.estimate_code_distance' function instead.
  warnings.warn(
/Library/Frameworks/Python.framework/Versions/3.12/lib/python3.12/site-packages/ldpc/code_util/code_util.py:164: UserWarning: This function has exponential complexity. Not recommended for large pcms. Use the                            'ldpc.code_util.estimate_code_distance' function instead.
  warnings.warn(
/Library/Frameworks/Python.framework/Versions/3.12/lib/python3.12/site-packages/ldpc/code_util/code_util.py:164: UserWarning: This function has exponential complexity. Not recommended for large pcms. Use the                            'ldpc.code_util.estimate_code_distance' function instead.
  warnings.warn(
Hx, Hz, Lx, Lz: (768, 1600), (768, 1600), (64, 1600), (64, 1600)
Hx, Hz, Lx, Lz: (768, 1600), (768, 1600), (64, 1600), (64, 1600)
Hx, Hz, Lx, Lz: (768, 1600), (768, 1600), (64, 1600), (64, 1600)
Hx, Hz, Lx, Lz: (768, 1600), (768, 1600), (64, 1600), (64, 1600)
Decoder screen_row_3 finished in 0.0m 26.59s with 26 failures out of 10000 runs.
Logical error rate for screen_row_3: 0.0026 ± 0.0005093 (stderr)
Running MC (screening):  25%|██▌       | 1/4 [00:31<01:35, 31.68s/it]Decoder screen_row_2 finished in 0.0m 27.83s with 22 failures out of 10000 runs.
Logical error rate for screen_row_2: 0.0022 ± 0.0004685 (stderr)
Running MC (screening):  50%|█████     | 2/4 [00:32<00:27, 13.74s/it]Decoder screen_row_5 finished in 0.0m 28.14s with 16 failures out of 10000 runs.
Logical error rate for screen_row_5: 0.0016 ± 0.0003997 (stderr)
Running MC (screening):  75%|███████▌  | 3/4 [00:33<00:07,  7.66s/it]Decoder screen_row_4 finished in 0.0m 30.05s with 21 failures out of 10000 runs.
Logical error rate for screen_row_4: 0.0021 ± 0.0004578 (stderr)
Running MC (screening): 100%|██████████| 4/4 [00:35<00:00,  5.38s/it]Running MC (screening): 100%|██████████| 4/4 [00:35<00:00,  8.79s/it]
Best screening LER: 0.001600 (dist=10)

>>> PHASE 3: Precision (100000)
Promoting top 3 candidates

>>> PHASE 3: Precision (100000)
Promoting top 3 candidates
Running MC (precision):   0%|          | 0/3 [00:00<?, ?it/s]/Library/Frameworks/Python.framework/Versions/3.12/lib/python3.12/site-packages/ldpc/code_util/code_util.py:164: UserWarning: This function has exponential complexity. Not recommended for large pcms. Use the                            'ldpc.code_util.estimate_code_distance' function instead.
  warnings.warn(
/Library/Frameworks/Python.framework/Versions/3.12/lib/python3.12/site-packages/ldpc/code_util/code_util.py:164: UserWarning: This function has exponential complexity. Not recommended for large pcms. Use the                            'ldpc.code_util.estimate_code_distance' function instead.
  warnings.warn(
/Library/Frameworks/Python.framework/Versions/3.12/lib/python3.12/site-packages/ldpc/code_util/code_util.py:164: UserWarning: This function has exponential complexity. Not recommended for large pcms. Use the                            'ldpc.code_util.estimate_code_distance' function instead.
  warnings.warn(
Hx, Hz, Lx, Lz: (768, 1600), (768, 1600), (64, 1600), (64, 1600)
Hx, Hz, Lx, Lz: (768, 1600), (768, 1600), (64, 1600), (64, 1600)
Hx, Hz, Lx, Lz: (768, 1600), (768, 1600), (64, 1600), (64, 1600)
Decoder precision_row_2 finished in 4.0m 40.24s with 250 failures out of 100000 runs.
Logical error rate for precision_row_2: 0.0025 ± 0.0001579 (stderr)
Running MC (precision):  33%|███▎      | 1/3 [04:45<09:30, 285.15s/it]Decoder precision_row_5 finished in 4.0m 51.85s with 220 failures out of 100000 runs.
Logical error rate for precision_row_5: 0.0022 ± 0.0001482 (stderr)
Running MC (precision):  67%|██████▋   | 2/3 [04:56<02:04, 124.25s/it]Decoder precision_row_4 finished in 4.0m 56.51s with 222 failures out of 100000 runs.
Logical error rate for precision_row_4: 0.00222 ± 0.0001488 (stderr)
Running MC (precision): 100%|██████████| 3/3 [05:01<00:00, 69.63s/it] Running MC (precision): 100%|██████████| 3/3 [05:01<00:00, 100.47s/it]
Evaluating row 5 | dist=10 | screening LER=0.001600
  -> LER: 0.002200 ± 0.000148 | runtime=291.85s
Evaluating row 4 | dist=10 | screening LER=0.002100
  -> LER: 0.002220 ± 0.000149 | runtime=296.51s
Evaluating row 2 | dist=10 | screening LER=0.002200
  -> LER: 0.002500 ± 0.000158 | runtime=280.24s

>>> RESULT: Best code found
Distance: 10
LER: 0.002200 ± 0.000148

Total time: 0.09 hours
Saved to optimization/results/logical_guided_search.hdf5
