
--- LOGICAL GUIDED SEARCH ---
Code family: [625,25]
Noise level p = 0.03
Search steps = 50
Trials/step = 300
Beam width = 10
Precision budget = 100000
Score selection: mode=absolute, window=2, gamma=0.1, max_weight=18, top_frac=0.1, min_top=3, max_top=5,logical_max_comb_order=10
Workers = 32
Output HDF5: optimization/results/logical_guided_beam_absolute_score_gamma01_tmp.hdf5
Stop if no improvement for 100 steps
Traceback (most recent call last):
  File "/users/udayeon/optimizing_qecc/optimizing-qLDPC-code/optimization/logical_guided_search/logical_guided_runner.py", line 728, in <module>
    main()
  File "/users/udayeon/optimizing_qecc/optimizing-qLDPC-code/optimization/logical_guided_search/logical_guided_runner.py", line 284, in main
    with h5py.File(OUTPUT_FILE, "a") as f:
         ^^^^^^^^^^^^^^^^^^^^^^^^^^^
  File "/users/udayeon/optimizing_qecc/optimizing-qLDPC-code/venv312/lib/python3.12/site-packages/h5py/_hl/files.py", line 566, in __init__
    fid = make_fid(name, mode, userblock_size, fapl, fcpl, swmr=swmr)
          ^^^^^^^^^^^^^^^^^^^^^^^^^^^^^^^^^^^^^^^^^^^^^^^^^^^^^^^^^^^
  File "/users/udayeon/optimizing_qecc/optimizing-qLDPC-code/venv312/lib/python3.12/site-packages/h5py/_hl/files.py", line 253, in make_fid
    fid = h5f.open(name, h5f.ACC_RDWR, fapl=fapl)
          ^^^^^^^^^^^^^^^^^^^^^^^^^^^^^^^^^^^^^^^
  File "h5py/_objects.pyx", line 54, in h5py._objects.with_phil.wrapper
  File "h5py/_objects.pyx", line 55, in h5py._objects.with_phil.wrapper
  File "h5py/h5f.pyx", line 104, in h5py.h5f.open
BlockingIOError: [Errno 11] Unable to synchronously open file (unable to lock file, errno = 11, error message = 'Resource temporarily unavailable')
