
--- LOGICAL GUIDED SEARCH ---
Code family: [1600,64]
Noise level p = 0.03
Search steps = 10
Trials/step = 100
Budgets: screening=10000, precision=100000
Workers = 20
/users/udayeon/.local/lib/python3.9/site-packages/ldpc/code_util/code_util.py:164: UserWarning: This function has exponential complexity. Not recommended for large pcms. Use the                            'ldpc.code_util.estimate_code_distance' function instead.
  warnings.warn(

>>> PHASE 1: Logical-guided search

Step 1/10 (global max dist so far = 6)
  Target logical weight: 6
  Current distance: 6
  Accepted at trial 1/100: distance 6->8

Step 2/10 (global max dist so far = 8)
  Target logical weight: 8
  Current distance: 8
  Rejected at trial 3/100: distance 8->6.
  Rejected at trial 5/100: distance 8->6.
  Rejected at trial 19/100: distance 8->6.
  Rejected at trial 20/100: distance 8->6.
  Rejected at trial 22/100: distance 8->6.
  Accepted at trial 29/100: distance 8->10

Step 3/10 (global max dist so far = 10)
  Target logical weight: 10
  Current distance: 10
  Rejected at trial 1/100: distance 10->8.
  Rejected at trial 2/100: distance 10->8.
  Rejected at trial 3/100: distance 10->8.
  Rejected at trial 5/100: distance 10->4.
  Rejected at trial 6/100: distance 10->8.
  Rejected at trial 7/100: distance 10->8.
  Rejected at trial 8/100: distance 10->6.
  Rejected at trial 10/100: distance 10->8.
  Rejected at trial 11/100: distance 10->6.
  Rejected at trial 12/100: distance 10->8.
  Rejected at trial 13/100: distance 10->8.
  Rejected at trial 14/100: distance 10->8.
  Rejected at trial 16/100: distance 10->8.
  Rejected at trial 20/100: distance 10->8.
  Rejected at trial 21/100: distance 10->8.
  Rejected at trial 24/100: distance 10->8.
  Rejected at trial 26/100: distance 10->8.
  Rejected at trial 27/100: distance 10->6.
  Rejected at trial 28/100: distance 10->6.
  Rejected at trial 29/100: distance 10->8.
  Rejected at trial 30/100: distance 10->8.
  Rejected at trial 31/100: distance 10->8.
  Rejected at trial 32/100: distance 10->8.
  Rejected at trial 34/100: distance 10->6.
  Rejected at trial 35/100: distance 10->8.
  Rejected at trial 36/100: distance 10->8.
  Rejected at trial 38/100: distance 10->6.
  Rejected at trial 40/100: distance 10->8.
  Rejected at trial 42/100: distance 10->8.
  Rejected at trial 44/100: distance 10->4.
  Rejected at trial 45/100: distance 10->8.
  Rejected at trial 46/100: distance 10->6.
  Rejected at trial 47/100: distance 10->6.
  Rejected at trial 48/100: distance 10->8.
  Rejected at trial 50/100: distance 10->6.
  Rejected at trial 51/100: distance 10->8.
  Rejected at trial 54/100: distance 10->8.
  Rejected at trial 55/100: distance 10->8.
  Rejected at trial 56/100: distance 10->6.
  Rejected at trial 57/100: distance 10->8.
  Rejected at trial 59/100: distance 10->8.
  Rejected at trial 60/100: distance 10->8.
  Rejected at trial 63/100: distance 10->8.
  Rejected at trial 64/100: distance 10->8.
  Rejected at trial 66/100: distance 10->8.
  Rejected at trial 68/100: distance 10->8.
  Rejected at trial 69/100: distance 10->8.
  Rejected at trial 70/100: distance 10->6.
  Rejected at trial 71/100: distance 10->8.
  Rejected at trial 72/100: distance 10->8.
  Rejected at trial 73/100: distance 10->8.
  Rejected at trial 75/100: distance 10->8.
  Rejected at trial 77/100: distance 10->8.
  Rejected at trial 79/100: distance 10->8.
  Rejected at trial 80/100: distance 10->6.
  Rejected at trial 81/100: distance 10->6.
  Rejected at trial 82/100: distance 10->8.
  Rejected at trial 83/100: distance 10->8.
  Rejected at trial 84/100: distance 10->8.
  Rejected at trial 86/100: distance 10->8.
  Rejected at trial 87/100: distance 10->6.
  Rejected at trial 88/100: distance 10->8.
  Rejected at trial 89/100: distance 10->8.
  Rejected at trial 90/100: distance 10->8.
  Rejected at trial 92/100: distance 10->6.
  Rejected at trial 93/100: distance 10->8.
  Rejected at trial 94/100: distance 10->8.
  Rejected at trial 96/100: distance 10->8.
  Rejected at trial 97/100: distance 10->8.
  Rejected at trial 99/100: distance 10->8.
  Accepted first non-decreasing valid move.

Step 4/10 (global max dist so far = 10)
  Target logical weight: 10
  Current distance: 10
  Rejected at trial 3/100: distance 10->8.
  Rejected at trial 4/100: distance 10->8.
  Rejected at trial 5/100: distance 10->4.
  Rejected at trial 6/100: distance 10->2.
  Rejected at trial 7/100: distance 10->6.
  Rejected at trial 8/100: distance 10->8.
  Rejected at trial 11/100: distance 10->8.
  Rejected at trial 12/100: distance 10->8.
  Rejected at trial 13/100: distance 10->8.
  Rejected at trial 14/100: distance 10->8.
  Rejected at trial 18/100: distance 10->8.
  Rejected at trial 19/100: distance 10->2.
  Rejected at trial 21/100: distance 10->8.
  Rejected at trial 22/100: distance 10->4.
  Rejected at trial 23/100: distance 10->6.
  Rejected at trial 24/100: distance 10->8.
  Rejected at trial 29/100: distance 10->8.
  Rejected at trial 31/100: distance 10->8.
  Rejected at trial 32/100: distance 10->8.
  Rejected at trial 33/100: distance 10->8.
  Rejected at trial 34/100: distance 10->8.
  Rejected at trial 35/100: distance 10->8.
  Rejected at trial 36/100: distance 10->8.
  Rejected at trial 38/100: distance 10->6.
  Rejected at trial 40/100: distance 10->4.
  Rejected at trial 41/100: distance 10->8.
  Rejected at trial 43/100: distance 10->8.
  Rejected at trial 46/100: distance 10->8.
  Rejected at trial 47/100: distance 10->8.
  Rejected at trial 51/100: distance 10->8.
  Rejected at trial 52/100: distance 10->8.
  Rejected at trial 54/100: distance 10->4.
  Rejected at trial 55/100: distance 10->8.
  Rejected at trial 56/100: distance 10->2.
  Rejected at trial 57/100: distance 10->8.
  Rejected at trial 65/100: distance 10->8.
  Rejected at trial 67/100: distance 10->8.
  Rejected at trial 69/100: distance 10->8.
  Rejected at trial 70/100: distance 10->8.
  Rejected at trial 73/100: distance 10->6.
  Rejected at trial 74/100: distance 10->8.
  Rejected at trial 75/100: distance 10->8.
  Rejected at trial 76/100: distance 10->8.
  Rejected at trial 79/100: distance 10->6.
  Rejected at trial 81/100: distance 10->8.
  Rejected at trial 82/100: distance 10->8.
  Rejected at trial 84/100: distance 10->8.
  Rejected at trial 86/100: distance 10->8.
  Rejected at trial 89/100: distance 10->8.
  Rejected at trial 91/100: distance 10->8.
  Rejected at trial 93/100: distance 10->8.
  Rejected at trial 96/100: distance 10->8.
  Rejected at trial 98/100: distance 10->6.
  Rejected at trial 100/100: distance 10->6.
  Accepted first non-decreasing valid move.

Step 5/10 (global max dist so far = 10)
  Target logical weight: 10
  Current distance: 10
  Rejected at trial 2/100: distance 10->8.
  Rejected at trial 3/100: distance 10->6.
  Rejected at trial 4/100: distance 10->6.
  Rejected at trial 7/100: distance 10->8.
  Rejected at trial 11/100: distance 10->8.
  Rejected at trial 12/100: distance 10->8.
  Rejected at trial 14/100: distance 10->8.
  Rejected at trial 15/100: distance 10->8.
  Rejected at trial 16/100: distance 10->6.
  Rejected at trial 17/100: distance 10->8.
  Rejected at trial 18/100: distance 10->6.
  Rejected at trial 19/100: distance 10->8.
  Rejected at trial 20/100: distance 10->8.
  Rejected at trial 21/100: distance 10->8.
  Rejected at trial 22/100: distance 10->6.
  Rejected at trial 24/100: distance 10->6.
  Rejected at trial 25/100: distance 10->8.
  Rejected at trial 26/100: distance 10->8.
  Rejected at trial 27/100: distance 10->8.
  Rejected at trial 28/100: distance 10->8.
  Rejected at trial 29/100: distance 10->6.
  Rejected at trial 30/100: distance 10->6.
  Rejected at trial 31/100: distance 10->8.
  Rejected at trial 32/100: distance 10->6.
  Rejected at trial 33/100: distance 10->8.
  Rejected at trial 35/100: distance 10->8.
  Rejected at trial 37/100: distance 10->8.
  Rejected at trial 39/100: distance 10->8.
  Rejected at trial 40/100: distance 10->4.
  Rejected at trial 42/100: distance 10->4.
  Rejected at trial 43/100: distance 10->6.
  Rejected at trial 45/100: distance 10->8.
  Rejected at trial 46/100: distance 10->8.
  Rejected at trial 49/100: distance 10->8.
  Rejected at trial 50/100: distance 10->6.
  Rejected at trial 52/100: distance 10->6.
  Rejected at trial 53/100: distance 10->8.
  Rejected at trial 54/100: distance 10->8.
  Rejected at trial 55/100: distance 10->4.
  Rejected at trial 56/100: distance 10->8.
  Rejected at trial 57/100: distance 10->8.
  Rejected at trial 59/100: distance 10->4.
  Rejected at trial 60/100: distance 10->4.
  Rejected at trial 62/100: distance 10->8.
  Rejected at trial 63/100: distance 10->6.
  Rejected at trial 64/100: distance 10->6.
  Rejected at trial 65/100: distance 10->8.
  Rejected at trial 66/100: distance 10->8.
  Rejected at trial 67/100: distance 10->8.
  Rejected at trial 68/100: distance 10->8.
  Rejected at trial 69/100: distance 10->6.
  Rejected at trial 72/100: distance 10->8.
  Rejected at trial 73/100: distance 10->8.
  Rejected at trial 74/100: distance 10->6.
  Rejected at trial 75/100: distance 10->8.
  Rejected at trial 76/100: distance 10->8.
  Rejected at trial 78/100: distance 10->8.
  Rejected at trial 79/100: distance 10->8.
  Rejected at trial 81/100: distance 10->6.
  Rejected at trial 82/100: distance 10->8.
  Rejected at trial 83/100: distance 10->8.
  Rejected at trial 84/100: distance 10->6.
  Rejected at trial 86/100: distance 10->8.
  Rejected at trial 87/100: distance 10->8.
  Rejected at trial 88/100: distance 10->8.
  Rejected at trial 89/100: distance 10->6.
  Rejected at trial 92/100: distance 10->6.
  Rejected at trial 93/100: distance 10->8.
  Rejected at trial 96/100: distance 10->6.
  Rejected at trial 98/100: distance 10->8.
  Rejected at trial 100/100: distance 10->4.
  Accepted first non-decreasing valid move.

Step 6/10 (global max dist so far = 10)
  Target logical weight: 10
  Current distance: 10
  Rejected at trial 1/100: distance 10->6.
  Rejected at trial 4/100: distance 10->8.
  Rejected at trial 6/100: distance 10->6.
  Rejected at trial 7/100: distance 10->8.
  Rejected at trial 8/100: distance 10->8.
  Rejected at trial 9/100: distance 10->2.
  Rejected at trial 10/100: distance 10->6.
  Rejected at trial 12/100: distance 10->8.
  Rejected at trial 18/100: distance 10->8.
  Rejected at trial 19/100: distance 10->8.
  Rejected at trial 22/100: distance 10->6.
  Rejected at trial 23/100: distance 10->8.
  Rejected at trial 24/100: distance 10->6.
  Rejected at trial 26/100: distance 10->6.
  Rejected at trial 27/100: distance 10->8.
  Rejected at trial 28/100: distance 10->8.
  Rejected at trial 31/100: distance 10->2.
  Rejected at trial 32/100: distance 10->8.
  Rejected at trial 33/100: distance 10->8.
  Rejected at trial 34/100: distance 10->8.
  Rejected at trial 37/100: distance 10->8.
  Rejected at trial 38/100: distance 10->8.
  Rejected at trial 39/100: distance 10->8.
  Rejected at trial 42/100: distance 10->8.
  Rejected at trial 43/100: distance 10->6.
  Rejected at trial 44/100: distance 10->6.
  Rejected at trial 48/100: distance 10->8.
  Rejected at trial 50/100: distance 10->8.
  Rejected at trial 51/100: distance 10->8.
  Rejected at trial 52/100: distance 10->6.
  Rejected at trial 53/100: distance 10->6.
  Rejected at trial 54/100: distance 10->8.
  Rejected at trial 55/100: distance 10->8.
  Rejected at trial 56/100: distance 10->8.
  Rejected at trial 58/100: distance 10->8.
  Rejected at trial 59/100: distance 10->6.
  Rejected at trial 61/100: distance 10->8.
  Rejected at trial 63/100: distance 10->6.
  Rejected at trial 65/100: distance 10->8.
  Rejected at trial 66/100: distance 10->4.
  Rejected at trial 67/100: distance 10->6.
  Rejected at trial 69/100: distance 10->6.
  Rejected at trial 70/100: distance 10->6.
  Rejected at trial 75/100: distance 10->8.
  Rejected at trial 76/100: distance 10->8.
  Rejected at trial 79/100: distance 10->4.
  Rejected at trial 81/100: distance 10->8.
  Rejected at trial 82/100: distance 10->8.
  Rejected at trial 84/100: distance 10->6.
  Rejected at trial 87/100: distance 10->6.
  Rejected at trial 91/100: distance 10->2.
  Rejected at trial 92/100: distance 10->8.
  Rejected at trial 93/100: distance 10->8.
  Rejected at trial 95/100: distance 10->8.
  Rejected at trial 96/100: distance 10->8.
  Rejected at trial 98/100: distance 10->8.
  Rejected at trial 99/100: distance 10->8.
  Rejected at trial 100/100: distance 10->8.
  Accepted first non-decreasing valid move.

Step 7/10 (global max dist so far = 10)
  Target logical weight: 10
  Current distance: 10
  Rejected at trial 1/100: distance 10->8.
  Rejected at trial 3/100: distance 10->8.
  Rejected at trial 4/100: distance 10->8.
  Rejected at trial 5/100: distance 10->8.
  Rejected at trial 6/100: distance 10->8.
  Rejected at trial 7/100: distance 10->4.
  Rejected at trial 8/100: distance 10->8.
  Rejected at trial 9/100: distance 10->8.
  Rejected at trial 11/100: distance 10->4.
  Rejected at trial 13/100: distance 10->8.
  Rejected at trial 14/100: distance 10->8.
  Rejected at trial 16/100: distance 10->8.
  Rejected at trial 18/100: distance 10->8.
  Rejected at trial 19/100: distance 10->8.
  Rejected at trial 22/100: distance 10->8.
  Rejected at trial 24/100: distance 10->6.
  Rejected at trial 25/100: distance 10->8.
  Rejected at trial 26/100: distance 10->8.
  Rejected at trial 27/100: distance 10->8.
  Rejected at trial 29/100: distance 10->6.
  Rejected at trial 31/100: distance 10->6.
  Rejected at trial 33/100: distance 10->6.
  Rejected at trial 34/100: distance 10->6.
  Rejected at trial 35/100: distance 10->8.
  Rejected at trial 36/100: distance 10->8.
  Rejected at trial 37/100: distance 10->8.
  Rejected at trial 38/100: distance 10->8.
  Rejected at trial 39/100: distance 10->8.
  Rejected at trial 40/100: distance 10->6.
  Rejected at trial 41/100: distance 10->6.
  Rejected at trial 42/100: distance 10->8.
  Rejected at trial 43/100: distance 10->4.
  Rejected at trial 44/100: distance 10->6.
  Rejected at trial 45/100: distance 10->8.
  Rejected at trial 46/100: distance 10->8.
  Rejected at trial 47/100: distance 10->8.
  Rejected at trial 48/100: distance 10->8.
  Rejected at trial 49/100: distance 10->8.
  Rejected at trial 50/100: distance 10->8.
  Rejected at trial 51/100: distance 10->8.
  Rejected at trial 56/100: distance 10->8.
  Rejected at trial 57/100: distance 10->8.
  Rejected at trial 58/100: distance 10->8.
  Rejected at trial 62/100: distance 10->6.
  Rejected at trial 63/100: distance 10->8.
  Rejected at trial 64/100: distance 10->4.
  Rejected at trial 66/100: distance 10->8.
  Rejected at trial 67/100: distance 10->8.
  Rejected at trial 68/100: distance 10->8.
  Rejected at trial 69/100: distance 10->6.
  Rejected at trial 72/100: distance 10->8.
  Rejected at trial 73/100: distance 10->8.
  Rejected at trial 76/100: distance 10->6.
  Rejected at trial 77/100: distance 10->8.
  Rejected at trial 80/100: distance 10->8.
  Rejected at trial 82/100: distance 10->2.
  Rejected at trial 83/100: distance 10->8.
  Rejected at trial 84/100: distance 10->6.
  Rejected at trial 88/100: distance 10->8.
  Rejected at trial 89/100: distance 10->6.
  Rejected at trial 91/100: distance 10->8.
  Rejected at trial 92/100: distance 10->6.
  Rejected at trial 94/100: distance 10->6.
  Rejected at trial 95/100: distance 10->8.
  Rejected at trial 96/100: distance 10->8.
  Rejected at trial 97/100: distance 10->8.
  Rejected at trial 98/100: distance 10->8.
  Rejected at trial 99/100: distance 10->8.
  Accepted first non-decreasing valid move.

Step 8/10 (global max dist so far = 10)
  Target logical weight: 10
  Current distance: 10
  Rejected at trial 1/100: distance 10->8.
  Rejected at trial 2/100: distance 10->8.
  Rejected at trial 3/100: distance 10->8.
  Rejected at trial 4/100: distance 10->6.
  Rejected at trial 5/100: distance 10->8.
  Rejected at trial 6/100: distance 10->8.
  Rejected at trial 7/100: distance 10->8.
  Rejected at trial 8/100: distance 10->8.
  Rejected at trial 9/100: distance 10->8.
  Rejected at trial 11/100: distance 10->8.
  Rejected at trial 13/100: distance 10->8.
  Rejected at trial 15/100: distance 10->6.
  Rejected at trial 16/100: distance 10->8.
  Rejected at trial 17/100: distance 10->8.
  Rejected at trial 18/100: distance 10->8.
  Rejected at trial 21/100: distance 10->8.
  Rejected at trial 22/100: distance 10->8.
  Rejected at trial 24/100: distance 10->8.
  Rejected at trial 25/100: distance 10->8.
  Rejected at trial 26/100: distance 10->8.
  Rejected at trial 27/100: distance 10->8.
  Rejected at trial 29/100: distance 10->8.
  Rejected at trial 30/100: distance 10->8.
  Rejected at trial 31/100: distance 10->6.
  Rejected at trial 32/100: distance 10->8.
  Rejected at trial 33/100: distance 10->8.
  Rejected at trial 35/100: distance 10->8.
  Rejected at trial 36/100: distance 10->8.
  Rejected at trial 38/100: distance 10->8.
  Rejected at trial 39/100: distance 10->8.
  Rejected at trial 40/100: distance 10->6.
  Rejected at trial 42/100: distance 10->8.
  Rejected at trial 44/100: distance 10->8.
  Rejected at trial 45/100: distance 10->8.
  Rejected at trial 46/100: distance 10->8.
  Rejected at trial 47/100: distance 10->8.
  Rejected at trial 48/100: distance 10->8.
  Rejected at trial 60/100: distance 10->8.
  Rejected at trial 61/100: distance 10->8.
  Rejected at trial 65/100: distance 10->8.
  Rejected at trial 68/100: distance 10->8.
  Rejected at trial 70/100: distance 10->8.
  Rejected at trial 71/100: distance 10->6.
  Rejected at trial 72/100: distance 10->8.
  Rejected at trial 73/100: distance 10->8.
  Rejected at trial 74/100: distance 10->6.
  Rejected at trial 78/100: distance 10->8.
  Rejected at trial 79/100: distance 10->6.
  Rejected at trial 83/100: distance 10->8.
  Rejected at trial 84/100: distance 10->8.
  Rejected at trial 86/100: distance 10->8.
  Rejected at trial 88/100: distance 10->8.
  Rejected at trial 89/100: distance 10->8.
  Rejected at trial 90/100: distance 10->8.
  Rejected at trial 92/100: distance 10->8.
  Rejected at trial 93/100: distance 10->6.
  Rejected at trial 96/100: distance 10->8.
  Rejected at trial 97/100: distance 10->6.
  Rejected at trial 99/100: distance 10->8.
  Accepted first non-decreasing valid move.

Step 9/10 (global max dist so far = 10)
  Target logical weight: 10
  Current distance: 10
  Rejected at trial 2/100: distance 10->8.
  Rejected at trial 3/100: distance 10->8.
  Rejected at trial 5/100: distance 10->8.
  Rejected at trial 8/100: distance 10->8.
  Rejected at trial 9/100: distance 10->4.
  Rejected at trial 10/100: distance 10->8.
  Rejected at trial 13/100: distance 10->8.
  Rejected at trial 14/100: distance 10->8.
  Rejected at trial 15/100: distance 10->8.
  Rejected at trial 19/100: distance 10->8.
  Rejected at trial 21/100: distance 10->6.
  Rejected at trial 23/100: distance 10->6.
  Rejected at trial 24/100: distance 10->8.
  Rejected at trial 25/100: distance 10->8.
  Rejected at trial 28/100: distance 10->8.
  Rejected at trial 30/100: distance 10->8.
  Rejected at trial 32/100: distance 10->6.
  Rejected at trial 33/100: distance 10->6.
  Rejected at trial 35/100: distance 10->8.
  Rejected at trial 36/100: distance 10->8.
  Rejected at trial 37/100: distance 10->6.
  Rejected at trial 40/100: distance 10->8.
  Rejected at trial 41/100: distance 10->6.
  Rejected at trial 42/100: distance 10->8.
  Rejected at trial 45/100: distance 10->8.
  Rejected at trial 46/100: distance 10->8.
  Rejected at trial 48/100: distance 10->8.
  Rejected at trial 49/100: distance 10->8.
  Rejected at trial 50/100: distance 10->8.
  Rejected at trial 51/100: distance 10->8.
  Rejected at trial 52/100: distance 10->6.
  Rejected at trial 54/100: distance 10->8.
  Rejected at trial 55/100: distance 10->8.
  Rejected at trial 56/100: distance 10->6.
  Rejected at trial 59/100: distance 10->8.
  Rejected at trial 60/100: distance 10->8.
  Rejected at trial 61/100: distance 10->6.
  Rejected at trial 62/100: distance 10->8.
  Rejected at trial 63/100: distance 10->8.
  Rejected at trial 64/100: distance 10->8.
  Rejected at trial 66/100: distance 10->6.
  Rejected at trial 67/100: distance 10->8.
  Rejected at trial 70/100: distance 10->8.
  Rejected at trial 74/100: distance 10->8.
  Rejected at trial 75/100: distance 10->2.
  Rejected at trial 76/100: distance 10->8.
  Rejected at trial 78/100: distance 10->4.
  Rejected at trial 80/100: distance 10->8.
  Rejected at trial 83/100: distance 10->6.
  Rejected at trial 84/100: distance 10->6.
  Rejected at trial 85/100: distance 10->8.
  Rejected at trial 86/100: distance 10->8.
  Rejected at trial 87/100: distance 10->8.
  Rejected at trial 88/100: distance 10->8.
  Rejected at trial 90/100: distance 10->6.
  Rejected at trial 91/100: distance 10->2.
  Rejected at trial 93/100: distance 10->8.
  Rejected at trial 94/100: distance 10->8.
  Rejected at trial 96/100: distance 10->6.
  Rejected at trial 97/100: distance 10->8.
  Rejected at trial 99/100: distance 10->4.
  Rejected at trial 100/100: distance 10->8.
  Accepted first non-decreasing valid move.

Step 10/10 (global max dist so far = 10)
  Target logical weight: 10
  Current distance: 10
  Rejected at trial 1/100: distance 10->8.
  Rejected at trial 3/100: distance 10->4.
  Rejected at trial 4/100: distance 10->8.
  Rejected at trial 5/100: distance 10->8.
  Rejected at trial 6/100: distance 10->8.
  Rejected at trial 7/100: distance 10->8.
  Rejected at trial 8/100: distance 10->8.
  Rejected at trial 9/100: distance 10->8.
  Rejected at trial 11/100: distance 10->8.
  Rejected at trial 12/100: distance 10->8.
  Rejected at trial 13/100: distance 10->4.
  Rejected at trial 16/100: distance 10->8.
  Rejected at trial 19/100: distance 10->6.
  Rejected at trial 20/100: distance 10->8.
  Rejected at trial 22/100: distance 10->8.
  Rejected at trial 27/100: distance 10->8.
  Rejected at trial 28/100: distance 10->8.
  Rejected at trial 29/100: distance 10->8.
  Rejected at trial 30/100: distance 10->8.
  Rejected at trial 33/100: distance 10->8.
  Rejected at trial 36/100: distance 10->8.
  Rejected at trial 38/100: distance 10->8.
  Rejected at trial 39/100: distance 10->8.
  Rejected at trial 40/100: distance 10->6.
  Rejected at trial 41/100: distance 10->8.
  Rejected at trial 47/100: distance 10->8.
  Rejected at trial 48/100: distance 10->8.
  Rejected at trial 49/100: distance 10->8.
  Rejected at trial 52/100: distance 10->8.
  Rejected at trial 53/100: distance 10->8.
  Rejected at trial 54/100: distance 10->8.
  Rejected at trial 55/100: distance 10->8.
  Rejected at trial 56/100: distance 10->8.
  Rejected at trial 57/100: distance 10->8.
  Rejected at trial 58/100: distance 10->6.
  Rejected at trial 59/100: distance 10->8.
  Rejected at trial 61/100: distance 10->4.
  Rejected at trial 63/100: distance 10->8.
  Rejected at trial 64/100: distance 10->8.
  Rejected at trial 66/100: distance 10->6.
  Rejected at trial 67/100: distance 10->8.
  Rejected at trial 73/100: distance 10->8.
  Rejected at trial 79/100: distance 10->6.
  Rejected at trial 81/100: distance 10->8.
  Rejected at trial 82/100: distance 10->8.
  Rejected at trial 84/100: distance 10->8.
  Rejected at trial 87/100: distance 10->8.
  Rejected at trial 88/100: distance 10->8.
  Rejected at trial 89/100: distance 10->8.
  Rejected at trial 90/100: distance 10->8.
  Rejected at trial 93/100: distance 10->8.
  Rejected at trial 96/100: distance 10->8.
  Rejected at trial 97/100: distance 10->8.
  Rejected at trial 98/100: distance 10->8.
  Rejected at trial 99/100: distance 10->8.
  Rejected at trial 100/100: distance 10->8.
  Accepted first non-decreasing valid move.

>>> PHASE 2: Screening (10000)
Found 11 total saved states.
Screening 9 unique candidates with dist == 10

>>> PHASE 2: Screening (10000)
Found 11 total saved states.
Screening 9 unique candidates with dist == 10
Running MC (screening):   0%|          | 0/9 [00:00<?, ?it/s]Hx, Hz, Lx, Lz: (768, 1600), (768, 1600), (64, 1600), (64, 1600)
Hx, Hz, Lx, Lz: (768, 1600), (768, 1600), (64, 1600), (64, 1600)
Hx, Hz, Lx, Lz: (768, 1600), (768, 1600), (64, 1600), (64, 1600)
Hx, Hz, Lx, Lz: (768, 1600), (768, 1600), (64, 1600), (64, 1600)
Hx, Hz, Lx, Lz: (768, 1600), (768, 1600), (64, 1600), (64, 1600)
Hx, Hz, Lx, Lz: (768, 1600), (768, 1600), (64, 1600), (64, 1600)
Hx, Hz, Lx, Lz: (768, 1600), (768, 1600), (64, 1600), (64, 1600)
Hx, Hz, Lx, Lz: (768, 1600), (768, 1600), (64, 1600), (64, 1600)
Hx, Hz, Lx, Lz: (768, 1600), (768, 1600), (64, 1600), (64, 1600)
Decoder screen_row_2 finished in 0.0m 24.27s with 25 failures out of 10000 runs.
Logical error rate for screen_row_2: 0.0025 ± 0.0004994 (stderr)
Running MC (screening):  11%|█         | 1/9 [00:25<03:23, 25.48s/it]Decoder screen_row_8 finished in 0.0m 26.38s with 21 failures out of 10000 runs.
Logical error rate for screen_row_8: 0.0021 ± 0.0004578 (stderr)
Running MC (screening):  22%|██▏       | 2/9 [00:27<01:21, 11.67s/it]Decoder screen_row_6 finished in 0.0m 26.45s with 22 failures out of 10000 runs.
Logical error rate for screen_row_6: 0.0022 ± 0.0004685 (stderr)
Decoder screen_row_5 finished in 0.0m 26.59s with 21 failures out of 10000 runs.
Logical error rate for screen_row_5: 0.0021 ± 0.0004578 (stderr)
Running MC (screening):  44%|████▍     | 4/9 [00:27<00:22,  4.41s/it]Decoder screen_row_7 finished in 0.0m 27.51s with 24 failures out of 10000 runs.
Logical error rate for screen_row_7: 0.0024 ± 0.0004893 (stderr)
Running MC (screening):  56%|█████▌    | 5/9 [00:28<00:13,  3.35s/it]Decoder screen_row_10 finished in 0.0m 27.59s with 21 failures out of 10000 runs.
Logical error rate for screen_row_10: 0.0021 ± 0.0004578 (stderr)
Decoder screen_row_9 finished in 0.0m 27.68s with 17 failures out of 10000 runs.
Logical error rate for screen_row_9: 0.0017 ± 0.0004120 (stderr)
Running MC (screening):  78%|███████▊  | 7/9 [00:28<00:03,  1.81s/it]Decoder screen_row_4 finished in 0.0m 27.96s with 23 failures out of 10000 runs.
Logical error rate for screen_row_4: 0.0023 ± 0.0004791 (stderr)
Running MC (screening):  89%|████████▉ | 8/9 [00:28<00:01,  1.41s/it]Decoder screen_row_3 finished in 0.0m 28.08s with 27 failures out of 10000 runs.
Logical error rate for screen_row_3: 0.0027 ± 0.0005189 (stderr)
Running MC (screening): 100%|██████████| 9/9 [00:29<00:00,  1.10s/it]Running MC (screening): 100%|██████████| 9/9 [00:29<00:00,  3.25s/it]
Best screening LER: 0.001700 (dist=10)

>>> PHASE 3: Precision (100000)
Promoting top 3 candidates

>>> PHASE 3: Precision (100000)
Promoting top 3 candidates
Running MC (precision):   0%|          | 0/3 [00:00<?, ?it/s]Hx, Hz, Lx, Lz: (768, 1600), (768, 1600), (64, 1600), (64, 1600)
Hx, Hz, Lx, Lz: (768, 1600), (768, 1600), (64, 1600), (64, 1600)
Hx, Hz, Lx, Lz: (768, 1600), (768, 1600), (64, 1600), (64, 1600)
Decoder precision_row_5 finished in 4.0m 15.28s with 232 failures out of 100000 runs.
Logical error rate for precision_row_5: 0.00232 ± 0.0001521 (stderr)
Running MC (precision):  33%|███▎      | 1/3 [04:16<08:32, 256.33s/it]Decoder precision_row_8 finished in 4.0m 18.50s with 207 failures out of 100000 runs.
Logical error rate for precision_row_8: 0.00207 ± 0.0001437 (stderr)
Running MC (precision):  67%|██████▋   | 2/3 [04:19<01:47, 107.45s/it]Decoder precision_row_9 finished in 4.0m 37.61s with 191 failures out of 100000 runs.
Logical error rate for precision_row_9: 0.00191 ± 0.0001381 (stderr)
Running MC (precision): 100%|██████████| 3/3 [04:38<00:00, 67.11s/it] Running MC (precision): 100%|██████████| 3/3 [04:38<00:00, 92.89s/it]
Evaluating row 9 | dist=10 | screening LER=0.001700
  -> LER: 0.001910 ± 0.000138 | runtime=277.61s
Evaluating row 5 | dist=10 | screening LER=0.002100
  -> LER: 0.002320 ± 0.000152 | runtime=255.28s
Evaluating row 8 | dist=10 | screening LER=0.002100
  -> LER: 0.002070 ± 0.000144 | runtime=258.50s

>>> RESULT: Best code found
Distance: 10
LER: 0.001910 ± 0.000138

Total time: 0.09 hours
Saved to optimization/results/logical_guided_search.hdf5
