usage: logical_guided_runner.py [-h] [-C C] [-p P] [-S S] [-T T]
                                [--OUTPUT_FILE OUTPUT_FILE]
                                [--screen_budget SCREEN_BUDGET]
                                [--prec_budget PREC_BUDGET] [--topk TOPK]
                                [--workers WORKERS] [--score-beta SCORE_BETA]
                                [--score-window SCORE_WINDOW]
                                [--score-top-frac SCORE_TOP_FRAC]
                                [--score-min-top SCORE_MIN_TOP]
                                [--score-max-top SCORE_MAX_TOP]
                                [--score-mode {relative,absolute}]
                                [--score-gamma SCORE_GAMMA]
                                [--score-max-weight SCORE_MAX_WEIGHT]
                                [--rank-mode {distance_first,score_only}]
                                [--beam-width BEAM_WIDTH]
                                [--children-per-parent CHILDREN_PER_PARENT]
                                [--stop-distance STOP_DISTANCE]
                                [--candidate-workers CANDIDATE_WORKERS]
                                [--input-file INPUT_FILE]
                                [--input-code INPUT_CODE]
                                [--input-run-name INPUT_RUN_NAME]
                                [--input-dataset INPUT_DATASET]
logical_guided_runner.py: error: argument -C: expected one argument
