
--- LOGICAL GUIDED SEARCH ---
Code family: [2025,81]
Noise level p = 0.03
Search steps = 20
Trials/step = 100
Precision budget = 100000
Score selection: beta=0.3, window=2, top_frac=0.1, min_top=3, max_top=5
Workers = 8
/Library/Frameworks/Python.framework/Versions/3.12/lib/python3.12/site-packages/ldpc/code_util/code_util.py:164: UserWarning: This function has exponential complexity. Not recommended for large pcms. Use the                            'ldpc.code_util.estimate_code_distance' function instead.
  warnings.warn(

>>> PHASE 1: Logical-guided search

Step 1/20 (global max dist so far = 10)
Score Info of current state: weight_patterns={10: 8, 11: 0, 12: 23}, score=10.07
  Target logical weight: 10
  Current distance: 10
  Rejected at trial 1/100: distance 10->6.
  Rejected at trial 2/100: distance 10->8.
  Rejected at trial 3/100: distance 10->8.
  Valid proposal at trial 4/100: distance 10->10, target_weight_before_swap=10, weight_patterns={10: 5, 11: 0, 12: 17}, score=6.53
  Valid proposal at trial 5/100: distance 10->10, target_weight_before_swap=10, weight_patterns={10: 2, 11: 0, 12: 21}, score=3.89
  Valid proposal at trial 6/100: distance 10->10, target_weight_before_swap=10, weight_patterns={10: 7, 11: 0, 12: 27}, score=9.43
  Rejected at trial 7/100: distance 10->8.
  Valid proposal at trial 8/100: distance 10->10, target_weight_before_swap=10, weight_patterns={10: 6, 11: 0, 12: 16}, score=7.44
  Rejected at trial 9/100: distance 10->6.
  Rejected at trial 10/100: distance 10->8.
  Valid proposal at trial 11/100: distance 10->10, target_weight_before_swap=10, weight_patterns={10: 8, 11: 0, 12: 23}, score=10.07
  Valid proposal at trial 12/100: distance 10->10, target_weight_before_swap=10, weight_patterns={10: 9, 11: 0, 12: 13}, score=10.17
  Valid proposal at trial 13/100: distance 10->10, target_weight_before_swap=10, weight_patterns={10: 5, 11: 0, 12: 13}, score=6.17
  Valid proposal at trial 14/100: distance 10->10, target_weight_before_swap=10, weight_patterns={10: 3, 11: 0, 12: 19}, score=4.71
  Valid proposal at trial 15/100: distance 10->10, target_weight_before_swap=10, weight_patterns={10: 8, 11: 0, 12: 27}, score=10.43
  Valid proposal at trial 16/100: distance 10->10, target_weight_before_swap=10, weight_patterns={10: 6, 11: 0, 12: 17}, score=7.53
  Valid proposal at trial 17/100: distance 10->10, target_weight_before_swap=10, weight_patterns={10: 8, 11: 0, 12: 13}, score=9.17
  Rejected at trial 18/100: distance 10->8.
  Rejected at trial 19/100: distance 10->6.
  Rejected at trial 20/100: distance 10->8.
  Valid proposal at trial 21/100: distance 10->10, target_weight_before_swap=10, weight_patterns={10: 5, 11: 0, 12: 16}, score=6.44
  Rejected at trial 22/100: distance 10->8.
  Rejected at trial 23/100: distance 10->8.
  Rejected at trial 24/100: distance 10->8.
  Valid proposal at trial 25/100: distance 10->10, target_weight_before_swap=10, weight_patterns={10: 3, 11: 0, 12: 19}, score=4.71
  Rejected at trial 26/100: distance 10->8.
  Valid proposal at trial 27/100: distance 10->10, target_weight_before_swap=10, weight_patterns={10: 8, 11: 0, 12: 23}, score=10.07
  Valid proposal at trial 28/100: distance 10->10, target_weight_before_swap=10, weight_patterns={10: 4, 11: 0, 12: 16}, score=5.44
  Valid proposal at trial 29/100: distance 10->10, target_weight_before_swap=10, weight_patterns={10: 4, 11: 0, 12: 21}, score=5.89
  Valid proposal at trial 30/100: distance 10->10, target_weight_before_swap=10, weight_patterns={10: 7, 11: 0, 12: 26}, score=9.34
  Rejected at trial 31/100: distance 10->6.
  Valid proposal at trial 32/100: distance 10->10, target_weight_before_swap=10, weight_patterns={10: 4, 11: 0, 12: 20}, score=5.8
  Valid proposal at trial 33/100: distance 10->10, target_weight_before_swap=10, weight_patterns={10: 4, 11: 0, 12: 15}, score=5.35
  Valid proposal at trial 34/100: distance 10->10, target_weight_before_swap=10, weight_patterns={10: 4, 11: 0, 12: 16}, score=5.44
  Valid proposal at trial 35/100: distance 10->10, target_weight_before_swap=10, weight_patterns={10: 6, 11: 0, 12: 29}, score=8.61
  Valid proposal at trial 36/100: distance 10->10, target_weight_before_swap=10, weight_patterns={10: 8, 11: 0, 12: 22}, score=9.98
  Valid proposal at trial 37/100: distance 10->10, target_weight_before_swap=10, weight_patterns={10: 8, 11: 0, 12: 17}, score=9.53
  Valid proposal at trial 38/100: distance 10->10, target_weight_before_swap=10, weight_patterns={10: 2, 11: 0, 12: 17}, score=3.53
  Valid proposal at trial 39/100: distance 10->10, target_weight_before_swap=10, weight_patterns={10: 4, 11: 0, 12: 18}, score=5.62
  Valid proposal at trial 40/100: distance 10->10, target_weight_before_swap=10, weight_patterns={10: 6, 11: 0, 12: 17}, score=7.53
  Valid proposal at trial 41/100: distance 10->10, target_weight_before_swap=10, weight_patterns={10: 5, 11: 0, 12: 15}, score=6.35
  Valid proposal at trial 42/100: distance 10->10, target_weight_before_swap=10, weight_patterns={10: 6, 11: 0, 12: 23}, score=8.07
  Rejected at trial 43/100: distance 10->8.
  Valid proposal at trial 44/100: distance 10->10, target_weight_before_swap=10, weight_patterns={10: 4, 11: 0, 12: 29}, score=6.61
  Rejected at trial 45/100: distance 10->8.
  Rejected at trial 46/100: distance 10->6.
  Valid proposal at trial 47/100: distance 10->10, target_weight_before_swap=10, weight_patterns={10: 5, 11: 0, 12: 17}, score=6.53
  Rejected at trial 48/100: distance 10->8.
  Valid proposal at trial 49/100: distance 10->10, target_weight_before_swap=10, weight_patterns={10: 9, 11: 0, 12: 21}, score=10.89
  Valid proposal at trial 50/100: distance 10->10, target_weight_before_swap=10, weight_patterns={10: 6, 11: 0, 12: 20}, score=7.8
  Rejected at trial 51/100: distance 10->8.
  Valid proposal at trial 52/100: distance 10->10, target_weight_before_swap=10, weight_patterns={10: 6, 11: 0, 12: 26}, score=8.34
  Valid proposal at trial 53/100: distance 10->10, target_weight_before_swap=10, weight_patterns={10: 6, 11: 0, 12: 12}, score=7.08
  Valid proposal at trial 54/100: distance 10->10, target_weight_before_swap=10, weight_patterns={10: 7, 11: 0, 12: 16}, score=8.44
  Valid proposal at trial 55/100: distance 10->10, target_weight_before_swap=10, weight_patterns={10: 5, 11: 0, 12: 18}, score=6.62
  Rejected at trial 56/100: distance 10->8.
  Rejected at trial 57/100: distance 10->8.
  Rejected at trial 58/100: distance 10->8.
  Valid proposal at trial 59/100: distance 10->10, target_weight_before_swap=10, weight_patterns={10: 5, 11: 0, 12: 15}, score=6.35
  Valid proposal at trial 60/100: distance 10->10, target_weight_before_swap=10, weight_patterns={10: 5, 11: 0, 12: 26}, score=7.34
  Rejected at trial 61/100: distance 10->8.
  Rejected at trial 62/100: distance 10->6.
  Rejected at trial 63/100: distance 10->8.
  Rejected at trial 64/100: distance 10->8.
  Valid proposal at trial 65/100: distance 10->10, target_weight_before_swap=10, weight_patterns={10: 10, 11: 0, 12: 19}, score=11.71
  Valid proposal at trial 66/100: distance 10->10, target_weight_before_swap=10, weight_patterns={10: 6, 11: 0, 12: 21}, score=7.89
  Valid proposal at trial 67/100: distance 10->10, target_weight_before_swap=10, weight_patterns={10: 4, 11: 0, 12: 16}, score=5.44
  Rejected at trial 68/100: distance 10->8.
  Rejected at trial 69/100: distance 10->8.
  Valid proposal at trial 70/100: distance 10->10, target_weight_before_swap=10, weight_patterns={10: 3, 11: 0, 12: 16}, score=4.44
  Valid proposal at trial 71/100: distance 10->10, target_weight_before_swap=10, weight_patterns={10: 4, 11: 0, 12: 18}, score=5.62
  Valid proposal at trial 72/100: distance 10->10, target_weight_before_swap=10, weight_patterns={10: 5, 11: 0, 12: 24}, score=7.16
  Valid proposal at trial 73/100: distance 10->10, target_weight_before_swap=10, weight_patterns={10: 3, 11: 0, 12: 20}, score=4.8
  Rejected at trial 74/100: distance 10->8.
  Valid proposal at trial 75/100: distance 10->10, target_weight_before_swap=10, weight_patterns={10: 5, 11: 0, 12: 34}, score=8.06
  Valid proposal at trial 76/100: distance 10->10, target_weight_before_swap=10, weight_patterns={10: 11, 11: 0, 12: 24}, score=13.16
  Valid proposal at trial 77/100: distance 10->10, target_weight_before_swap=10, weight_patterns={10: 4, 11: 0, 12: 25}, score=6.25
  Valid proposal at trial 78/100: distance 10->10, target_weight_before_swap=10, weight_patterns={10: 7, 11: 0, 12: 16}, score=8.44
  Valid proposal at trial 79/100: distance 10->10, target_weight_before_swap=10, weight_patterns={10: 4, 11: 0, 12: 17}, score=5.53
  Rejected at trial 80/100: distance 10->8.
  Rejected at trial 81/100: distance 10->8.
  Valid proposal at trial 82/100: distance 10->10, target_weight_before_swap=10, weight_patterns={10: 3, 11: 0, 12: 14}, score=4.26
  Valid proposal at trial 83/100: distance 10->10, target_weight_before_swap=10, weight_patterns={10: 5, 11: 0, 12: 15}, score=6.35
  Valid proposal at trial 84/100: distance 10->10, target_weight_before_swap=10, weight_patterns={10: 7, 11: 0, 12: 21}, score=8.89
  Rejected at trial 85/100: distance 10->8.
  Valid proposal at trial 86/100: distance 10->10, target_weight_before_swap=10, weight_patterns={10: 6, 11: 0, 12: 17}, score=7.53
  Rejected at trial 87/100: distance 10->8.
  Valid proposal at trial 88/100: distance 10->10, target_weight_before_swap=10, weight_patterns={10: 6, 11: 0, 12: 23}, score=8.07
  Rejected at trial 89/100: distance 10->8.
  Valid proposal at trial 90/100: distance 10->10, target_weight_before_swap=10, weight_patterns={10: 3, 11: 0, 12: 25}, score=5.25
  Valid proposal at trial 91/100: distance 10->10, target_weight_before_swap=10, weight_patterns={10: 8, 11: 0, 12: 21}, score=9.89
  Rejected at trial 92/100: distance 10->8.
  Rejected at trial 93/100: distance 10->6.
  Rejected at trial 94/100: distance 10->8.
  Rejected at trial 95/100: distance 10->8.
  Valid proposal at trial 96/100: distance 10->10, target_weight_before_swap=10, weight_patterns={10: 5, 11: 0, 12: 13}, score=6.17
  Valid proposal at trial 97/100: distance 10->10, target_weight_before_swap=10, weight_patterns={10: 3, 11: 0, 12: 21}, score=4.89
  Valid proposal at trial 98/100: distance 10->10, target_weight_before_swap=10, weight_patterns={10: 6, 11: 0, 12: 15}, score=7.35
  Valid proposal at trial 99/100: distance 10->10, target_weight_before_swap=10, weight_patterns={10: 10, 11: 0, 12: 20}, score=11.8
  Valid proposal at trial 100/100: distance 10->10, target_weight_before_swap=10, weight_patterns={10: 5, 11: 0, 12: 17}, score=6.53
  Trials completed: 100/100, valid proposals found: 62, rejections due to distance decrease: 38.
  Accepted best valid move: distance 10->10, target_weight_before_swap=10, weight_patterns=weight_patterns={10: 2, 11: 0, 12: 17}, score=3.53, score=3.53

Step 2/20 (global max dist so far = 10)
Score Info of current state: weight_patterns={10: 2, 11: 0, 12: 17}, score=3.53
  Target logical weight: 10
  Current distance: 10
  Valid proposal at trial 1/100: distance 10->10, target_weight_before_swap=10, weight_patterns={10: 4, 11: 0, 12: 17}, score=5.53
  Valid proposal at trial 2/100: distance 10->10, target_weight_before_swap=10, weight_patterns={10: 5, 11: 0, 12: 14}, score=6.26
  Valid proposal at trial 3/100: distance 10->10, target_weight_before_swap=10, weight_patterns={10: 2, 11: 0, 12: 17}, score=3.53
  Rejected at trial 4/100: distance 10->4.
  Rejected at trial 5/100: distance 10->6.
  Rejected at trial 6/100: distance 10->8.
  Rejected at trial 7/100: distance 10->8.
  Valid proposal at trial 8/100: distance 10->10, target_weight_before_swap=10, weight_patterns={10: 5, 11: 0, 12: 14}, score=6.26
  Rejected at trial 9/100: distance 10->8.
  Valid proposal at trial 10/100: distance 10->10, target_weight_before_swap=10, weight_patterns={10: 3, 11: 0, 12: 17}, score=4.53
  Valid proposal at trial 11/100: distance 10->12, target_weight_before_swap=10, weight_patterns={12: 20, 13: 0, 14: 61}, score=25.49
  Valid proposal at trial 12/100: distance 10->10, target_weight_before_swap=10, weight_patterns={10: 1, 11: 0, 12: 18}, score=2.62
  Valid proposal at trial 13/100: distance 10->10, target_weight_before_swap=10, weight_patterns={10: 2, 11: 0, 12: 16}, score=3.44
  Rejected at trial 14/100: distance 10->8.
  Rejected at trial 15/100: distance 10->8.
  Rejected at trial 16/100: distance 10->6.
  Valid proposal at trial 17/100: distance 10->10, target_weight_before_swap=10, weight_patterns={10: 4, 11: 0, 12: 16}, score=5.44
  Valid proposal at trial 18/100: distance 10->10, target_weight_before_swap=10, weight_patterns={10: 3, 11: 0, 12: 16}, score=4.44
  Valid proposal at trial 19/100: distance 10->10, target_weight_before_swap=10, weight_patterns={10: 4, 11: 0, 12: 13}, score=5.17
  Valid proposal at trial 20/100: distance 10->10, target_weight_before_swap=10, weight_patterns={10: 2, 11: 0, 12: 19}, score=3.71
  Valid proposal at trial 21/100: distance 10->10, target_weight_before_swap=10, weight_patterns={10: 1, 11: 0, 12: 21}, score=2.89
  Valid proposal at trial 22/100: distance 10->10, target_weight_before_swap=10, weight_patterns={10: 3, 11: 0, 12: 16}, score=4.44
  Valid proposal at trial 23/100: distance 10->10, target_weight_before_swap=10, weight_patterns={10: 1, 11: 0, 12: 21}, score=2.89
  Valid proposal at trial 24/100: distance 10->10, target_weight_before_swap=10, weight_patterns={10: 2, 11: 0, 12: 23}, score=4.07
  Rejected at trial 25/100: distance 10->8.
  Valid proposal at trial 26/100: distance 10->10, target_weight_before_swap=10, weight_patterns={10: 2, 11: 0, 12: 17}, score=3.53
  Rejected at trial 27/100: distance 10->6.
  Valid proposal at trial 28/100: distance 10->10, target_weight_before_swap=10, weight_patterns={10: 1, 11: 0, 12: 14}, score=2.26
  Valid proposal at trial 29/100: distance 10->10, target_weight_before_swap=10, weight_patterns={10: 3, 11: 0, 12: 20}, score=4.8
  Valid proposal at trial 30/100: distance 10->12, target_weight_before_swap=10, weight_patterns={12: 23, 13: 0, 14: 49}, score=27.41
  Valid proposal at trial 31/100: distance 10->10, target_weight_before_swap=10, weight_patterns={10: 2, 11: 0, 12: 14}, score=3.26
  Rejected at trial 32/100: distance 10->8.
  Rejected at trial 33/100: distance 10->8.
  Valid proposal at trial 34/100: distance 10->10, target_weight_before_swap=10, weight_patterns={10: 6, 11: 0, 12: 14}, score=7.26
  Valid proposal at trial 35/100: distance 10->10, target_weight_before_swap=10, weight_patterns={10: 3, 11: 0, 12: 20}, score=4.8
  Rejected at trial 36/100: distance 10->8.
  Rejected at trial 37/100: distance 10->8.
  Valid proposal at trial 38/100: distance 10->10, target_weight_before_swap=10, weight_patterns={10: 4, 11: 0, 12: 20}, score=5.8
  Valid proposal at trial 39/100: distance 10->10, target_weight_before_swap=10, weight_patterns={10: 2, 11: 0, 12: 14}, score=3.26
  Valid proposal at trial 40/100: distance 10->10, target_weight_before_swap=10, weight_patterns={10: 3, 11: 0, 12: 16}, score=4.44
  Rejected at trial 41/100: distance 10->8.
  Valid proposal at trial 42/100: distance 10->10, target_weight_before_swap=10, weight_patterns={10: 3, 11: 0, 12: 19}, score=4.71
  Valid proposal at trial 43/100: distance 10->10, target_weight_before_swap=10, weight_patterns={10: 4, 11: 0, 12: 15}, score=5.35
  Valid proposal at trial 44/100: distance 10->10, target_weight_before_swap=10, weight_patterns={10: 1, 11: 0, 12: 16}, score=2.44
  Valid proposal at trial 45/100: distance 10->10, target_weight_before_swap=10, weight_patterns={10: 2, 11: 0, 12: 17}, score=3.53
  Rejected at trial 46/100: distance 10->8.
  Rejected at trial 47/100: distance 10->8.
  Valid proposal at trial 48/100: distance 10->10, target_weight_before_swap=10, weight_patterns={10: 3, 11: 0, 12: 16}, score=4.44
  Valid proposal at trial 49/100: distance 10->10, target_weight_before_swap=10, weight_patterns={10: 4, 11: 0, 12: 17}, score=5.53
  Valid proposal at trial 50/100: distance 10->10, target_weight_before_swap=10, weight_patterns={10: 2, 11: 0, 12: 18}, score=3.62
  Valid proposal at trial 51/100: distance 10->10, target_weight_before_swap=10, weight_patterns={10: 1, 11: 0, 12: 18}, score=2.62
  Valid proposal at trial 52/100: distance 10->12, target_weight_before_swap=10, weight_patterns={12: 23, 13: 0, 14: 57}, score=28.13
  Rejected at trial 53/100: distance 10->8.
  Valid proposal at trial 54/100: distance 10->10, target_weight_before_swap=10, weight_patterns={10: 5, 11: 0, 12: 17}, score=6.53
  Valid proposal at trial 55/100: distance 10->10, target_weight_before_swap=10, weight_patterns={10: 2, 11: 0, 12: 23}, score=4.07
  Valid proposal at trial 56/100: distance 10->10, target_weight_before_swap=10, weight_patterns={10: 1, 11: 0, 12: 20}, score=2.8
  Rejected at trial 57/100: distance 10->8.
  Rejected at trial 58/100: distance 10->8.
  Valid proposal at trial 59/100: distance 10->10, target_weight_before_swap=10, weight_patterns={10: 3, 11: 0, 12: 20}, score=4.8
  Valid proposal at trial 60/100: distance 10->10, target_weight_before_swap=10, weight_patterns={10: 3, 11: 0, 12: 19}, score=4.71
  Valid proposal at trial 61/100: distance 10->10, target_weight_before_swap=10, weight_patterns={10: 1, 11: 0, 12: 22}, score=2.98
  Valid proposal at trial 62/100: distance 10->10, target_weight_before_swap=10, weight_patterns={10: 5, 11: 0, 12: 14}, score=6.26
  Rejected at trial 63/100: distance 10->6.
  Rejected at trial 64/100: distance 10->8.
  Valid proposal at trial 65/100: distance 10->10, target_weight_before_swap=10, weight_patterns={10: 2, 11: 0, 12: 16}, score=3.44
  Valid proposal at trial 66/100: distance 10->10, target_weight_before_swap=10, weight_patterns={10: 4, 11: 0, 12: 28}, score=6.52
  Valid proposal at trial 67/100: distance 10->10, target_weight_before_swap=10, weight_patterns={10: 2, 11: 0, 12: 21}, score=3.89
  Valid proposal at trial 68/100: distance 10->10, target_weight_before_swap=10, weight_patterns={10: 3, 11: 0, 12: 20}, score=4.8
  Rejected at trial 69/100: distance 10->8.
  Valid proposal at trial 70/100: distance 10->10, target_weight_before_swap=10, weight_patterns={10: 5, 11: 0, 12: 17}, score=6.53
  Rejected at trial 71/100: distance 10->8.
  Rejected at trial 72/100: distance 10->8.
  Rejected at trial 73/100: distance 10->6.
  Valid proposal at trial 74/100: distance 10->10, target_weight_before_swap=10, weight_patterns={10: 4, 11: 0, 12: 15}, score=5.35
  Rejected at trial 75/100: distance 10->8.
  Rejected at trial 76/100: distance 10->8.
  Rejected at trial 77/100: distance 10->8.
  Rejected at trial 78/100: distance 10->8.
  Valid proposal at trial 79/100: distance 10->10, target_weight_before_swap=10, weight_patterns={10: 1, 11: 0, 12: 20}, score=2.8
  Rejected at trial 80/100: distance 10->8.
  Valid proposal at trial 81/100: distance 10->10, target_weight_before_swap=10, weight_patterns={10: 2, 11: 0, 12: 22}, score=3.98
  Valid proposal at trial 82/100: distance 10->10, target_weight_before_swap=10, weight_patterns={10: 6, 11: 0, 12: 21}, score=7.89
  Valid proposal at trial 83/100: distance 10->10, target_weight_before_swap=10, weight_patterns={10: 3, 11: 0, 12: 18}, score=4.62
  Valid proposal at trial 84/100: distance 10->10, target_weight_before_swap=10, weight_patterns={10: 1, 11: 0, 12: 17}, score=2.53
  Valid proposal at trial 85/100: distance 10->10, target_weight_before_swap=10, weight_patterns={10: 1, 11: 0, 12: 23}, score=3.07
  Valid proposal at trial 86/100: distance 10->10, target_weight_before_swap=10, weight_patterns={10: 4, 11: 0, 12: 19}, score=5.71
  Valid proposal at trial 87/100: distance 10->10, target_weight_before_swap=10, weight_patterns={10: 3, 11: 0, 12: 20}, score=4.8
  Valid proposal at trial 88/100: distance 10->10, target_weight_before_swap=10, weight_patterns={10: 1, 11: 0, 12: 19}, score=2.71
  Valid proposal at trial 89/100: distance 10->10, target_weight_before_swap=10, weight_patterns={10: 2, 11: 0, 12: 21}, score=3.89
  Rejected at trial 90/100: distance 10->8.
  Rejected at trial 91/100: distance 10->8.
  Valid proposal at trial 92/100: distance 10->10, target_weight_before_swap=10, weight_patterns={10: 2, 11: 0, 12: 20}, score=3.8
  Rejected at trial 93/100: distance 10->8.
  Valid proposal at trial 94/100: distance 10->10, target_weight_before_swap=10, weight_patterns={10: 3, 11: 0, 12: 24}, score=5.16
  Valid proposal at trial 95/100: distance 10->10, target_weight_before_swap=10, weight_patterns={10: 2, 11: 0, 12: 18}, score=3.62
  Rejected at trial 96/100: distance 10->8.
  Valid proposal at trial 97/100: distance 10->10, target_weight_before_swap=10, weight_patterns={10: 2, 11: 0, 12: 18}, score=3.62
  Rejected at trial 98/100: distance 10->8.
  Valid proposal at trial 99/100: distance 10->10, target_weight_before_swap=10, weight_patterns={10: 2, 11: 0, 12: 21}, score=3.89
  Valid proposal at trial 100/100: distance 10->10, target_weight_before_swap=10, weight_patterns={10: 2, 11: 0, 12: 18}, score=3.62
  Trials completed: 100/100, valid proposals found: 64, rejections due to distance decrease: 36.
  Accepted best valid move: distance 10->12, target_weight_before_swap=10, weight_patterns=weight_patterns={12: 20, 13: 0, 14: 61}, score=25.49, score=25.49

Step 3/20 (global max dist so far = 12)
Score Info of current state: weight_patterns={12: 20, 13: 0, 14: 61}, score=25.49
  Target logical weight: 12
  Current distance: 12
  Rejected at trial 1/100: distance 12->10.
  Rejected at trial 2/100: distance 12->4.
  Rejected at trial 3/100: distance 12->10.
  Rejected at trial 4/100: distance 12->10.
  Rejected at trial 5/100: distance 12->8.
  Rejected at trial 6/100: distance 12->10.
  Rejected at trial 7/100: distance 12->6.
  Rejected at trial 8/100: distance 12->10.
  Rejected at trial 9/100: distance 12->10.
  Rejected at trial 10/100: distance 12->8.
  Rejected at trial 11/100: distance 12->10.
  Rejected at trial 12/100: distance 12->6.
  Rejected at trial 13/100: distance 12->10.
  Rejected at trial 14/100: distance 12->8.
  Rejected at trial 15/100: distance 12->6.
  Rejected at trial 16/100: distance 12->10.
  Rejected at trial 17/100: distance 12->10.
  Rejected at trial 18/100: distance 12->10.
  Rejected at trial 19/100: distance 12->8.
  Rejected at trial 20/100: distance 12->10.
  Rejected at trial 21/100: distance 12->10.
  Rejected at trial 22/100: distance 12->8.
  Rejected at trial 23/100: distance 12->10.
  Rejected at trial 24/100: distance 12->6.
  Rejected at trial 25/100: distance 12->8.
  Rejected at trial 26/100: distance 12->10.
  Rejected at trial 27/100: distance 12->10.
  Rejected at trial 28/100: distance 12->10.
  Rejected at trial 29/100: distance 12->10.
  Rejected at trial 30/100: distance 12->10.
  Rejected at trial 31/100: distance 12->10.
  Rejected at trial 32/100: distance 12->10.
  Rejected at trial 33/100: distance 12->10.
  Rejected at trial 34/100: distance 12->8.
  Rejected at trial 35/100: distance 12->10.
  Rejected at trial 36/100: distance 12->10.
  Rejected at trial 37/100: distance 12->8.
  Rejected at trial 38/100: distance 12->10.
  Rejected at trial 39/100: distance 12->10.
  Rejected at trial 40/100: distance 12->10.
  Rejected at trial 41/100: distance 12->10.
  Rejected at trial 42/100: distance 12->6.
  Rejected at trial 43/100: distance 12->10.
  Rejected at trial 44/100: distance 12->10.
  Rejected at trial 45/100: distance 12->8.
  Rejected at trial 46/100: distance 12->10.
  Rejected at trial 47/100: distance 12->8.
  Rejected at trial 48/100: distance 12->10.
  Rejected at trial 49/100: distance 12->8.
  Rejected at trial 50/100: distance 12->8.
  Rejected at trial 51/100: distance 12->10.
  Rejected at trial 52/100: distance 12->10.
  Rejected at trial 53/100: distance 12->10.
  Rejected at trial 54/100: distance 12->8.
  Rejected at trial 55/100: distance 12->8.
  Rejected at trial 56/100: distance 12->8.
  Rejected at trial 57/100: distance 12->10.
  Rejected at trial 58/100: distance 12->6.
  Rejected at trial 59/100: distance 12->10.
  Rejected at trial 60/100: distance 12->6.
  Rejected at trial 61/100: distance 12->10.
  Rejected at trial 62/100: distance 12->10.
  Rejected at trial 63/100: distance 12->10.
  Rejected at trial 64/100: distance 12->8.
  Rejected at trial 65/100: distance 12->10.
  Rejected at trial 66/100: distance 12->8.
  Rejected at trial 67/100: distance 12->8.
  Rejected at trial 68/100: distance 12->8.
  Rejected at trial 69/100: distance 12->6.
  Rejected at trial 70/100: distance 12->8.
  Rejected at trial 71/100: distance 12->8.
  Rejected at trial 72/100: distance 12->10.
  Rejected at trial 73/100: distance 12->8.
  Rejected at trial 74/100: distance 12->8.
  Rejected at trial 75/100: distance 12->8.
  Rejected at trial 76/100: distance 12->8.
  Rejected at trial 77/100: distance 12->10.
  Rejected at trial 78/100: distance 12->10.
  Rejected at trial 79/100: distance 12->6.
  Rejected at trial 80/100: distance 12->8.
  Valid proposal at trial 81/100: distance 12->12, target_weight_before_swap=12, weight_patterns={12: 23, 13: 0, 14: 58}, score=28.22
  Rejected at trial 82/100: distance 12->8.
  Rejected at trial 83/100: distance 12->10.
  Rejected at trial 84/100: distance 12->10.
  Rejected at trial 85/100: distance 12->8.
  Rejected at trial 86/100: distance 12->8.
  Rejected at trial 87/100: distance 12->10.
  Rejected at trial 88/100: distance 12->10.
  Rejected at trial 89/100: distance 12->10.
  Rejected at trial 90/100: distance 12->10.
  Rejected at trial 91/100: distance 12->8.
  Rejected at trial 92/100: distance 12->10.
  Rejected at trial 93/100: distance 12->6.
  Rejected at trial 94/100: distance 12->8.
  Rejected at trial 95/100: distance 12->10.
  Rejected at trial 96/100: distance 12->8.
  Rejected at trial 97/100: distance 12->10.
  Rejected at trial 98/100: distance 12->8.
  Valid proposal at trial 99/100: distance 12->12, target_weight_before_swap=12, weight_patterns={12: 19, 13: 0, 14: 56}, score=24.04
  Rejected at trial 100/100: distance 12->8.
  Trials completed: 100/100, valid proposals found: 2, rejections due to distance decrease: 98.
  Accepted best valid move: distance 12->12, target_weight_before_swap=12, weight_patterns=weight_patterns={12: 19, 13: 0, 14: 56}, score=24.04, score=24.04

Step 4/20 (global max dist so far = 12)
Score Info of current state: weight_patterns={12: 19, 13: 0, 14: 56}, score=24.04
  Target logical weight: 12
  Current distance: 12
  Rejected at trial 1/100: distance 12->8.
  Rejected at trial 2/100: distance 12->8.
  Rejected at trial 3/100: distance 12->10.
  Rejected at trial 4/100: distance 12->8.
  Rejected at trial 5/100: distance 12->10.
  Rejected at trial 6/100: distance 12->10.
  Rejected at trial 7/100: distance 12->8.
  Rejected at trial 8/100: distance 12->10.
  Rejected at trial 9/100: distance 12->4.
  Rejected at trial 10/100: distance 12->6.
  Rejected at trial 11/100: distance 12->10.
  Rejected at trial 12/100: distance 12->8.
  Rejected at trial 13/100: distance 12->10.
  Valid proposal at trial 14/100: distance 12->12, target_weight_before_swap=12, weight_patterns={12: 27, 13: 0, 14: 49}, score=31.41
  Valid proposal at trial 15/100: distance 12->12, target_weight_before_swap=12, weight_patterns={12: 23, 13: 0, 14: 47}, score=27.23
  Rejected at trial 16/100: distance 12->8.
  Rejected at trial 17/100: distance 12->8.
  Rejected at trial 18/100: distance 12->8.
  Rejected at trial 19/100: distance 12->10.
  Rejected at trial 20/100: distance 12->10.
  Rejected at trial 21/100: distance 12->10.
  Rejected at trial 22/100: distance 12->6.
  Rejected at trial 23/100: distance 12->10.
  Rejected at trial 24/100: distance 12->10.
  Rejected at trial 25/100: distance 12->8.
  Rejected at trial 26/100: distance 12->10.
  Rejected at trial 27/100: distance 12->10.
  Rejected at trial 28/100: distance 12->8.
  Rejected at trial 29/100: distance 12->8.
  Rejected at trial 30/100: distance 12->10.
  Rejected at trial 31/100: distance 12->10.
  Rejected at trial 32/100: distance 12->10.
  Rejected at trial 33/100: distance 12->10.
  Rejected at trial 34/100: distance 12->8.
  Rejected at trial 35/100: distance 12->10.
  Rejected at trial 36/100: distance 12->10.
  Rejected at trial 37/100: distance 12->8.
  Rejected at trial 38/100: distance 12->10.
  Rejected at trial 39/100: distance 12->10.
  Rejected at trial 40/100: distance 12->10.
  Rejected at trial 41/100: distance 12->10.
  Rejected at trial 42/100: distance 12->6.
  Rejected at trial 43/100: distance 12->6.
  Valid proposal at trial 44/100: distance 12->12, target_weight_before_swap=12, weight_patterns={12: 21, 13: 0, 14: 54}, score=25.86
  Rejected at trial 45/100: distance 12->10.
  Valid proposal at trial 46/100: distance 12->12, target_weight_before_swap=12, weight_patterns={12: 15, 13: 0, 14: 61}, score=20.49
  Rejected at trial 47/100: distance 12->8.
  Valid proposal at trial 48/100: distance 12->12, target_weight_before_swap=12, weight_patterns={12: 16, 13: 0, 14: 58}, score=21.22
  Rejected at trial 49/100: distance 12->10.
  Rejected at trial 50/100: distance 12->8.
  Rejected at trial 51/100: distance 12->10.
  Valid proposal at trial 52/100: distance 12->12, target_weight_before_swap=12, weight_patterns={12: 22, 13: 0, 14: 52}, score=26.68
  Rejected at trial 53/100: distance 12->10.
  Rejected at trial 54/100: distance 12->8.
  Valid proposal at trial 55/100: distance 12->12, target_weight_before_swap=12, weight_patterns={12: 15, 13: 0, 14: 63}, score=20.67
  Rejected at trial 56/100: distance 12->10.
  Rejected at trial 57/100: distance 12->8.
  Rejected at trial 58/100: distance 12->8.
  Rejected at trial 59/100: distance 12->8.
  Rejected at trial 60/100: distance 12->10.
  Rejected at trial 61/100: distance 12->8.
  Rejected at trial 62/100: distance 12->10.
  Rejected at trial 63/100: distance 12->10.
  Rejected at trial 64/100: distance 12->8.
  Rejected at trial 65/100: distance 12->8.
  Rejected at trial 66/100: distance 12->10.
  Rejected at trial 67/100: distance 12->6.
  Rejected at trial 68/100: distance 12->8.
  Rejected at trial 69/100: distance 12->6.
  Rejected at trial 70/100: distance 12->8.
  Rejected at trial 71/100: distance 12->10.
  Rejected at trial 72/100: distance 12->10.
  Rejected at trial 73/100: distance 12->10.
  Rejected at trial 74/100: distance 12->10.
  Rejected at trial 75/100: distance 12->10.
  Rejected at trial 76/100: distance 12->10.
  Rejected at trial 77/100: distance 12->8.
  Rejected at trial 78/100: distance 12->10.
  Rejected at trial 79/100: distance 12->8.
  Valid proposal at trial 80/100: distance 12->12, target_weight_before_swap=12, weight_patterns={12: 21, 13: 0, 14: 50}, score=25.5
  Rejected at trial 81/100: distance 12->10.
  Rejected at trial 82/100: distance 12->10.
  Rejected at trial 83/100: distance 12->8.
  Valid proposal at trial 84/100: distance 12->12, target_weight_before_swap=12, weight_patterns={12: 19, 13: 0, 14: 58}, score=24.22
  Rejected at trial 85/100: distance 12->10.
  Rejected at trial 86/100: distance 12->10.
  Valid proposal at trial 87/100: distance 12->12, target_weight_before_swap=12, weight_patterns={12: 16, 13: 0, 14: 55}, score=20.95
  Rejected at trial 88/100: distance 12->10.
  Rejected at trial 89/100: distance 12->6.
  Rejected at trial 90/100: distance 12->10.
  Rejected at trial 91/100: distance 12->8.
  Rejected at trial 92/100: distance 12->8.
  Rejected at trial 93/100: distance 12->10.
  Rejected at trial 94/100: distance 12->10.
  Rejected at trial 95/100: distance 12->10.
  Rejected at trial 96/100: distance 12->8.
  Rejected at trial 97/100: distance 12->10.
  Rejected at trial 98/100: distance 12->10.
  Valid proposal at trial 99/100: distance 12->12, target_weight_before_swap=12, weight_patterns={12: 18, 13: 0, 14: 60}, score=23.4
  Rejected at trial 100/100: distance 12->8.
  Trials completed: 100/100, valid proposals found: 11, rejections due to distance decrease: 89.
  Accepted best valid move: distance 12->12, target_weight_before_swap=12, weight_patterns=weight_patterns={12: 15, 13: 0, 14: 61}, score=20.49, score=20.49

Step 5/20 (global max dist so far = 12)
Score Info of current state: weight_patterns={12: 15, 13: 0, 14: 61}, score=20.49
  Target logical weight: 12
  Current distance: 12
  Rejected at trial 1/100: distance 12->6.
  Rejected at trial 2/100: distance 12->10.
  Rejected at trial 3/100: distance 12->10.
  Rejected at trial 4/100: distance 12->10.
  Rejected at trial 5/100: distance 12->8.
  Rejected at trial 6/100: distance 12->8.
  Rejected at trial 7/100: distance 12->10.
  Rejected at trial 8/100: distance 12->8.
  Rejected at trial 9/100: distance 12->8.
  Rejected at trial 10/100: distance 12->10.
  Rejected at trial 11/100: distance 12->10.
  Rejected at trial 12/100: distance 12->10.
  Rejected at trial 13/100: distance 12->8.
  Rejected at trial 14/100: distance 12->10.
  Rejected at trial 15/100: distance 12->10.
  Rejected at trial 16/100: distance 12->8.
  Rejected at trial 17/100: distance 12->10.
  Rejected at trial 18/100: distance 12->10.
  Rejected at trial 19/100: distance 12->6.
  Rejected at trial 20/100: distance 12->10.
  Rejected at trial 21/100: distance 12->6.
  Rejected at trial 22/100: distance 12->10.
  Rejected at trial 23/100: distance 12->10.
  Rejected at trial 24/100: distance 12->10.
  Rejected at trial 25/100: distance 12->8.
  Rejected at trial 26/100: distance 12->10.
  Rejected at trial 27/100: distance 12->8.
  Rejected at trial 28/100: distance 12->10.
  Rejected at trial 29/100: distance 12->8.
  Rejected at trial 30/100: distance 12->8.
  Rejected at trial 31/100: distance 12->10.
  Rejected at trial 32/100: distance 12->8.
  Rejected at trial 33/100: distance 12->8.
  Rejected at trial 34/100: distance 12->10.
  Rejected at trial 35/100: distance 12->10.
  Rejected at trial 36/100: distance 12->10.
  Rejected at trial 37/100: distance 12->10.
  Rejected at trial 38/100: distance 12->8.
  Rejected at trial 39/100: distance 12->6.
  Rejected at trial 40/100: distance 12->10.
  Rejected at trial 41/100: distance 12->10.
  Valid proposal at trial 42/100: distance 12->12, target_weight_before_swap=12, weight_patterns={12: 18, 13: 0, 14: 61}, score=23.49
  Rejected at trial 43/100: distance 12->10.
  Rejected at trial 44/100: distance 12->10.
  Rejected at trial 45/100: distance 12->10.
  Rejected at trial 46/100: distance 12->8.
  Rejected at trial 47/100: distance 12->10.
  Rejected at trial 48/100: distance 12->8.
  Rejected at trial 49/100: distance 12->8.
  Rejected at trial 50/100: distance 12->10.
  Rejected at trial 51/100: distance 12->8.
  Rejected at trial 52/100: distance 12->6.
  Rejected at trial 53/100: distance 12->8.
  Valid proposal at trial 54/100: distance 12->12, target_weight_before_swap=12, weight_patterns={12: 15, 13: 0, 14: 63}, score=20.67
  Rejected at trial 55/100: distance 12->8.
  Rejected at trial 56/100: distance 12->8.
  Rejected at trial 57/100: distance 12->10.
  Rejected at trial 58/100: distance 12->10.
  Rejected at trial 59/100: distance 12->6.
  Rejected at trial 60/100: distance 12->8.
  Rejected at trial 61/100: distance 12->10.
  Rejected at trial 62/100: distance 12->8.
  Rejected at trial 63/100: distance 12->10.
  Rejected at trial 64/100: distance 12->10.
  Rejected at trial 65/100: distance 12->10.
  Rejected at trial 66/100: distance 12->10.
  Rejected at trial 67/100: distance 12->10.
  Rejected at trial 68/100: distance 12->6.
  Rejected at trial 69/100: distance 12->10.
  Rejected at trial 70/100: distance 12->8.
  Rejected at trial 71/100: distance 12->10.
  Rejected at trial 72/100: distance 12->8.
  Rejected at trial 73/100: distance 12->8.
  Rejected at trial 74/100: distance 12->10.
  Rejected at trial 75/100: distance 12->6.
  Rejected at trial 76/100: distance 12->10.
  Rejected at trial 77/100: distance 12->8.
  Rejected at trial 78/100: distance 12->8.
  Rejected at trial 79/100: distance 12->8.
  Rejected at trial 80/100: distance 12->8.
  Rejected at trial 81/100: distance 12->10.
  Valid proposal at trial 82/100: distance 12->12, target_weight_before_swap=12, weight_patterns={12: 16, 13: 0, 14: 62}, score=21.58
  Rejected at trial 83/100: distance 12->10.
  Rejected at trial 84/100: distance 12->6.
  Rejected at trial 85/100: distance 12->10.
  Rejected at trial 86/100: distance 12->10.
  Rejected at trial 87/100: distance 12->10.
  Rejected at trial 88/100: distance 12->8.
  Rejected at trial 89/100: distance 12->8.
  Rejected at trial 90/100: distance 12->8.
  Rejected at trial 91/100: distance 12->8.
  Rejected at trial 92/100: distance 12->8.
  Rejected at trial 93/100: distance 12->10.
  Rejected at trial 94/100: distance 12->10.
  Rejected at trial 95/100: distance 12->10.
  Rejected at trial 96/100: distance 12->10.
  Rejected at trial 97/100: distance 12->10.
  Rejected at trial 98/100: distance 12->10.
  Rejected at trial 99/100: distance 12->10.
  Rejected at trial 100/100: distance 12->10.
  Trials completed: 100/100, valid proposals found: 3, rejections due to distance decrease: 97.
  Accepted best valid move: distance 12->12, target_weight_before_swap=12, weight_patterns=weight_patterns={12: 15, 13: 0, 14: 63}, score=20.67, score=20.67

Step 6/20 (global max dist so far = 12)
Score Info of current state: weight_patterns={12: 15, 13: 0, 14: 63}, score=20.67
  Target logical weight: 12
  Current distance: 12
  Valid proposal at trial 1/100: distance 12->12, target_weight_before_swap=12, weight_patterns={12: 19, 13: 0, 14: 58}, score=24.22
  Rejected at trial 2/100: distance 12->10.
  Rejected at trial 3/100: distance 12->10.
  Rejected at trial 4/100: distance 12->10.
  Rejected at trial 5/100: distance 12->6.
  Rejected at trial 6/100: distance 12->10.
  Rejected at trial 7/100: distance 12->6.
  Rejected at trial 8/100: distance 12->8.
  Rejected at trial 9/100: distance 12->10.
  Rejected at trial 10/100: distance 12->10.
  Rejected at trial 11/100: distance 12->8.
  Rejected at trial 12/100: distance 12->10.
  Rejected at trial 13/100: distance 12->10.
  Rejected at trial 14/100: distance 12->10.
  Rejected at trial 15/100: distance 12->10.
  Rejected at trial 16/100: distance 12->10.
  Rejected at trial 17/100: distance 12->10.
  Rejected at trial 18/100: distance 12->10.
  Rejected at trial 19/100: distance 12->10.
  Rejected at trial 20/100: distance 12->10.
  Rejected at trial 21/100: distance 12->10.
  Rejected at trial 22/100: distance 12->8.
  Rejected at trial 23/100: distance 12->8.
  Rejected at trial 24/100: distance 12->10.
  Rejected at trial 25/100: distance 12->10.
  Rejected at trial 26/100: distance 12->10.
  Rejected at trial 27/100: distance 12->6.
  Rejected at trial 28/100: distance 12->10.
  Rejected at trial 29/100: distance 12->10.
  Rejected at trial 30/100: distance 12->10.
  Rejected at trial 31/100: distance 12->10.
  Rejected at trial 32/100: distance 12->10.
  Rejected at trial 33/100: distance 12->10.
  Rejected at trial 34/100: distance 12->10.
  Rejected at trial 35/100: distance 12->8.
  Rejected at trial 36/100: distance 12->8.
  Rejected at trial 37/100: distance 12->6.
  Rejected at trial 38/100: distance 12->2.
  Rejected at trial 39/100: distance 12->8.
  Rejected at trial 40/100: distance 12->10.
  Rejected at trial 41/100: distance 12->10.
  Rejected at trial 42/100: distance 12->8.
  Rejected at trial 43/100: distance 12->10.
  Rejected at trial 44/100: distance 12->8.
  Rejected at trial 45/100: distance 12->8.
  Rejected at trial 46/100: distance 12->10.
  Rejected at trial 47/100: distance 12->10.
  Valid proposal at trial 48/100: distance 12->12, target_weight_before_swap=12, weight_patterns={12: 14, 13: 0, 14: 59}, score=19.31
  Rejected at trial 49/100: distance 12->8.
  Rejected at trial 50/100: distance 12->10.
  Rejected at trial 51/100: distance 12->10.
  Rejected at trial 52/100: distance 12->8.
  Valid proposal at trial 53/100: distance 12->12, target_weight_before_swap=12, weight_patterns={12: 16, 13: 0, 14: 60}, score=21.4
  Rejected at trial 54/100: distance 12->8.
  Valid proposal at trial 55/100: distance 12->12, target_weight_before_swap=12, weight_patterns={12: 14, 13: 0, 14: 64}, score=19.76
  Rejected at trial 56/100: distance 12->10.
  Rejected at trial 57/100: distance 12->10.
  Rejected at trial 58/100: distance 12->2.
  Rejected at trial 59/100: distance 12->8.
  Rejected at trial 60/100: distance 12->10.
  Rejected at trial 61/100: distance 12->8.
  Rejected at trial 62/100: distance 12->8.
  Rejected at trial 63/100: distance 12->10.
  Rejected at trial 64/100: distance 12->6.
  Rejected at trial 65/100: distance 12->10.
  Rejected at trial 66/100: distance 12->8.
  Rejected at trial 67/100: distance 12->10.
  Rejected at trial 68/100: distance 12->10.
  Rejected at trial 69/100: distance 12->8.
  Rejected at trial 70/100: distance 12->2.
  Rejected at trial 71/100: distance 12->10.
  Valid proposal at trial 72/100: distance 12->12, target_weight_before_swap=12, weight_patterns={12: 15, 13: 0, 14: 62}, score=20.58
  Rejected at trial 73/100: distance 12->8.
  Rejected at trial 74/100: distance 12->10.
  Rejected at trial 75/100: distance 12->8.
  Rejected at trial 76/100: distance 12->10.
  Rejected at trial 77/100: distance 12->10.
  Rejected at trial 78/100: distance 12->8.
  Rejected at trial 79/100: distance 12->10.
  Rejected at trial 80/100: distance 12->8.
  Rejected at trial 81/100: distance 12->10.
  Valid proposal at trial 82/100: distance 12->12, target_weight_before_swap=12, weight_patterns={12: 14, 13: 0, 14: 62}, score=19.58
  Rejected at trial 83/100: distance 12->10.
  Rejected at trial 84/100: distance 12->6.
  Rejected at trial 85/100: distance 12->10.
  Rejected at trial 86/100: distance 12->10.
  Rejected at trial 87/100: distance 12->8.
  Rejected at trial 88/100: distance 12->10.
  Rejected at trial 89/100: distance 12->10.
  Rejected at trial 90/100: distance 12->8.
  Rejected at trial 91/100: distance 12->2.
  Valid proposal at trial 92/100: distance 12->12, target_weight_before_swap=12, weight_patterns={12: 13, 13: 0, 14: 68}, score=19.12
  Rejected at trial 93/100: distance 12->10.
  Valid proposal at trial 94/100: distance 12->12, target_weight_before_swap=12, weight_patterns={12: 15, 13: 0, 14: 65}, score=20.85
  Rejected at trial 95/100: distance 12->8.
  Rejected at trial 96/100: distance 12->10.
  Rejected at trial 97/100: distance 12->8.
  Rejected at trial 98/100: distance 12->10.
  Rejected at trial 99/100: distance 12->10.
  Rejected at trial 100/100: distance 12->10.
  Trials completed: 100/100, valid proposals found: 8, rejections due to distance decrease: 92.
  Accepted best valid move: distance 12->12, target_weight_before_swap=12, weight_patterns=weight_patterns={12: 13, 13: 0, 14: 68}, score=19.12, score=19.12

Step 7/20 (global max dist so far = 12)
Score Info of current state: weight_patterns={12: 13, 13: 0, 14: 68}, score=19.12
  Target logical weight: 12
  Current distance: 12
  Rejected at trial 1/100: distance 12->10.
  Rejected at trial 2/100: distance 12->8.
  Rejected at trial 3/100: distance 12->8.
  Rejected at trial 4/100: distance 12->8.
  Rejected at trial 5/100: distance 12->6.
  Rejected at trial 6/100: distance 12->10.
  Rejected at trial 7/100: distance 12->10.
  Rejected at trial 8/100: distance 12->10.
  Rejected at trial 9/100: distance 12->10.
  Rejected at trial 10/100: distance 12->10.
  Rejected at trial 11/100: distance 12->10.
  Rejected at trial 12/100: distance 12->10.
  Rejected at trial 13/100: distance 12->8.
  Rejected at trial 14/100: distance 12->10.
  Rejected at trial 15/100: distance 12->10.
  Rejected at trial 16/100: distance 12->6.
  Rejected at trial 17/100: distance 12->8.
  Rejected at trial 18/100: distance 12->8.
  Rejected at trial 19/100: distance 12->6.
  Rejected at trial 20/100: distance 12->8.
  Rejected at trial 21/100: distance 12->8.
  Rejected at trial 22/100: distance 12->10.
  Valid proposal at trial 23/100: distance 12->12, target_weight_before_swap=12, weight_patterns={12: 17, 13: 0, 14: 69}, score=23.21
  Rejected at trial 24/100: distance 12->8.
  Rejected at trial 25/100: distance 12->10.
  Rejected at trial 26/100: distance 12->10.
  Rejected at trial 27/100: distance 12->6.
  Rejected at trial 28/100: distance 12->10.
  Rejected at trial 29/100: distance 12->10.
  Rejected at trial 30/100: distance 12->8.
  Rejected at trial 31/100: distance 12->10.
  Rejected at trial 32/100: distance 12->10.
  Rejected at trial 33/100: distance 12->10.
  Rejected at trial 34/100: distance 12->2.
  Rejected at trial 35/100: distance 12->10.
  Rejected at trial 36/100: distance 12->10.
  Rejected at trial 37/100: distance 12->8.
  Valid proposal at trial 38/100: distance 12->12, target_weight_before_swap=12, weight_patterns={12: 13, 13: 0, 14: 63}, score=18.67
  Rejected at trial 39/100: distance 12->8.
  Rejected at trial 40/100: distance 12->10.
  Rejected at trial 41/100: distance 12->8.
  Rejected at trial 42/100: distance 12->10.
  Rejected at trial 43/100: distance 12->8.
  Rejected at trial 44/100: distance 12->8.
  Rejected at trial 45/100: distance 12->10.
  Valid proposal at trial 46/100: distance 12->12, target_weight_before_swap=12, weight_patterns={12: 17, 13: 0, 14: 63}, score=22.67
  Rejected at trial 47/100: distance 12->10.
  Rejected at trial 48/100: distance 12->6.
  Rejected at trial 49/100: distance 12->10.
  Rejected at trial 50/100: distance 12->8.
  Rejected at trial 51/100: distance 12->4.
  Rejected at trial 52/100: distance 12->6.
  Rejected at trial 53/100: distance 12->6.
  Rejected at trial 54/100: distance 12->10.
  Rejected at trial 55/100: distance 12->10.
  Rejected at trial 56/100: distance 12->10.
  Rejected at trial 57/100: distance 12->10.
  Rejected at trial 58/100: distance 12->10.
  Rejected at trial 59/100: distance 12->6.
  Rejected at trial 60/100: distance 12->8.
  Rejected at trial 61/100: distance 12->8.
  Valid proposal at trial 62/100: distance 12->12, target_weight_before_swap=12, weight_patterns={12: 18, 13: 0, 14: 62}, score=23.58
  Rejected at trial 63/100: distance 12->8.
  Rejected at trial 64/100: distance 12->10.
  Rejected at trial 65/100: distance 12->8.
  Rejected at trial 66/100: distance 12->8.
  Rejected at trial 67/100: distance 12->8.
  Rejected at trial 68/100: distance 12->8.
  Rejected at trial 69/100: distance 12->8.
  Rejected at trial 70/100: distance 12->10.
  Rejected at trial 71/100: distance 12->10.
  Rejected at trial 72/100: distance 12->10.
  Rejected at trial 73/100: distance 12->10.
  Valid proposal at trial 74/100: distance 12->12, target_weight_before_swap=12, weight_patterns={12: 16, 13: 0, 14: 65}, score=21.85
  Rejected at trial 75/100: distance 12->6.
  Rejected at trial 76/100: distance 12->10.
  Rejected at trial 77/100: distance 12->10.
  Valid proposal at trial 78/100: distance 12->12, target_weight_before_swap=12, weight_patterns={12: 14, 13: 0, 14: 68}, score=20.12
  Rejected at trial 79/100: distance 12->10.
  Rejected at trial 80/100: distance 12->8.
  Rejected at trial 81/100: distance 12->6.
  Rejected at trial 82/100: distance 12->8.
  Rejected at trial 83/100: distance 12->10.
  Rejected at trial 84/100: distance 12->8.
  Rejected at trial 85/100: distance 12->10.
  Rejected at trial 86/100: distance 12->10.
  Rejected at trial 87/100: distance 12->10.
  Rejected at trial 88/100: distance 12->10.
  Rejected at trial 89/100: distance 12->10.
  Rejected at trial 90/100: distance 12->10.
  Rejected at trial 91/100: distance 12->8.
  Rejected at trial 92/100: distance 12->10.
  Rejected at trial 93/100: distance 12->10.
  Rejected at trial 94/100: distance 12->10.
  Rejected at trial 95/100: distance 12->10.
  Rejected at trial 96/100: distance 12->6.
  Rejected at trial 97/100: distance 12->10.
  Rejected at trial 98/100: distance 12->8.
  Rejected at trial 99/100: distance 12->8.
  Rejected at trial 100/100: distance 12->10.
  Trials completed: 100/100, valid proposals found: 6, rejections due to distance decrease: 94.
  Accepted best valid move: distance 12->12, target_weight_before_swap=12, weight_patterns=weight_patterns={12: 13, 13: 0, 14: 63}, score=18.67, score=18.67

Step 8/20 (global max dist so far = 12)
Score Info of current state: weight_patterns={12: 13, 13: 0, 14: 63}, score=18.67
  Target logical weight: 12
  Current distance: 12
  Rejected at trial 1/100: distance 12->10.
  Rejected at trial 2/100: distance 12->8.
  Rejected at trial 3/100: distance 12->10.
  Rejected at trial 4/100: distance 12->10.
  Rejected at trial 5/100: distance 12->8.
  Rejected at trial 6/100: distance 12->6.
  Rejected at trial 7/100: distance 12->10.
  Rejected at trial 8/100: distance 12->10.
  Rejected at trial 9/100: distance 12->8.
  Rejected at trial 10/100: distance 12->8.
  Rejected at trial 11/100: distance 12->6.
  Rejected at trial 12/100: distance 12->10.
  Rejected at trial 13/100: distance 12->8.
  Rejected at trial 14/100: distance 12->8.
  Rejected at trial 15/100: distance 12->10.
  Rejected at trial 16/100: distance 12->10.
  Rejected at trial 17/100: distance 12->10.
  Rejected at trial 18/100: distance 12->10.
  Rejected at trial 19/100: distance 12->8.
  Rejected at trial 20/100: distance 12->10.
  Rejected at trial 21/100: distance 12->8.
  Rejected at trial 22/100: distance 12->8.
  Rejected at trial 23/100: distance 12->8.
  Rejected at trial 24/100: distance 12->6.
  Rejected at trial 25/100: distance 12->6.
  Rejected at trial 26/100: distance 12->8.
  Rejected at trial 27/100: distance 12->8.
  Rejected at trial 28/100: distance 12->10.
  Rejected at trial 29/100: distance 12->8.
  Rejected at trial 30/100: distance 12->10.
  Rejected at trial 31/100: distance 12->8.
  Valid proposal at trial 32/100: distance 12->12, target_weight_before_swap=12, weight_patterns={12: 10, 13: 0, 14: 71}, score=16.39
  Rejected at trial 33/100: distance 12->10.
  Rejected at trial 34/100: distance 12->10.
  Rejected at trial 35/100: distance 12->8.
  Rejected at trial 36/100: distance 12->8.
  Rejected at trial 37/100: distance 12->10.
  Rejected at trial 38/100: distance 12->8.
  Rejected at trial 39/100: distance 12->10.
  Rejected at trial 40/100: distance 12->10.
  Rejected at trial 41/100: distance 12->10.
  Rejected at trial 42/100: distance 12->8.
  Rejected at trial 43/100: distance 12->4.
  Valid proposal at trial 44/100: distance 12->12, target_weight_before_swap=12, weight_patterns={12: 19, 13: 0, 14: 57}, score=24.13
  Rejected at trial 45/100: distance 12->10.
  Rejected at trial 46/100: distance 12->8.
  Rejected at trial 47/100: distance 12->10.
  Rejected at trial 48/100: distance 12->8.
  Rejected at trial 49/100: distance 12->8.
  Rejected at trial 50/100: distance 12->10.
  Rejected at trial 51/100: distance 12->8.
  Rejected at trial 52/100: distance 12->8.
  Rejected at trial 53/100: distance 12->10.
  Rejected at trial 54/100: distance 12->8.
  Rejected at trial 55/100: distance 12->8.
  Rejected at trial 56/100: distance 12->8.
  Rejected at trial 57/100: distance 12->6.
  Valid proposal at trial 58/100: distance 12->12, target_weight_before_swap=12, weight_patterns={12: 19, 13: 0, 14: 58}, score=24.22
  Rejected at trial 59/100: distance 12->8.
  Valid proposal at trial 60/100: distance 12->12, target_weight_before_swap=12, weight_patterns={12: 17, 13: 0, 14: 56}, score=22.04
  Rejected at trial 61/100: distance 12->8.
  Rejected at trial 62/100: distance 12->10.
  Rejected at trial 63/100: distance 12->10.
  Rejected at trial 64/100: distance 12->10.
  Rejected at trial 65/100: distance 12->8.
  Rejected at trial 66/100: distance 12->8.
  Rejected at trial 67/100: distance 12->6.
  Rejected at trial 68/100: distance 12->8.
  Rejected at trial 69/100: distance 12->6.
  Rejected at trial 70/100: distance 12->8.
  Rejected at trial 71/100: distance 12->8.
  Rejected at trial 72/100: distance 12->10.
  Rejected at trial 73/100: distance 12->6.
  Rejected at trial 74/100: distance 12->10.
  Rejected at trial 75/100: distance 12->10.
  Valid proposal at trial 76/100: distance 12->12, target_weight_before_swap=12, weight_patterns={12: 18, 13: 0, 14: 54}, score=22.86
  Rejected at trial 77/100: distance 12->10.
  Rejected at trial 78/100: distance 12->8.
  Rejected at trial 79/100: distance 12->6.
  Rejected at trial 80/100: distance 12->10.
  Rejected at trial 81/100: distance 12->8.
  Rejected at trial 82/100: distance 12->6.
  Rejected at trial 83/100: distance 12->8.
  Rejected at trial 84/100: distance 12->8.
  Rejected at trial 85/100: distance 12->10.
  Rejected at trial 86/100: distance 12->10.
  Rejected at trial 87/100: distance 12->8.
  Rejected at trial 88/100: distance 12->8.
  Rejected at trial 89/100: distance 12->10.
  Valid proposal at trial 90/100: distance 12->12, target_weight_before_swap=12, weight_patterns={12: 17, 13: 0, 14: 56}, score=22.04
  Rejected at trial 91/100: distance 12->10.
  Rejected at trial 92/100: distance 12->8.
  Rejected at trial 93/100: distance 12->10.
  Valid proposal at trial 94/100: distance 12->12, target_weight_before_swap=12, weight_patterns={12: 18, 13: 0, 14: 61}, score=23.49
  Valid proposal at trial 95/100: distance 12->12, target_weight_before_swap=12, weight_patterns={12: 13, 13: 0, 14: 68}, score=19.12
  Rejected at trial 96/100: distance 12->4.
  Rejected at trial 97/100: distance 12->10.
  Rejected at trial 98/100: distance 12->10.
  Rejected at trial 99/100: distance 12->10.
  Valid proposal at trial 100/100: distance 12->12, target_weight_before_swap=12, weight_patterns={12: 16, 13: 0, 14: 65}, score=21.85
  Trials completed: 100/100, valid proposals found: 9, rejections due to distance decrease: 91.
  Accepted best valid move: distance 12->12, target_weight_before_swap=12, weight_patterns=weight_patterns={12: 10, 13: 0, 14: 71}, score=16.39, score=16.39

Step 9/20 (global max dist so far = 12)
Score Info of current state: weight_patterns={12: 10, 13: 0, 14: 71}, score=16.39
  Target logical weight: 12
  Current distance: 12
  Rejected at trial 1/100: distance 12->8.
  Rejected at trial 2/100: distance 12->6.
  Rejected at trial 3/100: distance 12->10.
  Rejected at trial 4/100: distance 12->10.
  Rejected at trial 5/100: distance 12->10.
  Rejected at trial 6/100: distance 12->8.
  Rejected at trial 7/100: distance 12->10.
  Valid proposal at trial 8/100: distance 12->12, target_weight_before_swap=12, weight_patterns={12: 13, 13: 0, 14: 62}, score=18.58
  Rejected at trial 9/100: distance 12->8.
  Rejected at trial 10/100: distance 12->10.
  Rejected at trial 11/100: distance 12->10.
  Rejected at trial 12/100: distance 12->10.
  Valid proposal at trial 13/100: distance 12->12, target_weight_before_swap=12, weight_patterns={12: 11, 13: 0, 14: 74}, score=17.66
  Rejected at trial 14/100: distance 12->10.
  Rejected at trial 15/100: distance 12->10.
  Rejected at trial 16/100: distance 12->10.
  Rejected at trial 17/100: distance 12->10.
  Rejected at trial 18/100: distance 12->10.
  Rejected at trial 19/100: distance 12->10.
  Rejected at trial 20/100: distance 12->8.
  Rejected at trial 21/100: distance 12->8.
  Rejected at trial 22/100: distance 12->10.
  Rejected at trial 23/100: distance 12->8.
  Rejected at trial 24/100: distance 12->10.
  Rejected at trial 25/100: distance 12->10.
  Rejected at trial 26/100: distance 12->8.
  Rejected at trial 27/100: distance 12->10.
  Rejected at trial 28/100: distance 12->10.
  Valid proposal at trial 29/100: distance 12->12, target_weight_before_swap=12, weight_patterns={12: 12, 13: 0, 14: 68}, score=18.12
  Rejected at trial 30/100: distance 12->10.
  Rejected at trial 31/100: distance 12->8.
  Rejected at trial 32/100: distance 12->8.
  Rejected at trial 33/100: distance 12->10.
  Rejected at trial 34/100: distance 12->8.
  Rejected at trial 35/100: distance 12->10.
  Rejected at trial 36/100: distance 12->10.
  Rejected at trial 37/100: distance 12->8.
  Rejected at trial 38/100: distance 12->8.
  Rejected at trial 39/100: distance 12->10.
  Valid proposal at trial 40/100: distance 12->12, target_weight_before_swap=12, weight_patterns={12: 13, 13: 0, 14: 66}, score=18.94
  Rejected at trial 41/100: distance 12->10.
  Rejected at trial 42/100: distance 12->8.
  Rejected at trial 43/100: distance 12->10.
  Rejected at trial 44/100: distance 12->10.
  Rejected at trial 45/100: distance 12->10.
  Rejected at trial 46/100: distance 12->6.
  Rejected at trial 47/100: distance 12->10.
  Rejected at trial 48/100: distance 12->10.
  Rejected at trial 49/100: distance 12->8.
  Rejected at trial 50/100: distance 12->10.
  Rejected at trial 51/100: distance 12->10.
  Rejected at trial 52/100: distance 12->8.
  Rejected at trial 53/100: distance 12->10.
  Rejected at trial 54/100: distance 12->10.
  Rejected at trial 55/100: distance 12->10.
  Rejected at trial 56/100: distance 12->10.
  Valid proposal at trial 57/100: distance 12->12, target_weight_before_swap=12, weight_patterns={12: 14, 13: 0, 14: 62}, score=19.58
  Rejected at trial 58/100: distance 12->10.
  Rejected at trial 59/100: distance 12->10.
  Rejected at trial 60/100: distance 12->10.
  Rejected at trial 61/100: distance 12->10.
  Rejected at trial 62/100: distance 12->10.
  Rejected at trial 63/100: distance 12->10.
  Rejected at trial 64/100: distance 12->8.
  Rejected at trial 65/100: distance 12->8.
  Rejected at trial 66/100: distance 12->6.
  Valid proposal at trial 67/100: distance 12->12, target_weight_before_swap=12, weight_patterns={12: 15, 13: 0, 14: 66}, score=20.94
  Rejected at trial 68/100: distance 12->10.
  Rejected at trial 69/100: distance 12->10.
  Rejected at trial 70/100: distance 12->10.
  Rejected at trial 71/100: distance 12->10.
  Rejected at trial 72/100: distance 12->10.
  Rejected at trial 73/100: distance 12->10.
  Valid proposal at trial 74/100: distance 12->12, target_weight_before_swap=12, weight_patterns={12: 16, 13: 0, 14: 60}, score=21.4
  Rejected at trial 75/100: distance 12->10.
  Rejected at trial 76/100: distance 12->10.
  Rejected at trial 77/100: distance 12->8.
  Rejected at trial 78/100: distance 12->10.
  Rejected at trial 79/100: distance 12->10.
  Rejected at trial 80/100: distance 12->8.
  Rejected at trial 81/100: distance 12->10.
  Rejected at trial 82/100: distance 12->10.
  Rejected at trial 83/100: distance 12->10.
  Rejected at trial 84/100: distance 12->10.
  Rejected at trial 85/100: distance 12->10.
  Rejected at trial 86/100: distance 12->6.
  Rejected at trial 87/100: distance 12->8.
  Rejected at trial 88/100: distance 12->8.
  Rejected at trial 89/100: distance 12->8.
  Rejected at trial 90/100: distance 12->10.
  Valid proposal at trial 91/100: distance 12->12, target_weight_before_swap=12, weight_patterns={12: 16, 13: 0, 14: 66}, score=21.94
  Rejected at trial 92/100: distance 12->10.
  Rejected at trial 93/100: distance 12->6.
  Rejected at trial 94/100: distance 12->10.
  Rejected at trial 95/100: distance 12->6.
  Rejected at trial 96/100: distance 12->6.
  Rejected at trial 97/100: distance 12->10.
  Rejected at trial 98/100: distance 12->10.
  Valid proposal at trial 99/100: distance 12->12, target_weight_before_swap=12, weight_patterns={12: 15, 13: 0, 14: 64}, score=20.76
  Valid proposal at trial 100/100: distance 12->12, target_weight_before_swap=12, weight_patterns={12: 14, 13: 0, 14: 63}, score=19.67
  Trials completed: 100/100, valid proposals found: 10, rejections due to distance decrease: 90.
  Accepted best valid move: distance 12->12, target_weight_before_swap=12, weight_patterns=weight_patterns={12: 11, 13: 0, 14: 74}, score=17.66, score=17.66
Distance has not increased in the last 5 steps, stopping early.

>>> PHASE 2: Weighted-score selection
Found 10 total saved states.
Found 8 unique candidates with dist == 12.
Selecting top 3 candidates by weighted score only (beta=0.3, window=2).
  row=8 | dist=12 | target_weight_before_swap=12 | weight_patterns={12: 10, 13: 0, 14: 71}, score=16.39
  row=9 | dist=12 | target_weight_before_swap=12 | weight_patterns={12: 11, 13: 0, 14: 74}, score=17.66
  row=7 | dist=12 | target_weight_before_swap=12 | weight_patterns={12: 13, 13: 0, 14: 63}, score=18.67

>>> PHASE 3: Precision LER evaluation (100000)
Running MC (precision):   0%|          | 0/3 [00:00<?, ?it/s]/Library/Frameworks/Python.framework/Versions/3.12/lib/python3.12/site-packages/ldpc/code_util/code_util.py:164: UserWarning: This function has exponential complexity. Not recommended for large pcms. Use the                            'ldpc.code_util.estimate_code_distance' function instead.
  warnings.warn(
/Library/Frameworks/Python.framework/Versions/3.12/lib/python3.12/site-packages/ldpc/code_util/code_util.py:164: UserWarning: This function has exponential complexity. Not recommended for large pcms. Use the                            'ldpc.code_util.estimate_code_distance' function instead.
  warnings.warn(
/Library/Frameworks/Python.framework/Versions/3.12/lib/python3.12/site-packages/ldpc/code_util/code_util.py:164: UserWarning: This function has exponential complexity. Not recommended for large pcms. Use the                            'ldpc.code_util.estimate_code_distance' function instead.
  warnings.warn(
Decoder precision_row_8_batch0 finished in 0.0m 5.52s with 5 failures out of 5000/5000 runs.
Logical error rate for precision_row_8_batch0: 0.001 ± 0.0004470 (stderr)
Decoder precision_row_7_batch0 finished in 0.0m 5.38s with 4 failures out of 5000/5000 runs.
Logical error rate for precision_row_7_batch0: 0.0008 ± 0.0003999 (stderr)
Decoder precision_row_9_batch0 finished in 0.0m 5.61s with 9 failures out of 5000/5000 runs.
Logical error rate for precision_row_9_batch0: 0.0018 ± 0.0005995 (stderr)
Decoder precision_row_8_batch1 finished in 0.0m 5.19s with 1 failures out of 5000/5000 runs.
Logical error rate for precision_row_8_batch1: 0.0002 ± 0.0002000 (stderr)
Decoder precision_row_7_batch1 finished in 0.0m 5.66s with 3 failures out of 5000/5000 runs.
Logical error rate for precision_row_7_batch1: 0.0006 ± 0.0003463 (stderr)
Decoder precision_row_9_batch1 finished in 0.0m 5.67s with 6 failures out of 5000/5000 runs.
Logical error rate for precision_row_9_batch1: 0.0012 ± 0.0004897 (stderr)
Decoder precision_row_8_batch2 finished in 0.0m 5.89s with 4 failures out of 5000/5000 runs.
Logical error rate for precision_row_8_batch2: 0.0008 ± 0.0003999 (stderr)
Decoder precision_row_7_batch2 finished in 0.0m 5.92s with 5 failures out of 5000/5000 runs.
Logical error rate for precision_row_7_batch2: 0.001 ± 0.0004470 (stderr)
Decoder precision_row_9_batch2 finished in 0.0m 6.36s with 2 failures out of 5000/5000 runs.
Logical error rate for precision_row_9_batch2: 0.0004 ± 0.0002828 (stderr)
Decoder precision_row_8_batch3 finished in 0.0m 6.28s with 3 failures out of 5000/5000 runs.
Logical error rate for precision_row_8_batch3: 0.0006 ± 0.0003463 (stderr)
Decoder precision_row_7_batch3 finished in 0.0m 5.85s with 10 failures out of 5000/5000 runs.
Logical error rate for precision_row_7_batch3: 0.002 ± 0.0006319 (stderr)
Decoder precision_row_9_batch3 finished in 0.0m 6.09s with 6 failures out of 5000/5000 runs.
Logical error rate for precision_row_9_batch3: 0.0012 ± 0.0004897 (stderr)
Decoder precision_row_8_batch4 finished in 0.0m 6.07s with 5 failures out of 5000/5000 runs.
Logical error rate for precision_row_8_batch4: 0.001 ± 0.0004470 (stderr)
Decoder precision_row_9_batch4 finished in 0.0m 5.36s with 3 failures out of 5000/5000 runs.
Logical error rate for precision_row_9_batch4: 0.0006 ± 0.0003463 (stderr)
Decoder precision_row_7_batch4 finished in 0.0m 6.68s with 6 failures out of 5000/5000 runs.
Logical error rate for precision_row_7_batch4: 0.0012 ± 0.0004897 (stderr)
Decoder precision_row_8_batch5 finished in 0.0m 6.36s with 4 failures out of 5000/5000 runs.
Logical error rate for precision_row_8_batch5: 0.0008 ± 0.0003999 (stderr)
Decoder precision_row_7_batch5 finished in 0.0m 6.25s with 4 failures out of 5000/5000 runs.
Logical error rate for precision_row_7_batch5: 0.0008 ± 0.0003999 (stderr)
Decoder precision_row_9_batch5 finished in 0.0m 6.85s with 8 failures out of 5000/5000 runs.
Logical error rate for precision_row_9_batch5: 0.0016 ± 0.0005653 (stderr)
Decoder precision_row_8_batch6 finished in 0.0m 5.71s with 4 failures out of 5000/5000 runs.
Logical error rate for precision_row_8_batch6: 0.0008 ± 0.0003999 (stderr)
Decoder precision_row_7_batch6 finished in 0.0m 5.73s with 7 failures out of 5000/5000 runs.
Logical error rate for precision_row_7_batch6: 0.0014 ± 0.0005288 (stderr)
Decoder precision_row_9_batch6 finished in 0.0m 5.86s with 6 failures out of 5000/5000 runs.
Logical error rate for precision_row_9_batch6: 0.0012 ± 0.0004897 (stderr)
Decoder precision_row_7_batch7 finished in 0.0m 5.39s with 8 failures out of 5000/5000 runs.
Logical error rate for precision_row_7_batch7: 0.0016 ± 0.0005653 (stderr)
Decoder precision_row_8_batch7 finished in 0.0m 6.07s with 9 failures out of 5000/5000 runs.
Logical error rate for precision_row_8_batch7: 0.0018 ± 0.0005995 (stderr)
Decoder precision_row_9_batch7 finished in 0.0m 5.95s with 7 failures out of 5000/5000 runs.
Logical error rate for precision_row_9_batch7: 0.0014 ± 0.0005288 (stderr)
Decoder precision_row_7_batch8 finished in 0.0m 5.94s with 4 failures out of 5000/5000 runs.
Logical error rate for precision_row_7_batch8: 0.0008 ± 0.0003999 (stderr)
Decoder precision_row_9_batch8 finished in 0.0m 5.94s with 5 failures out of 5000/5000 runs.
Logical error rate for precision_row_9_batch8: 0.001 ± 0.0004470 (stderr)
Decoder precision_row_8_batch8 finished in 0.0m 6.60s with 3 failures out of 5000/5000 runs.
Logical error rate for precision_row_8_batch8: 0.0006 ± 0.0003463 (stderr)
Decoder precision_row_7_batch9 finished in 0.0m 5.85s with 4 failures out of 5000/5000 runs.
Logical error rate for precision_row_7_batch9: 0.0008 ± 0.0003999 (stderr)
Decoder precision_row_9_batch9 finished in 0.0m 5.77s with 8 failures out of 5000/5000 runs.
Logical error rate for precision_row_9_batch9: 0.0016 ± 0.0005653 (stderr)
Decoder precision_row_8_batch9 finished in 0.0m 6.21s with 2 failures out of 5000/5000 runs.
Logical error rate for precision_row_8_batch9: 0.0004 ± 0.0002828 (stderr)
Decoder precision_row_7_batch10 finished in 0.0m 5.89s with 4 failures out of 5000/5000 runs.
Logical error rate for precision_row_7_batch10: 0.0008 ± 0.0003999 (stderr)
Decoder precision_row_9_batch10 finished in 0.0m 5.81s with 3 failures out of 5000/5000 runs.
Logical error rate for precision_row_9_batch10: 0.0006 ± 0.0003463 (stderr)
Decoder precision_row_8_batch10 finished in 0.0m 5.92s with 7 failures out of 5000/5000 runs.
Logical error rate for precision_row_8_batch10: 0.0014 ± 0.0005288 (stderr)
Decoder precision_row_7_batch11 finished in 0.0m 5.84s with 5 failures out of 5000/5000 runs.
Logical error rate for precision_row_7_batch11: 0.001 ± 0.0004470 (stderr)
Decoder precision_row_9_batch11 finished in 0.0m 6.25s with 7 failures out of 5000/5000 runs.
Logical error rate for precision_row_9_batch11: 0.0014 ± 0.0005288 (stderr)
Decoder precision_row_8_batch11 finished in 0.0m 6.40s with 5 failures out of 5000/5000 runs.
Logical error rate for precision_row_8_batch11: 0.001 ± 0.0004470 (stderr)
Decoder precision_row_7_batch12 finished in 0.0m 5.39s with 4 failures out of 5000/5000 runs.
Logical error rate for precision_row_7_batch12: 0.0008 ± 0.0003999 (stderr)
Decoder precision_row_9_batch12 finished in 0.0m 5.65s with 3 failures out of 5000/5000 runs.
Logical error rate for precision_row_9_batch12: 0.0006 ± 0.0003463 (stderr)
Decoder precision_row_8_batch12 finished in 0.0m 5.64s with 5 failures out of 5000/5000 runs.
Logical error rate for precision_row_8_batch12: 0.001 ± 0.0004470 (stderr)
Decoder precision_row_7_batch13 finished in 0.0m 5.09s with 6 failures out of 5000/5000 runs.
Logical error rate for precision_row_7_batch13: 0.0012 ± 0.0004897 (stderr)
Decoder precision_row_9_batch13 finished in 0.0m 5.60s with 4 failures out of 5000/5000 runs.
Logical error rate for precision_row_9_batch13: 0.0008 ± 0.0003999 (stderr)
Decoder precision_row_8_batch13 finished in 0.0m 5.55s with 8 failures out of 5000/5000 runs.
Logical error rate for precision_row_8_batch13: 0.0016 ± 0.0005653 (stderr)
Decoder precision_row_7_batch14 finished in 0.0m 5.68s with 8 failures out of 5000/5000 runs.
Logical error rate for precision_row_7_batch14: 0.0016 ± 0.0005653 (stderr)
Decoder precision_row_9_batch14 finished in 0.0m 5.61s with 6 failures out of 5000/5000 runs.
Logical error rate for precision_row_9_batch14: 0.0012 ± 0.0004897 (stderr)
Decoder precision_row_8_batch14 finished in 0.0m 5.80s with 5 failures out of 5000/5000 runs.
Logical error rate for precision_row_8_batch14: 0.001 ± 0.0004470 (stderr)
Decoder precision_row_7_batch15 finished in 0.0m 5.66s with 6 failures out of 5000/5000 runs.
Logical error rate for precision_row_7_batch15: 0.0012 ± 0.0004897 (stderr)
Decoder precision_row_9_batch15 finished in 0.0m 5.61s with 2 failures out of 5000/5000 runs.
Logical error rate for precision_row_9_batch15: 0.0004 ± 0.0002828 (stderr)
Decoder precision_row_8_batch15 finished in 0.0m 5.45s with 1 failures out of 5000/5000 runs.
Logical error rate for precision_row_8_batch15: 0.0002 ± 0.0002000 (stderr)
Decoder precision_row_7_batch16 finished in 0.0m 5.72s with 4 failures out of 5000/5000 runs.
Logical error rate for precision_row_7_batch16: 0.0008 ± 0.0003999 (stderr)
Decoder precision_row_9_batch16 finished in 0.0m 5.50s with 4 failures out of 5000/5000 runs.
Logical error rate for precision_row_9_batch16: 0.0008 ± 0.0003999 (stderr)
Decoder precision_row_8_batch16 finished in 0.0m 6.01s with 6 failures out of 5000/5000 runs.
Logical error rate for precision_row_8_batch16: 0.0012 ± 0.0004897 (stderr)
Decoder precision_row_7_batch17 finished in 0.0m 5.72s with 7 failures out of 5000/5000 runs.
Logical error rate for precision_row_7_batch17: 0.0014 ± 0.0005288 (stderr)
Decoder precision_row_9_batch17 finished in 0.0m 5.58s with 4 failures out of 5000/5000 runs.
Logical error rate for precision_row_9_batch17: 0.0008 ± 0.0003999 (stderr)
Decoder precision_row_8_batch17 finished in 0.0m 6.18s with 8 failures out of 5000/5000 runs.
Logical error rate for precision_row_8_batch17: 0.0016 ± 0.0005653 (stderr)
Decoder precision_row_7_batch18 finished in 0.0m 6.10s with 5 failures out of 5000/5000 runs.
Logical error rate for precision_row_7_batch18: 0.001 ± 0.0004470 (stderr)
Decoder precision_row_9_batch18 finished in 0.0m 5.27s with 5 failures out of 5000/5000 runs.
Logical error rate for precision_row_9_batch18: 0.001 ± 0.0004470 (stderr)
Decoder precision_row_8_batch18 finished in 0.0m 5.64s with 2 failures out of 5000/5000 runs.
Logical error rate for precision_row_8_batch18: 0.0004 ± 0.0002828 (stderr)
Running MC (precision):  33%|███▎      | 1/3 [02:02<04:05, 122.96s/it]Running MC (precision):  67%|██████▋   | 2/3 [02:03<00:50, 50.78s/it] Running MC (precision): 100%|██████████| 3/3 [02:04<00:00, 28.34s/it]Running MC (precision): 100%|██████████| 3/3 [02:04<00:00, 41.62s/it]
Decoder precision_row_7_batch19 finished in 0.0m 5.94s with 8 failures out of 5000/5000 runs.
Logical error rate for precision_row_7_batch19: 0.0016 ± 0.0005653 (stderr)
Decoder precision_row_7 finished in 1.0m 55.67s with 112 failures out of 100000/100000 runs.
Logical error rate for precision_row_7: 0.00112 ± 0.0001058 (stderr)
Decoder precision_row_9_batch19 finished in 0.0m 5.76s with 7 failures out of 5000/5000 runs.
Logical error rate for precision_row_9_batch19: 0.0014 ± 0.0005288 (stderr)
Decoder precision_row_9 finished in 1.0m 56.10s with 105 failures out of 100000/100000 runs.
Logical error rate for precision_row_9: 0.00105 ± 0.0001024 (stderr)
Decoder precision_row_8_batch19 finished in 0.0m 5.19s with 4 failures out of 5000/5000 runs.
Logical error rate for precision_row_8_batch19: 0.0008 ± 0.0003999 (stderr)
Decoder precision_row_8 finished in 1.0m 57.70s with 91 failures out of 100000/100000 runs.
Logical error rate for precision_row_8: 0.00091 ± 0.0000954 (stderr)
Evaluating row 8 | dist=12 | score=16.39 | weight_patterns={12: 10, 13: 0, 14: 71}, score=16.39
  -> LER: 0.000910 ± 0.000095 | runtime=117.70s
Evaluating row 9 | dist=12 | score=17.66 | weight_patterns={12: 11, 13: 0, 14: 74}, score=17.66
  -> LER: 0.001050 ± 0.000102 | runtime=116.10s
Evaluating row 7 | dist=12 | score=18.67 | weight_patterns={12: 13, 13: 0, 14: 63}, score=18.67
  -> LER: 0.001120 ± 0.000106 | runtime=115.67s

>>> RESULT: Best code found
Distance: 12
LER: 0.000910 ± 0.000095
Run group name: /[2025,81]/logical_guided_score_S20_T100_p0.03_beta0.3_win2_scoretop0.1_min3_max5_100000prec_20260526_172839

Total time: 0h 3m 39.99s
Saved to optimization/results/logical_guided_score_beta03.hdf5
