
--- LOGICAL GUIDED SEARCH ---
Code family: [1225,49]
Noise level p = 0.03
Search steps = 50
Trials/step = 300
Beam width = 1
Precision budget = 100000
Score selection: mode=absolute, window=2, gamma=0.1, max_weight=18, top_frac=0.1, min_top=3, max_top=10,logical_max_comb_order=10,weight_slack=1
Workers = 32
Output HDF5: optimization/results/logical_guided_greedy_absolute_score_gamma01_slack1_tmpC1_run5.hdf5
Stop if no improvement for 100 steps
/users/udayeon/optimizing_qecc/optimizing-qLDPC-code/venv312/lib/python3.12/site-packages/ldpc/code_util/code_util.py:164: UserWarning: This function has exponential complexity. Not recommended for large pcms. Use the                            'ldpc.code_util.estimate_code_distance' function instead.
  warnings.warn(

>>> PHASE 1: Beam 1 Logical-guided search

Beam depth 1/50 (global max dist so far = 6)
Current beam:
  beam[0] row=0 | dist=6 | weight_patterns={1: 0, 2: 0, 3: 0, 4: 0, 5: 0, 6: 2, 7: 0, 8: 1, 9: 0, 10: 11, 11: 0, 12: 22, 13: 0, 14: 44, 15: 0, 16: 36, 17: 0, 18: 7}, score=2.01112e+12

Expanding parent beam[0] row=0
Found 2 low-weight logical codewords with max_comb_order=10.
  Current distance: 6
  Generating candidates with max_trials=300, logical_max_comb_order=10...
  Valid proposal at trial 1/300: distance 6->6, target_weight_before_swap=6, weight_patterns={1: 0, 2: 0, 3: 0, 4: 0, 5: 0, 6: 1, 7: 0, 8: 3, 9: 0, 10: 10, 11: 0, 12: 20, 13: 0, 14: 45, 15: 0, 16: 38, 17: 0, 18: 8}, score=1.03102e+12
  Valid proposal at trial 2/300: distance 6->6, target_weight_before_swap=6, weight_patterns={1: 0, 2: 0, 3: 0, 4: 0, 5: 0, 6: 2, 7: 0, 8: 3, 9: 0, 10: 12, 11: 0, 12: 17, 13: 0, 14: 42, 15: 0, 16: 40, 17: 0, 18: 8}, score=2.03122e+12
  Valid proposal at trial 3/300: distance 6->6, target_weight_before_swap=6, weight_patterns={1: 0, 2: 0, 3: 0, 4: 0, 5: 0, 6: 2, 7: 0, 8: 0, 9: 0, 10: 8, 11: 0, 12: 30, 13: 0, 14: 44, 15: 0, 16: 30, 17: 0, 18: 10}, score=2.00083e+12
  Valid proposal at trial 4/300: distance 6->6, target_weight_before_swap=6, weight_patterns={1: 0, 2: 0, 3: 0, 4: 0, 5: 0, 6: 1, 7: 0, 8: 1, 9: 0, 10: 7, 11: 0, 12: 32, 13: 0, 14: 45, 15: 0, 16: 26, 17: 0, 18: 11}, score=1.01073e+12
  Valid proposal at trial 5/300: distance 6->8, target_weight_before_swap=6, weight_patterns={1: 0, 2: 0, 3: 0, 4: 0, 5: 0, 6: 0, 7: 0, 8: 1, 9: 0, 10: 11, 11: 0, 12: 33, 13: 0, 14: 38, 15: 0, 16: 30, 17: 0, 18: 7}, score=1.11334e+10
  Valid proposal at trial 6/300: distance 6->6, target_weight_before_swap=6, weight_patterns={1: 0, 2: 0, 3: 0, 4: 0, 5: 0, 6: 1, 7: 0, 8: 2, 9: 1, 10: 7, 11: 8, 12: 22, 13: 11, 14: 16, 15: 23, 16: 10, 17: 14, 18: 4}, score=1.0218e+12
  Valid proposal at trial 7/300: distance 6->6, target_weight_before_swap=6, weight_patterns={1: 0, 2: 0, 3: 0, 4: 0, 5: 0, 6: 1, 7: 0, 8: 1, 9: 0, 10: 10, 11: 0, 12: 26, 13: 0, 14: 45, 15: 0, 16: 32, 17: 0, 18: 8}, score=1.01103e+12
  Valid proposal at trial 8/300: distance 6->6, target_weight_before_swap=6, weight_patterns={1: 0, 2: 0, 3: 0, 4: 0, 5: 0, 6: 1, 7: 0, 8: 1, 9: 0, 10: 9, 11: 0, 12: 26, 13: 0, 14: 45, 15: 0, 16: 34, 17: 0, 18: 9}, score=1.01093e+12
  Valid proposal at trial 9/300: distance 6->6, target_weight_before_swap=6, weight_patterns={1: 0, 2: 0, 3: 0, 4: 0, 5: 0, 6: 1, 7: 0, 8: 2, 9: 0, 10: 13, 11: 0, 12: 24, 13: 0, 14: 44, 15: 0, 16: 25, 17: 0, 18: 13}, score=1.02132e+12
  Valid proposal at trial 10/300: distance 6->6, target_weight_before_swap=6, weight_patterns={1: 0, 2: 0, 3: 0, 4: 0, 5: 0, 6: 2, 7: 0, 8: 2, 9: 0, 10: 8, 11: 0, 12: 26, 13: 0, 14: 45, 15: 0, 16: 31, 17: 0, 18: 8}, score=2.02083e+12
  Valid proposal at trial 11/300: distance 6->9, target_weight_before_swap=6, weight_patterns={1: 0, 2: 0, 3: 0, 4: 0, 5: 0, 6: 0, 7: 0, 8: 0, 9: 2, 10: 11, 11: 7, 12: 11, 13: 15, 14: 21, 15: 25, 16: 16, 17: 11, 18: 4}, score=3.18274e+09
  Valid proposal at trial 12/300: distance 6->6, target_weight_before_swap=6, weight_patterns={1: 0, 2: 0, 3: 0, 4: 0, 5: 0, 6: 1, 7: 0, 8: 3, 9: 0, 10: 8, 11: 0, 12: 25, 13: 0, 14: 47, 15: 0, 16: 30, 17: 0, 18: 8}, score=1.03083e+12
  Valid proposal at trial 13/300: distance 6->6, target_weight_before_swap=6, weight_patterns={1: 0, 2: 0, 3: 0, 4: 0, 5: 0, 6: 1, 7: 0, 8: 4, 9: 0, 10: 6, 11: 0, 12: 25, 13: 0, 14: 43, 15: 0, 16: 39, 17: 0, 18: 6}, score=1.04063e+12
  Valid proposal at trial 14/300: distance 6->6, target_weight_before_swap=6, weight_patterns={1: 0, 2: 0, 3: 0, 4: 0, 5: 0, 6: 1, 7: 0, 8: 0, 9: 0, 10: 11, 11: 0, 12: 28, 13: 0, 14: 42, 15: 0, 16: 33, 17: 0, 18: 9}, score=1.00113e+12
  Valid proposal at trial 15/300: distance 6->6, target_weight_before_swap=6, weight_patterns={1: 0, 2: 0, 3: 0, 4: 0, 5: 0, 6: 1, 7: 0, 8: 3, 9: 0, 10: 8, 11: 0, 12: 27, 13: 0, 14: 43, 15: 0, 16: 30, 17: 0, 18: 12}, score=1.03083e+12
  Valid proposal at trial 16/300: distance 6->6, target_weight_before_swap=6, weight_patterns={1: 0, 2: 0, 3: 0, 4: 0, 5: 0, 6: 1, 7: 0, 8: 5, 9: 0, 10: 15, 11: 0, 12: 26, 13: 0, 14: 41, 15: 0, 16: 30, 17: 0, 18: 7}, score=1.05153e+12
  Valid proposal at trial 17/300: distance 6->8, target_weight_before_swap=6, weight_patterns={1: 0, 2: 0, 3: 0, 4: 0, 5: 0, 6: 0, 7: 0, 8: 1, 9: 0, 10: 15, 11: 0, 12: 24, 13: 0, 14: 42, 15: 0, 16: 32, 17: 0, 18: 7}, score=1.15244e+10
  Valid proposal at trial 18/300: distance 6->8, target_weight_before_swap=6, weight_patterns={1: 0, 2: 0, 3: 0, 4: 0, 5: 0, 6: 0, 7: 0, 8: 2, 9: 0, 10: 11, 11: 0, 12: 24, 13: 0, 14: 44, 15: 0, 16: 35, 17: 0, 18: 9}, score=2.11244e+10
  Valid proposal at trial 19/300: distance 6->8, target_weight_before_swap=6, weight_patterns={1: 0, 2: 0, 3: 0, 4: 0, 5: 0, 6: 0, 7: 0, 8: 2, 9: 0, 10: 14, 11: 0, 12: 24, 13: 0, 14: 40, 15: 0, 16: 33, 17: 0, 18: 10}, score=2.14244e+10
  Valid proposal at trial 20/300: distance 6->8, target_weight_before_swap=6, weight_patterns={1: 0, 2: 0, 3: 0, 4: 0, 5: 0, 6: 0, 7: 0, 8: 1, 9: 0, 10: 12, 11: 0, 12: 26, 13: 0, 14: 46, 15: 0, 16: 30, 17: 0, 18: 6}, score=1.12265e+10
  Valid proposal at trial 21/300: distance 6->6, target_weight_before_swap=6, weight_patterns={1: 0, 2: 0, 3: 0, 4: 0, 5: 0, 6: 1, 7: 0, 8: 2, 9: 0, 10: 14, 11: 0, 12: 20, 13: 0, 14: 45, 15: 0, 16: 29, 17: 0, 18: 12}, score=1.02142e+12
  Valid proposal at trial 22/300: distance 6->6, target_weight_before_swap=6, weight_patterns={1: 0, 2: 0, 3: 0, 4: 0, 5: 0, 6: 1, 7: 0, 8: 0, 9: 0, 10: 12, 11: 0, 12: 24, 13: 0, 14: 49, 15: 0, 16: 27, 17: 0, 18: 10}, score=1.00122e+12
  Valid proposal at trial 23/300: distance 6->6, target_weight_before_swap=6, weight_patterns={1: 0, 2: 0, 3: 0, 4: 0, 5: 0, 6: 1, 7: 0, 8: 1, 9: 0, 10: 10, 11: 0, 12: 32, 13: 0, 14: 36, 15: 0, 16: 35, 17: 0, 18: 8}, score=1.01103e+12
  Valid proposal at trial 24/300: distance 6->6, target_weight_before_swap=6, weight_patterns={1: 0, 2: 0, 3: 0, 4: 0, 5: 0, 6: 2, 7: 0, 8: 2, 9: 0, 10: 11, 11: 0, 12: 22, 13: 0, 14: 42, 15: 0, 16: 35, 17: 0, 18: 9}, score=2.02112e+12
  Valid proposal at trial 25/300: distance 6->8, target_weight_before_swap=6, weight_patterns={1: 0, 2: 0, 3: 0, 4: 0, 5: 0, 6: 0, 7: 0, 8: 3, 9: 0, 10: 8, 11: 0, 12: 27, 13: 0, 14: 42, 15: 0, 16: 38, 17: 0, 18: 6}, score=3.08274e+10
  Valid proposal at trial 26/300: distance 6->6, target_weight_before_swap=6, weight_patterns={1: 0, 2: 0, 3: 0, 4: 0, 5: 0, 6: 1, 7: 0, 8: 1, 9: 1, 10: 8, 11: 4, 12: 22, 13: 15, 14: 15, 15: 24, 16: 14, 17: 15, 18: 0}, score=1.01186e+12
  Valid proposal at trial 27/300: distance 6->8, target_weight_before_swap=6, weight_patterns={1: 0, 2: 0, 3: 0, 4: 0, 5: 0, 6: 0, 7: 0, 8: 1, 9: 0, 10: 12, 11: 0, 12: 27, 13: 0, 14: 43, 15: 0, 16: 32, 17: 0, 18: 8}, score=1.12274e+10
  Valid proposal at trial 28/300: distance 6->6, target_weight_before_swap=6, weight_patterns={1: 0, 2: 0, 3: 0, 4: 0, 5: 0, 6: 2, 7: 0, 8: 1, 9: 0, 10: 11, 11: 0, 12: 24, 13: 0, 14: 42, 15: 0, 16: 35, 17: 0, 18: 9}, score=2.01112e+12
  Valid proposal at trial 29/300: distance 6->8, target_weight_before_swap=6, weight_patterns={1: 0, 2: 0, 3: 0, 4: 0, 5: 0, 6: 0, 7: 0, 8: 1, 9: 0, 10: 14, 11: 0, 12: 22, 13: 0, 14: 48, 15: 0, 16: 28, 17: 0, 18: 10}, score=1.14225e+10
  Valid proposal at trial 30/300: distance 6->8, target_weight_before_swap=6, weight_patterns={1: 0, 2: 0, 3: 0, 4: 0, 5: 0, 6: 0, 7: 0, 8: 1, 9: 0, 10: 10, 11: 0, 12: 31, 13: 0, 14: 38, 15: 0, 16: 36, 17: 0, 18: 8}, score=1.10314e+10
  Valid proposal at trial 31/300: distance 6->6, target_weight_before_swap=6, weight_patterns={1: 0, 2: 0, 3: 0, 4: 0, 5: 0, 6: 2, 7: 0, 8: 3, 9: 0, 10: 14, 11: 0, 12: 30, 13: 0, 14: 40, 15: 0, 16: 28, 17: 0, 18: 8}, score=2.03143e+12
  Valid proposal at trial 32/300: distance 6->6, target_weight_before_swap=6, weight_patterns={1: 0, 2: 0, 3: 0, 4: 0, 5: 0, 6: 1, 7: 0, 8: 1, 9: 0, 10: 11, 11: 0, 12: 27, 13: 0, 14: 43, 15: 0, 16: 30, 17: 0, 18: 9}, score=1.01113e+12
  Valid proposal at trial 33/300: distance 6->6, target_weight_before_swap=6, weight_patterns={1: 0, 2: 0, 3: 0, 4: 0, 5: 0, 6: 1, 7: 0, 8: 1, 9: 0, 10: 12, 11: 0, 12: 23, 13: 0, 14: 48, 15: 0, 16: 28, 17: 0, 18: 10}, score=1.01122e+12
  Valid proposal at trial 34/300: distance 6->6, target_weight_before_swap=6, weight_patterns={1: 0, 2: 0, 3: 0, 4: 0, 5: 0, 6: 1, 7: 0, 8: 1, 9: 0, 10: 14, 11: 0, 12: 21, 13: 0, 14: 39, 15: 0, 16: 40, 17: 0, 18: 10}, score=1.01142e+12
  Valid proposal at trial 35/300: distance 6->6, target_weight_before_swap=6, weight_patterns={1: 0, 2: 0, 3: 0, 4: 0, 5: 0, 6: 2, 7: 0, 8: 3, 9: 0, 10: 13, 11: 0, 12: 29, 13: 0, 14: 42, 15: 0, 16: 30, 17: 0, 18: 7}, score=2.03133e+12
  Valid proposal at trial 36/300: distance 6->6, target_weight_before_swap=6, weight_patterns={1: 0, 2: 0, 3: 0, 4: 0, 5: 0, 6: 2, 7: 0, 8: 2, 9: 0, 10: 13, 11: 0, 12: 22, 13: 0, 14: 38, 15: 0, 16: 35, 17: 0, 18: 11}, score=2.02132e+12
  Valid proposal at trial 37/300: distance 6->8, target_weight_before_swap=6, weight_patterns={1: 0, 2: 0, 3: 0, 4: 0, 5: 0, 6: 0, 7: 0, 8: 2, 9: 0, 10: 11, 11: 0, 12: 29, 13: 0, 14: 41, 15: 0, 16: 29, 17: 0, 18: 11}, score=2.11294e+10
  Valid proposal at trial 38/300: distance 6->6, target_weight_before_swap=6, weight_patterns={1: 0, 2: 0, 3: 0, 4: 0, 5: 0, 6: 1, 7: 0, 8: 1, 9: 0, 10: 15, 11: 0, 12: 23, 13: 0, 14: 39, 15: 0, 16: 34, 17: 0, 18: 9}, score=1.01152e+12
  Valid proposal at trial 39/300: distance 6->8, target_weight_before_swap=6, weight_patterns={1: 0, 2: 0, 3: 0, 4: 0, 5: 0, 6: 0, 7: 0, 8: 1, 9: 0, 10: 12, 11: 0, 12: 27, 13: 0, 14: 43, 15: 0, 16: 32, 17: 0, 18: 8}, score=1.12274e+10
  Valid proposal at trial 40/300: distance 6->8, target_weight_before_swap=6, weight_patterns={1: 0, 2: 0, 3: 0, 4: 0, 5: 0, 6: 0, 7: 0, 8: 2, 9: 0, 10: 13, 11: 0, 12: 24, 13: 0, 14: 44, 15: 0, 16: 31, 17: 0, 18: 7}, score=2.13244e+10
  Valid proposal at trial 41/300: distance 6->6, target_weight_before_swap=6, weight_patterns={1: 0, 2: 0, 3: 0, 4: 0, 5: 0, 6: 1, 7: 0, 8: 1, 9: 0, 10: 12, 11: 0, 12: 21, 13: 0, 14: 49, 15: 0, 16: 30, 17: 0, 18: 10}, score=1.01122e+12
  Valid proposal at trial 42/300: distance 6->6, target_weight_before_swap=6, weight_patterns={1: 0, 2: 0, 3: 0, 4: 0, 5: 0, 6: 1, 7: 0, 8: 1, 9: 0, 10: 16, 11: 0, 12: 26, 13: 0, 14: 36, 15: 0, 16: 30, 17: 0, 18: 10}, score=1.01163e+12
  Valid proposal at trial 43/300: distance 6->6, target_weight_before_swap=6, weight_patterns={1: 0, 2: 0, 3: 0, 4: 0, 5: 0, 6: 1, 7: 0, 8: 4, 9: 0, 10: 12, 11: 0, 12: 29, 13: 0, 14: 45, 15: 0, 16: 29, 17: 0, 18: 6}, score=1.04123e+12
  Valid proposal at trial 44/300: distance 6->6, target_weight_before_swap=6, weight_patterns={1: 0, 2: 0, 3: 0, 4: 0, 5: 0, 6: 2, 7: 0, 8: 1, 9: 0, 10: 14, 11: 0, 12: 15, 13: 0, 14: 48, 15: 0, 16: 36, 17: 0, 18: 8}, score=2.01142e+12
  Rejected at trial 45/300: distance 6->4.
  Valid proposal at trial 46/300: distance 6->6, target_weight_before_swap=6, weight_patterns={1: 0, 2: 0, 3: 0, 4: 0, 5: 0, 6: 1, 7: 0, 8: 0, 9: 0, 10: 9, 11: 0, 12: 30, 13: 0, 14: 48, 15: 0, 16: 28, 17: 0, 18: 5}, score=1.00093e+12
  Valid proposal at trial 47/300: distance 6->6, target_weight_before_swap=6, weight_patterns={1: 0, 2: 0, 3: 0, 4: 0, 5: 0, 6: 1, 7: 0, 8: 3, 9: 0, 10: 11, 11: 0, 12: 22, 13: 0, 14: 44, 15: 0, 16: 34, 17: 0, 18: 7}, score=1.03112e+12
  Valid proposal at trial 48/300: distance 6->6, target_weight_before_swap=6, weight_patterns={1: 0, 2: 0, 3: 0, 4: 0, 5: 0, 6: 2, 7: 0, 8: 1, 9: 0, 10: 13, 11: 0, 12: 22, 13: 0, 14: 42, 15: 0, 16: 30, 17: 0, 18: 15}, score=2.01132e+12
  Valid proposal at trial 49/300: distance 6->6, target_weight_before_swap=6, weight_patterns={1: 0, 2: 0, 3: 0, 4: 0, 5: 0, 6: 2, 7: 0, 8: 0, 9: 0, 10: 11, 11: 0, 12: 30, 13: 0, 14: 36, 15: 0, 16: 35, 17: 0, 18: 7}, score=2.00113e+12
  Valid proposal at trial 50/300: distance 6->6, target_weight_before_swap=6, weight_patterns={1: 0, 2: 0, 3: 0, 4: 0, 5: 0, 6: 1, 7: 0, 8: 2, 9: 0, 10: 10, 11: 0, 12: 24, 13: 0, 14: 47, 15: 0, 16: 31, 17: 0, 18: 6}, score=1.02102e+12
  Valid proposal at trial 51/300: distance 6->6, target_weight_before_swap=6, weight_patterns={1: 0, 2: 0, 3: 0, 4: 0, 5: 0, 6: 1, 7: 0, 8: 3, 9: 0, 10: 13, 11: 0, 12: 22, 13: 0, 14: 41, 15: 0, 16: 32, 17: 0, 18: 9}, score=1.03132e+12
  Valid proposal at trial 52/300: distance 6->6, target_weight_before_swap=6, weight_patterns={1: 0, 2: 0, 3: 0, 4: 0, 5: 0, 6: 1, 7: 0, 8: 1, 9: 0, 10: 11, 11: 0, 12: 28, 13: 0, 14: 41, 15: 0, 16: 30, 17: 0, 18: 11}, score=1.01113e+12
  Valid proposal at trial 53/300: distance 6->8, target_weight_before_swap=6, weight_patterns={1: 0, 2: 0, 3: 0, 4: 0, 5: 0, 6: 0, 7: 0, 8: 2, 9: 0, 10: 9, 11: 6, 12: 11, 13: 21, 14: 20, 15: 24, 16: 17, 17: 10, 18: 3}, score=2.09733e+10
  Valid proposal at trial 54/300: distance 6->6, target_weight_before_swap=6, weight_patterns={1: 0, 2: 0, 3: 0, 4: 0, 5: 0, 6: 1, 7: 0, 8: 2, 9: 0, 10: 11, 11: 0, 12: 28, 13: 0, 14: 37, 15: 0, 16: 35, 17: 0, 18: 7}, score=1.02113e+12
  Valid proposal at trial 55/300: distance 6->6, target_weight_before_swap=6, weight_patterns={1: 0, 2: 0, 3: 0, 4: 0, 5: 0, 6: 1, 7: 1, 8: 0, 9: 0, 10: 8, 11: 9, 12: 14, 13: 14, 14: 21, 15: 26, 16: 15, 17: 10, 18: 2}, score=1.10091e+12
  Valid proposal at trial 56/300: distance 6->6, target_weight_before_swap=6, weight_patterns={1: 0, 2: 0, 3: 0, 4: 0, 5: 0, 6: 1, 7: 0, 8: 0, 9: 0, 10: 14, 11: 0, 12: 22, 13: 0, 14: 48, 15: 0, 16: 29, 17: 0, 18: 8}, score=1.00142e+12
  Valid proposal at trial 57/300: distance 6->6, target_weight_before_swap=6, weight_patterns={1: 0, 2: 0, 3: 0, 4: 0, 5: 0, 6: 1, 7: 0, 8: 2, 9: 0, 10: 11, 11: 0, 12: 24, 13: 0, 14: 43, 15: 0, 16: 33, 17: 0, 18: 9}, score=1.02112e+12
  Valid proposal at trial 58/300: distance 6->6, target_weight_before_swap=6, weight_patterns={1: 0, 2: 0, 3: 0, 4: 0, 5: 0, 6: 2, 7: 0, 8: 0, 9: 1, 10: 12, 11: 6, 12: 10, 13: 17, 14: 16, 15: 27, 16: 16, 17: 10, 18: 5}, score=2.00227e+12
  Valid proposal at trial 59/300: distance 6->6, target_weight_before_swap=6, weight_patterns={1: 0, 2: 0, 3: 0, 4: 0, 5: 0, 6: 2, 7: 0, 8: 0, 9: 0, 10: 9, 11: 0, 12: 29, 13: 0, 14: 44, 15: 0, 16: 29, 17: 0, 18: 9}, score=2.00093e+12
  Valid proposal at trial 60/300: distance 6->6, target_weight_before_swap=6, weight_patterns={1: 0, 2: 0, 3: 0, 4: 0, 5: 0, 6: 2, 7: 0, 8: 1, 9: 0, 10: 10, 11: 0, 12: 29, 13: 0, 14: 35, 15: 0, 16: 38, 17: 0, 18: 8}, score=2.01103e+12
  Valid proposal at trial 61/300: distance 6->6, target_weight_before_swap=6, weight_patterns={1: 0, 2: 0, 3: 0, 4: 0, 5: 0, 6: 1, 7: 0, 8: 1, 9: 0, 10: 9, 11: 0, 12: 25, 13: 0, 14: 46, 15: 0, 16: 36, 17: 0, 18: 7}, score=1.01093e+12
  Valid proposal at trial 62/300: distance 6->8, target_weight_before_swap=6, weight_patterns={1: 0, 2: 0, 3: 0, 4: 0, 5: 0, 6: 0, 7: 0, 8: 2, 9: 0, 10: 11, 11: 0, 12: 28, 13: 0, 14: 44, 15: 0, 16: 27, 17: 0, 18: 9}, score=2.11284e+10
  Valid proposal at trial 63/300: distance 6->8, target_weight_before_swap=6, weight_patterns={1: 0, 2: 0, 3: 0, 4: 0, 5: 0, 6: 0, 7: 0, 8: 1, 9: 0, 10: 13, 11: 0, 12: 28, 13: 0, 14: 38, 15: 0, 16: 32, 17: 0, 18: 13}, score=1.13284e+10
  Valid proposal at trial 64/300: distance 6->6, target_weight_before_swap=6, weight_patterns={1: 0, 2: 0, 3: 0, 4: 0, 5: 0, 6: 1, 7: 0, 8: 2, 9: 0, 10: 11, 11: 0, 12: 23, 13: 0, 14: 45, 15: 0, 16: 33, 17: 0, 18: 7}, score=1.02112e+12
  Valid proposal at trial 65/300: distance 6->6, target_weight_before_swap=6, weight_patterns={1: 0, 2: 0, 3: 0, 4: 0, 5: 0, 6: 2, 7: 0, 8: 2, 9: 0, 10: 13, 11: 0, 12: 20, 13: 0, 14: 42, 15: 0, 16: 35, 17: 0, 18: 7}, score=2.02132e+12
  Valid proposal at trial 66/300: distance 6->6, target_weight_before_swap=6, weight_patterns={1: 0, 2: 0, 3: 0, 4: 0, 5: 0, 6: 1, 7: 0, 8: 0, 9: 4, 10: 7, 11: 5, 12: 12, 13: 20, 14: 26, 15: 17, 16: 14, 17: 11, 18: 2}, score=1.00476e+12
  Valid proposal at trial 67/300: distance 6->6, target_weight_before_swap=6, weight_patterns={1: 0, 2: 0, 3: 0, 4: 0, 5: 0, 6: 2, 7: 0, 8: 1, 9: 0, 10: 11, 11: 0, 12: 23, 13: 0, 14: 48, 15: 0, 16: 26, 17: 0, 18: 11}, score=2.01112e+12
  Valid proposal at trial 68/300: distance 6->6, target_weight_before_swap=6, weight_patterns={1: 0, 2: 0, 3: 0, 4: 0, 5: 0, 6: 2, 7: 0, 8: 1, 9: 0, 10: 10, 11: 0, 12: 29, 13: 0, 14: 36, 15: 0, 16: 36, 17: 0, 18: 8}, score=2.01103e+12
  Valid proposal at trial 69/300: distance 6->6, target_weight_before_swap=6, weight_patterns={1: 0, 2: 0, 3: 0, 4: 0, 5: 0, 6: 1, 7: 0, 8: 1, 9: 0, 10: 9, 11: 0, 12: 22, 13: 0, 14: 55, 15: 0, 16: 28, 17: 0, 18: 7}, score=1.01092e+12
  Valid proposal at trial 70/300: distance 6->6, target_weight_before_swap=6, weight_patterns={1: 0, 2: 0, 3: 0, 4: 0, 5: 0, 6: 1, 7: 0, 8: 0, 9: 0, 10: 13, 11: 0, 12: 26, 13: 0, 14: 39, 15: 0, 16: 35, 17: 0, 18: 11}, score=1.00133e+12
  Valid proposal at trial 71/300: distance 6->8, target_weight_before_swap=6, weight_patterns={1: 0, 2: 0, 3: 0, 4: 0, 5: 0, 6: 0, 7: 0, 8: 4, 9: 0, 10: 7, 11: 0, 12: 27, 13: 0, 14: 45, 15: 0, 16: 31, 17: 0, 18: 11}, score=4.07275e+10
  Valid proposal at trial 72/300: distance 6->6, target_weight_before_swap=6, weight_patterns={1: 0, 2: 0, 3: 0, 4: 0, 5: 0, 6: 1, 7: 0, 8: 2, 9: 0, 10: 11, 11: 0, 12: 28, 13: 0, 14: 39, 15: 0, 16: 29, 17: 0, 18: 13}, score=1.02113e+12
  Valid proposal at trial 73/300: distance 6->6, target_weight_before_swap=6, weight_patterns={1: 0, 2: 0, 3: 0, 4: 0, 5: 0, 6: 1, 7: 0, 8: 0, 9: 0, 10: 13, 11: 0, 12: 22, 13: 0, 14: 49, 15: 0, 16: 29, 17: 0, 18: 9}, score=1.00132e+12
  Valid proposal at trial 74/300: distance 6->8, target_weight_before_swap=6, weight_patterns={1: 0, 2: 0, 3: 0, 4: 0, 5: 0, 6: 0, 7: 0, 8: 1, 9: 0, 10: 12, 11: 0, 12: 26, 13: 0, 14: 46, 15: 0, 16: 30, 17: 0, 18: 6}, score=1.12265e+10
  Valid proposal at trial 75/300: distance 6->6, target_weight_before_swap=6, weight_patterns={1: 0, 2: 0, 3: 0, 4: 0, 5: 0, 6: 1, 7: 0, 8: 1, 9: 0, 10: 14, 11: 0, 12: 24, 13: 0, 14: 39, 15: 0, 16: 35, 17: 0, 18: 10}, score=1.01142e+12
  Valid proposal at trial 76/300: distance 6->6, target_weight_before_swap=6, weight_patterns={1: 0, 2: 0, 3: 0, 4: 0, 5: 0, 6: 1, 7: 0, 8: 1, 9: 0, 10: 8, 11: 0, 12: 32, 13: 0, 14: 45, 15: 0, 16: 24, 17: 0, 18: 10}, score=1.01083e+12
  Valid proposal at trial 77/300: distance 6->6, target_weight_before_swap=6, weight_patterns={1: 0, 2: 0, 3: 0, 4: 0, 5: 0, 6: 1, 7: 0, 8: 2, 9: 0, 10: 11, 11: 0, 12: 22, 13: 0, 14: 49, 15: 0, 16: 27, 17: 0, 18: 11}, score=1.02112e+12
  Valid proposal at trial 78/300: distance 6->6, target_weight_before_swap=6, weight_patterns={1: 0, 2: 0, 3: 0, 4: 0, 5: 0, 6: 1, 7: 0, 8: 1, 9: 0, 10: 9, 11: 0, 12: 29, 13: 0, 14: 43, 15: 0, 16: 30, 17: 0, 18: 11}, score=1.01093e+12
  Valid proposal at trial 79/300: distance 6->6, target_weight_before_swap=6, weight_patterns={1: 0, 2: 0, 3: 0, 4: 0, 5: 0, 6: 1, 7: 0, 8: 0, 9: 0, 10: 16, 11: 0, 12: 21, 13: 0, 14: 41, 15: 0, 16: 37, 17: 0, 18: 6}, score=1.00162e+12
  Valid proposal at trial 80/300: distance 6->6, target_weight_before_swap=6, weight_patterns={1: 0, 2: 0, 3: 0, 4: 0, 5: 0, 6: 1, 7: 0, 8: 2, 9: 0, 10: 11, 11: 0, 12: 24, 13: 0, 14: 42, 15: 0, 16: 35, 17: 0, 18: 9}, score=1.02112e+12
  Valid proposal at trial 81/300: distance 6->6, target_weight_before_swap=6, weight_patterns={1: 0, 2: 0, 3: 0, 4: 0, 5: 0, 6: 1, 7: 0, 8: 1, 9: 0, 10: 10, 11: 0, 12: 24, 13: 0, 14: 45, 15: 0, 16: 36, 17: 0, 18: 8}, score=1.01102e+12
  Valid proposal at trial 82/300: distance 6->8, target_weight_before_swap=6, weight_patterns={1: 0, 2: 0, 3: 0, 4: 0, 5: 0, 6: 0, 7: 0, 8: 3, 9: 0, 10: 14, 11: 0, 12: 22, 13: 0, 14: 42, 15: 0, 16: 32, 17: 0, 18: 8}, score=3.14224e+10
  Valid proposal at trial 83/300: distance 6->8, target_weight_before_swap=6, weight_patterns={1: 0, 2: 0, 3: 0, 4: 0, 5: 0, 6: 0, 7: 0, 8: 2, 9: 0, 10: 11, 11: 0, 12: 27, 13: 0, 14: 40, 15: 0, 16: 37, 17: 0, 18: 5}, score=2.11274e+10
  Valid proposal at trial 84/300: distance 6->6, target_weight_before_swap=6, weight_patterns={1: 0, 2: 0, 3: 0, 4: 0, 5: 0, 6: 2, 7: 0, 8: 1, 9: 0, 10: 11, 11: 0, 12: 21, 13: 0, 14: 48, 15: 0, 16: 30, 17: 0, 18: 11}, score=2.01112e+12
  Valid proposal at trial 85/300: distance 6->6, target_weight_before_swap=6, weight_patterns={1: 0, 2: 0, 3: 0, 4: 0, 5: 0, 6: 2, 7: 0, 8: 1, 9: 0, 10: 10, 11: 0, 12: 25, 13: 0, 14: 42, 15: 0, 16: 34, 17: 0, 18: 10}, score=2.01103e+12
  Valid proposal at trial 86/300: distance 6->6, target_weight_before_swap=6, weight_patterns={1: 0, 2: 0, 3: 0, 4: 0, 5: 0, 6: 1, 7: 0, 8: 1, 9: 0, 10: 14, 11: 0, 12: 24, 13: 0, 14: 41, 15: 0, 16: 32, 17: 0, 18: 8}, score=1.01142e+12
  Valid proposal at trial 87/300: distance 6->6, target_weight_before_swap=6, weight_patterns={1: 0, 2: 0, 3: 0, 4: 0, 5: 0, 6: 1, 7: 1, 8: 0, 9: 3, 10: 12, 11: 7, 12: 15, 13: 18, 14: 19, 15: 23, 16: 15, 17: 11, 18: 0}, score=1.10429e+12
  Valid proposal at trial 88/300: distance 6->6, target_weight_before_swap=6, weight_patterns={1: 0, 2: 0, 3: 0, 4: 0, 5: 0, 6: 2, 7: 0, 8: 2, 9: 0, 10: 12, 11: 0, 12: 18, 13: 0, 14: 42, 15: 0, 16: 41, 17: 0, 18: 8}, score=2.02122e+12
  Valid proposal at trial 89/300: distance 6->6, target_weight_before_swap=6, weight_patterns={1: 0, 2: 0, 3: 0, 4: 0, 5: 0, 6: 1, 7: 0, 8: 0, 9: 0, 10: 12, 11: 0, 12: 25, 13: 0, 14: 44, 15: 0, 16: 35, 17: 0, 18: 6}, score=1.00123e+12
  Valid proposal at trial 90/300: distance 6->8, target_weight_before_swap=6, weight_patterns={1: 0, 2: 0, 3: 0, 4: 0, 5: 0, 6: 0, 7: 0, 8: 2, 9: 0, 10: 11, 11: 0, 12: 28, 13: 0, 14: 38, 15: 0, 16: 37, 17: 0, 18: 7}, score=2.11284e+10
  Valid proposal at trial 91/300: distance 6->6, target_weight_before_swap=6, weight_patterns={1: 0, 2: 0, 3: 0, 4: 0, 5: 0, 6: 1, 7: 0, 8: 0, 9: 2, 10: 9, 11: 7, 12: 14, 13: 17, 14: 20, 15: 23, 16: 12, 17: 9, 18: 6}, score=1.00299e+12
  Valid proposal at trial 92/300: distance 6->8, target_weight_before_swap=6, weight_patterns={1: 0, 2: 0, 3: 0, 4: 0, 5: 0, 6: 0, 7: 0, 8: 5, 9: 0, 10: 10, 11: 0, 12: 22, 13: 0, 14: 44, 15: 0, 16: 33, 17: 0, 18: 10}, score=5.10224e+10
  Valid proposal at trial 93/300: distance 6->6, target_weight_before_swap=6, weight_patterns={1: 0, 2: 0, 3: 0, 4: 0, 5: 0, 6: 1, 7: 0, 8: 3, 9: 0, 10: 18, 11: 0, 12: 22, 13: 0, 14: 47, 15: 0, 16: 28, 17: 0, 18: 6}, score=1.03182e+12
  Valid proposal at trial 94/300: distance 6->6, target_weight_before_swap=6, weight_patterns={1: 0, 2: 0, 3: 0, 4: 0, 5: 0, 6: 1, 7: 0, 8: 2, 9: 0, 10: 15, 11: 0, 12: 31, 13: 0, 14: 41, 15: 0, 16: 29, 17: 0, 18: 7}, score=1.02153e+12
  Valid proposal at trial 95/300: distance 6->9, target_weight_before_swap=6, weight_patterns={1: 0, 2: 0, 3: 0, 4: 0, 5: 0, 6: 0, 7: 0, 8: 0, 9: 4, 10: 10, 11: 8, 12: 14, 13: 14, 14: 18, 15: 18, 16: 17, 17: 14, 18: 4}, score=5.0956e+09
  Valid proposal at trial 96/300: distance 6->6, target_weight_before_swap=6, weight_patterns={1: 0, 2: 0, 3: 0, 4: 0, 5: 0, 6: 1, 7: 0, 8: 2, 9: 0, 10: 11, 11: 0, 12: 28, 13: 0, 14: 37, 15: 0, 16: 35, 17: 0, 18: 7}, score=1.02113e+12
  Valid proposal at trial 97/300: distance 6->6, target_weight_before_swap=6, weight_patterns={1: 0, 2: 0, 3: 0, 4: 0, 5: 0, 6: 1, 7: 0, 8: 0, 9: 1, 10: 6, 11: 7, 12: 18, 13: 18, 14: 18, 15: 21, 16: 16, 17: 16, 18: 3}, score=1.00169e+12
  Valid proposal at trial 98/300: distance 6->8, target_weight_before_swap=6, weight_patterns={1: 0, 2: 0, 3: 0, 4: 0, 5: 0, 6: 0, 7: 0, 8: 2, 9: 0, 10: 11, 11: 0, 12: 29, 13: 0, 14: 38, 15: 0, 16: 36, 17: 0, 18: 7}, score=2.11294e+10
  Rejected at trial 99/300: distance 6->4.
  Valid proposal at trial 100/300: distance 6->8, target_weight_before_swap=6, weight_patterns={1: 0, 2: 0, 3: 0, 4: 0, 5: 0, 6: 0, 7: 0, 8: 3, 9: 0, 10: 9, 11: 0, 12: 29, 13: 0, 14: 38, 15: 0, 16: 36, 17: 0, 18: 9}, score=3.09294e+10
  Valid proposal at trial 101/300: distance 6->6, target_weight_before_swap=6, weight_patterns={1: 0, 2: 0, 3: 0, 4: 0, 5: 0, 6: 1, 7: 0, 8: 0, 9: 1, 10: 7, 11: 7, 12: 16, 13: 18, 14: 21, 15: 24, 16: 13, 17: 11, 18: 3}, score=1.00179e+12
  Valid proposal at trial 102/300: distance 6->6, target_weight_before_swap=6, weight_patterns={1: 0, 2: 0, 3: 0, 4: 0, 5: 0, 6: 1, 7: 0, 8: 1, 9: 0, 10: 16, 11: 0, 12: 20, 13: 0, 14: 43, 15: 0, 16: 30, 17: 0, 18: 12}, score=1.01162e+12
  Valid proposal at trial 103/300: distance 6->6, target_weight_before_swap=6, weight_patterns={1: 0, 2: 0, 3: 0, 4: 0, 5: 0, 6: 1, 7: 0, 8: 1, 9: 0, 10: 11, 11: 0, 12: 23, 13: 0, 14: 49, 15: 0, 16: 28, 17: 0, 18: 11}, score=1.01112e+12
  Valid proposal at trial 104/300: distance 6->6, target_weight_before_swap=6, weight_patterns={1: 0, 2: 0, 3: 0, 4: 0, 5: 0, 6: 1, 7: 0, 8: 2, 9: 1, 10: 10, 11: 8, 12: 17, 13: 14, 14: 17, 15: 18, 16: 11, 17: 15, 18: 4}, score=1.0221e+12
  Valid proposal at trial 105/300: distance 6->6, target_weight_before_swap=6, weight_patterns={1: 0, 2: 0, 3: 0, 4: 0, 5: 0, 6: 2, 7: 0, 8: 1, 9: 0, 10: 9, 11: 0, 12: 26, 13: 0, 14: 44, 15: 0, 16: 32, 17: 0, 18: 9}, score=2.01093e+12
  Valid proposal at trial 106/300: distance 6->6, target_weight_before_swap=6, weight_patterns={1: 0, 2: 0, 3: 0, 4: 0, 5: 0, 6: 1, 7: 0, 8: 2, 9: 0, 10: 13, 11: 0, 12: 22, 13: 0, 14: 45, 15: 0, 16: 27, 17: 0, 18: 13}, score=1.02132e+12
  Valid proposal at trial 107/300: distance 6->6, target_weight_before_swap=6, weight_patterns={1: 0, 2: 0, 3: 0, 4: 0, 5: 0, 6: 1, 7: 0, 8: 1, 9: 0, 10: 12, 11: 0, 12: 23, 13: 0, 14: 49, 15: 0, 16: 26, 17: 0, 18: 10}, score=1.01122e+12
  Valid proposal at trial 108/300: distance 6->6, target_weight_before_swap=6, weight_patterns={1: 0, 2: 0, 3: 0, 4: 0, 5: 0, 6: 2, 7: 0, 8: 0, 9: 0, 10: 11, 11: 0, 12: 27, 13: 0, 14: 40, 15: 0, 16: 33, 17: 0, 18: 11}, score=2.00113e+12
  Valid proposal at trial 109/300: distance 6->8, target_weight_before_swap=6, weight_patterns={1: 0, 2: 0, 3: 0, 4: 0, 5: 0, 6: 0, 7: 0, 8: 1, 9: 0, 10: 15, 11: 0, 12: 26, 13: 0, 14: 38, 15: 0, 16: 32, 17: 0, 18: 11}, score=1.15264e+10
  Valid proposal at trial 110/300: distance 6->8, target_weight_before_swap=6, weight_patterns={1: 0, 2: 0, 3: 0, 4: 0, 5: 0, 6: 0, 7: 0, 8: 1, 9: 0, 10: 10, 11: 0, 12: 35, 13: 0, 14: 38, 15: 0, 16: 28, 17: 0, 18: 8}, score=1.10354e+10
  Valid proposal at trial 111/300: distance 6->8, target_weight_before_swap=6, weight_patterns={1: 0, 2: 0, 3: 0, 4: 0, 5: 0, 6: 0, 7: 0, 8: 2, 9: 0, 10: 9, 11: 0, 12: 31, 13: 0, 14: 40, 15: 0, 16: 33, 17: 0, 18: 7}, score=2.09314e+10
  Valid proposal at trial 112/300: distance 6->8, target_weight_before_swap=6, weight_patterns={1: 0, 2: 0, 3: 0, 4: 0, 5: 0, 6: 0, 7: 0, 8: 3, 9: 0, 10: 11, 11: 0, 12: 25, 13: 0, 14: 38, 15: 0, 16: 40, 17: 0, 18: 7}, score=3.11254e+10
  Valid proposal at trial 113/300: distance 6->6, target_weight_before_swap=6, weight_patterns={1: 0, 2: 0, 3: 0, 4: 0, 5: 0, 6: 1, 7: 0, 8: 2, 9: 0, 10: 9, 11: 0, 12: 29, 13: 0, 14: 39, 15: 0, 16: 35, 17: 0, 18: 7}, score=1.02093e+12
  Valid proposal at trial 114/300: distance 6->6, target_weight_before_swap=6, weight_patterns={1: 0, 2: 0, 3: 0, 4: 0, 5: 0, 6: 2, 7: 0, 8: 3, 9: 0, 10: 14, 11: 0, 12: 28, 13: 0, 14: 40, 15: 0, 16: 32, 17: 0, 18: 8}, score=2.03143e+12
  Valid proposal at trial 115/300: distance 6->6, target_weight_before_swap=6, weight_patterns={1: 0, 2: 0, 3: 0, 4: 0, 5: 0, 6: 1, 7: 0, 8: 1, 9: 0, 10: 11, 11: 0, 12: 28, 13: 0, 14: 41, 15: 0, 16: 30, 17: 0, 18: 11}, score=1.01113e+12
  Valid proposal at trial 116/300: distance 6->8, target_weight_before_swap=6, weight_patterns={1: 0, 2: 0, 3: 0, 4: 0, 5: 0, 6: 0, 7: 0, 8: 1, 9: 0, 10: 11, 11: 0, 12: 33, 13: 0, 14: 38, 15: 0, 16: 30, 17: 0, 18: 7}, score=1.11334e+10
  Valid proposal at trial 117/300: distance 6->6, target_weight_before_swap=6, weight_patterns={1: 0, 2: 0, 3: 0, 4: 0, 5: 0, 6: 1, 7: 0, 8: 2, 9: 0, 10: 9, 11: 0, 12: 28, 13: 0, 14: 43, 15: 0, 16: 29, 17: 0, 18: 11}, score=1.02093e+12
  Valid proposal at trial 118/300: distance 6->8, target_weight_before_swap=6, weight_patterns={1: 0, 2: 0, 3: 0, 4: 0, 5: 0, 6: 0, 7: 0, 8: 1, 9: 0, 10: 15, 11: 0, 12: 22, 13: 0, 14: 42, 15: 0, 16: 36, 17: 0, 18: 7}, score=1.15224e+10
  Valid proposal at trial 119/300: distance 6->6, target_weight_before_swap=6, weight_patterns={1: 0, 2: 0, 3: 0, 4: 0, 5: 0, 6: 2, 7: 1, 8: 0, 9: 0, 10: 8, 11: 7, 12: 17, 13: 19, 14: 13, 15: 18, 16: 16, 17: 17, 18: 5}, score=2.10089e+12
  Valid proposal at trial 120/300: distance 6->6, target_weight_before_swap=6, weight_patterns={1: 0, 2: 0, 3: 0, 4: 0, 5: 0, 6: 1, 7: 1, 8: 1, 9: 1, 10: 8, 11: 9, 12: 15, 13: 16, 14: 21, 15: 20, 16: 9, 17: 10, 18: 5}, score=1.11191e+12
  Valid proposal at trial 121/300: distance 6->6, target_weight_before_swap=6, weight_patterns={1: 0, 2: 0, 3: 0, 4: 0, 5: 0, 6: 1, 7: 0, 8: 2, 9: 0, 10: 8, 11: 0, 12: 28, 13: 0, 14: 43, 15: 0, 16: 31, 17: 0, 18: 12}, score=1.02083e+12
  Valid proposal at trial 122/300: distance 6->8, target_weight_before_swap=6, weight_patterns={1: 0, 2: 0, 3: 0, 4: 0, 5: 0, 6: 0, 7: 0, 8: 4, 9: 0, 10: 10, 11: 0, 12: 23, 13: 0, 14: 46, 15: 0, 16: 31, 17: 0, 18: 8}, score=4.10235e+10
  Rejected at trial 123/300: distance 6->4.
  Valid proposal at trial 124/300: distance 6->6, target_weight_before_swap=6, weight_patterns={1: 0, 2: 0, 3: 0, 4: 0, 5: 0, 6: 1, 7: 0, 8: 1, 9: 0, 10: 13, 11: 0, 12: 25, 13: 0, 14: 44, 15: 0, 16: 26, 17: 0, 18: 13}, score=1.01133e+12
  Valid proposal at trial 125/300: distance 6->8, target_weight_before_swap=6, weight_patterns={1: 0, 2: 0, 3: 0, 4: 0, 5: 0, 6: 0, 7: 0, 8: 2, 9: 0, 10: 14, 11: 0, 12: 25, 13: 0, 14: 36, 15: 0, 16: 39, 17: 0, 18: 6}, score=2.14254e+10
  Valid proposal at trial 126/300: distance 6->6, target_weight_before_swap=6, weight_patterns={1: 0, 2: 0, 3: 0, 4: 0, 5: 0, 6: 1, 7: 0, 8: 1, 9: 0, 10: 4, 11: 0, 12: 37, 13: 0, 14: 41, 15: 0, 16: 30, 17: 0, 18: 10}, score=1.01044e+12
  Valid proposal at trial 127/300: distance 6->8, target_weight_before_swap=6, weight_patterns={1: 0, 2: 0, 3: 0, 4: 0, 5: 0, 6: 0, 7: 0, 8: 2, 9: 0, 10: 10, 11: 0, 12: 28, 13: 0, 14: 44, 15: 0, 16: 29, 17: 0, 18: 10}, score=2.10284e+10
  Valid proposal at trial 128/300: distance 6->6, target_weight_before_swap=6, weight_patterns={1: 0, 2: 0, 3: 0, 4: 0, 5: 0, 6: 1, 7: 0, 8: 0, 9: 0, 10: 10, 11: 0, 12: 31, 13: 0, 14: 41, 15: 0, 16: 29, 17: 0, 18: 12}, score=1.00103e+12
  Valid proposal at trial 129/300: distance 6->6, target_weight_before_swap=6, weight_patterns={1: 0, 2: 0, 3: 0, 4: 0, 5: 0, 6: 1, 7: 0, 8: 2, 9: 0, 10: 11, 11: 0, 12: 23, 13: 0, 14: 45, 15: 0, 16: 33, 17: 0, 18: 7}, score=1.02112e+12
  Valid proposal at trial 130/300: distance 6->6, target_weight_before_swap=6, weight_patterns={1: 0, 2: 0, 3: 0, 4: 0, 5: 0, 6: 1, 7: 0, 8: 1, 9: 0, 10: 13, 11: 0, 12: 24, 13: 0, 14: 41, 15: 0, 16: 34, 17: 0, 18: 9}, score=1.01132e+12
  Valid proposal at trial 131/300: distance 6->6, target_weight_before_swap=6, weight_patterns={1: 0, 2: 0, 3: 0, 4: 0, 5: 0, 6: 1, 7: 0, 8: 1, 9: 0, 10: 14, 11: 0, 12: 21, 13: 0, 14: 48, 15: 0, 16: 28, 17: 0, 18: 8}, score=1.01142e+12
