
--- LOGICAL GUIDED SEARCH ---
Code family: [1600,64]
Noise level p = 0.03
Search steps = 5
Trials/step = 20
Budgets: screening=10000, precision=100000
/Library/Frameworks/Python.framework/Versions/3.12/lib/python3.12/site-packages/ldpc/code_util/code_util.py:164: UserWarning: This function has exponential complexity. Not recommended for large pcms. Use the                            'ldpc.code_util.estimate_code_distance' function instead.
  warnings.warn(

>>> PHASE 1: Logical-guided search

Step 1/5 (global max dist so far = 6)
  Target logical weight: 6
  Current distance: 6
  Accepted at trial 1/20: distance 6->8

Step 2/5 (global max dist so far = 8)
  Target logical weight: 8
  Current distance: 8
  Rejected at trial 1/20: distance 8->4.
  Rejected at trial 4/20: distance 8->4.
  Rejected at trial 6/20: distance 8->6.
  Rejected at trial 9/20: distance 8->6.
  Accepted at trial 12/20: distance 8->10

Step 3/5 (global max dist so far = 10)
  Target logical weight: 10
  Current distance: 10
  Rejected at trial 1/20: distance 10->8.
  Rejected at trial 2/20: distance 10->6.
  Rejected at trial 4/20: distance 10->8.
  Rejected at trial 6/20: distance 10->8.
  Rejected at trial 7/20: distance 10->8.
  Rejected at trial 8/20: distance 10->8.
  Rejected at trial 9/20: distance 10->8.
  Rejected at trial 10/20: distance 10->8.
  Rejected at trial 11/20: distance 10->8.
  Rejected at trial 12/20: distance 10->8.
  Rejected at trial 13/20: distance 10->8.
  Rejected at trial 14/20: distance 10->8.
  Rejected at trial 15/20: distance 10->8.
  Rejected at trial 16/20: distance 10->4.
  Rejected at trial 17/20: distance 10->8.
  Rejected at trial 19/20: distance 10->8.
  Rejected at trial 20/20: distance 10->6.
  Accepted first non-decreasing valid move.

Step 4/5 (global max dist so far = 10)
  Target logical weight: 10
  Current distance: 10
  Rejected at trial 2/20: distance 10->8.
  Rejected at trial 3/20: distance 10->8.
  Rejected at trial 5/20: distance 10->8.
  Rejected at trial 7/20: distance 10->8.
  Rejected at trial 8/20: distance 10->8.
  Rejected at trial 9/20: distance 10->8.
  Rejected at trial 10/20: distance 10->8.
  Rejected at trial 11/20: distance 10->8.
  Rejected at trial 12/20: distance 10->8.
  Rejected at trial 13/20: distance 10->8.
  Accepted first non-decreasing valid move.

Step 5/5 (global max dist so far = 10)
  Target logical weight: 10
  Current distance: 10
  Rejected at trial 1/20: distance 10->8.
  Rejected at trial 2/20: distance 10->8.
  Rejected at trial 5/20: distance 10->8.
  Rejected at trial 6/20: distance 10->6.
  Rejected at trial 7/20: distance 10->8.
  Rejected at trial 9/20: distance 10->8.
  Rejected at trial 10/20: distance 10->8.
  Rejected at trial 12/20: distance 10->8.
  Rejected at trial 13/20: distance 10->8.
  Rejected at trial 16/20: distance 10->8.
  Rejected at trial 17/20: distance 10->8.
  Rejected at trial 18/20: distance 10->8.
  Accepted first non-decreasing valid move.

>>> PHASE 2: Screening (10000)
Found 6 total saved states.
Screening 4 unique candidates with dist == 10
Running MC (screening):   0%|          | 0/4 [00:00<?, ?it/s]Hx, Hz, Lx, Lz: (768, 1600), (768, 1600), (64, 1600), (64, 1600)
Decoder screen_row_2 finished in 0.0m 25.51s with 27 failures out of 10000 runs.
Logical error rate for screen_row_2: 0.0027 ± 0.0005189 (stderr)
Running MC (screening):  25%|██▌       | 1/4 [00:29<01:27, 29.21s/it]Hx, Hz, Lx, Lz: (768, 1600), (768, 1600), (64, 1600), (64, 1600)
Decoder screen_row_3 finished in 0.0m 25.13s with 24 failures out of 10000 runs.
Logical error rate for screen_row_3: 0.0024 ± 0.0004893 (stderr)
Running MC (screening):  50%|█████     | 2/4 [00:58<00:57, 28.99s/it]Hx, Hz, Lx, Lz: (768, 1600), (768, 1600), (64, 1600), (64, 1600)
Decoder screen_row_4 finished in 0.0m 24.41s with 24 failures out of 10000 runs.
Logical error rate for screen_row_4: 0.0024 ± 0.0004893 (stderr)
Running MC (screening):  75%|███████▌  | 3/4 [01:26<00:28, 28.58s/it]Hx, Hz, Lx, Lz: (768, 1600), (768, 1600), (64, 1600), (64, 1600)
Decoder screen_row_5 finished in 0.0m 26.31s with 19 failures out of 10000 runs.
Logical error rate for screen_row_5: 0.0019 ± 0.0004355 (stderr)
Running MC (screening): 100%|██████████| 4/4 [01:56<00:00, 29.15s/it]Running MC (screening): 100%|██████████| 4/4 [01:56<00:00, 29.04s/it]
Best screening LER: 0.001900 (dist=10)

>>> PHASE 3: Precision (100000)
Promoting top 2 candidates
Evaluating row 5 | dist=10 | screening LER=0.001900
Hx, Hz, Lx, Lz: (768, 1600), (768, 1600), (64, 1600), (64, 1600)
Decoder precision_row_5 finished in 4.0m 20.88s with 192 failures out of 100000 runs.
Logical error rate for precision_row_5: 0.00192 ± 0.0001384 (stderr)
  -> LER: 0.001920 ± 0.000138 | runtime=260.88s
Evaluating row 3 | dist=10 | screening LER=0.002400
Hx, Hz, Lx, Lz: (768, 1600), (768, 1600), (64, 1600), (64, 1600)
Decoder precision_row_3 finished in 4.0m 17.76s with 281 failures out of 100000 runs.
Logical error rate for precision_row_3: 0.00281 ± 0.0001674 (stderr)
  -> LER: 0.002810 ± 0.000167 | runtime=257.76s

>>> RESULT: Best code found
Distance: 10
LER: 0.001920 ± 0.000138

Total time: 0.18 hours
Saved to optimization/results/logical_guided_search.hdf5
