
--- LOGICAL GUIDED SEARCH ---
Code family: [1225,65]
Noise level p = 0.03
Search steps = 10
Trials/step = 50
Budgets: screening=10000, precision=100000
/Library/Frameworks/Python.framework/Versions/3.12/lib/python3.12/site-packages/ldpc/code_util/code_util.py:164: UserWarning: This function has exponential complexity. Not recommended for large pcms. Use the                            'ldpc.code_util.estimate_code_distance' function instead.
  warnings.warn(

>>> PHASE 1: Logical-guided search

Step 1/10 (global max dist so far = 6)
  Target logical weight: 6
  Current distance: 6
  Accepted at trial 1/50: distance 6->8

Step 2/10 (global max dist so far = 8)
  Target logical weight: 8
  Current distance: 8
  Rejected at trial 1/50: distance 8->6.
  Rejected at trial 2/50: distance 8->6.
  Rejected at trial 3/50: distance 8->6.
  Rejected at trial 6/50: distance 8->6.
  Rejected at trial 8/50: distance 8->6.
  Rejected at trial 9/50: distance 8->6.
  Accepted at trial 10/50: distance 8->10

Step 3/10 (global max dist so far = 10)
  Target logical weight: 10
  Current distance: 10
  Rejected at trial 2/50: distance 10->8.
  Rejected at trial 3/50: distance 10->8.
  Rejected at trial 5/50: distance 10->8.
  Rejected at trial 6/50: distance 10->6.
  Rejected at trial 7/50: distance 10->4.
  Rejected at trial 8/50: distance 10->8.
  Rejected at trial 9/50: distance 10->8.
  Rejected at trial 11/50: distance 10->8.
  Rejected at trial 12/50: distance 10->8.
  Rejected at trial 13/50: distance 10->6.
  Rejected at trial 14/50: distance 10->8.
  Rejected at trial 15/50: distance 10->8.
  Rejected at trial 17/50: distance 10->8.
  Rejected at trial 18/50: distance 10->6.
  Rejected at trial 19/50: distance 10->8.
  Rejected at trial 20/50: distance 10->8.
  Rejected at trial 21/50: distance 10->8.
  Rejected at trial 22/50: distance 10->8.
  Rejected at trial 24/50: distance 10->8.
  Rejected at trial 25/50: distance 10->4.
  Rejected at trial 26/50: distance 10->8.
  Rejected at trial 27/50: distance 10->8.
  Rejected at trial 28/50: distance 10->8.
  Rejected at trial 29/50: distance 10->8.
  Rejected at trial 31/50: distance 10->6.
  Rejected at trial 32/50: distance 10->6.
  Rejected at trial 33/50: distance 10->8.
  Rejected at trial 34/50: distance 10->8.
  Rejected at trial 35/50: distance 10->8.
  Rejected at trial 36/50: distance 10->8.
  Rejected at trial 37/50: distance 10->8.
  Rejected at trial 39/50: distance 10->8.
  Rejected at trial 40/50: distance 10->6.
  Rejected at trial 41/50: distance 10->8.
  Rejected at trial 42/50: distance 10->8.
  Rejected at trial 43/50: distance 10->8.
  Rejected at trial 44/50: distance 10->8.
  Rejected at trial 45/50: distance 10->6.
  Rejected at trial 47/50: distance 10->8.
  Rejected at trial 48/50: distance 10->8.
  Rejected at trial 49/50: distance 10->6.
  Rejected at trial 50/50: distance 10->8.
  Accepted first non-decreasing valid move.

Step 4/10 (global max dist so far = 10)
  Target logical weight: 10
  Current distance: 10
  Rejected at trial 1/50: distance 10->8.
  Rejected at trial 2/50: distance 10->8.
  Rejected at trial 3/50: distance 10->8.
  Rejected at trial 4/50: distance 10->8.
  Rejected at trial 5/50: distance 10->8.
  Rejected at trial 6/50: distance 10->6.
  Rejected at trial 8/50: distance 10->8.
  Rejected at trial 11/50: distance 10->6.
  Rejected at trial 12/50: distance 10->6.
  Rejected at trial 13/50: distance 10->8.
  Rejected at trial 14/50: distance 10->8.
  Rejected at trial 15/50: distance 10->8.
  Rejected at trial 16/50: distance 10->8.
  Rejected at trial 17/50: distance 10->6.
  Rejected at trial 19/50: distance 10->6.
  Rejected at trial 20/50: distance 10->8.
  Rejected at trial 21/50: distance 10->8.
  Rejected at trial 22/50: distance 10->8.
  Rejected at trial 23/50: distance 10->8.
  Rejected at trial 24/50: distance 10->4.
  Rejected at trial 25/50: distance 10->8.
  Rejected at trial 26/50: distance 10->8.
  Rejected at trial 27/50: distance 10->6.
  Rejected at trial 28/50: distance 10->8.
  Rejected at trial 32/50: distance 10->8.
  Rejected at trial 33/50: distance 10->4.
  Rejected at trial 34/50: distance 10->8.
  Rejected at trial 35/50: distance 10->6.
  Rejected at trial 36/50: distance 10->8.
  Rejected at trial 37/50: distance 10->8.
  Rejected at trial 38/50: distance 10->8.
  Rejected at trial 40/50: distance 10->8.
  Rejected at trial 41/50: distance 10->8.
  Rejected at trial 42/50: distance 10->8.
  Rejected at trial 44/50: distance 10->8.
  Rejected at trial 45/50: distance 10->8.
  Rejected at trial 46/50: distance 10->8.
  Rejected at trial 47/50: distance 10->8.
  Rejected at trial 48/50: distance 10->8.
  Rejected at trial 49/50: distance 10->8.
  Rejected at trial 50/50: distance 10->8.
  Accepted first non-decreasing valid move.

Step 5/10 (global max dist so far = 10)
  Target logical weight: 10
  Current distance: 10
  Rejected at trial 2/50: distance 10->6.
  Rejected at trial 3/50: distance 10->8.
  Rejected at trial 5/50: distance 10->8.
  Rejected at trial 6/50: distance 10->8.
  Rejected at trial 7/50: distance 10->6.
  Rejected at trial 8/50: distance 10->4.
  Rejected at trial 9/50: distance 10->8.
  Rejected at trial 10/50: distance 10->8.
  Rejected at trial 11/50: distance 10->6.
  Rejected at trial 12/50: distance 10->4.
  Rejected at trial 13/50: distance 10->8.
  Rejected at trial 14/50: distance 10->8.
  Rejected at trial 16/50: distance 10->8.
  Rejected at trial 17/50: distance 10->4.
  Rejected at trial 18/50: distance 10->8.
  Rejected at trial 19/50: distance 10->6.
  Rejected at trial 20/50: distance 10->8.
  Rejected at trial 22/50: distance 10->6.
  Rejected at trial 23/50: distance 10->8.
  Rejected at trial 24/50: distance 10->8.
  Rejected at trial 26/50: distance 10->8.
  Rejected at trial 28/50: distance 10->8.
  Rejected at trial 29/50: distance 10->8.
  Rejected at trial 32/50: distance 10->6.
  Rejected at trial 33/50: distance 10->8.
  Rejected at trial 35/50: distance 10->8.
  Rejected at trial 36/50: distance 10->8.
  Rejected at trial 38/50: distance 10->8.
  Rejected at trial 40/50: distance 10->8.
  Rejected at trial 42/50: distance 10->8.
  Rejected at trial 43/50: distance 10->6.
  Rejected at trial 44/50: distance 10->8.
  Rejected at trial 45/50: distance 10->6.
  Rejected at trial 46/50: distance 10->8.
  Rejected at trial 47/50: distance 10->8.
  Rejected at trial 48/50: distance 10->4.
  Rejected at trial 49/50: distance 10->8.
  Rejected at trial 50/50: distance 10->8.
  Accepted first non-decreasing valid move.

Step 6/10 (global max dist so far = 10)
  Target logical weight: 10
  Current distance: 10
  Rejected at trial 1/50: distance 10->6.
  Rejected at trial 2/50: distance 10->8.
  Rejected at trial 3/50: distance 10->8.
  Rejected at trial 4/50: distance 10->8.
  Rejected at trial 5/50: distance 10->8.
  Rejected at trial 6/50: distance 10->8.
  Rejected at trial 8/50: distance 10->6.
  Rejected at trial 9/50: distance 10->8.
  Rejected at trial 10/50: distance 10->8.
  Rejected at trial 12/50: distance 10->8.
  Rejected at trial 13/50: distance 10->8.
  Rejected at trial 14/50: distance 10->8.
  Rejected at trial 15/50: distance 10->8.
  Rejected at trial 16/50: distance 10->8.
  Rejected at trial 17/50: distance 10->8.
  Rejected at trial 19/50: distance 10->8.
  Rejected at trial 20/50: distance 10->8.
  Rejected at trial 21/50: distance 10->8.
  Rejected at trial 22/50: distance 10->8.
  Rejected at trial 23/50: distance 10->8.
  Rejected at trial 25/50: distance 10->8.
  Rejected at trial 26/50: distance 10->8.
  Rejected at trial 27/50: distance 10->8.
  Rejected at trial 29/50: distance 10->8.
  Rejected at trial 30/50: distance 10->8.
  Rejected at trial 33/50: distance 10->8.
  Rejected at trial 34/50: distance 10->4.
  Rejected at trial 35/50: distance 10->8.
  Rejected at trial 36/50: distance 10->8.
  Rejected at trial 37/50: distance 10->8.
  Rejected at trial 38/50: distance 10->8.
  Rejected at trial 39/50: distance 10->8.
  Rejected at trial 40/50: distance 10->8.
  Rejected at trial 41/50: distance 10->8.
  Rejected at trial 42/50: distance 10->6.
  Rejected at trial 43/50: distance 10->8.
  Rejected at trial 44/50: distance 10->8.
  Rejected at trial 45/50: distance 10->8.
  Rejected at trial 47/50: distance 10->6.
  Rejected at trial 48/50: distance 10->6.
  Rejected at trial 49/50: distance 10->8.
  Rejected at trial 50/50: distance 10->6.
  Accepted first non-decreasing valid move.

Step 7/10 (global max dist so far = 10)
  Target logical weight: 10
  Current distance: 10
  Rejected at trial 3/50: distance 10->8.
  Rejected at trial 4/50: distance 10->6.
  Rejected at trial 6/50: distance 10->8.
  Rejected at trial 7/50: distance 10->8.
  Rejected at trial 8/50: distance 10->8.
  Rejected at trial 11/50: distance 10->8.
  Rejected at trial 12/50: distance 10->6.
  Rejected at trial 13/50: distance 10->8.
  Rejected at trial 16/50: distance 10->8.
  Rejected at trial 17/50: distance 10->8.
  Rejected at trial 18/50: distance 10->8.
  Rejected at trial 20/50: distance 10->8.
  Rejected at trial 21/50: distance 10->8.
  Rejected at trial 22/50: distance 10->8.
  Rejected at trial 23/50: distance 10->8.
  Rejected at trial 24/50: distance 10->6.
  Rejected at trial 25/50: distance 10->8.
  Rejected at trial 26/50: distance 10->8.
  Rejected at trial 27/50: distance 10->4.
  Rejected at trial 29/50: distance 10->8.
  Rejected at trial 30/50: distance 10->6.
  Rejected at trial 31/50: distance 10->8.
  Rejected at trial 32/50: distance 10->8.
  Rejected at trial 33/50: distance 10->8.
  Rejected at trial 34/50: distance 10->6.
  Rejected at trial 35/50: distance 10->4.
  Rejected at trial 36/50: distance 10->8.
  Rejected at trial 38/50: distance 10->8.
  Rejected at trial 39/50: distance 10->6.
  Rejected at trial 40/50: distance 10->8.
  Rejected at trial 41/50: distance 10->4.
  Rejected at trial 42/50: distance 10->6.
  Rejected at trial 43/50: distance 10->8.
  Rejected at trial 44/50: distance 10->8.
  Rejected at trial 46/50: distance 10->6.
  Rejected at trial 47/50: distance 10->6.
  Rejected at trial 48/50: distance 10->8.
  Rejected at trial 49/50: distance 10->8.
  Accepted first non-decreasing valid move.

Step 8/10 (global max dist so far = 10)
  Target logical weight: 10
  Current distance: 10
  Rejected at trial 1/50: distance 10->8.
  Rejected at trial 3/50: distance 10->8.
  Rejected at trial 4/50: distance 10->8.
  Rejected at trial 5/50: distance 10->8.
  Rejected at trial 6/50: distance 10->6.
  Rejected at trial 7/50: distance 10->6.
  Rejected at trial 8/50: distance 10->6.
  Rejected at trial 9/50: distance 10->6.
  Rejected at trial 10/50: distance 10->4.
  Rejected at trial 11/50: distance 10->6.
  Rejected at trial 12/50: distance 10->6.
  Rejected at trial 13/50: distance 10->8.
  Rejected at trial 14/50: distance 10->8.
  Rejected at trial 15/50: distance 10->8.
  Rejected at trial 16/50: distance 10->8.
  Rejected at trial 17/50: distance 10->6.
  Rejected at trial 18/50: distance 10->6.
  Rejected at trial 19/50: distance 10->8.
  Rejected at trial 20/50: distance 10->8.
  Rejected at trial 21/50: distance 10->6.
  Rejected at trial 22/50: distance 10->8.
  Rejected at trial 23/50: distance 10->8.
  Rejected at trial 25/50: distance 10->8.
  Rejected at trial 28/50: distance 10->8.
  Rejected at trial 29/50: distance 10->8.
  Rejected at trial 31/50: distance 10->8.
  Rejected at trial 33/50: distance 10->8.
  Rejected at trial 34/50: distance 10->8.
  Rejected at trial 36/50: distance 10->6.
  Rejected at trial 37/50: distance 10->8.
  Rejected at trial 39/50: distance 10->8.
  Rejected at trial 40/50: distance 10->8.
  Rejected at trial 41/50: distance 10->8.
  Rejected at trial 42/50: distance 10->6.
  Rejected at trial 44/50: distance 10->4.
  Rejected at trial 45/50: distance 10->8.
  Rejected at trial 46/50: distance 10->8.
  Rejected at trial 48/50: distance 10->6.
  Rejected at trial 49/50: distance 10->8.
  Rejected at trial 50/50: distance 10->6.
  Accepted first non-decreasing valid move.

Step 9/10 (global max dist so far = 10)
  Target logical weight: 10
  Current distance: 10
  Rejected at trial 1/50: distance 10->8.
  Rejected at trial 2/50: distance 10->8.
  Rejected at trial 3/50: distance 10->6.
  Rejected at trial 4/50: distance 10->8.
  Rejected at trial 5/50: distance 10->8.
  Rejected at trial 7/50: distance 10->8.
  Rejected at trial 8/50: distance 10->8.
  Rejected at trial 11/50: distance 10->8.
  Rejected at trial 12/50: distance 10->6.
  Rejected at trial 13/50: distance 10->8.
  Rejected at trial 14/50: distance 10->8.
  Rejected at trial 16/50: distance 10->4.
  Rejected at trial 17/50: distance 10->8.
  Rejected at trial 18/50: distance 10->8.
  Rejected at trial 19/50: distance 10->8.
  Rejected at trial 20/50: distance 10->8.
  Rejected at trial 21/50: distance 10->4.
  Rejected at trial 22/50: distance 10->8.
  Rejected at trial 23/50: distance 10->2.
  Rejected at trial 24/50: distance 10->8.
  Rejected at trial 25/50: distance 10->6.
  Rejected at trial 26/50: distance 10->8.
  Rejected at trial 28/50: distance 10->8.
  Rejected at trial 29/50: distance 10->6.
  Rejected at trial 30/50: distance 10->8.
  Rejected at trial 31/50: distance 10->8.
  Rejected at trial 32/50: distance 10->6.
  Rejected at trial 33/50: distance 10->8.
  Rejected at trial 34/50: distance 10->8.
  Rejected at trial 35/50: distance 10->8.
  Rejected at trial 37/50: distance 10->6.
  Rejected at trial 38/50: distance 10->4.
  Rejected at trial 39/50: distance 10->8.
  Rejected at trial 41/50: distance 10->6.
  Rejected at trial 44/50: distance 10->6.
  Rejected at trial 45/50: distance 10->8.
  Rejected at trial 46/50: distance 10->8.
  Rejected at trial 47/50: distance 10->8.
  Rejected at trial 49/50: distance 10->4.
  Rejected at trial 50/50: distance 10->6.
  Accepted first non-decreasing valid move.

Step 10/10 (global max dist so far = 10)
  Target logical weight: 10
  Current distance: 10
  Rejected at trial 1/50: distance 10->8.
  Rejected at trial 2/50: distance 10->8.
  Rejected at trial 3/50: distance 10->8.
  Rejected at trial 4/50: distance 10->6.
  Rejected at trial 5/50: distance 10->8.
  Rejected at trial 6/50: distance 10->8.
  Rejected at trial 7/50: distance 10->8.
  Rejected at trial 8/50: distance 10->6.
  Rejected at trial 9/50: distance 10->4.
  Rejected at trial 10/50: distance 10->8.
  Rejected at trial 11/50: distance 10->8.
  Rejected at trial 12/50: distance 10->8.
  Rejected at trial 14/50: distance 10->8.
  Rejected at trial 15/50: distance 10->8.
  Rejected at trial 16/50: distance 10->8.
  Rejected at trial 17/50: distance 10->8.
  Rejected at trial 19/50: distance 10->8.
  Rejected at trial 20/50: distance 10->8.
  Rejected at trial 21/50: distance 10->8.
  Rejected at trial 22/50: distance 10->8.
  Rejected at trial 23/50: distance 10->6.
  Rejected at trial 24/50: distance 10->4.
  Rejected at trial 25/50: distance 10->8.
  Rejected at trial 26/50: distance 10->8.
  Rejected at trial 27/50: distance 10->6.
  Rejected at trial 28/50: distance 10->8.
  Rejected at trial 29/50: distance 10->8.
  Rejected at trial 30/50: distance 10->8.
  Rejected at trial 31/50: distance 10->8.
  Rejected at trial 32/50: distance 10->6.
  Rejected at trial 33/50: distance 10->6.
  Rejected at trial 34/50: distance 10->8.
  Rejected at trial 35/50: distance 10->8.
  Rejected at trial 36/50: distance 10->8.
  Rejected at trial 37/50: distance 10->8.
  Rejected at trial 38/50: distance 10->8.
  Rejected at trial 40/50: distance 10->8.
  Rejected at trial 41/50: distance 10->6.
  Rejected at trial 42/50: distance 10->8.
  Rejected at trial 43/50: distance 10->6.
  Rejected at trial 45/50: distance 10->8.
  Rejected at trial 46/50: distance 10->6.
  Rejected at trial 47/50: distance 10->8.
  Rejected at trial 48/50: distance 10->8.
  Rejected at trial 50/50: distance 10->8.
  Accepted first non-decreasing valid move.

>>> PHASE 2: Screening (10000)
Found 11 total saved states.
Screening 9 unique candidates with dist == 10
Running MC (screening):   0%|          | 0/9 [00:00<?, ?it/s]Hx, Hz, Lx, Lz: (588, 1225), (588, 1225), (49, 1225), (49, 1225)
Decoder screen_row_2 finished in 0.0m 17.62s with 34 failures out of 10000 runs.
Logical error rate for screen_row_2: 0.0034 ± 0.0005821 (stderr)
Running MC (screening):  11%|█         | 1/9 [00:19<02:39, 19.92s/it]Hx, Hz, Lx, Lz: (588, 1225), (588, 1225), (49, 1225), (49, 1225)
Decoder screen_row_3 finished in 0.0m 18.49s with 36 failures out of 10000 runs.
Logical error rate for screen_row_3: 0.0036 ± 0.0005989 (stderr)
Running MC (screening):  22%|██▏       | 2/9 [00:40<02:22, 20.42s/it]Hx, Hz, Lx, Lz: (588, 1225), (588, 1225), (49, 1225), (49, 1225)
Decoder screen_row_4 finished in 0.0m 18.55s with 28 failures out of 10000 runs.
Logical error rate for screen_row_4: 0.0028 ± 0.0005284 (stderr)
Running MC (screening):  33%|███▎      | 3/9 [01:01<02:03, 20.60s/it]Hx, Hz, Lx, Lz: (588, 1225), (588, 1225), (49, 1225), (49, 1225)
Decoder screen_row_5 finished in 0.0m 18.63s with 37 failures out of 10000 runs.
Logical error rate for screen_row_5: 0.0037 ± 0.0006072 (stderr)
Running MC (screening):  44%|████▍     | 4/9 [01:22<01:43, 20.74s/it]Hx, Hz, Lx, Lz: (588, 1225), (588, 1225), (49, 1225), (49, 1225)
Decoder screen_row_6 finished in 0.0m 21.76s with 24 failures out of 10000 runs.
Logical error rate for screen_row_6: 0.0024 ± 0.0004893 (stderr)
Running MC (screening):  56%|█████▌    | 5/9 [01:46<01:27, 21.94s/it]Hx, Hz, Lx, Lz: (588, 1225), (588, 1225), (49, 1225), (49, 1225)
Decoder screen_row_7 finished in 0.0m 19.33s with 35 failures out of 10000 runs.
Logical error rate for screen_row_7: 0.0035 ± 0.0005906 (stderr)
Running MC (screening):  67%|██████▋   | 6/9 [02:08<01:05, 21.85s/it]Hx, Hz, Lx, Lz: (588, 1225), (588, 1225), (49, 1225), (49, 1225)
Decoder screen_row_8 finished in 0.0m 18.85s with 27 failures out of 10000 runs.
Logical error rate for screen_row_8: 0.0027 ± 0.0005189 (stderr)
Running MC (screening):  78%|███████▊  | 7/9 [02:29<00:43, 21.64s/it]Hx, Hz, Lx, Lz: (588, 1225), (588, 1225), (49, 1225), (49, 1225)
Decoder screen_row_9 finished in 0.0m 22.00s with 24 failures out of 10000 runs.
Logical error rate for screen_row_9: 0.0024 ± 0.0004893 (stderr)
Running MC (screening):  89%|████████▉ | 8/9 [02:53<00:22, 22.46s/it]Hx, Hz, Lx, Lz: (588, 1225), (588, 1225), (49, 1225), (49, 1225)
Decoder screen_row_10 finished in 0.0m 23.72s with 27 failures out of 10000 runs.
Logical error rate for screen_row_10: 0.0027 ± 0.0005189 (stderr)
Running MC (screening): 100%|██████████| 9/9 [03:19<00:00, 23.57s/it]Running MC (screening): 100%|██████████| 9/9 [03:19<00:00, 22.18s/it]
Best screening LER: 0.002400 (dist=10)

>>> PHASE 3: Precision (100000)
Promoting top 2 candidates
Evaluating row 6 | dist=10 | screening LER=0.002400
Hx, Hz, Lx, Lz: (588, 1225), (588, 1225), (49, 1225), (49, 1225)
Decoder precision_row_6 finished in 3.0m 33.10s with 274 failures out of 100000 runs.
Logical error rate for precision_row_6: 0.00274 ± 0.0001653 (stderr)
  -> LER: 0.002740 ± 0.000165 | runtime=213.10s
Evaluating row 9 | dist=10 | screening LER=0.002400
Hx, Hz, Lx, Lz: (588, 1225), (588, 1225), (49, 1225), (49, 1225)
Decoder precision_row_9 finished in 3.0m 47.69s with 258 failures out of 100000 runs.
Logical error rate for precision_row_9: 0.00258 ± 0.0001604 (stderr)
  -> LER: 0.002580 ± 0.000160 | runtime=227.69s

>>> RESULT: Best code found
Distance: 10
LER: 0.002580 ± 0.000160

Total time: 0.18 hours
Saved to optimization/results/logical_guided_search.hdf5
