C = 2, N = 50, L = 1, p = 0.03
Minimum logical error rate found in state 49 with value 0.00146
Exploring code family [1600,64] with 50 neighbors and 1 iterations.
Hx, Hz, Lx, Lz: (768, 1600), (768, 1600), (64, 1600), (64, 1600)
BP max iterations: 160, OSD order: 2, MS scaling factor: 0.625
Decoder Random walk finished in 352.25 seconds with 193 failures out of 100000 runs.
Logical error rate for Random walk: 0.00193 ± 0.0001388 (stderr)
Logical error rate for p=0.03: 0.00193
Iteration 1/1: cost of current state = 0.001930, decoding time = 352.245481 seconds
Found minimum in iteration 1/1: 0.001930 in chosen state
Exploring neighbor 1/49 of iteration 1/1...
Hx, Hz, Lx, Lz: (768, 1600), (768, 1600), (64, 1600), (64, 1600)
BP max iterations: 160, OSD order: 2, MS scaling factor: 0.625
Decoder Random walk finished in 345.04 seconds with 293 failures out of 100000 runs.
Logical error rate for Random walk: 0.00293 ± 0.0001709 (stderr)
Logical error rate for p=0.03: 0.00293
Exploring neighbor 2/49 of iteration 1/1...
Hx, Hz, Lx, Lz: (768, 1600), (768, 1600), (64, 1600), (64, 1600)
BP max iterations: 160, OSD order: 2, MS scaling factor: 0.625
Decoder Random walk finished in 392.31 seconds with 198 failures out of 100000 runs.
Logical error rate for Random walk: 0.00198 ± 0.0001406 (stderr)
Logical error rate for p=0.03: 0.00198
Exploring neighbor 3/49 of iteration 1/1...
Hx, Hz, Lx, Lz: (768, 1600), (768, 1600), (64, 1600), (64, 1600)
BP max iterations: 160, OSD order: 2, MS scaling factor: 0.625
Decoder Random walk finished in 378.83 seconds with 192 failures out of 100000 runs.
Logical error rate for Random walk: 0.00192 ± 0.0001384 (stderr)
Logical error rate for p=0.03: 0.00192
Found minimum in neighbor 3/49 of iteration 1/1: 0.001920
Exploring neighbor 4/49 of iteration 1/1...
Hx, Hz, Lx, Lz: (768, 1600), (768, 1600), (64, 1600), (64, 1600)
BP max iterations: 160, OSD order: 2, MS scaling factor: 0.625
Decoder Random walk finished in 348.55 seconds with 338 failures out of 100000 runs.
Logical error rate for Random walk: 0.00338 ± 0.0001835 (stderr)
Logical error rate for p=0.03: 0.00338
Exploring neighbor 5/49 of iteration 1/1...
Hx, Hz, Lx, Lz: (768, 1600), (768, 1600), (64, 1600), (64, 1600)
BP max iterations: 160, OSD order: 2, MS scaling factor: 0.625
Decoder Random walk finished in 362.39 seconds with 174 failures out of 100000 runs.
Logical error rate for Random walk: 0.00174 ± 0.0001318 (stderr)
Logical error rate for p=0.03: 0.00174
Found minimum in neighbor 5/49 of iteration 1/1: 0.001740
Exploring neighbor 6/49 of iteration 1/1...
Hx, Hz, Lx, Lz: (768, 1600), (768, 1600), (64, 1600), (64, 1600)
BP max iterations: 160, OSD order: 2, MS scaling factor: 0.625
Decoder Random walk finished in 359.17 seconds with 189 failures out of 100000 runs.
Logical error rate for Random walk: 0.00189 ± 0.0001373 (stderr)
Logical error rate for p=0.03: 0.00189
Exploring neighbor 7/49 of iteration 1/1...
Hx, Hz, Lx, Lz: (768, 1600), (768, 1600), (64, 1600), (64, 1600)
BP max iterations: 160, OSD order: 2, MS scaling factor: 0.625
Decoder Random walk finished in 360.32 seconds with 182 failures out of 100000 runs.
Logical error rate for Random walk: 0.00182 ± 0.0001348 (stderr)
Logical error rate for p=0.03: 0.00182
Exploring neighbor 8/49 of iteration 1/1...
Hx, Hz, Lx, Lz: (768, 1600), (768, 1600), (64, 1600), (64, 1600)
BP max iterations: 160, OSD order: 2, MS scaling factor: 0.625
Decoder Random walk finished in 379.19 seconds with 1130 failures out of 100000 runs.
Logical error rate for Random walk: 0.0113 ± 0.0003343 (stderr)
Logical error rate for p=0.03: 0.0113
Exploring neighbor 9/49 of iteration 1/1...
Hx, Hz, Lx, Lz: (768, 1600), (768, 1600), (64, 1600), (64, 1600)
BP max iterations: 160, OSD order: 2, MS scaling factor: 0.625
Decoder Random walk finished in 352.04 seconds with 265 failures out of 100000 runs.
Logical error rate for Random walk: 0.00265 ± 0.0001626 (stderr)
Logical error rate for p=0.03: 0.00265
Exploring neighbor 10/49 of iteration 1/1...
Hx, Hz, Lx, Lz: (768, 1600), (768, 1600), (64, 1600), (64, 1600)
BP max iterations: 160, OSD order: 2, MS scaling factor: 0.625
Decoder Random walk finished in 362.62 seconds with 431 failures out of 100000 runs.
Logical error rate for Random walk: 0.00431 ± 0.0002072 (stderr)
Logical error rate for p=0.03: 0.00431
Exploring neighbor 11/49 of iteration 1/1...
Hx, Hz, Lx, Lz: (768, 1600), (768, 1600), (64, 1600), (64, 1600)
BP max iterations: 160, OSD order: 2, MS scaling factor: 0.625
Decoder Random walk finished in 357.05 seconds with 183 failures out of 100000 runs.
Logical error rate for Random walk: 0.00183 ± 0.0001352 (stderr)
Logical error rate for p=0.03: 0.00183
Exploring neighbor 12/49 of iteration 1/1...
Hx, Hz, Lx, Lz: (768, 1600), (768, 1600), (64, 1600), (64, 1600)
BP max iterations: 160, OSD order: 2, MS scaling factor: 0.625
Decoder Random walk finished in 358.17 seconds with 230 failures out of 100000 runs.
Logical error rate for Random walk: 0.0023 ± 0.0001515 (stderr)
Logical error rate for p=0.03: 0.0023
Exploring neighbor 13/49 of iteration 1/1...
Hx, Hz, Lx, Lz: (768, 1600), (768, 1600), (64, 1600), (64, 1600)
BP max iterations: 160, OSD order: 2, MS scaling factor: 0.625
Decoder Random walk finished in 350.37 seconds with 369 failures out of 100000 runs.
Logical error rate for Random walk: 0.00369 ± 0.0001917 (stderr)
Logical error rate for p=0.03: 0.00369
Exploring neighbor 14/49 of iteration 1/1...
Hx, Hz, Lx, Lz: (768, 1600), (768, 1600), (64, 1600), (64, 1600)
BP max iterations: 160, OSD order: 2, MS scaling factor: 0.625
Decoder Random walk finished in 361.96 seconds with 223 failures out of 100000 runs.
Logical error rate for Random walk: 0.00223 ± 0.0001492 (stderr)
Logical error rate for p=0.03: 0.00223
Exploring neighbor 15/49 of iteration 1/1...
Hx, Hz, Lx, Lz: (768, 1600), (768, 1600), (64, 1600), (64, 1600)
BP max iterations: 160, OSD order: 2, MS scaling factor: 0.625
Decoder Random walk finished in 369.82 seconds with 424 failures out of 100000 runs.
Logical error rate for Random walk: 0.00424 ± 0.0002055 (stderr)
Logical error rate for p=0.03: 0.00424
Exploring neighbor 16/49 of iteration 1/1...
Hx, Hz, Lx, Lz: (768, 1600), (768, 1600), (64, 1600), (64, 1600)
BP max iterations: 160, OSD order: 2, MS scaling factor: 0.625
Decoder Random walk finished in 359.86 seconds with 204 failures out of 100000 runs.
Logical error rate for Random walk: 0.00204 ± 0.0001427 (stderr)
Logical error rate for p=0.03: 0.00204
Exploring neighbor 17/49 of iteration 1/1...
Hx, Hz, Lx, Lz: (768, 1600), (768, 1600), (64, 1600), (64, 1600)
BP max iterations: 160, OSD order: 2, MS scaling factor: 0.625
Decoder Random walk finished in 362.48 seconds with 349 failures out of 100000 runs.
Logical error rate for Random walk: 0.00349 ± 0.0001865 (stderr)
Logical error rate for p=0.03: 0.00349
Exploring neighbor 18/49 of iteration 1/1...
Hx, Hz, Lx, Lz: (768, 1600), (768, 1600), (64, 1600), (64, 1600)
BP max iterations: 160, OSD order: 2, MS scaling factor: 0.625
Decoder Random walk finished in 338.44 seconds with 1197 failures out of 100000 runs.
Logical error rate for Random walk: 0.01197 ± 0.0003439 (stderr)
Logical error rate for p=0.03: 0.01197
Exploring neighbor 19/49 of iteration 1/1...
Hx, Hz, Lx, Lz: (768, 1600), (768, 1600), (64, 1600), (64, 1600)
BP max iterations: 160, OSD order: 2, MS scaling factor: 0.625
Decoder Random walk finished in 365.60 seconds with 203 failures out of 100000 runs.
Logical error rate for Random walk: 0.00203 ± 0.0001423 (stderr)
Logical error rate for p=0.03: 0.00203
Exploring neighbor 20/49 of iteration 1/1...
Hx, Hz, Lx, Lz: (768, 1600), (768, 1600), (64, 1600), (64, 1600)
BP max iterations: 160, OSD order: 2, MS scaling factor: 0.625
Decoder Random walk finished in 356.93 seconds with 177 failures out of 100000 runs.
Logical error rate for Random walk: 0.00177 ± 0.0001329 (stderr)
Logical error rate for p=0.03: 0.00177
Exploring neighbor 21/49 of iteration 1/1...
Hx, Hz, Lx, Lz: (768, 1600), (768, 1600), (64, 1600), (64, 1600)
BP max iterations: 160, OSD order: 2, MS scaling factor: 0.625
Decoder Random walk finished in 346.41 seconds with 171 failures out of 100000 runs.
Logical error rate for Random walk: 0.00171 ± 0.0001307 (stderr)
Logical error rate for p=0.03: 0.00171
Found minimum in neighbor 21/49 of iteration 1/1: 0.001710
Exploring neighbor 22/49 of iteration 1/1...
Hx, Hz, Lx, Lz: (768, 1600), (768, 1600), (64, 1600), (64, 1600)
BP max iterations: 160, OSD order: 2, MS scaling factor: 0.625
Decoder Random walk finished in 335.81 seconds with 173 failures out of 100000 runs.
Logical error rate for Random walk: 0.00173 ± 0.0001314 (stderr)
Logical error rate for p=0.03: 0.00173
Exploring neighbor 23/49 of iteration 1/1...
Hx, Hz, Lx, Lz: (768, 1600), (768, 1600), (64, 1600), (64, 1600)
BP max iterations: 160, OSD order: 2, MS scaling factor: 0.625
Decoder Random walk finished in 356.32 seconds with 179 failures out of 100000 runs.
Logical error rate for Random walk: 0.00179 ± 0.0001337 (stderr)
Logical error rate for p=0.03: 0.00179
Exploring neighbor 24/49 of iteration 1/1...
Hx, Hz, Lx, Lz: (768, 1600), (768, 1600), (64, 1600), (64, 1600)
BP max iterations: 160, OSD order: 2, MS scaling factor: 0.625
Decoder Random walk finished in 350.90 seconds with 392 failures out of 100000 runs.
Logical error rate for Random walk: 0.00392 ± 0.0001976 (stderr)
Logical error rate for p=0.03: 0.00392
Exploring neighbor 25/49 of iteration 1/1...
Hx, Hz, Lx, Lz: (768, 1600), (768, 1600), (64, 1600), (64, 1600)
BP max iterations: 160, OSD order: 2, MS scaling factor: 0.625
Decoder Random walk finished in 466.85 seconds with 442 failures out of 100000 runs.
Logical error rate for Random walk: 0.00442 ± 0.0002098 (stderr)
Logical error rate for p=0.03: 0.00442
Exploring neighbor 26/49 of iteration 1/1...
Hx, Hz, Lx, Lz: (768, 1600), (768, 1600), (64, 1600), (64, 1600)
BP max iterations: 160, OSD order: 2, MS scaling factor: 0.625
Decoder Random walk finished in 377.76 seconds with 327 failures out of 100000 runs.
Logical error rate for Random walk: 0.00327 ± 0.0001805 (stderr)
Logical error rate for p=0.03: 0.00327
Exploring neighbor 27/49 of iteration 1/1...
Hx, Hz, Lx, Lz: (768, 1600), (768, 1600), (64, 1600), (64, 1600)
BP max iterations: 160, OSD order: 2, MS scaling factor: 0.625
Decoder Random walk finished in 353.28 seconds with 171 failures out of 100000 runs.
Logical error rate for Random walk: 0.00171 ± 0.0001307 (stderr)
Logical error rate for p=0.03: 0.00171
Exploring neighbor 28/49 of iteration 1/1...
Hx, Hz, Lx, Lz: (768, 1600), (768, 1600), (64, 1600), (64, 1600)
BP max iterations: 160, OSD order: 2, MS scaling factor: 0.625
Decoder Random walk finished in 360.67 seconds with 188 failures out of 100000 runs.
Logical error rate for Random walk: 0.00188 ± 0.0001370 (stderr)
Logical error rate for p=0.03: 0.00188
Exploring neighbor 29/49 of iteration 1/1...
Hx, Hz, Lx, Lz: (768, 1600), (768, 1600), (64, 1600), (64, 1600)
BP max iterations: 160, OSD order: 2, MS scaling factor: 0.625
Decoder Random walk finished in 357.43 seconds with 173 failures out of 100000 runs.
Logical error rate for Random walk: 0.00173 ± 0.0001314 (stderr)
Logical error rate for p=0.03: 0.00173
Exploring neighbor 30/49 of iteration 1/1...
Hx, Hz, Lx, Lz: (768, 1600), (768, 1600), (64, 1600), (64, 1600)
BP max iterations: 160, OSD order: 2, MS scaling factor: 0.625
Decoder Random walk finished in 389.66 seconds with 192 failures out of 100000 runs.
Logical error rate for Random walk: 0.00192 ± 0.0001384 (stderr)
Logical error rate for p=0.03: 0.00192
Exploring neighbor 31/49 of iteration 1/1...
Hx, Hz, Lx, Lz: (768, 1600), (768, 1600), (64, 1600), (64, 1600)
BP max iterations: 160, OSD order: 2, MS scaling factor: 0.625
Decoder Random walk finished in 379.81 seconds with 1227 failures out of 100000 runs.
Logical error rate for Random walk: 0.01227 ± 0.0003481 (stderr)
Logical error rate for p=0.03: 0.01227
Exploring neighbor 32/49 of iteration 1/1...
Hx, Hz, Lx, Lz: (768, 1600), (768, 1600), (64, 1600), (64, 1600)
BP max iterations: 160, OSD order: 2, MS scaling factor: 0.625
Decoder Random walk finished in 354.97 seconds with 247 failures out of 100000 runs.
Logical error rate for Random walk: 0.00247 ± 0.0001570 (stderr)
Logical error rate for p=0.03: 0.00247
Exploring neighbor 33/49 of iteration 1/1...
Hx, Hz, Lx, Lz: (768, 1600), (768, 1600), (64, 1600), (64, 1600)
BP max iterations: 160, OSD order: 2, MS scaling factor: 0.625
Decoder Random walk finished in 383.20 seconds with 339 failures out of 100000 runs.
Logical error rate for Random walk: 0.00339 ± 0.0001838 (stderr)
Logical error rate for p=0.03: 0.00339
Exploring neighbor 34/49 of iteration 1/1...
Hx, Hz, Lx, Lz: (768, 1600), (768, 1600), (64, 1600), (64, 1600)
BP max iterations: 160, OSD order: 2, MS scaling factor: 0.625
Decoder Random walk finished in 401.29 seconds with 225 failures out of 100000 runs.
Logical error rate for Random walk: 0.00225 ± 0.0001498 (stderr)
Logical error rate for p=0.03: 0.00225
Exploring neighbor 35/49 of iteration 1/1...
Hx, Hz, Lx, Lz: (768, 1600), (768, 1600), (64, 1600), (64, 1600)
BP max iterations: 160, OSD order: 2, MS scaling factor: 0.625
Decoder Random walk finished in 353.54 seconds with 154 failures out of 100000 runs.
Logical error rate for Random walk: 0.00154 ± 0.0001240 (stderr)
Logical error rate for p=0.03: 0.00154
Found minimum in neighbor 35/49 of iteration 1/1: 0.001540
Exploring neighbor 36/49 of iteration 1/1...
Hx, Hz, Lx, Lz: (768, 1600), (768, 1600), (64, 1600), (64, 1600)
BP max iterations: 160, OSD order: 2, MS scaling factor: 0.625
Decoder Random walk finished in 350.59 seconds with 346 failures out of 100000 runs.
Logical error rate for Random walk: 0.00346 ± 0.0001857 (stderr)
Logical error rate for p=0.03: 0.00346
Exploring neighbor 37/49 of iteration 1/1...
Hx, Hz, Lx, Lz: (768, 1600), (768, 1600), (64, 1600), (64, 1600)
BP max iterations: 160, OSD order: 2, MS scaling factor: 0.625
Decoder Random walk finished in 352.57 seconds with 163 failures out of 100000 runs.
Logical error rate for Random walk: 0.00163 ± 0.0001276 (stderr)
Logical error rate for p=0.03: 0.00163
Exploring neighbor 38/49 of iteration 1/1...
Hx, Hz, Lx, Lz: (768, 1600), (768, 1600), (64, 1600), (64, 1600)
BP max iterations: 160, OSD order: 2, MS scaling factor: 0.625
Decoder Random walk finished in 353.25 seconds with 194 failures out of 100000 runs.
Logical error rate for Random walk: 0.00194 ± 0.0001391 (stderr)
Logical error rate for p=0.03: 0.00194
Exploring neighbor 39/49 of iteration 1/1...
Hx, Hz, Lx, Lz: (768, 1600), (768, 1600), (64, 1600), (64, 1600)
BP max iterations: 160, OSD order: 2, MS scaling factor: 0.625
Decoder Random walk finished in 394.92 seconds with 431 failures out of 100000 runs.
Logical error rate for Random walk: 0.00431 ± 0.0002072 (stderr)
Logical error rate for p=0.03: 0.00431
Exploring neighbor 40/49 of iteration 1/1...
Hx, Hz, Lx, Lz: (768, 1600), (768, 1600), (64, 1600), (64, 1600)
BP max iterations: 160, OSD order: 2, MS scaling factor: 0.625
Decoder Random walk finished in 371.67 seconds with 370 failures out of 100000 runs.
Logical error rate for Random walk: 0.0037 ± 0.0001920 (stderr)
Logical error rate for p=0.03: 0.0037
Exploring neighbor 41/49 of iteration 1/1...
Hx, Hz, Lx, Lz: (768, 1600), (768, 1600), (64, 1600), (64, 1600)
BP max iterations: 160, OSD order: 2, MS scaling factor: 0.625
Decoder Random walk finished in 345.02 seconds with 270 failures out of 100000 runs.
Logical error rate for Random walk: 0.0027 ± 0.0001641 (stderr)
Logical error rate for p=0.03: 0.0027
Exploring neighbor 42/49 of iteration 1/1...
Hx, Hz, Lx, Lz: (768, 1600), (768, 1600), (64, 1600), (64, 1600)
BP max iterations: 160, OSD order: 2, MS scaling factor: 0.625
Decoder Random walk finished in 351.32 seconds with 1088 failures out of 100000 runs.
Logical error rate for Random walk: 0.01088 ± 0.0003281 (stderr)
Logical error rate for p=0.03: 0.01088
Exploring neighbor 43/49 of iteration 1/1...
Hx, Hz, Lx, Lz: (768, 1600), (768, 1600), (64, 1600), (64, 1600)
BP max iterations: 160, OSD order: 2, MS scaling factor: 0.625
Decoder Random walk finished in 388.43 seconds with 171 failures out of 100000 runs.
Logical error rate for Random walk: 0.00171 ± 0.0001307 (stderr)
Logical error rate for p=0.03: 0.00171
Exploring neighbor 44/49 of iteration 1/1...
Hx, Hz, Lx, Lz: (768, 1600), (768, 1600), (64, 1600), (64, 1600)
BP max iterations: 160, OSD order: 2, MS scaling factor: 0.625
Decoder Random walk finished in 519.99 seconds with 8409 failures out of 100000 runs.
Logical error rate for Random walk: 0.08409 ± 0.0008776 (stderr)
Logical error rate for p=0.03: 0.08409
Exploring neighbor 45/49 of iteration 1/1...
Hx, Hz, Lx, Lz: (768, 1600), (768, 1600), (64, 1600), (64, 1600)
BP max iterations: 160, OSD order: 2, MS scaling factor: 0.625
Decoder Random walk finished in 357.46 seconds with 1873 failures out of 100000 runs.
Logical error rate for Random walk: 0.01873 ± 0.0004287 (stderr)
Logical error rate for p=0.03: 0.01873
Exploring neighbor 46/49 of iteration 1/1...
Hx, Hz, Lx, Lz: (768, 1600), (768, 1600), (64, 1600), (64, 1600)
BP max iterations: 160, OSD order: 2, MS scaling factor: 0.625
Decoder Random walk finished in 369.15 seconds with 192 failures out of 100000 runs.
Logical error rate for Random walk: 0.00192 ± 0.0001384 (stderr)
Logical error rate for p=0.03: 0.00192
Exploring neighbor 47/49 of iteration 1/1...
Hx, Hz, Lx, Lz: (768, 1600), (768, 1600), (64, 1600), (64, 1600)
BP max iterations: 160, OSD order: 2, MS scaling factor: 0.625
Decoder Random walk finished in 366.49 seconds with 390 failures out of 100000 runs.
Logical error rate for Random walk: 0.0039 ± 0.0001971 (stderr)
Logical error rate for p=0.03: 0.0039
Exploring neighbor 48/49 of iteration 1/1...
Hx, Hz, Lx, Lz: (768, 1600), (768, 1600), (64, 1600), (64, 1600)
BP max iterations: 160, OSD order: 2, MS scaling factor: 0.625
Decoder Random walk finished in 436.52 seconds with 1310 failures out of 100000 runs.
Logical error rate for Random walk: 0.0131 ± 0.0003596 (stderr)
Logical error rate for p=0.03: 0.0131
Exploring neighbor 49/49 of iteration 1/1...
Hx, Hz, Lx, Lz: (768, 1600), (768, 1600), (64, 1600), (64, 1600)
BP max iterations: 160, OSD order: 2, MS scaling factor: 0.625
Decoder Random walk finished in 365.76 seconds with 324 failures out of 100000 runs.
Logical error rate for Random walk: 0.00324 ± 0.0001797 (stderr)
Logical error rate for p=0.03: 0.00324
Minimum cost found: 0.001540 in state [ 0 24  0 30  0 32  0 39  1 24  1 33  1 37  1 48  1 55  2 24  2 34  2 41
  2 50  3 25  3 32  3 42  3 50  3 55  4 25  4 35  4 41  4 51  5 25  5 36
  5 43  5 48  6 26  6 32  6 44  6 51  7 26  7 40  7 40  7 52  8 26  8 38
  8 41  8 53  9 27  9 33  9 42  9 52 10 35 10 44 10 46 10 53 11 27 11 37
 11 43 11 49 12 28 12 33 12 51 12 52 13 28 13 28 13 44 13 50 14 27 14 38
 14 45 14 49 15 29 15 34 15 42 15 46 16 29 16 36 16 36 16 47 17 29 17 37
 17 45 17 54 18 30 18 34 18 43 18 54 19 38 19 47 19 49 19 55 20 30 20 39
 20 45 21 31 21 35 21 46 21 54 22 31 22 39 22 48 22 53 23 31 23 40 23 47]
Average decoding runtime per state: 369.288016 seconds
Random exploration finished in 18641.27 seconds.
Results saved to optimization/results/neighbors_of_best_state_from_random_walk_N50_under_erasure_channel_2nd.hdf5 for code family [1600,64].
