C = 0, N = 50, L = 1, p = 0.03
Minimum logical error rate found in state 1871 with value 0.0091
Exploring code family [625,25] with 50 neighbors and 1 iterations.
Hx, Hz, Lx, Lz: (300, 625), (300, 625), (25, 625), (25, 625)
BP max iterations: 62, OSD order: 2, MS scaling factor: 0.625
Decoder Random walk finished in 76.57 seconds with 476 failures out of 100000 runs.
Logical error rate for Random walk: 0.00476 ± 0.0002177 (stderr)
Logical error rate for p=0.03: 0.00476
Iteration 1/1: cost of current state = 0.004760, decoding time = 76.569841 seconds
Found minimum in iteration 1/1: 0.004760 in chosen state
Exploring neighbor 1/49 of iteration 1/1...
Hx, Hz, Lx, Lz: (300, 625), (300, 625), (25, 625), (25, 625)
BP max iterations: 62, OSD order: 2, MS scaling factor: 0.625
Decoder Random walk finished in 63.68 seconds with 541 failures out of 100000 runs.
Logical error rate for Random walk: 0.00541 ± 0.0002320 (stderr)
Logical error rate for p=0.03: 0.00541
Exploring neighbor 2/49 of iteration 1/1...
Hx, Hz, Lx, Lz: (300, 625), (300, 625), (25, 625), (25, 625)
BP max iterations: 62, OSD order: 2, MS scaling factor: 0.625
Decoder Random walk finished in 68.31 seconds with 643 failures out of 100000 runs.
Logical error rate for Random walk: 0.00643 ± 0.0002528 (stderr)
Logical error rate for p=0.03: 0.00643
Exploring neighbor 3/49 of iteration 1/1...
Hx, Hz, Lx, Lz: (300, 625), (300, 625), (25, 625), (25, 625)
BP max iterations: 62, OSD order: 2, MS scaling factor: 0.625
Decoder Random walk finished in 81.73 seconds with 1539 failures out of 100000 runs.
Logical error rate for Random walk: 0.01539 ± 0.0003893 (stderr)
Logical error rate for p=0.03: 0.01539
Exploring neighbor 4/49 of iteration 1/1...
Hx, Hz, Lx, Lz: (300, 625), (300, 625), (25, 625), (25, 625)
BP max iterations: 62, OSD order: 2, MS scaling factor: 0.625
Decoder Random walk finished in 91.80 seconds with 1541 failures out of 100000 runs.
Logical error rate for Random walk: 0.01541 ± 0.0003895 (stderr)
Logical error rate for p=0.03: 0.01541
Exploring neighbor 5/49 of iteration 1/1...
Hx, Hz, Lx, Lz: (300, 625), (300, 625), (25, 625), (25, 625)
BP max iterations: 62, OSD order: 2, MS scaling factor: 0.625
Decoder Random walk finished in 238.34 seconds with 47009 failures out of 100000 runs.
Logical error rate for Random walk: 0.47009 ± 0.0015783 (stderr)
Logical error rate for p=0.03: 0.47009
Exploring neighbor 6/49 of iteration 1/1...
Hx, Hz, Lx, Lz: (300, 625), (300, 625), (25, 625), (25, 625)
BP max iterations: 62, OSD order: 2, MS scaling factor: 0.625
Decoder Random walk finished in 76.28 seconds with 641 failures out of 100000 runs.
Logical error rate for Random walk: 0.00641 ± 0.0002524 (stderr)
Logical error rate for p=0.03: 0.00641
Exploring neighbor 7/49 of iteration 1/1...
Hx, Hz, Lx, Lz: (300, 625), (300, 625), (25, 625), (25, 625)
BP max iterations: 62, OSD order: 2, MS scaling factor: 0.625
Decoder Random walk finished in 70.35 seconds with 608 failures out of 100000 runs.
Logical error rate for Random walk: 0.00608 ± 0.0002458 (stderr)
Logical error rate for p=0.03: 0.00608
Exploring neighbor 8/49 of iteration 1/1...
Hx, Hz, Lx, Lz: (300, 625), (300, 625), (25, 625), (25, 625)
BP max iterations: 62, OSD order: 2, MS scaling factor: 0.625
Decoder Random walk finished in 69.45 seconds with 1079 failures out of 100000 runs.
Logical error rate for Random walk: 0.01079 ± 0.0003267 (stderr)
Logical error rate for p=0.03: 0.01079
Exploring neighbor 9/49 of iteration 1/1...
Hx, Hz, Lx, Lz: (300, 625), (300, 625), (25, 625), (25, 625)
BP max iterations: 62, OSD order: 2, MS scaling factor: 0.625
Decoder Random walk finished in 75.03 seconds with 447 failures out of 100000 runs.
Logical error rate for Random walk: 0.00447 ± 0.0002110 (stderr)
Logical error rate for p=0.03: 0.00447
Found minimum in neighbor 9/49 of iteration 1/1: 0.004470
Exploring neighbor 10/49 of iteration 1/1...
Hx, Hz, Lx, Lz: (300, 625), (300, 625), (25, 625), (25, 625)
BP max iterations: 62, OSD order: 2, MS scaling factor: 0.625
Decoder Random walk finished in 72.42 seconds with 1008 failures out of 100000 runs.
Logical error rate for Random walk: 0.01008 ± 0.0003159 (stderr)
Logical error rate for p=0.03: 0.01008
Exploring neighbor 11/49 of iteration 1/1...
Hx, Hz, Lx, Lz: (300, 625), (300, 625), (25, 625), (25, 625)
BP max iterations: 62, OSD order: 2, MS scaling factor: 0.625
Decoder Random walk finished in 98.39 seconds with 6205 failures out of 100000 runs.
Logical error rate for Random walk: 0.06205 ± 0.0007629 (stderr)
Logical error rate for p=0.03: 0.06205
Exploring neighbor 12/49 of iteration 1/1...
Hx, Hz, Lx, Lz: (300, 625), (300, 625), (25, 625), (25, 625)
BP max iterations: 62, OSD order: 2, MS scaling factor: 0.625
Decoder Random walk finished in 76.24 seconds with 499 failures out of 100000 runs.
Logical error rate for Random walk: 0.00499 ± 0.0002228 (stderr)
Logical error rate for p=0.03: 0.00499
Exploring neighbor 13/49 of iteration 1/1...
Hx, Hz, Lx, Lz: (300, 625), (300, 625), (25, 625), (25, 625)
BP max iterations: 62, OSD order: 2, MS scaling factor: 0.625
Decoder Random walk finished in 71.69 seconds with 5479 failures out of 100000 runs.
Logical error rate for Random walk: 0.05479 ± 0.0007196 (stderr)
Logical error rate for p=0.03: 0.05479
Exploring neighbor 14/49 of iteration 1/1...
Hx, Hz, Lx, Lz: (300, 625), (300, 625), (25, 625), (25, 625)
BP max iterations: 62, OSD order: 2, MS scaling factor: 0.625
Decoder Random walk finished in 78.41 seconds with 410 failures out of 100000 runs.
Logical error rate for Random walk: 0.0041 ± 0.0002021 (stderr)
Logical error rate for p=0.03: 0.0041
Found minimum in neighbor 14/49 of iteration 1/1: 0.004100
Exploring neighbor 15/49 of iteration 1/1...
Hx, Hz, Lx, Lz: (300, 625), (300, 625), (25, 625), (25, 625)
BP max iterations: 62, OSD order: 2, MS scaling factor: 0.625
Decoder Random walk finished in 65.22 seconds with 924 failures out of 100000 runs.
Logical error rate for Random walk: 0.00924 ± 0.0003026 (stderr)
Logical error rate for p=0.03: 0.00924
Exploring neighbor 16/49 of iteration 1/1...
Hx, Hz, Lx, Lz: (300, 625), (300, 625), (25, 625), (25, 625)
BP max iterations: 62, OSD order: 2, MS scaling factor: 0.625
Decoder Random walk finished in 89.10 seconds with 538 failures out of 100000 runs.
Logical error rate for Random walk: 0.00538 ± 0.0002313 (stderr)
Logical error rate for p=0.03: 0.00538
Exploring neighbor 17/49 of iteration 1/1...
Hx, Hz, Lx, Lz: (300, 625), (300, 625), (25, 625), (25, 625)
BP max iterations: 62, OSD order: 2, MS scaling factor: 0.625
Decoder Random walk finished in 101.59 seconds with 1214 failures out of 100000 runs.
Logical error rate for Random walk: 0.01214 ± 0.0003463 (stderr)
Logical error rate for p=0.03: 0.01214
Exploring neighbor 18/49 of iteration 1/1...
Hx, Hz, Lx, Lz: (300, 625), (300, 625), (25, 625), (25, 625)
BP max iterations: 62, OSD order: 2, MS scaling factor: 0.625
Decoder Random walk finished in 89.90 seconds with 416 failures out of 100000 runs.
Logical error rate for Random walk: 0.00416 ± 0.0002035 (stderr)
Logical error rate for p=0.03: 0.00416
Exploring neighbor 19/49 of iteration 1/1...
Hx, Hz, Lx, Lz: (300, 625), (300, 625), (25, 625), (25, 625)
BP max iterations: 62, OSD order: 2, MS scaling factor: 0.625
Decoder Random walk finished in 72.97 seconds with 5872 failures out of 100000 runs.
Logical error rate for Random walk: 0.05872 ± 0.0007435 (stderr)
Logical error rate for p=0.03: 0.05872
Exploring neighbor 20/49 of iteration 1/1...
Hx, Hz, Lx, Lz: (300, 625), (300, 625), (25, 625), (25, 625)
BP max iterations: 62, OSD order: 2, MS scaling factor: 0.625
Decoder Random walk finished in 79.54 seconds with 507 failures out of 100000 runs.
Logical error rate for Random walk: 0.00507 ± 0.0002246 (stderr)
Logical error rate for p=0.03: 0.00507
Exploring neighbor 21/49 of iteration 1/1...
Hx, Hz, Lx, Lz: (300, 625), (300, 625), (25, 625), (25, 625)
BP max iterations: 62, OSD order: 2, MS scaling factor: 0.625
Decoder Random walk finished in 77.21 seconds with 5469 failures out of 100000 runs.
Logical error rate for Random walk: 0.05469 ± 0.0007190 (stderr)
Logical error rate for p=0.03: 0.05469
Exploring neighbor 22/49 of iteration 1/1...
Hx, Hz, Lx, Lz: (300, 625), (300, 625), (25, 625), (25, 625)
BP max iterations: 62, OSD order: 2, MS scaling factor: 0.625
Decoder Random walk finished in 77.15 seconds with 1112 failures out of 100000 runs.
Logical error rate for Random walk: 0.01112 ± 0.0003316 (stderr)
Logical error rate for p=0.03: 0.01112
Exploring neighbor 23/49 of iteration 1/1...
Hx, Hz, Lx, Lz: (300, 625), (300, 625), (25, 625), (25, 625)
BP max iterations: 62, OSD order: 2, MS scaling factor: 0.625
Decoder Random walk finished in 75.64 seconds with 1011 failures out of 100000 runs.
Logical error rate for Random walk: 0.01011 ± 0.0003164 (stderr)
Logical error rate for p=0.03: 0.01011
Exploring neighbor 24/49 of iteration 1/1...
Hx, Hz, Lx, Lz: (300, 625), (300, 625), (25, 625), (25, 625)
BP max iterations: 62, OSD order: 2, MS scaling factor: 0.625
Decoder Random walk finished in 65.42 seconds with 1102 failures out of 100000 runs.
Logical error rate for Random walk: 0.01102 ± 0.0003301 (stderr)
Logical error rate for p=0.03: 0.01102
Exploring neighbor 25/49 of iteration 1/1...
Hx, Hz, Lx, Lz: (300, 625), (300, 625), (25, 625), (25, 625)
BP max iterations: 62, OSD order: 2, MS scaling factor: 0.625
Decoder Random walk finished in 86.64 seconds with 1701 failures out of 100000 runs.
Logical error rate for Random walk: 0.01701 ± 0.0004089 (stderr)
Logical error rate for p=0.03: 0.01701
Exploring neighbor 26/49 of iteration 1/1...
Hx, Hz, Lx, Lz: (300, 625), (300, 625), (25, 625), (25, 625)
BP max iterations: 62, OSD order: 2, MS scaling factor: 0.625
Decoder Random walk finished in 77.83 seconds with 5613 failures out of 100000 runs.
Logical error rate for Random walk: 0.05613 ± 0.0007279 (stderr)
Logical error rate for p=0.03: 0.05613
Exploring neighbor 27/49 of iteration 1/1...
Hx, Hz, Lx, Lz: (300, 625), (300, 625), (25, 625), (25, 625)
BP max iterations: 62, OSD order: 2, MS scaling factor: 0.625
Decoder Random walk finished in 76.60 seconds with 1523 failures out of 100000 runs.
Logical error rate for Random walk: 0.01523 ± 0.0003873 (stderr)
Logical error rate for p=0.03: 0.01523
Exploring neighbor 28/49 of iteration 1/1...
Hx, Hz, Lx, Lz: (300, 625), (300, 625), (25, 625), (25, 625)
BP max iterations: 62, OSD order: 2, MS scaling factor: 0.625
Decoder Random walk finished in 77.05 seconds with 448 failures out of 100000 runs.
Logical error rate for Random walk: 0.00448 ± 0.0002112 (stderr)
Logical error rate for p=0.03: 0.00448
Exploring neighbor 29/49 of iteration 1/1...
Hx, Hz, Lx, Lz: (300, 625), (300, 625), (25, 625), (25, 625)
BP max iterations: 62, OSD order: 2, MS scaling factor: 0.625
Decoder Random walk finished in 91.46 seconds with 9933 failures out of 100000 runs.
Logical error rate for Random walk: 0.09933 ± 0.0009459 (stderr)
Logical error rate for p=0.03: 0.09933
Exploring neighbor 30/49 of iteration 1/1...
Hx, Hz, Lx, Lz: (300, 625), (300, 625), (25, 625), (25, 625)
BP max iterations: 62, OSD order: 2, MS scaling factor: 0.625
Decoder Random walk finished in 69.90 seconds with 630 failures out of 100000 runs.
Logical error rate for Random walk: 0.0063 ± 0.0002502 (stderr)
Logical error rate for p=0.03: 0.0063
Exploring neighbor 31/49 of iteration 1/1...
Hx, Hz, Lx, Lz: (300, 625), (300, 625), (25, 625), (25, 625)
BP max iterations: 62, OSD order: 2, MS scaling factor: 0.625
Decoder Random walk finished in 76.07 seconds with 422 failures out of 100000 runs.
Logical error rate for Random walk: 0.00422 ± 0.0002050 (stderr)
Logical error rate for p=0.03: 0.00422
Exploring neighbor 32/49 of iteration 1/1...
Hx, Hz, Lx, Lz: (300, 625), (300, 625), (25, 625), (25, 625)
BP max iterations: 62, OSD order: 2, MS scaling factor: 0.625
Decoder Random walk finished in 78.83 seconds with 1003 failures out of 100000 runs.
Logical error rate for Random walk: 0.01003 ± 0.0003151 (stderr)
Logical error rate for p=0.03: 0.01003
Exploring neighbor 33/49 of iteration 1/1...
Hx, Hz, Lx, Lz: (300, 625), (300, 625), (25, 625), (25, 625)
BP max iterations: 62, OSD order: 2, MS scaling factor: 0.625
Decoder Random walk finished in 80.72 seconds with 389 failures out of 100000 runs.
Logical error rate for Random walk: 0.00389 ± 0.0001968 (stderr)
Logical error rate for p=0.03: 0.00389
Found minimum in neighbor 33/49 of iteration 1/1: 0.003890
Exploring neighbor 34/49 of iteration 1/1...
Hx, Hz, Lx, Lz: (300, 625), (300, 625), (25, 625), (25, 625)
BP max iterations: 62, OSD order: 2, MS scaling factor: 0.625
Decoder Random walk finished in 78.41 seconds with 1034 failures out of 100000 runs.
Logical error rate for Random walk: 0.01034 ± 0.0003199 (stderr)
Logical error rate for p=0.03: 0.01034
Exploring neighbor 35/49 of iteration 1/1...
Hx, Hz, Lx, Lz: (300, 625), (300, 625), (25, 625), (25, 625)
BP max iterations: 62, OSD order: 2, MS scaling factor: 0.625
Decoder Random walk finished in 76.44 seconds with 6193 failures out of 100000 runs.
Logical error rate for Random walk: 0.06193 ± 0.0007622 (stderr)
Logical error rate for p=0.03: 0.06193
Exploring neighbor 36/49 of iteration 1/1...
Hx, Hz, Lx, Lz: (300, 625), (300, 625), (25, 625), (25, 625)
BP max iterations: 62, OSD order: 2, MS scaling factor: 0.625
Decoder Random walk finished in 80.79 seconds with 686 failures out of 100000 runs.
Logical error rate for Random walk: 0.00686 ± 0.0002610 (stderr)
Logical error rate for p=0.03: 0.00686
Exploring neighbor 37/49 of iteration 1/1...
Hx, Hz, Lx, Lz: (300, 625), (300, 625), (25, 625), (25, 625)
BP max iterations: 62, OSD order: 2, MS scaling factor: 0.625
Decoder Random walk finished in 84.84 seconds with 1537 failures out of 100000 runs.
Logical error rate for Random walk: 0.01537 ± 0.0003890 (stderr)
Logical error rate for p=0.03: 0.01537
Exploring neighbor 38/49 of iteration 1/1...
Hx, Hz, Lx, Lz: (300, 625), (300, 625), (25, 625), (25, 625)
BP max iterations: 62, OSD order: 2, MS scaling factor: 0.625
Decoder Random walk finished in 71.42 seconds with 1001 failures out of 100000 runs.
Logical error rate for Random walk: 0.01001 ± 0.0003148 (stderr)
Logical error rate for p=0.03: 0.01001
Exploring neighbor 39/49 of iteration 1/1...
Hx, Hz, Lx, Lz: (300, 625), (300, 625), (25, 625), (25, 625)
BP max iterations: 62, OSD order: 2, MS scaling factor: 0.625
Decoder Random walk finished in 92.83 seconds with 1052 failures out of 100000 runs.
Logical error rate for Random walk: 0.01052 ± 0.0003226 (stderr)
Logical error rate for p=0.03: 0.01052
Exploring neighbor 40/49 of iteration 1/1...
Hx, Hz, Lx, Lz: (300, 625), (300, 625), (25, 625), (25, 625)
BP max iterations: 62, OSD order: 2, MS scaling factor: 0.625
Decoder Random walk finished in 67.40 seconds with 912 failures out of 100000 runs.
Logical error rate for Random walk: 0.00912 ± 0.0003006 (stderr)
Logical error rate for p=0.03: 0.00912
Exploring neighbor 41/49 of iteration 1/1...
Hx, Hz, Lx, Lz: (300, 625), (300, 625), (25, 625), (25, 625)
BP max iterations: 62, OSD order: 2, MS scaling factor: 0.625
Decoder Random walk finished in 88.36 seconds with 1237 failures out of 100000 runs.
Logical error rate for Random walk: 0.01237 ± 0.0003495 (stderr)
Logical error rate for p=0.03: 0.01237
Exploring neighbor 42/49 of iteration 1/1...
Hx, Hz, Lx, Lz: (300, 625), (300, 625), (25, 625), (25, 625)
BP max iterations: 62, OSD order: 2, MS scaling factor: 0.625
Decoder Random walk finished in 78.97 seconds with 450 failures out of 100000 runs.
Logical error rate for Random walk: 0.0045 ± 0.0002117 (stderr)
Logical error rate for p=0.03: 0.0045
Exploring neighbor 43/49 of iteration 1/1...
Hx, Hz, Lx, Lz: (300, 625), (300, 625), (25, 625), (25, 625)
BP max iterations: 62, OSD order: 2, MS scaling factor: 0.625
Decoder Random walk finished in 228.69 seconds with 45397 failures out of 100000 runs.
Logical error rate for Random walk: 0.45397 ± 0.0015744 (stderr)
Logical error rate for p=0.03: 0.45397
Exploring neighbor 44/49 of iteration 1/1...
Hx, Hz, Lx, Lz: (300, 625), (300, 625), (25, 625), (25, 625)
BP max iterations: 62, OSD order: 2, MS scaling factor: 0.625
Decoder Random walk finished in 79.87 seconds with 1036 failures out of 100000 runs.
Logical error rate for Random walk: 0.01036 ± 0.0003202 (stderr)
Logical error rate for p=0.03: 0.01036
Exploring neighbor 45/49 of iteration 1/1...
Hx, Hz, Lx, Lz: (300, 625), (300, 625), (25, 625), (25, 625)
BP max iterations: 62, OSD order: 2, MS scaling factor: 0.625
Decoder Random walk finished in 73.12 seconds with 585 failures out of 100000 runs.
Logical error rate for Random walk: 0.00585 ± 0.0002412 (stderr)
Logical error rate for p=0.03: 0.00585
Exploring neighbor 46/49 of iteration 1/1...
Hx, Hz, Lx, Lz: (300, 625), (300, 625), (25, 625), (25, 625)
BP max iterations: 62, OSD order: 2, MS scaling factor: 0.625
Decoder Random walk finished in 75.95 seconds with 599 failures out of 100000 runs.
Logical error rate for Random walk: 0.00599 ± 0.0002440 (stderr)
Logical error rate for p=0.03: 0.00599
Exploring neighbor 47/49 of iteration 1/1...
Hx, Hz, Lx, Lz: (300, 625), (300, 625), (25, 625), (25, 625)
BP max iterations: 62, OSD order: 2, MS scaling factor: 0.625
Decoder Random walk finished in 77.55 seconds with 445 failures out of 100000 runs.
Logical error rate for Random walk: 0.00445 ± 0.0002105 (stderr)
Logical error rate for p=0.03: 0.00445
Exploring neighbor 48/49 of iteration 1/1...
Hx, Hz, Lx, Lz: (300, 625), (300, 625), (25, 625), (25, 625)
BP max iterations: 62, OSD order: 2, MS scaling factor: 0.625
Decoder Random walk finished in 86.35 seconds with 1542 failures out of 100000 runs.
Logical error rate for Random walk: 0.01542 ± 0.0003896 (stderr)
Logical error rate for p=0.03: 0.01542
Exploring neighbor 49/49 of iteration 1/1...
Hx, Hz, Lx, Lz: (300, 625), (300, 625), (25, 625), (25, 625)
BP max iterations: 62, OSD order: 2, MS scaling factor: 0.625
Decoder Random walk finished in 76.84 seconds with 411 failures out of 100000 runs.
Logical error rate for Random walk: 0.00411 ± 0.0002023 (stderr)
Logical error rate for p=0.03: 0.00411
Minimum cost found: 0.003890 in state [ 0 19  0 22  0 29  0 33  1 19  1 24  1 25  1 28  2 18  2 18  2 19  2 31
  2 32  3 15  3 16  3 22  3 34  4 26  4 26  4 30  4 34  5 16  5 22  5 24
  5 27  6 20  6 28  6 29  6 29  7 18  7 25  7 31  7 33  8 17  8 17  8 20
  8 25  9 21  9 26  9 32  9 34 10 15 10 23 10 30 10 33 11 16 11 20 11 21
 11 28 12 23 12 27 12 30 12 32 13 21 13 24 13 27 13 31 14 15 14 17 14 23]
Average decoding runtime per state: 84.707081 seconds
Random exploration finished in 4264.92 seconds.
Results saved to optimization/results/neighbors_of_best_state_from_random_walk_N50_under_erasure_channel.hdf5 for code family [625,25].
