C = 0, N = 50, L = 1, p = 0.03
Minimum logical error rate found in state 33 with value 0.00389
Exploring code family [625,25] with 50 neighbors and 1 iterations.
Hx, Hz, Lx, Lz: (300, 625), (300, 625), (25, 625), (25, 625)
BP max iterations: 62, OSD order: 2, MS scaling factor: 0.625
Decoder Random walk finished in 80.54 seconds with 418 failures out of 100000 runs.
Logical error rate for Random walk: 0.00418 ± 0.0002040 (stderr)
Logical error rate for p=0.03: 0.00418
Iteration 1/1: cost of current state = 0.004180, decoding time = 80.539501 seconds
Found minimum in iteration 1/1: 0.004180 in chosen state
Exploring neighbor 1/49 of iteration 1/1...
Hx, Hz, Lx, Lz: (300, 625), (300, 625), (25, 625), (25, 625)
BP max iterations: 62, OSD order: 2, MS scaling factor: 0.625
Decoder Random walk finished in 80.01 seconds with 393 failures out of 100000 runs.
Logical error rate for Random walk: 0.00393 ± 0.0001979 (stderr)
Logical error rate for p=0.03: 0.00393
Found minimum in neighbor 1/49 of iteration 1/1: 0.003930
Exploring neighbor 2/49 of iteration 1/1...
Hx, Hz, Lx, Lz: (300, 625), (300, 625), (25, 625), (25, 625)
BP max iterations: 62, OSD order: 2, MS scaling factor: 0.625
Decoder Random walk finished in 81.37 seconds with 408 failures out of 100000 runs.
Logical error rate for Random walk: 0.00408 ± 0.0002016 (stderr)
Logical error rate for p=0.03: 0.00408
Exploring neighbor 3/49 of iteration 1/1...
Hx, Hz, Lx, Lz: (300, 625), (300, 625), (25, 625), (25, 625)
BP max iterations: 62, OSD order: 2, MS scaling factor: 0.625
Decoder Random walk finished in 88.24 seconds with 421 failures out of 100000 runs.
Logical error rate for Random walk: 0.00421 ± 0.0002048 (stderr)
Logical error rate for p=0.03: 0.00421
Exploring neighbor 4/49 of iteration 1/1...
Hx, Hz, Lx, Lz: (300, 625), (300, 625), (25, 625), (25, 625)
BP max iterations: 62, OSD order: 2, MS scaling factor: 0.625
Decoder Random walk finished in 80.04 seconds with 6553 failures out of 100000 runs.
Logical error rate for Random walk: 0.06553 ± 0.0007825 (stderr)
Logical error rate for p=0.03: 0.06553
Exploring neighbor 5/49 of iteration 1/1...
Hx, Hz, Lx, Lz: (300, 625), (300, 625), (25, 625), (25, 625)
BP max iterations: 62, OSD order: 2, MS scaling factor: 0.625
Decoder Random walk finished in 71.38 seconds with 6604 failures out of 100000 runs.
Logical error rate for Random walk: 0.06604 ± 0.0007854 (stderr)
Logical error rate for p=0.03: 0.06604
Exploring neighbor 6/49 of iteration 1/1...
Hx, Hz, Lx, Lz: (300, 625), (300, 625), (25, 625), (25, 625)
BP max iterations: 62, OSD order: 2, MS scaling factor: 0.625
Decoder Random walk finished in 97.43 seconds with 5878 failures out of 100000 runs.
Logical error rate for Random walk: 0.05878 ± 0.0007438 (stderr)
Logical error rate for p=0.03: 0.05878
Exploring neighbor 7/49 of iteration 1/1...
Hx, Hz, Lx, Lz: (300, 625), (300, 625), (25, 625), (25, 625)
BP max iterations: 62, OSD order: 2, MS scaling factor: 0.625
Decoder Random walk finished in 69.88 seconds with 467 failures out of 100000 runs.
Logical error rate for Random walk: 0.00467 ± 0.0002156 (stderr)
Logical error rate for p=0.03: 0.00467
Exploring neighbor 8/49 of iteration 1/1...
Hx, Hz, Lx, Lz: (300, 625), (300, 625), (25, 625), (25, 625)
BP max iterations: 62, OSD order: 2, MS scaling factor: 0.625
Decoder Random walk finished in 96.61 seconds with 1525 failures out of 100000 runs.
Logical error rate for Random walk: 0.01525 ± 0.0003875 (stderr)
Logical error rate for p=0.03: 0.01525
Exploring neighbor 9/49 of iteration 1/1...
Hx, Hz, Lx, Lz: (300, 625), (300, 625), (25, 625), (25, 625)
BP max iterations: 62, OSD order: 2, MS scaling factor: 0.625
Decoder Random walk finished in 80.64 seconds with 907 failures out of 100000 runs.
Logical error rate for Random walk: 0.00907 ± 0.0002998 (stderr)
Logical error rate for p=0.03: 0.00907
Exploring neighbor 10/49 of iteration 1/1...
Hx, Hz, Lx, Lz: (300, 625), (300, 625), (25, 625), (25, 625)
BP max iterations: 62, OSD order: 2, MS scaling factor: 0.625
Decoder Random walk finished in 85.82 seconds with 601 failures out of 100000 runs.
Logical error rate for Random walk: 0.00601 ± 0.0002444 (stderr)
Logical error rate for p=0.03: 0.00601
Exploring neighbor 11/49 of iteration 1/1...
Hx, Hz, Lx, Lz: (300, 625), (300, 625), (25, 625), (25, 625)
BP max iterations: 62, OSD order: 2, MS scaling factor: 0.625
Decoder Random walk finished in 77.75 seconds with 1036 failures out of 100000 runs.
Logical error rate for Random walk: 0.01036 ± 0.0003202 (stderr)
Logical error rate for p=0.03: 0.01036
Exploring neighbor 12/49 of iteration 1/1...
Hx, Hz, Lx, Lz: (300, 625), (300, 625), (25, 625), (25, 625)
BP max iterations: 62, OSD order: 2, MS scaling factor: 0.625
Decoder Random walk finished in 90.92 seconds with 398 failures out of 100000 runs.
Logical error rate for Random walk: 0.00398 ± 0.0001991 (stderr)
Logical error rate for p=0.03: 0.00398
Exploring neighbor 13/49 of iteration 1/1...
Hx, Hz, Lx, Lz: (300, 625), (300, 625), (25, 625), (25, 625)
BP max iterations: 62, OSD order: 2, MS scaling factor: 0.625
Decoder Random walk finished in 83.86 seconds with 1006 failures out of 100000 runs.
Logical error rate for Random walk: 0.01006 ± 0.0003156 (stderr)
Logical error rate for p=0.03: 0.01006
Exploring neighbor 14/49 of iteration 1/1...
Hx, Hz, Lx, Lz: (300, 625), (300, 625), (25, 625), (25, 625)
BP max iterations: 62, OSD order: 2, MS scaling factor: 0.625
Decoder Random walk finished in 83.39 seconds with 1023 failures out of 100000 runs.
Logical error rate for Random walk: 0.01023 ± 0.0003182 (stderr)
Logical error rate for p=0.03: 0.01023
Exploring neighbor 15/49 of iteration 1/1...
Hx, Hz, Lx, Lz: (300, 625), (300, 625), (25, 625), (25, 625)
BP max iterations: 62, OSD order: 2, MS scaling factor: 0.625
Decoder Random walk finished in 81.53 seconds with 371 failures out of 100000 runs.
Logical error rate for Random walk: 0.00371 ± 0.0001923 (stderr)
Logical error rate for p=0.03: 0.00371
Found minimum in neighbor 15/49 of iteration 1/1: 0.003710
Exploring neighbor 16/49 of iteration 1/1...
Hx, Hz, Lx, Lz: (300, 625), (300, 625), (25, 625), (25, 625)
BP max iterations: 62, OSD order: 2, MS scaling factor: 0.625
Decoder Random walk finished in 76.14 seconds with 954 failures out of 100000 runs.
Logical error rate for Random walk: 0.00954 ± 0.0003074 (stderr)
Logical error rate for p=0.03: 0.00954
Exploring neighbor 17/49 of iteration 1/1...
Hx, Hz, Lx, Lz: (300, 625), (300, 625), (25, 625), (25, 625)
BP max iterations: 62, OSD order: 2, MS scaling factor: 0.625
Decoder Random walk finished in 70.16 seconds with 565 failures out of 100000 runs.
Logical error rate for Random walk: 0.00565 ± 0.0002370 (stderr)
Logical error rate for p=0.03: 0.00565
Exploring neighbor 18/49 of iteration 1/1...
Hx, Hz, Lx, Lz: (300, 625), (300, 625), (25, 625), (25, 625)
BP max iterations: 62, OSD order: 2, MS scaling factor: 0.625
Decoder Random walk finished in 105.69 seconds with 1470 failures out of 100000 runs.
Logical error rate for Random walk: 0.0147 ± 0.0003806 (stderr)
Logical error rate for p=0.03: 0.0147
Exploring neighbor 19/49 of iteration 1/1...
Hx, Hz, Lx, Lz: (300, 625), (300, 625), (25, 625), (25, 625)
BP max iterations: 62, OSD order: 2, MS scaling factor: 0.625
Decoder Random walk finished in 85.87 seconds with 513 failures out of 100000 runs.
Logical error rate for Random walk: 0.00513 ± 0.0002259 (stderr)
Logical error rate for p=0.03: 0.00513
Exploring neighbor 20/49 of iteration 1/1...
Hx, Hz, Lx, Lz: (300, 625), (300, 625), (25, 625), (25, 625)
BP max iterations: 62, OSD order: 2, MS scaling factor: 0.625
Decoder Random walk finished in 70.76 seconds with 542 failures out of 100000 runs.
Logical error rate for Random walk: 0.00542 ± 0.0002322 (stderr)
Logical error rate for p=0.03: 0.00542
Exploring neighbor 21/49 of iteration 1/1...
Hx, Hz, Lx, Lz: (300, 625), (300, 625), (25, 625), (25, 625)
BP max iterations: 62, OSD order: 2, MS scaling factor: 0.625
Decoder Random walk finished in 82.49 seconds with 1032 failures out of 100000 runs.
Logical error rate for Random walk: 0.01032 ± 0.0003196 (stderr)
Logical error rate for p=0.03: 0.01032
Exploring neighbor 22/49 of iteration 1/1...
Hx, Hz, Lx, Lz: (300, 625), (300, 625), (25, 625), (25, 625)
BP max iterations: 62, OSD order: 2, MS scaling factor: 0.625
Decoder Random walk finished in 80.62 seconds with 387 failures out of 100000 runs.
Logical error rate for Random walk: 0.00387 ± 0.0001963 (stderr)
Logical error rate for p=0.03: 0.00387
Exploring neighbor 23/49 of iteration 1/1...
Hx, Hz, Lx, Lz: (300, 625), (300, 625), (25, 625), (25, 625)
BP max iterations: 62, OSD order: 2, MS scaling factor: 0.625
Decoder Random walk finished in 80.50 seconds with 524 failures out of 100000 runs.
Logical error rate for Random walk: 0.00524 ± 0.0002283 (stderr)
Logical error rate for p=0.03: 0.00524
Exploring neighbor 24/49 of iteration 1/1...
Hx, Hz, Lx, Lz: (300, 625), (300, 625), (25, 625), (25, 625)
BP max iterations: 62, OSD order: 2, MS scaling factor: 0.625
Decoder Random walk finished in 107.08 seconds with 562 failures out of 100000 runs.
Logical error rate for Random walk: 0.00562 ± 0.0002364 (stderr)
Logical error rate for p=0.03: 0.00562
Exploring neighbor 25/49 of iteration 1/1...
Hx, Hz, Lx, Lz: (300, 625), (300, 625), (25, 625), (25, 625)
BP max iterations: 62, OSD order: 2, MS scaling factor: 0.625
Decoder Random walk finished in 84.32 seconds with 1205 failures out of 100000 runs.
Logical error rate for Random walk: 0.01205 ± 0.0003450 (stderr)
Logical error rate for p=0.03: 0.01205
Exploring neighbor 26/49 of iteration 1/1...
Hx, Hz, Lx, Lz: (300, 625), (300, 625), (25, 625), (25, 625)
BP max iterations: 62, OSD order: 2, MS scaling factor: 0.625
Decoder Random walk finished in 72.85 seconds with 944 failures out of 100000 runs.
Logical error rate for Random walk: 0.00944 ± 0.0003058 (stderr)
Logical error rate for p=0.03: 0.00944
Exploring neighbor 27/49 of iteration 1/1...
Hx, Hz, Lx, Lz: (300, 625), (300, 625), (25, 625), (25, 625)
BP max iterations: 62, OSD order: 2, MS scaling factor: 0.625
Decoder Random walk finished in 88.64 seconds with 795 failures out of 100000 runs.
Logical error rate for Random walk: 0.00795 ± 0.0002808 (stderr)
Logical error rate for p=0.03: 0.00795
Exploring neighbor 28/49 of iteration 1/1...
Hx, Hz, Lx, Lz: (300, 625), (300, 625), (25, 625), (25, 625)
BP max iterations: 62, OSD order: 2, MS scaling factor: 0.625
Decoder Random walk finished in 85.49 seconds with 562 failures out of 100000 runs.
Logical error rate for Random walk: 0.00562 ± 0.0002364 (stderr)
Logical error rate for p=0.03: 0.00562
Exploring neighbor 29/49 of iteration 1/1...
Hx, Hz, Lx, Lz: (300, 625), (300, 625), (25, 625), (25, 625)
BP max iterations: 62, OSD order: 2, MS scaling factor: 0.625
Decoder Random walk finished in 69.30 seconds with 1040 failures out of 100000 runs.
Logical error rate for Random walk: 0.0104 ± 0.0003208 (stderr)
Logical error rate for p=0.03: 0.0104
Exploring neighbor 30/49 of iteration 1/1...
Hx, Hz, Lx, Lz: (300, 625), (300, 625), (25, 625), (25, 625)
BP max iterations: 62, OSD order: 2, MS scaling factor: 0.625
Decoder Random walk finished in 83.52 seconds with 443 failures out of 100000 runs.
Logical error rate for Random walk: 0.00443 ± 0.0002100 (stderr)
Logical error rate for p=0.03: 0.00443
Exploring neighbor 31/49 of iteration 1/1...
Hx, Hz, Lx, Lz: (300, 625), (300, 625), (25, 625), (25, 625)
BP max iterations: 62, OSD order: 2, MS scaling factor: 0.625
Decoder Random walk finished in 91.82 seconds with 544 failures out of 100000 runs.
Logical error rate for Random walk: 0.00544 ± 0.0002326 (stderr)
Logical error rate for p=0.03: 0.00544
Exploring neighbor 32/49 of iteration 1/1...
Hx, Hz, Lx, Lz: (300, 625), (300, 625), (25, 625), (25, 625)
BP max iterations: 62, OSD order: 2, MS scaling factor: 0.625
Decoder Random walk finished in 237.76 seconds with 47700 failures out of 100000 runs.
Logical error rate for Random walk: 0.477 ± 0.0015795 (stderr)
Logical error rate for p=0.03: 0.477
Exploring neighbor 33/49 of iteration 1/1...
Hx, Hz, Lx, Lz: (300, 625), (300, 625), (25, 625), (25, 625)
BP max iterations: 62, OSD order: 2, MS scaling factor: 0.625
Decoder Random walk finished in 93.98 seconds with 957 failures out of 100000 runs.
Logical error rate for Random walk: 0.00957 ± 0.0003079 (stderr)
Logical error rate for p=0.03: 0.00957
Exploring neighbor 34/49 of iteration 1/1...
Hx, Hz, Lx, Lz: (300, 625), (300, 625), (25, 625), (25, 625)
BP max iterations: 62, OSD order: 2, MS scaling factor: 0.625
Decoder Random walk finished in 84.38 seconds with 1612 failures out of 100000 runs.
Logical error rate for Random walk: 0.01612 ± 0.0003982 (stderr)
Logical error rate for p=0.03: 0.01612
Exploring neighbor 35/49 of iteration 1/1...
Hx, Hz, Lx, Lz: (300, 625), (300, 625), (25, 625), (25, 625)
BP max iterations: 62, OSD order: 2, MS scaling factor: 0.625
Decoder Random walk finished in 76.99 seconds with 527 failures out of 100000 runs.
Logical error rate for Random walk: 0.00527 ± 0.0002290 (stderr)
Logical error rate for p=0.03: 0.00527
Exploring neighbor 36/49 of iteration 1/1...
Hx, Hz, Lx, Lz: (300, 625), (300, 625), (25, 625), (25, 625)
BP max iterations: 62, OSD order: 2, MS scaling factor: 0.625
Decoder Random walk finished in 80.99 seconds with 495 failures out of 100000 runs.
Logical error rate for Random walk: 0.00495 ± 0.0002219 (stderr)
Logical error rate for p=0.03: 0.00495
Exploring neighbor 37/49 of iteration 1/1...
Hx, Hz, Lx, Lz: (300, 625), (300, 625), (25, 625), (25, 625)
BP max iterations: 62, OSD order: 2, MS scaling factor: 0.625
Decoder Random walk finished in 92.86 seconds with 585 failures out of 100000 runs.
Logical error rate for Random walk: 0.00585 ± 0.0002412 (stderr)
Logical error rate for p=0.03: 0.00585
Exploring neighbor 38/49 of iteration 1/1...
Hx, Hz, Lx, Lz: (300, 625), (300, 625), (25, 625), (25, 625)
BP max iterations: 62, OSD order: 2, MS scaling factor: 0.625
Decoder Random walk finished in 81.90 seconds with 420 failures out of 100000 runs.
Logical error rate for Random walk: 0.0042 ± 0.0002045 (stderr)
Logical error rate for p=0.03: 0.0042
Exploring neighbor 39/49 of iteration 1/1...
Hx, Hz, Lx, Lz: (300, 625), (300, 625), (25, 625), (25, 625)
BP max iterations: 62, OSD order: 2, MS scaling factor: 0.625
Decoder Random walk finished in 89.98 seconds with 1054 failures out of 100000 runs.
Logical error rate for Random walk: 0.01054 ± 0.0003229 (stderr)
Logical error rate for p=0.03: 0.01054
Exploring neighbor 40/49 of iteration 1/1...
Hx, Hz, Lx, Lz: (300, 625), (300, 625), (25, 625), (25, 625)
BP max iterations: 62, OSD order: 2, MS scaling factor: 0.625
Decoder Random walk finished in 80.47 seconds with 1571 failures out of 100000 runs.
Logical error rate for Random walk: 0.01571 ± 0.0003932 (stderr)
Logical error rate for p=0.03: 0.01571
Exploring neighbor 41/49 of iteration 1/1...
Hx, Hz, Lx, Lz: (300, 625), (300, 625), (25, 625), (25, 625)
BP max iterations: 62, OSD order: 2, MS scaling factor: 0.625
Decoder Random walk finished in 92.55 seconds with 2067 failures out of 100000 runs.
Logical error rate for Random walk: 0.02067 ± 0.0004499 (stderr)
Logical error rate for p=0.03: 0.02067
Exploring neighbor 42/49 of iteration 1/1...
Hx, Hz, Lx, Lz: (300, 625), (300, 625), (25, 625), (25, 625)
BP max iterations: 62, OSD order: 2, MS scaling factor: 0.625
Decoder Random walk finished in 78.90 seconds with 1011 failures out of 100000 runs.
Logical error rate for Random walk: 0.01011 ± 0.0003164 (stderr)
Logical error rate for p=0.03: 0.01011
Exploring neighbor 43/49 of iteration 1/1...
Hx, Hz, Lx, Lz: (300, 625), (300, 625), (25, 625), (25, 625)
BP max iterations: 62, OSD order: 2, MS scaling factor: 0.625
Decoder Random walk finished in 86.99 seconds with 408 failures out of 100000 runs.
Logical error rate for Random walk: 0.00408 ± 0.0002016 (stderr)
Logical error rate for p=0.03: 0.00408
Exploring neighbor 44/49 of iteration 1/1...
Hx, Hz, Lx, Lz: (300, 625), (300, 625), (25, 625), (25, 625)
BP max iterations: 62, OSD order: 2, MS scaling factor: 0.625
Decoder Random walk finished in 86.03 seconds with 563 failures out of 100000 runs.
Logical error rate for Random walk: 0.00563 ± 0.0002366 (stderr)
Logical error rate for p=0.03: 0.00563
Exploring neighbor 45/49 of iteration 1/1...
Hx, Hz, Lx, Lz: (300, 625), (300, 625), (25, 625), (25, 625)
BP max iterations: 62, OSD order: 2, MS scaling factor: 0.625
Decoder Random walk finished in 94.75 seconds with 6353 failures out of 100000 runs.
Logical error rate for Random walk: 0.06353 ± 0.0007713 (stderr)
Logical error rate for p=0.03: 0.06353
Exploring neighbor 46/49 of iteration 1/1...
Hx, Hz, Lx, Lz: (300, 625), (300, 625), (25, 625), (25, 625)
BP max iterations: 62, OSD order: 2, MS scaling factor: 0.625
Decoder Random walk finished in 84.15 seconds with 1186 failures out of 100000 runs.
Logical error rate for Random walk: 0.01186 ± 0.0003423 (stderr)
Logical error rate for p=0.03: 0.01186
Exploring neighbor 47/49 of iteration 1/1...
Hx, Hz, Lx, Lz: (300, 625), (300, 625), (25, 625), (25, 625)
BP max iterations: 62, OSD order: 2, MS scaling factor: 0.625
Decoder Random walk finished in 84.78 seconds with 10274 failures out of 100000 runs.
Logical error rate for Random walk: 0.10274 ± 0.0009601 (stderr)
Logical error rate for p=0.03: 0.10274
Exploring neighbor 48/49 of iteration 1/1...
Hx, Hz, Lx, Lz: (300, 625), (300, 625), (25, 625), (25, 625)
BP max iterations: 62, OSD order: 2, MS scaling factor: 0.625
Decoder Random walk finished in 82.54 seconds with 1877 failures out of 100000 runs.
Logical error rate for Random walk: 0.01877 ± 0.0004292 (stderr)
Logical error rate for p=0.03: 0.01877
Exploring neighbor 49/49 of iteration 1/1...
Hx, Hz, Lx, Lz: (300, 625), (300, 625), (25, 625), (25, 625)
BP max iterations: 62, OSD order: 2, MS scaling factor: 0.625
Decoder Random walk finished in 76.88 seconds with 794 failures out of 100000 runs.
Logical error rate for Random walk: 0.00794 ± 0.0002807 (stderr)
Logical error rate for p=0.03: 0.00794
Minimum cost found: 0.003710 in state [ 0 19  0 22  0 29  0 33  1 19  1 24  1 25  1 28  2 18  2 18  2 19  2 31
  2 32  3 15  3 16  3 22  3 34  4 26  4 26  4 30  4 34  5 16  5 22  5 24
  5 27  6 20  6 28  6 29  6 29  7 18  7 25  7 31  7 33  8 17  8 17  8 20
  8 25  9 21  9 26  9 32  9 34 10 15 10 23 10 30 10 33 11 16 11 20 11 21
 11 28 12 23 12 27 12 30 12 32 13 21 13 24 13 27 13 31 14 15 14 17 14 23]
Average decoding runtime per state: 87.031766 seconds
Random exploration finished in 4380.60 seconds.
Results saved to optimization/results/neighbors_of_best_state_from_random_walk_N50_under_erasure_channel_2nd.hdf5 for code family [625,25].
