C = 0, N = 24, L = 40, p = 0.03
See neighbors of the best state found from previous random walk
Exploring code family [625,25] with 24 neighbors and 40 iterations.
Evaluating iteration 1/40...
Code parameters: n=20, k=5, d=7
Hx, Hz, Lx, Lz: (300, 625), (300, 625), (25, 625), (25, 625)
BP max iterations: 62, OSD order: 2, MS scaling factor: 0.625
Decoder Random walk finished in 61.76 seconds with 780 failures out of 100000 runs.
Logical error rate for Random walk: 0.0078 ± 0.0002782 (stderr)
Logical error rate for p=0.03: 0.0078
Iteration 1/40: cost of current state = 0.007800, decoding time = 61.760228 seconds
Found minimum in iteration 1/40: 0.007800 in chosen state
Exploring neighbor 1/23 of iteration 1/40...
Hx, Hz, Lx, Lz: (300, 625), (300, 625), (25, 625), (25, 625)
BP max iterations: 62, OSD order: 2, MS scaling factor: 0.625
Decoder Random walk finished in 71.70 seconds with 716 failures out of 100000 runs.
Logical error rate for Random walk: 0.00716 ± 0.0002666 (stderr)
Logical error rate for p=0.03: 0.00716
Found minimum in neighbor 1/23 of iteration 1/40: 0.007160
Exploring neighbor 2/23 of iteration 1/40...
Hx, Hz, Lx, Lz: (300, 625), (300, 625), (25, 625), (25, 625)
BP max iterations: 62, OSD order: 2, MS scaling factor: 0.625
