C = 0, N = 24, L = 40, p = 0.03
See neighbors of the best state found from previous random walk
Exploring code family [625,25] with 24 neighbors and 40 iterations.
Evaluating iteration 1/40...
  (0, 0)	1
  (0, 5)	1
  (0, 9)	1
  (0, 15)	1
  (1, 0)	1
  (1, 6)	1
  (1, 10)	1
  (1, 16)	1
  (2, 0)	1
  (2, 7)	1
  (2, 11)	1
  (2, 17)	1
  (3, 1)	1
  (3, 5)	1
  (3, 11)	1
  (3, 16)	1
  (4, 1)	1
  (4, 7)	1
  (4, 10)	1
  (4, 15)	1
  (5, 1)	1
  (5, 8)	1
  (5, 12)	1
  (5, 17)	1
  (6, 2)	1
  :	:
  (8, 15)	1
  (8, 16)	1
  (9, 3)	1
  (9, 6)	1
  (9, 13)	1
  (9, 17)	1
  (10, 3)	1
  (10, 8)	1
  (10, 11)	1
  (10, 18)	1
  (11, 3)	1
  (11, 9)	1
  (11, 14)	1
  (11, 19)	1
  (12, 4)	1
  (12, 6)	1
  (12, 12)	1
  (12, 19)	1
  (13, 4)	1
  (13, 9)	1
  (13, 13)	1
  (13, 18)	1
  (14, 4)	1
  (14, 10)	1
  (14, 14)	1
Code parameters: n=20, k=5, d=7
Hx, Hz, Lx, Lz: (300, 625), (300, 625), (25, 625), (25, 625)
BP max iterations: 62, OSD order: 2, MS scaling factor: 0.625
