C = 0, N = 24, L = 40, p = 0.03
Exploring code family [625,25] with 24 neighbors and 40 iterations.
Code parameters: n=20, k=5, d=6
CSS Code parameters: nx=625, kx=325, nz=625, kz=325, dx=6, dz=6
Hx, Hz, Lx, Lz: (300, 625), (300, 625), (25, 625), (25, 625)
BP max iterations: 62, OSD order: 2, MS scaling factor: 0.625
Decoder Random walk finished in 56.95 seconds with 1216 failures out of 100000 runs.
Logical error rate for Random walk: 0.01216 ± 0.0003466 (stderr)
Logical error rate for p=0.03: 0.01216
Iteration 1/40: cost of current state = 0.012160, decoding time = 56.948216 seconds
Found minimum in iteration 1/40: 0.012160 in chosen state
Exploring neighbor 1/23 of iteration 1/40...
Code parameters: n=20, k=5, d=6
CSS Code parameters: nx=625, kx=325, nz=625, kz=325, dx=8, dz=7
Hx, Hz, Lx, Lz: (300, 625), (300, 625), (25, 625), (25, 625)
BP max iterations: 62, OSD order: 2, MS scaling factor: 0.625
Decoder Random walk finished in 58.89 seconds with 1235 failures out of 100000 runs.
Logical error rate for Random walk: 0.01235 ± 0.0003493 (stderr)
Logical error rate for p=0.03: 0.01235
Exploring neighbor 2/23 of iteration 1/40...
Code parameters: n=20, k=5, d=5
CSS Code parameters: nx=625, kx=325, nz=625, kz=325, dx=8, dz=6
Hx, Hz, Lx, Lz: (300, 625), (300, 625), (25, 625), (25, 625)
BP max iterations: 62, OSD order: 2, MS scaling factor: 0.625
Decoder Random walk finished in 67.39 seconds with 1679 failures out of 100000 runs.
Logical error rate for Random walk: 0.01679 ± 0.0004063 (stderr)
Logical error rate for p=0.03: 0.01679
Exploring neighbor 3/23 of iteration 1/40...
Code parameters: n=20, k=5, d=6
CSS Code parameters: nx=625, kx=325, nz=625, kz=325, dx=6, dz=6
Hx, Hz, Lx, Lz: (300, 625), (300, 625), (25, 625), (25, 625)
BP max iterations: 62, OSD order: 2, MS scaling factor: 0.625
Decoder Random walk finished in 57.98 seconds with 1165 failures out of 100000 runs.
Logical error rate for Random walk: 0.01165 ± 0.0003393 (stderr)
Logical error rate for p=0.03: 0.01165
Found minimum in neighbor 3/23 of iteration 1/40: 0.011650
Exploring neighbor 4/23 of iteration 1/40...
Code parameters: n=20, k=5, d=6
CSS Code parameters: nx=625, kx=325, nz=625, kz=325, dx=6, dz=6
Hx, Hz, Lx, Lz: (300, 625), (300, 625), (25, 625), (25, 625)
BP max iterations: 62, OSD order: 2, MS scaling factor: 0.625
Decoder Random walk finished in 73.69 seconds with 1698 failures out of 100000 runs.
Logical error rate for Random walk: 0.01698 ± 0.0004086 (stderr)
Logical error rate for p=0.03: 0.01698
Exploring neighbor 5/23 of iteration 1/40...
Code parameters: n=20, k=5, d=6
CSS Code parameters: nx=625, kx=325, nz=625, kz=325, dx=6, dz=6
Hx, Hz, Lx, Lz: (300, 625), (300, 625), (25, 625), (25, 625)
BP max iterations: 62, OSD order: 2, MS scaling factor: 0.625
Decoder Random walk finished in 58.78 seconds with 2149 failures out of 100000 runs.
Logical error rate for Random walk: 0.02149 ± 0.0004586 (stderr)
Logical error rate for p=0.03: 0.02149
Exploring neighbor 6/23 of iteration 1/40...
Code parameters: n=20, k=5, d=6
CSS Code parameters: nx=625, kx=325, nz=625, kz=325, dx=6, dz=6
Hx, Hz, Lx, Lz: (300, 625), (300, 625), (25, 625), (25, 625)
BP max iterations: 62, OSD order: 2, MS scaling factor: 0.625
Decoder Random walk finished in 63.64 seconds with 1510 failures out of 100000 runs.
Logical error rate for Random walk: 0.0151 ± 0.0003856 (stderr)
Logical error rate for p=0.03: 0.0151
Exploring neighbor 7/23 of iteration 1/40...
Code parameters: n=20, k=5, d=8
CSS Code parameters: nx=625, kx=325, nz=625, kz=325, dx=7, dz=8
Hx, Hz, Lx, Lz: (300, 625), (300, 625), (25, 625), (25, 625)
BP max iterations: 62, OSD order: 2, MS scaling factor: 0.625
Decoder Random walk finished in 60.23 seconds with 791 failures out of 100000 runs.
Logical error rate for Random walk: 0.00791 ± 0.0002801 (stderr)
Logical error rate for p=0.03: 0.00791
Found minimum in neighbor 7/23 of iteration 1/40: 0.007910
Exploring neighbor 8/23 of iteration 1/40...
Code parameters: n=20, k=5, d=6
CSS Code parameters: nx=625, kx=325, nz=625, kz=325, dx=6, dz=6
Hx, Hz, Lx, Lz: (300, 625), (300, 625), (25, 625), (25, 625)
BP max iterations: 62, OSD order: 2, MS scaling factor: 0.625
Decoder Random walk finished in 59.99 seconds with 2142 failures out of 100000 runs.
Logical error rate for Random walk: 0.02142 ± 0.0004578 (stderr)
Logical error rate for p=0.03: 0.02142
Exploring neighbor 9/23 of iteration 1/40...
Code parameters: n=20, k=5, d=6
CSS Code parameters: nx=625, kx=325, nz=625, kz=325, dx=6, dz=6
Hx, Hz, Lx, Lz: (300, 625), (300, 625), (25, 625), (25, 625)
BP max iterations: 62, OSD order: 2, MS scaling factor: 0.625
