C = 0, N = 24, L = 40, p = 0.03
See neighbors of the best state found from previous random walk
Exploring code family [625,25] with 24 neighbors and 40 iterations.
Evaluating iteration 1/40...
Traceback (most recent call last):
  File "/Users/dayeon/data/git/optimizing-qLDPC-code/optimization/random_walk.py", line 83, in <module>
    distance = compute_code_parameters(state)
               ^^^^^^^^^^^^^^^^^^^^^^^^^^^^^^
  File "/Users/dayeon/data/git/optimizing-qLDPC-code/optimization/compute_distance.py", line 24, in compute_code_parameters
    n, k, d = ldpc.code_util.compute_code_parameters(H)
              ^^^^^^^^^^^^^^^^^^^^^^^^^^^^^^^^^^^^^^^^^
  File "/Library/Frameworks/Python.framework/Versions/3.12/lib/python3.12/site-packages/ldpc/code_util/code_util.py", line 134, in compute_code_parameters
    k = compute_code_dimension(pcm)
        ^^^^^^^^^^^^^^^^^^^^^^^^^^^
  File "/Library/Frameworks/Python.framework/Versions/3.12/lib/python3.12/site-packages/ldpc/code_util/code_util.py", line 109, in compute_code_dimension
    return pcm.shape[1] - ldpc.mod2.rank(pcm, method="dense")
                          ^^^^^^^^^^^^^^^^^^^^^^^^^^^^^^^^^^^
  File "src_python/ldpc/mod2/_mod2.pyx", line 245, in ldpc.mod2._mod2.rank
  File "src_python/ldpc/mod2/_mod2.pyx", line 159, in ldpc.mod2._mod2.Py2CscList
  File "/Library/Frameworks/Python.framework/Versions/3.12/lib/python3.12/site-packages/ldpc/helpers/scipy_helpers.py", line 45, in convert_to_binary_sparse
    raise TypeError(
TypeError: Input matrix must have dtype uint8, int8, or int, not bool
