C = 0, N = 10, L = 30, p = 0.03
Exploring code family [625,25] with 10 neighbors and 30 iterations.
Code parameters: n=20, k=5, d=6
CSS Code parameters: nx=625, kx=325, nz=625, kz=325, dx=6, dz=6
Quantum Code parameters: n=625, k=325, d=6
Hx, Hz, Lx, Lz: (300, 625), (300, 625), (25, 625), (25, 625)
BP max iterations: 62, OSD order: 2, MS scaling factor: 0.625
Decoder Random walk finished in 57.27 seconds with 1172 failures out of 100000 runs.
Logical error rate for Random walk: 0.01172 ± 0.0003403 (stderr)
Logical error rate for p=0.03: 0.01172
Iteration 1/30: cost of current state = 0.011720
Exploring neighbor 1/9 of iteration 1/30...
Code parameters: n=20, k=5, d=8
CSS Code parameters: nx=625, kx=325, nz=625, kz=325, dx=8, dz=8
Quantum Code parameters: n=625, k=325, d=8
Hx, Hz, Lx, Lz: (300, 625), (300, 625), (25, 625), (25, 625)
BP max iterations: 62, OSD order: 2, MS scaling factor: 0.625
Decoder Random walk finished in 57.16 seconds with 719 failures out of 100000 runs.
Logical error rate for Random walk: 0.00719 ± 0.0002672 (stderr)
Logical error rate for p=0.03: 0.00719
Found minimum in neighbor 1/9 of iteration 1/30: 0.007190
Traceback (most recent call last):
  File "/Users/dayeon/data/git/optimizing-qLDPC-code/optimization/random_walk_best_neighbor.py", line 218, in <module>
    grp.create_dataset("best_state", data=best_state['edge_list'])
                                          ~~~~~~~~~~^^^^^^^^^^^^^
  File "/Library/Frameworks/Python.framework/Versions/3.12/lib/python3.12/site-packages/networkx/classes/graph.py", line 522, in __getitem__
    return self.adj[n]
           ~~~~~~~~^^^
  File "/Library/Frameworks/Python.framework/Versions/3.12/lib/python3.12/site-packages/networkx/classes/coreviews.py", line 104, in __getitem__
    return AdjacencyView(self._atlas[name])
                         ~~~~~~~~~~~^^^^^^
KeyError: 'edge_list'
