C = 0, N = 24, L = 40, p = 0.03
Exploring code family [625,25] with 24 neighbors and 40 iterations.
Evaluating iteration 1/40...
Code parameters: n=20, k=5, d=6
Hx, Hz, Lx, Lz: (300, 625), (300, 625), (25, 625), (25, 625)
BP max iterations: 62, OSD order: 2, MS scaling factor: 0.625
Decoder Random walk finished in 57.97 seconds with 1160 failures out of 100000 runs.
Logical error rate for Random walk: 0.0116 ± 0.0003386 (stderr)
Logical error rate for p=0.03: 0.0116
Iteration 1/40: cost of current state = 0.011600, decoding time = 57.972972 seconds
Found minimum in iteration 1/40: 0.011600 in chosen state
Exploring neighbor 1/23 of iteration 1/40...
Code parameters: n=20, k=5, d=6
Hx, Hz, Lx, Lz: (300, 625), (300, 625), (25, 625), (25, 625)
BP max iterations: 62, OSD order: 2, MS scaling factor: 0.625
Decoder Random walk finished in 59.21 seconds with 741 failures out of 100000 runs.
Logical error rate for Random walk: 0.00741 ± 0.0002712 (stderr)
Logical error rate for p=0.03: 0.00741
Found minimum in neighbor 1/23 of iteration 1/40: 0.007410
Exploring neighbor 2/23 of iteration 1/40...
Code parameters: n=20, k=5, d=6
Hx, Hz, Lx, Lz: (300, 625), (300, 625), (25, 625), (25, 625)
BP max iterations: 62, OSD order: 2, MS scaling factor: 0.625
Decoder Random walk finished in 62.95 seconds with 1225 failures out of 100000 runs.
Logical error rate for Random walk: 0.01225 ± 0.0003479 (stderr)
Logical error rate for p=0.03: 0.01225
Exploring neighbor 3/23 of iteration 1/40...
Code parameters: n=20, k=5, d=6
Hx, Hz, Lx, Lz: (300, 625), (300, 625), (25, 625), (25, 625)
BP max iterations: 62, OSD order: 2, MS scaling factor: 0.625
Decoder Random walk finished in 68.45 seconds with 1661 failures out of 100000 runs.
Logical error rate for Random walk: 0.01661 ± 0.0004042 (stderr)
Logical error rate for p=0.03: 0.01661
Exploring neighbor 4/23 of iteration 1/40...
Code parameters: n=20, k=5, d=6
Hx, Hz, Lx, Lz: (300, 625), (300, 625), (25, 625), (25, 625)
BP max iterations: 62, OSD order: 2, MS scaling factor: 0.625
Decoder Random walk finished in 58.97 seconds with 1356 failures out of 100000 runs.
Logical error rate for Random walk: 0.01356 ± 0.0003657 (stderr)
Logical error rate for p=0.03: 0.01356
Exploring neighbor 5/23 of iteration 1/40...
Code parameters: n=20, k=5, d=6
Hx, Hz, Lx, Lz: (300, 625), (300, 625), (25, 625), (25, 625)
BP max iterations: 62, OSD order: 2, MS scaling factor: 0.625
Decoder Random walk finished in 62.56 seconds with 1188 failures out of 100000 runs.
Logical error rate for Random walk: 0.01188 ± 0.0003426 (stderr)
Logical error rate for p=0.03: 0.01188
Exploring neighbor 6/23 of iteration 1/40...
Code parameters: n=20, k=5, d=6
Hx, Hz, Lx, Lz: (300, 625), (300, 625), (25, 625), (25, 625)
BP max iterations: 62, OSD order: 2, MS scaling factor: 0.625
Decoder Random walk finished in 64.45 seconds with 1260 failures out of 100000 runs.
Logical error rate for Random walk: 0.0126 ± 0.0003527 (stderr)
Logical error rate for p=0.03: 0.0126
Exploring neighbor 7/23 of iteration 1/40...
Code parameters: n=20, k=5, d=6
Hx, Hz, Lx, Lz: (300, 625), (300, 625), (25, 625), (25, 625)
BP max iterations: 62, OSD order: 2, MS scaling factor: 0.625
Decoder Random walk finished in 59.96 seconds with 1159 failures out of 100000 runs.
Logical error rate for Random walk: 0.01159 ± 0.0003385 (stderr)
Logical error rate for p=0.03: 0.01159
Exploring neighbor 8/23 of iteration 1/40...
Code parameters: n=20, k=5, d=6
Hx, Hz, Lx, Lz: (300, 625), (300, 625), (25, 625), (25, 625)
BP max iterations: 62, OSD order: 2, MS scaling factor: 0.625
Decoder Random walk finished in 65.75 seconds with 1069 failures out of 100000 runs.
Logical error rate for Random walk: 0.01069 ± 0.0003252 (stderr)
Logical error rate for p=0.03: 0.01069
Exploring neighbor 9/23 of iteration 1/40...
Code parameters: n=20, k=5, d=6
Hx, Hz, Lx, Lz: (300, 625), (300, 625), (25, 625), (25, 625)
BP max iterations: 62, OSD order: 2, MS scaling factor: 0.625
Decoder Random walk finished in 60.63 seconds with 1299 failures out of 100000 runs.
Logical error rate for Random walk: 0.01299 ± 0.0003581 (stderr)
Logical error rate for p=0.03: 0.01299
Exploring neighbor 10/23 of iteration 1/40...
Code parameters: n=20, k=5, d=6
Hx, Hz, Lx, Lz: (300, 625), (300, 625), (25, 625), (25, 625)
BP max iterations: 62, OSD order: 2, MS scaling factor: 0.625
Decoder Random walk finished in 62.16 seconds with 1296 failures out of 100000 runs.
Logical error rate for Random walk: 0.01296 ± 0.0003577 (stderr)
Logical error rate for p=0.03: 0.01296
Exploring neighbor 11/23 of iteration 1/40...
Code parameters: n=20, k=5, d=6
Hx, Hz, Lx, Lz: (300, 625), (300, 625), (25, 625), (25, 625)
BP max iterations: 62, OSD order: 2, MS scaling factor: 0.625
Decoder Random walk finished in 60.05 seconds with 1360 failures out of 100000 runs.
Logical error rate for Random walk: 0.0136 ± 0.0003663 (stderr)
Logical error rate for p=0.03: 0.0136
Exploring neighbor 12/23 of iteration 1/40...
Code parameters: n=20, k=5, d=6
Hx, Hz, Lx, Lz: (300, 625), (300, 625), (25, 625), (25, 625)
BP max iterations: 62, OSD order: 2, MS scaling factor: 0.625
Decoder Random walk finished in 71.56 seconds with 5954 failures out of 100000 runs.
Logical error rate for Random walk: 0.05954 ± 0.0007483 (stderr)
Logical error rate for p=0.03: 0.05954
Exploring neighbor 13/23 of iteration 1/40...
Code parameters: n=20, k=5, d=6
Hx, Hz, Lx, Lz: (300, 625), (300, 625), (25, 625), (25, 625)
BP max iterations: 62, OSD order: 2, MS scaling factor: 0.625
Decoder Random walk finished in 61.02 seconds with 1236 failures out of 100000 runs.
Logical error rate for Random walk: 0.01236 ± 0.0003494 (stderr)
Logical error rate for p=0.03: 0.01236
Exploring neighbor 14/23 of iteration 1/40...
Code parameters: n=20, k=5, d=6
Hx, Hz, Lx, Lz: (300, 625), (300, 625), (25, 625), (25, 625)
BP max iterations: 62, OSD order: 2, MS scaling factor: 0.625
Decoder Random walk finished in 67.79 seconds with 1689 failures out of 100000 runs.
Logical error rate for Random walk: 0.01689 ± 0.0004075 (stderr)
Logical error rate for p=0.03: 0.01689
Exploring neighbor 15/23 of iteration 1/40...
Code parameters: n=20, k=5, d=6
Hx, Hz, Lx, Lz: (300, 625), (300, 625), (25, 625), (25, 625)
BP max iterations: 62, OSD order: 2, MS scaling factor: 0.625
Decoder Random walk finished in 62.15 seconds with 1547 failures out of 100000 runs.
Logical error rate for Random walk: 0.01547 ± 0.0003903 (stderr)
Logical error rate for p=0.03: 0.01547
Exploring neighbor 16/23 of iteration 1/40...
Code parameters: n=20, k=5, d=6
Hx, Hz, Lx, Lz: (300, 625), (300, 625), (25, 625), (25, 625)
BP max iterations: 62, OSD order: 2, MS scaling factor: 0.625
Decoder Random walk finished in 61.88 seconds with 622 failures out of 100000 runs.
Logical error rate for Random walk: 0.00622 ± 0.0002486 (stderr)
Logical error rate for p=0.03: 0.00622
Found minimum in neighbor 16/23 of iteration 1/40: 0.006220
Exploring neighbor 17/23 of iteration 1/40...
Code parameters: n=20, k=5, d=6
Hx, Hz, Lx, Lz: (300, 625), (300, 625), (25, 625), (25, 625)
BP max iterations: 62, OSD order: 2, MS scaling factor: 0.625
Decoder Random walk finished in 58.39 seconds with 1220 failures out of 100000 runs.
Logical error rate for Random walk: 0.0122 ± 0.0003471 (stderr)
Logical error rate for p=0.03: 0.0122
Exploring neighbor 18/23 of iteration 1/40...
Code parameters: n=20, k=5, d=6
Hx, Hz, Lx, Lz: (300, 625), (300, 625), (25, 625), (25, 625)
BP max iterations: 62, OSD order: 2, MS scaling factor: 0.625
Decoder Random walk finished in 60.59 seconds with 2205 failures out of 100000 runs.
Logical error rate for Random walk: 0.02205 ± 0.0004644 (stderr)
Logical error rate for p=0.03: 0.02205
Exploring neighbor 19/23 of iteration 1/40...
Code parameters: n=20, k=5, d=6
Hx, Hz, Lx, Lz: (300, 625), (300, 625), (25, 625), (25, 625)
BP max iterations: 62, OSD order: 2, MS scaling factor: 0.625
Decoder Random walk finished in 70.71 seconds with 5729 failures out of 100000 runs.
Logical error rate for Random walk: 0.05729 ± 0.0007349 (stderr)
Logical error rate for p=0.03: 0.05729
Exploring neighbor 20/23 of iteration 1/40...
Code parameters: n=20, k=5, d=6
Hx, Hz, Lx, Lz: (300, 625), (300, 625), (25, 625), (25, 625)
BP max iterations: 62, OSD order: 2, MS scaling factor: 0.625
Decoder Random walk finished in 61.61 seconds with 1678 failures out of 100000 runs.
Logical error rate for Random walk: 0.01678 ± 0.0004062 (stderr)
Logical error rate for p=0.03: 0.01678
Exploring neighbor 21/23 of iteration 1/40...
Code parameters: n=20, k=5, d=6
Hx, Hz, Lx, Lz: (300, 625), (300, 625), (25, 625), (25, 625)
BP max iterations: 62, OSD order: 2, MS scaling factor: 0.625
Decoder Random walk finished in 65.40 seconds with 1243 failures out of 100000 runs.
Logical error rate for Random walk: 0.01243 ± 0.0003504 (stderr)
Logical error rate for p=0.03: 0.01243
Exploring neighbor 22/23 of iteration 1/40...
Code parameters: n=20, k=5, d=6
Hx, Hz, Lx, Lz: (300, 625), (300, 625), (25, 625), (25, 625)
BP max iterations: 62, OSD order: 2, MS scaling factor: 0.625
Decoder Random walk finished in 71.86 seconds with 5955 failures out of 100000 runs.
Logical error rate for Random walk: 0.05955 ± 0.0007484 (stderr)
Logical error rate for p=0.03: 0.05955
Exploring neighbor 23/23 of iteration 1/40...
Code parameters: n=20, k=5, d=6
Hx, Hz, Lx, Lz: (300, 625), (300, 625), (25, 625), (25, 625)
BP max iterations: 62, OSD order: 2, MS scaling factor: 0.625
Decoder Random walk finished in 68.97 seconds with 6280 failures out of 100000 runs.
Logical error rate for Random walk: 0.0628 ± 0.0007672 (stderr)
Logical error rate for p=0.03: 0.0628
Evaluating iteration 2/40...
Code parameters: n=20, k=5, d=6
Hx, Hz, Lx, Lz: (300, 625), (300, 625), (25, 625), (25, 625)
BP max iterations: 62, OSD order: 2, MS scaling factor: 0.625
