Loading initial state from text file:
  code=[1600,64]
  file=optimization/initial_codes/HGP_(3,4)_[1600,64].txt

--- RANDOM VALID-CANDIDATE RL SANITY CHECK ---
Code family: [1600,64]
Episodes: 3
Steps per episode: 20
Candidate slots K: 32
Score beta: 0.3
Score window: 6
Require k preserved: True
Seed: 0
Output CSV: optimization/results/rl_random_sanity_C2_S20_K32_seed0_20260602_142358.csv

Episode 1/3
/Library/Frameworks/Python.framework/Versions/3.12/lib/python3.12/site-packages/ldpc/code_util/code_util.py:164: UserWarning: This function has exponential complexity. Not recommended for large pcms. Use the                            'ldpc.code_util.estimate_code_distance' function instead.
  warnings.warn(
WARNING: proposed edge already exists in state, losing one edge: f1=(17, 29)
WARNING: proposed edge already exists in state, losing one edge: f1=(5, 36)
WARNING: proposed edge already exists in state, losing one edge: f1=(21, 46)
WARNING: proposed edge already exists in state, losing one edge: f1=(18, 30)
WARNING: proposed edge already exists in state, losing one edge: f1=(22, 39)
WARNING: proposed edge already exists in state, losing one edge: f1=(22, 53)
WARNING: proposed edge already exists in state, losing one edge: f1=(18, 30)
WARNING: proposed edge already exists in state, losing one edge: f1=(7, 52)
WARNING: proposed edge already exists in state, losing one edge: f1=(1, 55)
WARNING: proposed edge already exists in state, losing one edge: f1=(9, 42)
WARNING: proposed edge already exists in state, losing one edge: f1=(1, 48)
WARNING: proposed edge already exists in state, losing one edge: f1=(21, 46)
WARNING: proposed edge already exists in state, losing one edge: f1=(4, 51)
WARNING: proposed edge already exists in state, losing one edge: f1=(9, 52)
WARNING: proposed edge already exists in state, losing one edge: f1=(8, 53)
WARNING: proposed edge already exists in state, losing one edge: f1=(9, 42)
WARNING: proposed edge already exists in state, losing one edge: f1=(9, 42)
WARNING: proposed edge already exists in state, losing one edge: f1=(19, 47)
WARNING: proposed edge already exists in state, losing one edge: f1=(1, 48)
  step=000 | valid=032 | action=00 | reward=+6.5022 | score 1.24172->9.02464 | weight patterns {6: 1, 7: 0, 8: 2, 9: 0, 10: 6, 11: 0, 12: 18}->{10: 6, 11: 0, 12: 29, 13: 0, 14: 43, 15: 0, 16: 91} | d 6->10 | k 64->64 | rank 24->24 | wmax 5->5 | qmax 3->3
WARNING: proposed edge already exists in state, losing one edge: f1=(22, 48)
WARNING: proposed edge already exists in state, losing one edge: f1=(16, 52)
WARNING: proposed edge already exists in state, losing one edge: f1=(23, 40)
WARNING: proposed edge already exists in state, losing one edge: f1=(19, 30)
WARNING: proposed edge already exists in state, losing one edge: f1=(16, 52)
WARNING: proposed edge already exists in state, losing one edge: f1=(3, 32)
WARNING: proposed edge already exists in state, losing one edge: f1=(3, 25)
WARNING: proposed edge already exists in state, losing one edge: f1=(13, 36)
WARNING: proposed edge already exists in state, losing one edge: f1=(21, 35)
WARNING: proposed edge already exists in state, losing one edge: f1=(2, 34)
WARNING: proposed edge already exists in state, losing one edge: f1=(17, 37)
WARNING: proposed edge already exists in state, losing one edge: f1=(15, 42)
  step=001 | valid=032 | action=00 | reward=+0.3169 | score 9.02464->6.30192 | weight patterns {10: 6, 11: 0, 12: 29, 13: 0, 14: 43, 15: 0, 16: 91}->{10: 3, 11: 0, 12: 31, 13: 0, 14: 56, 15: 0, 16: 80} | d 10->10 | k 64->64 | rank 24->24 | wmax 5->5 | qmax 3->3
WARNING: proposed edge already exists in state, losing one edge: f1=(18, 34)
WARNING: proposed edge already exists in state, losing one edge: f1=(15, 46)
WARNING: proposed edge already exists in state, losing one edge: f1=(1, 48)
WARNING: proposed edge already exists in state, losing one edge: f1=(9, 27)
WARNING: proposed edge already exists in state, losing one edge: f1=(7, 37)
  step=002 | valid=032 | action=00 | reward=+0.0662 | score 6.30192->5.83393 | weight patterns {10: 3, 11: 0, 12: 31, 13: 0, 14: 56, 15: 0, 16: 80}->{10: 2, 11: 2, 12: 25, 13: 25, 14: 28, 15: 23, 16: 36} | d 10->10 | k 64->64 | rank 24->24 | wmax 5->5 | qmax 3->3
WARNING: proposed edge already exists in state, losing one edge: f1=(4, 25)
WARNING: proposed edge already exists in state, losing one edge: f1=(14, 46)
WARNING: proposed edge already exists in state, losing one edge: f1=(11, 43)
WARNING: proposed edge already exists in state, losing one edge: f1=(21, 46)
WARNING: proposed edge already exists in state, losing one edge: f1=(11, 43)
WARNING: proposed edge already exists in state, losing one edge: f1=(6, 44)
WARNING: proposed edge already exists in state, losing one edge: f1=(8, 41)
  step=003 | valid=032 | action=00 | reward=+1.2455 | score 5.83393->13.5331 | weight patterns {10: 2, 11: 2, 12: 25, 13: 25, 14: 28, 15: 23, 16: 36}->{11: 3, 12: 25, 13: 21, 14: 29, 15: 30, 16: 38, 17: 34} | d 10->11 | k 64->64 | rank 24->24 | wmax 5->5 | qmax 3->3
WARNING: proposed edge already exists in state, losing one edge: f1=(10, 42)
WARNING: proposed edge already exists in state, losing one edge: f1=(13, 36)
WARNING: proposed edge already exists in state, losing one edge: f1=(10, 27)
WARNING: proposed edge already exists in state, losing one edge: f1=(13, 36)
WARNING: proposed edge already exists in state, losing one edge: f1=(0, 24)
WARNING: proposed edge already exists in state, losing one edge: f1=(15, 43)
WARNING: proposed edge already exists in state, losing one edge: f1=(6, 51)
WARNING: proposed edge already exists in state, losing one edge: f1=(15, 29)
WARNING: proposed edge already exists in state, losing one edge: f1=(0, 49)
WARNING: proposed edge already exists in state, losing one edge: f1=(0, 24)
WARNING: proposed edge already exists in state, losing one edge: f1=(22, 48)
WARNING: proposed edge already exists in state, losing one edge: f1=(14, 28)
  step=004 | valid=003 | action=01 | reward=-0.0449 | score 13.5331->14.2003 | weight patterns {11: 3, 12: 25, 13: 21, 14: 29, 15: 30, 16: 38, 17: 34}->{11: 4, 12: 25, 13: 17, 14: 29, 15: 33, 16: 38, 17: 38} | d 11->11 | k 64->64 | rank 24->24 | wmax 5->5 | qmax 3->3
WARNING: proposed edge already exists in state, losing one edge: f1=(10, 35)
WARNING: proposed edge already exists in state, losing one edge: f1=(13, 36)
WARNING: proposed edge already exists in state, losing one edge: f1=(18, 47)
WARNING: proposed edge already exists in state, losing one edge: f1=(3, 50)
WARNING: proposed edge already exists in state, losing one edge: f1=(1, 40)
WARNING: proposed edge already exists in state, losing one edge: f1=(2, 50)
WARNING: proposed edge already exists in state, losing one edge: f1=(21, 35)
WARNING: proposed edge already exists in state, losing one edge: f1=(18, 53)
WARNING: proposed edge already exists in state, losing one edge: f1=(1, 48)
WARNING: proposed edge already exists in state, losing one edge: f1=(18, 47)
  step=005 | valid=003 | action=00 | reward=+0.0168 | score 14.2003->13.9477 | weight patterns {11: 4, 12: 25, 13: 17, 14: 29, 15: 33, 16: 38, 17: 38}->{11: 4, 12: 24, 13: 17, 14: 31, 15: 32, 16: 38, 17: 40} | d 11->11 | k 64->64 | rank 24->24 | wmax 5->5 | qmax 3->3
WARNING: proposed edge already exists in state, losing one edge: f1=(21, 31)
WARNING: proposed edge already exists in state, losing one edge: f1=(13, 36)
WARNING: proposed edge already exists in state, losing one edge: f1=(1, 48)
WARNING: proposed edge already exists in state, losing one edge: f1=(17, 29)
WARNING: proposed edge already exists in state, losing one edge: f1=(12, 33)
WARNING: proposed edge already exists in state, losing one edge: f1=(4, 41)
WARNING: proposed edge already exists in state, losing one edge: f1=(7, 52)
WARNING: proposed edge already exists in state, losing one edge: f1=(10, 42)
WARNING: proposed edge already exists in state, losing one edge: f1=(11, 50)
  step=006 | valid=001 | action=00 | reward=-0.1897 | score 13.9477->17.0706 | weight patterns {11: 4, 12: 24, 13: 17, 14: 31, 15: 32, 16: 38, 17: 40}->{11: 6, 12: 28, 13: 17, 14: 30, 15: 29, 16: 28, 17: 38} | d 11->11 | k 64->64 | rank 24->24 | wmax 5->5 | qmax 3->3
WARNING: proposed edge already exists in state, losing one edge: f1=(3, 50)
WARNING: proposed edge already exists in state, losing one edge: f1=(12, 45)
WARNING: proposed edge already exists in state, losing one edge: f1=(0, 49)
WARNING: proposed edge already exists in state, losing one edge: f1=(4, 41)
WARNING: proposed edge already exists in state, losing one edge: f1=(7, 37)
WARNING: proposed edge already exists in state, losing one edge: f1=(3, 50)
WARNING: proposed edge already exists in state, losing one edge: f1=(12, 28)
WARNING: proposed edge already exists in state, losing one edge: f1=(12, 28)
WARNING: proposed edge already exists in state, losing one edge: f1=(0, 49)
WARNING: proposed edge already exists in state, losing one edge: f1=(4, 41)
  step=007 | valid=002 | action=00 | reward=+0.1396 | score 17.0706->14.7158 | weight patterns {11: 6, 12: 28, 13: 17, 14: 30, 15: 29, 16: 28, 17: 38}->{11: 3, 12: 30, 13: 18, 14: 27, 15: 32, 16: 32, 17: 41} | d 11->11 | k 64->64 | rank 24->24 | wmax 5->5 | qmax 3->3
WARNING: proposed edge already exists in state, losing one edge: f1=(7, 26)
WARNING: proposed edge already exists in state, losing one edge: f1=(7, 26)
WARNING: proposed edge already exists in state, losing one edge: f1=(15, 35)
WARNING: proposed edge already exists in state, losing one edge: f1=(12, 51)
WARNING: proposed edge already exists in state, losing one edge: f1=(7, 26)
WARNING: proposed edge already exists in state, losing one edge: f1=(12, 51)
WARNING: proposed edge already exists in state, losing one edge: f1=(2, 50)
WARNING: proposed edge already exists in state, losing one edge: f1=(15, 46)
WARNING: proposed edge already exists in state, losing one edge: f1=(15, 35)
WARNING: proposed edge already exists in state, losing one edge: f1=(7, 26)
  step=008 | valid=002 | action=00 | reward=+0.0830 | score 14.7158->13.4639 | weight patterns {11: 3, 12: 30, 13: 18, 14: 27, 15: 32, 16: 32, 17: 41}->{11: 4, 12: 22, 13: 17, 14: 35, 15: 34, 16: 35, 17: 39} | d 11->11 | k 64->64 | rank 24->24 | wmax 5->5 | qmax 3->3
WARNING: proposed edge already exists in state, losing one edge: f1=(12, 51)
WARNING: proposed edge already exists in state, losing one edge: f1=(10, 44)
WARNING: proposed edge already exists in state, losing one edge: f1=(1, 48)
WARNING: proposed edge already exists in state, losing one edge: f1=(5, 54)
WARNING: proposed edge already exists in state, losing one edge: f1=(13, 53)
WARNING: proposed edge already exists in state, losing one edge: f1=(16, 47)
WARNING: proposed edge already exists in state, losing one edge: f1=(3, 32)
WARNING: proposed edge already exists in state, losing one edge: f1=(15, 46)
WARNING: proposed edge already exists in state, losing one edge: f1=(17, 54)
WARNING: proposed edge already exists in state, losing one edge: f1=(16, 47)
WARNING: proposed edge already exists in state, losing one edge: f1=(3, 32)
WARNING: proposed edge already exists in state, losing one edge: f1=(0, 39)
  step=009 | valid=003 | action=01 | reward=+0.0663 | score 13.4639->12.5354 | weight patterns {11: 4, 12: 22, 13: 17, 14: 35, 15: 34, 16: 35, 17: 39}->{11: 3, 12: 22, 13: 17, 14: 36, 15: 41, 16: 33, 17: 29} | d 11->11 | k 64->64 | rank 24->24 | wmax 5->5 | qmax 3->3
WARNING: proposed edge already exists in state, losing one edge: f1=(1, 33)
WARNING: proposed edge already exists in state, losing one edge: f1=(17, 37)
WARNING: proposed edge already exists in state, losing one edge: f1=(2, 34)
WARNING: proposed edge already exists in state, losing one edge: f1=(2, 50)
WARNING: proposed edge already exists in state, losing one edge: f1=(2, 34)
WARNING: proposed edge already exists in state, losing one edge: f1=(14, 28)
WARNING: proposed edge already exists in state, losing one edge: f1=(5, 43)
WARNING: proposed edge already exists in state, losing one edge: f1=(20, 39)
  step=010 | valid=003 | action=00 | reward=+0.0251 | score 12.5354->12.1993 | weight patterns {11: 3, 12: 22, 13: 17, 14: 36, 15: 41, 16: 33, 17: 29}->{11: 2, 12: 24, 13: 19, 14: 32, 15: 40, 16: 33, 17: 29} | d 11->11 | k 64->64 | rank 24->24 | wmax 5->5 | qmax 3->3
WARNING: proposed edge already exists in state, losing one edge: f1=(1, 48)
WARNING: proposed edge already exists in state, losing one edge: f1=(1, 48)
WARNING: proposed edge already exists in state, losing one edge: f1=(0, 32)
WARNING: proposed edge already exists in state, losing one edge: f1=(17, 29)
WARNING: proposed edge already exists in state, losing one edge: f1=(0, 39)
WARNING: proposed edge already exists in state, losing one edge: f1=(0, 39)
WARNING: proposed edge already exists in state, losing one edge: f1=(1, 55)
WARNING: proposed edge already exists in state, losing one edge: f1=(15, 35)
WARNING: proposed edge already exists in state, losing one edge: f1=(0, 32)
WARNING: proposed edge already exists in state, losing one edge: f1=(12, 51)
WARNING: proposed edge already exists in state, losing one edge: f1=(16, 52)
WARNING: proposed edge already exists in state, losing one edge: f1=(2, 41)
  step=011 | valid=001 | action=00 | reward=-0.0251 | score 12.1993->12.5354 | weight patterns {11: 2, 12: 24, 13: 19, 14: 32, 15: 40, 16: 33, 17: 29}->{11: 3, 12: 22, 13: 17, 14: 36, 15: 41, 16: 33, 17: 29} | d 11->11 | k 64->64 | rank 24->24 | wmax 5->5 | qmax 3->3
  step=12: no valid candidates, stopping episode.
Episode 1 finished: steps=12, final_score=12.5354, cum_reward=+8.2019, final_d=11, final_k=64

Episode 2/3
WARNING: proposed edge already exists in state, losing one edge: f1=(21, 35)
WARNING: proposed edge already exists in state, losing one edge: f1=(23, 47)
WARNING: proposed edge already exists in state, losing one edge: f1=(23, 47)
WARNING: proposed edge already exists in state, losing one edge: f1=(7, 52)
WARNING: proposed edge already exists in state, losing one edge: f1=(1, 24)
WARNING: proposed edge already exists in state, losing one edge: f1=(22, 39)
WARNING: proposed edge already exists in state, losing one edge: f1=(7, 26)
WARNING: proposed edge already exists in state, losing one edge: f1=(17, 45)
WARNING: proposed edge already exists in state, losing one edge: f1=(5, 36)
WARNING: proposed edge already exists in state, losing one edge: f1=(7, 26)
WARNING: proposed edge already exists in state, losing one edge: f1=(0, 24)
WARNING: proposed edge already exists in state, losing one edge: f1=(14, 46)
WARNING: proposed edge already exists in state, losing one edge: f1=(6, 51)
WARNING: proposed edge already exists in state, losing one edge: f1=(7, 40)
WARNING: proposed edge already exists in state, losing one edge: f1=(0, 24)
WARNING: proposed edge already exists in state, losing one edge: f1=(6, 44)
WARNING: proposed edge already exists in state, losing one edge: f1=(14, 46)
WARNING: proposed edge already exists in state, losing one edge: f1=(18, 30)
WARNING: proposed edge already exists in state, losing one edge: f1=(17, 45)
WARNING: proposed edge already exists in state, losing one edge: f1=(3, 55)
WARNING: proposed edge already exists in state, losing one edge: f1=(15, 42)
WARNING: proposed edge already exists in state, losing one edge: f1=(5, 48)
WARNING: proposed edge already exists in state, losing one edge: f1=(11, 27)
WARNING: proposed edge already exists in state, losing one edge: f1=(2, 24)
WARNING: proposed edge already exists in state, losing one edge: f1=(16, 47)
WARNING: proposed edge already exists in state, losing one edge: f1=(15, 42)
WARNING: proposed edge already exists in state, losing one edge: f1=(2, 24)
WARNING: proposed edge already exists in state, losing one edge: f1=(14, 38)
  step=000 | valid=032 | action=00 | reward=+6.7606 | score 1.24172->6.7419 | weight patterns {6: 1, 7: 0, 8: 2, 9: 0, 10: 6, 11: 0, 12: 18}->{10: 4, 11: 0, 12: 24, 13: 0, 14: 65, 15: 0, 16: 76} | d 6->10 | k 64->64 | rank 24->24 | wmax 5->5 | qmax 3->3
WARNING: proposed edge already exists in state, losing one edge: f1=(5, 43)
WARNING: proposed edge already exists in state, losing one edge: f1=(1, 33)
WARNING: proposed edge already exists in state, losing one edge: f1=(14, 38)
WARNING: proposed edge already exists in state, losing one edge: f1=(22, 31)
WARNING: proposed edge already exists in state, losing one edge: f1=(10, 27)
WARNING: proposed edge already exists in state, losing one edge: f1=(22, 31)
WARNING: proposed edge already exists in state, losing one edge: f1=(1, 33)
WARNING: proposed edge already exists in state, losing one edge: f1=(1, 33)
WARNING: proposed edge already exists in state, losing one edge: f1=(4, 25)
WARNING: proposed edge already exists in state, losing one edge: f1=(10, 27)
WARNING: proposed edge already exists in state, losing one edge: f1=(13, 44)
WARNING: proposed edge already exists in state, losing one edge: f1=(1, 33)
WARNING: proposed edge already exists in state, losing one edge: f1=(10, 27)
WARNING: proposed edge already exists in state, losing one edge: f1=(15, 42)
WARNING: proposed edge already exists in state, losing one edge: f1=(0, 32)
WARNING: proposed edge already exists in state, losing one edge: f1=(15, 42)
WARNING: proposed edge already exists in state, losing one edge: f1=(8, 26)
WARNING: proposed edge already exists in state, losing one edge: f1=(10, 27)
  step=001 | valid=032 | action=00 | reward=+0.4394 | score 6.7419->3.98897 | weight patterns {10: 4, 11: 0, 12: 24, 13: 0, 14: 65, 15: 0, 16: 76}->{10: 1, 11: 0, 12: 26, 13: 0, 14: 74, 15: 0, 16: 68} | d 10->10 | k 64->64 | rank 24->24 | wmax 5->5 | qmax 3->3
WARNING: proposed edge already exists in state, losing one edge: f1=(10, 27)
WARNING: proposed edge already exists in state, losing one edge: f1=(12, 33)
WARNING: proposed edge already exists in state, losing one edge: f1=(10, 27)
WARNING: proposed edge already exists in state, losing one edge: f1=(19, 47)
WARNING: proposed edge already exists in state, losing one edge: f1=(19, 47)
WARNING: proposed edge already exists in state, losing one edge: f1=(6, 32)
WARNING: proposed edge already exists in state, losing one edge: f1=(10, 27)
WARNING: proposed edge already exists in state, losing one edge: f1=(16, 52)
WARNING: proposed edge already exists in state, losing one edge: f1=(15, 42)
WARNING: proposed edge already exists in state, losing one edge: f1=(19, 55)
WARNING: proposed edge already exists in state, losing one edge: f1=(21, 31)
WARNING: proposed edge already exists in state, losing one edge: f1=(15, 46)
WARNING: proposed edge already exists in state, losing one edge: f1=(12, 33)
WARNING: proposed edge already exists in state, losing one edge: f1=(14, 46)
WARNING: proposed edge already exists in state, losing one edge: f1=(15, 46)
WARNING: proposed edge already exists in state, losing one edge: f1=(12, 33)
WARNING: proposed edge already exists in state, losing one edge: f1=(5, 48)
WARNING: proposed edge already exists in state, losing one edge: f1=(12, 33)
WARNING: proposed edge already exists in state, losing one edge: f1=(12, 33)
WARNING: proposed edge already exists in state, losing one edge: f1=(7, 52)
  step=002 | valid=032 | action=00 | reward=+1.8931 | score 3.98897->40.0211 | weight patterns {10: 1, 11: 0, 12: 26, 13: 0, 14: 74, 15: 0, 16: 68}->{12: 34, 13: 0, 14: 60, 15: 0, 16: 72, 17: 0, 18: 52} | d 10->12 | k 64->64 | rank 24->24 | wmax 5->5 | qmax 3->3
WARNING: proposed edge already exists in state, losing one edge: f1=(14, 38)
WARNING: proposed edge already exists in state, losing one edge: f1=(11, 43)
WARNING: proposed edge already exists in state, losing one edge: f1=(2, 34)
WARNING: proposed edge already exists in state, losing one edge: f1=(1, 55)
WARNING: proposed edge already exists in state, losing one edge: f1=(13, 28)
WARNING: proposed edge already exists in state, losing one edge: f1=(0, 39)
WARNING: proposed edge already exists in state, losing one edge: f1=(0, 39)
WARNING: proposed edge already exists in state, losing one edge: f1=(5, 43)
WARNING: proposed edge already exists in state, losing one edge: f1=(11, 37)
WARNING: proposed edge already exists in state, losing one edge: f1=(15, 34)
WARNING: proposed edge already exists in state, losing one edge: f1=(6, 51)
  step=003 | valid=001 | action=00 | reward=+0.0716 | score 40.0211->37.1877 | weight patterns {12: 34, 13: 0, 14: 60, 15: 0, 16: 72, 17: 0, 18: 52}->{12: 31, 13: 0, 14: 61, 15: 0, 16: 82, 17: 0, 18: 46} | d 12->12 | k 64->64 | rank 24->24 | wmax 5->5 | qmax 3->3
WARNING: proposed edge already exists in state, losing one edge: f1=(17, 37)
WARNING: proposed edge already exists in state, losing one edge: f1=(5, 48)
WARNING: proposed edge already exists in state, losing one edge: f1=(10, 27)
WARNING: proposed edge already exists in state, losing one edge: f1=(23, 40)
WARNING: proposed edge already exists in state, losing one edge: f1=(10, 27)
WARNING: proposed edge already exists in state, losing one edge: f1=(6, 26)
WARNING: proposed edge already exists in state, losing one edge: f1=(10, 53)
WARNING: proposed edge already exists in state, losing one edge: f1=(0, 24)
WARNING: proposed edge already exists in state, losing one edge: f1=(23, 40)
WARNING: proposed edge already exists in state, losing one edge: f1=(3, 50)
WARNING: proposed edge already exists in state, losing one edge: f1=(10, 27)
WARNING: proposed edge already exists in state, losing one edge: f1=(16, 52)
WARNING: proposed edge already exists in state, losing one edge: f1=(10, 27)
WARNING: proposed edge already exists in state, losing one edge: f1=(12, 33)
WARNING: proposed edge already exists in state, losing one edge: f1=(3, 42)
WARNING: proposed edge already exists in state, losing one edge: f1=(4, 41)
WARNING: proposed edge already exists in state, losing one edge: f1=(0, 24)
WARNING: proposed edge already exists in state, losing one edge: f1=(12, 33)
WARNING: proposed edge already exists in state, losing one edge: f1=(15, 42)
WARNING: proposed edge already exists in state, losing one edge: f1=(18, 34)
WARNING: proposed edge already exists in state, losing one edge: f1=(23, 40)
  step=004 | valid=002 | action=00 | reward=+0.0480 | score 37.1877->35.3972 | weight patterns {12: 31, 13: 0, 14: 61, 15: 0, 16: 82, 17: 0, 18: 46}->{12: 29, 13: 0, 14: 63, 15: 0, 16: 86, 17: 0, 18: 42} | d 12->12 | k 64->64 | rank 24->24 | wmax 5->5 | qmax 3->3
  step=5: no valid candidates, stopping episode.
Episode 2 finished: steps=5, final_score=35.3972, cum_reward=+9.2128, final_d=12, final_k=64

Episode 3/3
WARNING: proposed edge already exists in state, losing one edge: f1=(5, 36)
WARNING: proposed edge already exists in state, losing one edge: f1=(18, 30)
WARNING: proposed edge already exists in state, losing one edge: f1=(22, 39)
WARNING: proposed edge already exists in state, losing one edge: f1=(17, 29)
WARNING: proposed edge already exists in state, losing one edge: f1=(22, 53)
WARNING: proposed edge already exists in state, losing one edge: f1=(11, 49)
WARNING: proposed edge already exists in state, losing one edge: f1=(1, 24)
WARNING: proposed edge already exists in state, losing one edge: f1=(18, 34)
WARNING: proposed edge already exists in state, losing one edge: f1=(1, 33)
WARNING: proposed edge already exists in state, losing one edge: f1=(17, 45)
WARNING: proposed edge already exists in state, losing one edge: f1=(13, 36)
WARNING: proposed edge already exists in state, losing one edge: f1=(8, 53)
WARNING: proposed edge already exists in state, losing one edge: f1=(14, 46)
WARNING: proposed edge already exists in state, losing one edge: f1=(8, 26)
WARNING: proposed edge already exists in state, losing one edge: f1=(2, 34)
WARNING: proposed edge already exists in state, losing one edge: f1=(12, 51)
WARNING: proposed edge already exists in state, losing one edge: f1=(3, 32)
WARNING: proposed edge already exists in state, losing one edge: f1=(17, 45)
WARNING: proposed edge already exists in state, losing one edge: f1=(8, 53)
WARNING: proposed edge already exists in state, losing one edge: f1=(4, 25)
WARNING: proposed edge already exists in state, losing one edge: f1=(4, 35)
WARNING: proposed edge already exists in state, losing one edge: f1=(14, 49)
WARNING: proposed edge already exists in state, losing one edge: f1=(8, 26)
  step=000 | valid=032 | action=00 | reward=+6.4610 | score 1.24172->9.44615 | weight patterns {6: 1, 7: 0, 8: 2, 9: 0, 10: 6, 11: 0, 12: 18}->{10: 7, 11: 0, 12: 21, 13: 0, 14: 62, 15: 0, 16: 74} | d 6->10 | k 64->64 | rank 24->24 | wmax 5->5 | qmax 3->3
WARNING: proposed edge already exists in state, losing one edge: f1=(10, 53)
WARNING: proposed edge already exists in state, losing one edge: f1=(21, 46)
WARNING: proposed edge already exists in state, losing one edge: f1=(21, 46)
WARNING: proposed edge already exists in state, losing one edge: f1=(11, 50)
WARNING: proposed edge already exists in state, losing one edge: f1=(4, 25)
WARNING: proposed edge already exists in state, losing one edge: f1=(0, 32)
WARNING: proposed edge already exists in state, losing one edge: f1=(8, 26)
WARNING: proposed edge already exists in state, losing one edge: f1=(21, 46)
WARNING: proposed edge already exists in state, losing one edge: f1=(0, 39)
WARNING: proposed edge already exists in state, losing one edge: f1=(10, 44)
WARNING: proposed edge already exists in state, losing one edge: f1=(17, 29)
  step=001 | valid=032 | action=00 | reward=+0.4137 | score 9.44615->5.90716 | weight patterns {10: 7, 11: 0, 12: 21, 13: 0, 14: 62, 15: 0, 16: 74}->{10: 3, 11: 0, 12: 26, 13: 0, 14: 63, 15: 0, 16: 78} | d 10->10 | k 64->64 | rank 24->24 | wmax 5->5 | qmax 3->3
WARNING: proposed edge already exists in state, losing one edge: f1=(6, 32)
WARNING: proposed edge already exists in state, losing one edge: f1=(19, 30)
WARNING: proposed edge already exists in state, losing one edge: f1=(6, 32)
WARNING: proposed edge already exists in state, losing one edge: f1=(1, 33)
WARNING: proposed edge already exists in state, losing one edge: f1=(19, 30)
WARNING: proposed edge already exists in state, losing one edge: f1=(19, 30)
WARNING: proposed edge already exists in state, losing one edge: f1=(1, 24)
WARNING: proposed edge already exists in state, losing one edge: f1=(10, 27)
WARNING: proposed edge already exists in state, losing one edge: f1=(6, 32)
WARNING: proposed edge already exists in state, losing one edge: f1=(12, 45)
WARNING: proposed edge already exists in state, losing one edge: f1=(12, 45)
WARNING: proposed edge already exists in state, losing one edge: f1=(6, 32)
WARNING: proposed edge already exists in state, losing one edge: f1=(17, 48)
WARNING: proposed edge already exists in state, losing one edge: f1=(3, 42)
WARNING: proposed edge already exists in state, losing one edge: f1=(6, 32)
WARNING: proposed edge already exists in state, losing one edge: f1=(6, 32)
WARNING: proposed edge already exists in state, losing one edge: f1=(16, 36)
  step=002 | valid=032 | action=00 | reward=+0.3144 | score 5.90716->4.04357 | weight patterns {10: 3, 11: 0, 12: 26, 13: 0, 14: 63, 15: 0, 16: 78}->{10: 1, 11: 0, 12: 27, 13: 0, 14: 69, 15: 0, 16: 75} | d 10->10 | k 64->64 | rank 24->24 | wmax 5->5 | qmax 3->3
WARNING: proposed edge already exists in state, losing one edge: f1=(13, 36)
WARNING: proposed edge already exists in state, losing one edge: f1=(12, 45)
WARNING: proposed edge already exists in state, losing one edge: f1=(1, 48)
WARNING: proposed edge already exists in state, losing one edge: f1=(14, 49)
WARNING: proposed edge already exists in state, losing one edge: f1=(13, 36)
WARNING: proposed edge already exists in state, losing one edge: f1=(15, 34)
WARNING: proposed edge already exists in state, losing one edge: f1=(12, 45)
WARNING: proposed edge already exists in state, losing one edge: f1=(13, 36)
WARNING: proposed edge already exists in state, losing one edge: f1=(13, 36)
WARNING: proposed edge already exists in state, losing one edge: f1=(7, 52)
WARNING: proposed edge already exists in state, losing one edge: f1=(21, 31)
  step=003 | valid=032 | action=00 | reward=-0.0168 | score 4.04357->4.1292 | weight patterns {10: 1, 11: 0, 12: 27, 13: 0, 14: 69, 15: 0, 16: 75}->{10: 1, 11: 0, 12: 28, 13: 0, 14: 69, 15: 0, 16: 69} | d 10->10 | k 64->64 | rank 24->24 | wmax 5->5 | qmax 3->3
WARNING: proposed edge already exists in state, losing one edge: f1=(21, 54)
WARNING: proposed edge already exists in state, losing one edge: f1=(0, 32)
WARNING: proposed edge already exists in state, losing one edge: f1=(16, 29)
WARNING: proposed edge already exists in state, losing one edge: f1=(10, 44)
WARNING: proposed edge already exists in state, losing one edge: f1=(1, 48)
WARNING: proposed edge already exists in state, losing one edge: f1=(11, 43)
WARNING: proposed edge already exists in state, losing one edge: f1=(16, 52)
WARNING: proposed edge already exists in state, losing one edge: f1=(21, 54)
WARNING: proposed edge already exists in state, losing one edge: f1=(21, 54)
WARNING: proposed edge already exists in state, losing one edge: f1=(23, 40)
WARNING: proposed edge already exists in state, losing one edge: f1=(9, 52)
WARNING: proposed edge already exists in state, losing one edge: f1=(21, 54)
WARNING: proposed edge already exists in state, losing one edge: f1=(19, 30)
WARNING: proposed edge already exists in state, losing one edge: f1=(5, 25)
  step=004 | valid=032 | action=00 | reward=+1.9213 | score 4.1292->40.0026 | weight patterns {10: 1, 11: 0, 12: 28, 13: 0, 14: 69, 15: 0, 16: 69}->{12: 34, 13: 0, 14: 60, 15: 0, 16: 69, 17: 0, 18: 60} | d 10->12 | k 64->64 | rank 24->24 | wmax 5->5 | qmax 3->3
  step=5: no valid candidates, stopping episode.
Episode 3 finished: steps=5, final_score=40.0026, cum_reward=+9.0936, final_d=12, final_k=64
Saved random-policy history to optimization/results/rl_random_sanity_C2_S20_K32_seed0_20260602_142358.csv

Done. Runtime: 230.64s
