Loading initial state from text file:
  code=[1600,64]
  file=optimization/initial_codes/HGP_(3,4)_[1600,64].txt

--- RANDOM VALID-CANDIDATE RL SANITY CHECK ---
Code family: [1600,64]
Episodes: 3
Steps per episode: 20
Candidate slots K: 32
Score beta: 0.3
Score window: 6
Require k preserved: True
Seed: 0
Output CSV: optimization/results/rl_random_sanity_C2_S20_K32_seed0_20260602_135619.csv

Episode 1/3
/Library/Frameworks/Python.framework/Versions/3.12/lib/python3.12/site-packages/ldpc/code_util/code_util.py:164: UserWarning: This function has exponential complexity. Not recommended for large pcms. Use the                            'ldpc.code_util.estimate_code_distance' function instead.
  warnings.warn(
WARNING: proposed edge already exists in state, losing one edge: f1=(17, 29)
WARNING: proposed edge already exists in state, losing one edge: f1=(5, 36)
WARNING: proposed edge already exists in state, losing one edge: f1=(21, 46)
WARNING: proposed edge already exists in state, losing one edge: f1=(18, 30)
WARNING: proposed edge already exists in state, losing one edge: f1=(22, 39)
WARNING: proposed edge already exists in state, losing one edge: f1=(22, 53)
WARNING: proposed edge already exists in state, losing one edge: f1=(18, 30)
WARNING: proposed edge already exists in state, losing one edge: f1=(7, 52)
WARNING: proposed edge already exists in state, losing one edge: f1=(1, 55)
WARNING: proposed edge already exists in state, losing one edge: f1=(7, 40)
WARNING: proposed edge already exists in state, losing one edge: f1=(7, 40)
WARNING: proposed edge already exists in state, losing one edge: f1=(8, 41)
WARNING: proposed edge already exists in state, losing one edge: f1=(13, 36)
WARNING: proposed edge already exists in state, losing one edge: f1=(20, 30)
WARNING: proposed edge already exists in state, losing one edge: f1=(7, 40)
WARNING: proposed edge already exists in state, losing one edge: f1=(17, 29)
WARNING: proposed edge already exists in state, losing one edge: f1=(7, 40)
WARNING: proposed edge already exists in state, losing one edge: f1=(8, 41)
  step=000 | valid=032 | action=27 | reward=+3.7247 | score 1.24172->1.95231 | weight patterns {6: 1, 7: 0, 8: 2, 9: 0, 10: 6, 11: 0, 12: 18}->{8: 1, 9: 0, 10: 8, 11: 0, 12: 24, 13: 0, 14: 52} | d 6->8 | k 64->64 | rank 24->24 | wmax 5->5 | qmax 3->3
WARNING: proposed edge already exists in state, losing one edge: f1=(2, 34)
WARNING: proposed edge already exists in state, losing one edge: f1=(1, 55)
WARNING: proposed edge already exists in state, losing one edge: f1=(11, 27)
WARNING: proposed edge already exists in state, losing one edge: f1=(13, 36)
WARNING: proposed edge already exists in state, losing one edge: f1=(4, 51)
WARNING: proposed edge already exists in state, losing one edge: f1=(13, 36)
WARNING: proposed edge already exists in state, losing one edge: f1=(14, 28)
WARNING: proposed edge already exists in state, losing one edge: f1=(22, 48)
WARNING: proposed edge already exists in state, losing one edge: f1=(14, 28)
WARNING: proposed edge already exists in state, losing one edge: f1=(14, 28)
WARNING: proposed edge already exists in state, losing one edge: f1=(13, 36)
WARNING: proposed edge already exists in state, losing one edge: f1=(7, 52)
WARNING: proposed edge already exists in state, losing one edge: f1=(11, 43)
WARNING: proposed edge already exists in state, losing one edge: f1=(7, 52)
  step=001 | valid=032 | action=20 | reward=+2.6480 | score 1.95231->10.4107 | weight patterns {8: 1, 9: 0, 10: 8, 11: 0, 12: 24, 13: 0, 14: 52}->{10: 8, 11: 0, 12: 21, 13: 0, 14: 57, 15: 0, 16: 81} | d 8->10 | k 64->64 | rank 24->24 | wmax 5->5 | qmax 3->3
WARNING: proposed edge already exists in state, losing one edge: f1=(14, 46)
WARNING: proposed edge already exists in state, losing one edge: f1=(17, 29)
WARNING: proposed edge already exists in state, losing one edge: f1=(7, 52)
WARNING: proposed edge already exists in state, losing one edge: f1=(1, 24)
WARNING: proposed edge already exists in state, losing one edge: f1=(19, 47)
WARNING: proposed edge already exists in state, losing one edge: f1=(21, 46)
WARNING: proposed edge already exists in state, losing one edge: f1=(19, 55)
WARNING: proposed edge already exists in state, losing one edge: f1=(17, 29)
WARNING: proposed edge already exists in state, losing one edge: f1=(1, 24)
WARNING: proposed edge already exists in state, losing one edge: f1=(0, 24)
  step=002 | valid=032 | action=16 | reward=+0.1415 | score 10.4107->8.90507 | weight patterns {10: 8, 11: 0, 12: 21, 13: 0, 14: 57, 15: 0, 16: 81}->{10: 6, 11: 0, 12: 27, 13: 0, 14: 51, 15: 0, 16: 85} | d 10->10 | k 64->64 | rank 24->24 | wmax 5->5 | qmax 3->3
WARNING: proposed edge already exists in state, losing one edge: f1=(10, 35)
WARNING: proposed edge already exists in state, losing one edge: f1=(12, 51)
WARNING: proposed edge already exists in state, losing one edge: f1=(12, 28)
WARNING: proposed edge already exists in state, losing one edge: f1=(3, 55)
WARNING: proposed edge already exists in state, losing one edge: f1=(0, 49)
WARNING: proposed edge already exists in state, losing one edge: f1=(8, 38)
WARNING: proposed edge already exists in state, losing one edge: f1=(22, 31)
WARNING: proposed edge already exists in state, losing one edge: f1=(4, 35)
WARNING: proposed edge already exists in state, losing one edge: f1=(12, 51)
WARNING: proposed edge already exists in state, losing one edge: f1=(17, 54)
  step=003 | valid=032 | action=08 | reward=+0.1361 | score 8.90507->7.64453 | weight patterns {10: 6, 11: 0, 12: 27, 13: 0, 14: 51, 15: 0, 16: 85}->{10: 5, 11: 0, 12: 23, 13: 0, 14: 64, 15: 0, 16: 77} | d 10->10 | k 64->64 | rank 24->24 | wmax 5->5 | qmax 3->3
WARNING: proposed edge already exists in state, losing one edge: f1=(11, 44)
WARNING: proposed edge already exists in state, losing one edge: f1=(2, 50)
WARNING: proposed edge already exists in state, losing one edge: f1=(5, 25)
WARNING: proposed edge already exists in state, losing one edge: f1=(19, 47)
WARNING: proposed edge already exists in state, losing one edge: f1=(14, 38)
WARNING: proposed edge already exists in state, losing one edge: f1=(19, 47)
WARNING: proposed edge already exists in state, losing one edge: f1=(2, 50)
WARNING: proposed edge already exists in state, losing one edge: f1=(8, 26)
WARNING: proposed edge already exists in state, losing one edge: f1=(10, 37)
WARNING: proposed edge already exists in state, losing one edge: f1=(19, 47)
WARNING: proposed edge already exists in state, losing one edge: f1=(1, 40)
WARNING: proposed edge already exists in state, losing one edge: f1=(2, 41)
WARNING: proposed edge already exists in state, losing one edge: f1=(17, 37)
  step=004 | valid=032 | action=09 | reward=+0.0735 | score 7.64453->7.03192 | weight patterns {10: 5, 11: 0, 12: 23, 13: 0, 14: 64, 15: 0, 16: 77}->{10: 4, 11: 0, 12: 28, 13: 0, 14: 56, 15: 0, 16: 80} | d 10->10 | k 64->64 | rank 24->24 | wmax 5->5 | qmax 3->3
WARNING: proposed edge already exists in state, losing one edge: f1=(23, 31)
WARNING: proposed edge already exists in state, losing one edge: f1=(17, 54)
WARNING: proposed edge already exists in state, losing one edge: f1=(1, 24)
WARNING: proposed edge already exists in state, losing one edge: f1=(16, 41)
WARNING: proposed edge already exists in state, losing one edge: f1=(7, 37)
WARNING: proposed edge already exists in state, losing one edge: f1=(3, 25)
WARNING: proposed edge already exists in state, losing one edge: f1=(16, 29)
WARNING: proposed edge already exists in state, losing one edge: f1=(1, 24)
WARNING: proposed edge already exists in state, losing one edge: f1=(2, 41)
WARNING: proposed edge already exists in state, losing one edge: f1=(3, 25)
WARNING: proposed edge already exists in state, losing one edge: f1=(19, 28)
WARNING: proposed edge already exists in state, losing one edge: f1=(15, 46)
WARNING: proposed edge already exists in state, losing one edge: f1=(7, 26)
  step=005 | valid=032 | action=01 | reward=+0.2320 | score 7.03192->5.36908 | weight patterns {10: 4, 11: 0, 12: 28, 13: 0, 14: 56, 15: 0, 16: 80}->{10: 2, 11: 0, 12: 32, 13: 0, 14: 53, 15: 0, 16: 82} | d 10->10 | k 64->64 | rank 24->24 | wmax 5->5 | qmax 3->3
WARNING: proposed edge already exists in state, losing one edge: f1=(9, 52)
WARNING: proposed edge already exists in state, losing one edge: f1=(4, 35)
WARNING: proposed edge already exists in state, losing one edge: f1=(11, 43)
WARNING: proposed edge already exists in state, losing one edge: f1=(3, 32)
WARNING: proposed edge already exists in state, losing one edge: f1=(15, 46)
WARNING: proposed edge already exists in state, losing one edge: f1=(12, 45)
WARNING: proposed edge already exists in state, losing one edge: f1=(9, 52)
WARNING: proposed edge already exists in state, losing one edge: f1=(6, 32)
WARNING: proposed edge already exists in state, losing one edge: f1=(10, 37)
WARNING: proposed edge already exists in state, losing one edge: f1=(1, 40)
  step=006 | valid=032 | action=02 | reward=+0.0099 | score 5.36908->5.30637 | weight patterns {10: 2, 11: 0, 12: 32, 13: 0, 14: 53, 15: 0, 16: 82}->{10: 2, 11: 0, 12: 31, 13: 0, 14: 57, 15: 0, 16: 75} | d 10->10 | k 64->64 | rank 24->24 | wmax 5->5 | qmax 3->3
WARNING: proposed edge already exists in state, losing one edge: f1=(5, 43)
WARNING: proposed edge already exists in state, losing one edge: f1=(2, 34)
WARNING: proposed edge already exists in state, losing one edge: f1=(20, 30)
WARNING: proposed edge already exists in state, losing one edge: f1=(1, 55)
WARNING: proposed edge already exists in state, losing one edge: f1=(6, 44)
WARNING: proposed edge already exists in state, losing one edge: f1=(1, 33)
WARNING: proposed edge already exists in state, losing one edge: f1=(2, 34)
WARNING: proposed edge already exists in state, losing one edge: f1=(12, 28)
WARNING: proposed edge already exists in state, losing one edge: f1=(17, 54)
WARNING: proposed edge already exists in state, losing one edge: f1=(3, 55)
  step=007 | valid=032 | action=00 | reward=+0.1656 | score 5.30637->4.34396 | weight patterns {10: 2, 11: 0, 12: 31, 13: 0, 14: 57, 15: 0, 16: 75}->{10: 1, 11: 0, 12: 31, 13: 0, 14: 62, 15: 0, 16: 71} | d 10->10 | k 64->64 | rank 24->24 | wmax 5->5 | qmax 3->3
WARNING: proposed edge already exists in state, losing one edge: f1=(9, 33)
WARNING: proposed edge already exists in state, losing one edge: f1=(7, 37)
WARNING: proposed edge already exists in state, losing one edge: f1=(7, 52)
WARNING: proposed edge already exists in state, losing one edge: f1=(19, 28)
WARNING: proposed edge already exists in state, losing one edge: f1=(6, 51)
WARNING: proposed edge already exists in state, losing one edge: f1=(4, 35)
WARNING: proposed edge already exists in state, losing one edge: f1=(11, 49)
WARNING: proposed edge already exists in state, losing one edge: f1=(1, 48)
WARNING: proposed edge already exists in state, losing one edge: f1=(1, 48)
  step=008 | valid=032 | action=05 | reward=-0.1399 | score 4.34396->5.14622 | weight patterns {10: 1, 11: 0, 12: 31, 13: 0, 14: 62, 15: 0, 16: 71}->{10: 2, 11: 0, 12: 29, 13: 0, 14: 59, 15: 0, 16: 80} | d 10->10 | k 64->64 | rank 24->24 | wmax 5->5 | qmax 3->3
WARNING: proposed edge already exists in state, losing one edge: f1=(4, 51)
WARNING: proposed edge already exists in state, losing one edge: f1=(13, 44)
WARNING: proposed edge already exists in state, losing one edge: f1=(8, 53)
WARNING: proposed edge already exists in state, losing one edge: f1=(3, 32)
WARNING: proposed edge already exists in state, losing one edge: f1=(5, 25)
WARNING: proposed edge already exists in state, losing one edge: f1=(4, 51)
  step=009 | valid=032 | action=26 | reward=-0.2461 | score 5.14622->6.86148 | weight patterns {10: 2, 11: 0, 12: 29, 13: 0, 14: 59, 15: 0, 16: 80}->{10: 4, 11: 0, 12: 26, 13: 0, 14: 57, 15: 0, 16: 82} | d 10->10 | k 64->64 | rank 24->24 | wmax 5->5 | qmax 3->3
WARNING: proposed edge already exists in state, losing one edge: f1=(22, 31)
WARNING: proposed edge already exists in state, losing one edge: f1=(1, 40)
WARNING: proposed edge already exists in state, losing one edge: f1=(14, 43)
WARNING: proposed edge already exists in state, losing one edge: f1=(19, 36)
WARNING: proposed edge already exists in state, losing one edge: f1=(22, 53)
WARNING: proposed edge already exists in state, losing one edge: f1=(14, 46)
WARNING: proposed edge already exists in state, losing one edge: f1=(11, 44)
WARNING: proposed edge already exists in state, losing one edge: f1=(14, 46)
WARNING: proposed edge already exists in state, losing one edge: f1=(23, 31)
WARNING: proposed edge already exists in state, losing one edge: f1=(1, 24)
WARNING: proposed edge already exists in state, losing one edge: f1=(11, 44)
WARNING: proposed edge already exists in state, losing one edge: f1=(16, 41)
  step=010 | valid=032 | action=20 | reward=-0.0952 | score 6.86148->7.64672 | weight patterns {10: 4, 11: 0, 12: 26, 13: 0, 14: 57, 15: 0, 16: 82}->{10: 5, 11: 0, 12: 23, 13: 0, 14: 64, 15: 0, 16: 80} | d 10->10 | k 64->64 | rank 24->24 | wmax 5->5 | qmax 3->3
WARNING: proposed edge already exists in state, losing one edge: f1=(18, 54)
WARNING: proposed edge already exists in state, losing one edge: f1=(6, 51)
WARNING: proposed edge already exists in state, losing one edge: f1=(8, 38)
WARNING: proposed edge already exists in state, losing one edge: f1=(5, 25)
WARNING: proposed edge already exists in state, losing one edge: f1=(0, 49)
WARNING: proposed edge already exists in state, losing one edge: f1=(18, 54)
WARNING: proposed edge already exists in state, losing one edge: f1=(18, 54)
WARNING: proposed edge already exists in state, losing one edge: f1=(8, 53)
  step=011 | valid=032 | action=29 | reward=-0.0501 | score 7.64672->8.09098 | weight patterns {10: 5, 11: 0, 12: 23, 13: 0, 14: 64, 15: 0, 16: 80}->{10: 5, 11: 0, 12: 29, 13: 0, 14: 52, 15: 0, 16: 82} | d 10->10 | k 64->64 | rank 24->24 | wmax 5->5 | qmax 3->3
WARNING: proposed edge already exists in state, losing one edge: f1=(3, 55)
WARNING: proposed edge already exists in state, losing one edge: f1=(6, 26)
WARNING: proposed edge already exists in state, losing one edge: f1=(16, 29)
WARNING: proposed edge already exists in state, losing one edge: f1=(13, 38)
WARNING: proposed edge already exists in state, losing one edge: f1=(1, 55)
WARNING: proposed edge already exists in state, losing one edge: f1=(13, 38)
WARNING: proposed edge already exists in state, losing one edge: f1=(3, 50)
  step=012 | valid=032 | action=16 | reward=+0.1020 | score 8.09098->7.20973 | weight patterns {10: 5, 11: 0, 12: 29, 13: 0, 14: 52, 15: 0, 16: 82}->{10: 4, 11: 0, 12: 30, 13: 0, 14: 56, 15: 0, 16: 77} | d 10->10 | k 64->64 | rank 24->24 | wmax 5->5 | qmax 3->3
WARNING: proposed edge already exists in state, losing one edge: f1=(12, 28)
WARNING: proposed edge already exists in state, losing one edge: f1=(8, 36)
WARNING: proposed edge already exists in state, losing one edge: f1=(7, 25)
WARNING: proposed edge already exists in state, losing one edge: f1=(2, 34)
WARNING: proposed edge already exists in state, losing one edge: f1=(10, 35)
WARNING: proposed edge already exists in state, losing one edge: f1=(14, 47)
WARNING: proposed edge already exists in state, losing one edge: f1=(7, 25)
WARNING: proposed edge already exists in state, losing one edge: f1=(0, 39)
WARNING: proposed edge already exists in state, losing one edge: f1=(2, 50)
WARNING: proposed edge already exists in state, losing one edge: f1=(7, 25)
WARNING: proposed edge already exists in state, losing one edge: f1=(10, 53)
  step=013 | valid=032 | action=19 | reward=-0.0106 | score 7.20973->7.29755 | weight patterns {10: 4, 11: 0, 12: 30, 13: 0, 14: 56, 15: 0, 16: 77}->{10: 4, 11: 0, 12: 31, 13: 0, 14: 56, 15: 0, 16: 74} | d 10->10 | k 64->64 | rank 24->24 | wmax 5->5 | qmax 3->3
WARNING: proposed edge already exists in state, losing one edge: f1=(14, 47)
WARNING: proposed edge already exists in state, losing one edge: f1=(5, 36)
WARNING: proposed edge already exists in state, losing one edge: f1=(4, 35)
WARNING: proposed edge already exists in state, losing one edge: f1=(11, 44)
WARNING: proposed edge already exists in state, losing one edge: f1=(22, 53)
WARNING: proposed edge already exists in state, losing one edge: f1=(0, 32)
WARNING: proposed edge already exists in state, losing one edge: f1=(0, 49)
WARNING: proposed edge already exists in state, losing one edge: f1=(5, 25)
WARNING: proposed edge already exists in state, losing one edge: f1=(22, 53)
WARNING: proposed edge already exists in state, losing one edge: f1=(5, 36)
WARNING: proposed edge already exists in state, losing one edge: f1=(4, 35)
  step=014 | valid=032 | action=31 | reward=-0.0854 | score 7.29755->8.0371 | weight patterns {10: 4, 11: 0, 12: 31, 13: 0, 14: 56, 15: 0, 16: 74}->{10: 5, 11: 0, 12: 28, 13: 0, 14: 57, 15: 0, 16: 76} | d 10->10 | k 64->64 | rank 24->24 | wmax 5->5 | qmax 3->3
WARNING: proposed edge already exists in state, losing one edge: f1=(12, 33)
WARNING: proposed edge already exists in state, losing one edge: f1=(10, 38)
WARNING: proposed edge already exists in state, losing one edge: f1=(10, 38)
WARNING: proposed edge already exists in state, losing one edge: f1=(22, 53)
WARNING: proposed edge already exists in state, losing one edge: f1=(15, 42)
WARNING: proposed edge already exists in state, losing one edge: f1=(12, 33)
WARNING: proposed edge already exists in state, losing one edge: f1=(23, 25)
WARNING: proposed edge already exists in state, losing one edge: f1=(21, 54)
WARNING: proposed edge already exists in state, losing one edge: f1=(16, 27)
WARNING: proposed edge already exists in state, losing one edge: f1=(15, 42)
  step=015 | valid=032 | action=23 | reward=+0.0156 | score 8.0371->7.8976 | weight patterns {10: 5, 11: 0, 12: 28, 13: 0, 14: 57, 15: 0, 16: 76}->{10: 5, 11: 0, 12: 26, 13: 0, 14: 62, 15: 0, 16: 76} | d 10->10 | k 64->64 | rank 24->24 | wmax 5->5 | qmax 3->3
WARNING: proposed edge already exists in state, losing one edge: f1=(21, 35)
WARNING: proposed edge already exists in state, losing one edge: f1=(3, 32)
WARNING: proposed edge already exists in state, losing one edge: f1=(14, 47)
WARNING: proposed edge already exists in state, losing one edge: f1=(0, 32)
WARNING: proposed edge already exists in state, losing one edge: f1=(15, 42)
WARNING: proposed edge already exists in state, losing one edge: f1=(2, 41)
  step=016 | valid=032 | action=20 | reward=+0.0276 | score 7.8976->7.65563 | weight patterns {10: 5, 11: 0, 12: 26, 13: 0, 14: 62, 15: 0, 16: 76}->{10: 5, 11: 0, 12: 23, 13: 0, 14: 66, 15: 0, 16: 70} | d 10->10 | k 64->64 | rank 24->24 | wmax 5->5 | qmax 3->3
WARNING: proposed edge already exists in state, losing one edge: f1=(19, 36)
WARNING: proposed edge already exists in state, losing one edge: f1=(3, 42)
WARNING: proposed edge already exists in state, losing one edge: f1=(10, 53)
WARNING: proposed edge already exists in state, losing one edge: f1=(10, 38)
WARNING: proposed edge already exists in state, losing one edge: f1=(11, 29)
WARNING: proposed edge already exists in state, losing one edge: f1=(1, 33)
WARNING: proposed edge already exists in state, losing one edge: f1=(19, 36)
WARNING: proposed edge already exists in state, losing one edge: f1=(11, 29)
WARNING: proposed edge already exists in state, losing one edge: f1=(6, 44)
WARNING: proposed edge already exists in state, losing one edge: f1=(17, 37)
WARNING: proposed edge already exists in state, losing one edge: f1=(1, 33)
WARNING: proposed edge already exists in state, losing one edge: f1=(3, 42)
WARNING: proposed edge already exists in state, losing one edge: f1=(18, 34)
  step=017 | valid=032 | action=17 | reward=-0.0239 | score 7.65563->7.8652 | weight patterns {10: 5, 11: 0, 12: 23, 13: 0, 14: 66, 15: 0, 16: 70}->{10: 5, 11: 0, 12: 26, 13: 0, 14: 58, 15: 0, 16: 76} | d 10->10 | k 64->64 | rank 24->24 | wmax 5->5 | qmax 3->3
WARNING: proposed edge already exists in state, losing one edge: f1=(3, 40)
WARNING: proposed edge already exists in state, losing one edge: f1=(22, 48)
WARNING: proposed edge already exists in state, losing one edge: f1=(3, 55)
WARNING: proposed edge already exists in state, losing one edge: f1=(17, 37)
WARNING: proposed edge already exists in state, losing one edge: f1=(19, 36)
WARNING: proposed edge already exists in state, losing one edge: f1=(9, 33)
WARNING: proposed edge already exists in state, losing one edge: f1=(17, 37)
WARNING: proposed edge already exists in state, losing one edge: f1=(19, 55)
WARNING: proposed edge already exists in state, losing one edge: f1=(15, 34)
WARNING: proposed edge already exists in state, losing one edge: f1=(9, 52)
WARNING: proposed edge already exists in state, losing one edge: f1=(0, 24)
WARNING: proposed edge already exists in state, losing one edge: f1=(10, 35)
WARNING: proposed edge already exists in state, losing one edge: f1=(16, 41)
WARNING: proposed edge already exists in state, losing one edge: f1=(10, 35)
WARNING: proposed edge already exists in state, losing one edge: f1=(15, 34)
  step=018 | valid=032 | action=17 | reward=-0.0021 | score 7.8652->7.88367 | weight patterns {10: 5, 11: 0, 12: 26, 13: 0, 14: 58, 15: 0, 16: 76}->{10: 5, 11: 0, 12: 26, 13: 0, 14: 61, 15: 0, 16: 68} | d 10->10 | k 64->64 | rank 24->24 | wmax 5->5 | qmax 3->3
  step=019 | valid=032 | action=29 | reward=-0.0865 | score 7.88367->8.68593 | weight patterns {10: 5, 11: 0, 12: 26, 13: 0, 14: 61, 15: 0, 16: 68}->{10: 6, 11: 0, 12: 24, 13: 0, 14: 58, 15: 0, 16: 77} | d 10->10 | k 64->64 | rank 24->24 | wmax 5->5 | qmax 3->3
Episode 1 finished: steps=20, final_score=8.68593, cum_reward=+6.5366, final_d=10, final_k=64

Episode 2/3
WARNING: proposed edge already exists in state, losing one edge: f1=(21, 35)
WARNING: proposed edge already exists in state, losing one edge: f1=(23, 47)
WARNING: proposed edge already exists in state, losing one edge: f1=(23, 47)
WARNING: proposed edge already exists in state, losing one edge: f1=(7, 52)
WARNING: proposed edge already exists in state, losing one edge: f1=(1, 24)
WARNING: proposed edge already exists in state, losing one edge: f1=(22, 39)
WARNING: proposed edge already exists in state, losing one edge: f1=(7, 26)
WARNING: proposed edge already exists in state, losing one edge: f1=(17, 45)
WARNING: proposed edge already exists in state, losing one edge: f1=(5, 36)
WARNING: proposed edge already exists in state, losing one edge: f1=(7, 26)
WARNING: proposed edge already exists in state, losing one edge: f1=(19, 47)
WARNING: proposed edge already exists in state, losing one edge: f1=(13, 50)
WARNING: proposed edge already exists in state, losing one edge: f1=(19, 47)
WARNING: proposed edge already exists in state, losing one edge: f1=(5, 36)
WARNING: proposed edge already exists in state, losing one edge: f1=(10, 27)
WARNING: proposed edge already exists in state, losing one edge: f1=(1, 24)
WARNING: proposed edge already exists in state, losing one edge: f1=(1, 40)
WARNING: proposed edge already exists in state, losing one edge: f1=(10, 27)
WARNING: proposed edge already exists in state, losing one edge: f1=(1, 40)
WARNING: proposed edge already exists in state, losing one edge: f1=(10, 35)
WARNING: proposed edge already exists in state, losing one edge: f1=(10, 35)
WARNING: proposed edge already exists in state, losing one edge: f1=(1, 33)
WARNING: proposed edge already exists in state, losing one edge: f1=(3, 32)
WARNING: proposed edge already exists in state, losing one edge: f1=(6, 32)
  step=000 | valid=032 | action=15 | reward=+3.7879 | score 1.24172->1.77141 | weight patterns {6: 1, 7: 0, 8: 2, 9: 0, 10: 6, 11: 0, 12: 18}->{8: 1, 9: 0, 10: 5, 11: 6, 12: 12, 13: 16, 14: 32} | d 6->8 | k 64->64 | rank 24->24 | wmax 5->5 | qmax 3->3
WARNING: proposed edge already exists in state, losing one edge: f1=(9, 27)
WARNING: proposed edge already exists in state, losing one edge: f1=(6, 26)
WARNING: proposed edge already exists in state, losing one edge: f1=(16, 47)
WARNING: proposed edge already exists in state, losing one edge: f1=(6, 44)
WARNING: proposed edge already exists in state, losing one edge: f1=(6, 44)
WARNING: proposed edge already exists in state, losing one edge: f1=(15, 46)
WARNING: proposed edge already exists in state, losing one edge: f1=(12, 28)
WARNING: proposed edge already exists in state, losing one edge: f1=(1, 55)
WARNING: proposed edge already exists in state, losing one edge: f1=(6, 44)
WARNING: proposed edge already exists in state, losing one edge: f1=(16, 36)
WARNING: proposed edge already exists in state, losing one edge: f1=(12, 28)
WARNING: proposed edge already exists in state, losing one edge: f1=(0, 39)
  step=001 | valid=032 | action=16 | reward=+2.7097 | score 1.77141->9.07072 | weight patterns {8: 1, 9: 0, 10: 5, 11: 6, 12: 12, 13: 16, 14: 32}->{10: 5, 11: 7, 12: 14, 13: 13, 14: 31, 15: 33, 16: 39} | d 8->10 | k 64->64 | rank 24->24 | wmax 5->5 | qmax 3->3
WARNING: proposed edge already exists in state, losing one edge: f1=(14, 49)
WARNING: proposed edge already exists in state, losing one edge: f1=(21, 35)
WARNING: proposed edge already exists in state, losing one edge: f1=(12, 45)
WARNING: proposed edge already exists in state, losing one edge: f1=(9, 27)
WARNING: proposed edge already exists in state, losing one edge: f1=(1, 40)
WARNING: proposed edge already exists in state, losing one edge: f1=(14, 46)
WARNING: proposed edge already exists in state, losing one edge: f1=(21, 31)
WARNING: proposed edge already exists in state, losing one edge: f1=(13, 36)
  step=002 | valid=032 | action=24 | reward=-0.0041 | score 9.07072->9.11171 | weight patterns {10: 5, 11: 7, 12: 14, 13: 13, 14: 31, 15: 33, 16: 39}->{10: 5, 11: 7, 12: 14, 13: 13, 14: 36, 15: 35, 16: 33} | d 10->10 | k 64->64 | rank 24->24 | wmax 5->5 | qmax 3->3
WARNING: proposed edge already exists in state, losing one edge: f1=(23, 47)
WARNING: proposed edge already exists in state, losing one edge: f1=(8, 38)
WARNING: proposed edge already exists in state, losing one edge: f1=(15, 34)
WARNING: proposed edge already exists in state, losing one edge: f1=(17, 45)
WARNING: proposed edge already exists in state, losing one edge: f1=(7, 52)
WARNING: proposed edge already exists in state, losing one edge: f1=(0, 39)
WARNING: proposed edge already exists in state, losing one edge: f1=(14, 28)
WARNING: proposed edge already exists in state, losing one edge: f1=(21, 54)
WARNING: proposed edge already exists in state, losing one edge: f1=(0, 32)
WARNING: proposed edge already exists in state, losing one edge: f1=(14, 28)
WARNING: proposed edge already exists in state, losing one edge: f1=(16, 36)
WARNING: proposed edge already exists in state, losing one edge: f1=(22, 39)
  step=003 | valid=032 | action=30 | reward=-0.2057 | score 9.11171->11.4212 | weight patterns {10: 5, 11: 7, 12: 14, 13: 13, 14: 36, 15: 35, 16: 33}->{10: 7, 11: 9, 12: 12, 13: 10, 14: 32, 15: 35, 16: 37} | d 10->10 | k 64->64 | rank 24->24 | wmax 5->5 | qmax 3->3
WARNING: proposed edge already exists in state, losing one edge: f1=(20, 35)
WARNING: proposed edge already exists in state, losing one edge: f1=(16, 46)
WARNING: proposed edge already exists in state, losing one edge: f1=(14, 46)
WARNING: proposed edge already exists in state, losing one edge: f1=(16, 29)
WARNING: proposed edge already exists in state, losing one edge: f1=(6, 51)
WARNING: proposed edge already exists in state, losing one edge: f1=(11, 43)
WARNING: proposed edge already exists in state, losing one edge: f1=(9, 33)
WARNING: proposed edge already exists in state, losing one edge: f1=(9, 42)
WARNING: proposed edge already exists in state, losing one edge: f1=(22, 48)
WARNING: proposed edge already exists in state, losing one edge: f1=(21, 35)
WARNING: proposed edge already exists in state, losing one edge: f1=(16, 29)
WARNING: proposed edge already exists in state, losing one edge: f1=(6, 51)
WARNING: proposed edge already exists in state, losing one edge: f1=(13, 50)
WARNING: proposed edge already exists in state, losing one edge: f1=(23, 40)
WARNING: proposed edge already exists in state, losing one edge: f1=(0, 24)
  step=004 | valid=032 | action=01 | reward=+0.3451 | score 11.4212->7.79641 | weight patterns {10: 7, 11: 9, 12: 12, 13: 10, 14: 32, 15: 35, 16: 37}->{10: 3, 11: 8, 12: 18, 13: 16, 14: 31, 15: 27, 16: 38} | d 10->10 | k 64->64 | rank 24->24 | wmax 5->5 | qmax 3->3
WARNING: proposed edge already exists in state, losing one edge: f1=(19, 55)
WARNING: proposed edge already exists in state, losing one edge: f1=(14, 28)
WARNING: proposed edge already exists in state, losing one edge: f1=(7, 40)
WARNING: proposed edge already exists in state, losing one edge: f1=(21, 31)
WARNING: proposed edge already exists in state, losing one edge: f1=(11, 43)
WARNING: proposed edge already exists in state, losing one edge: f1=(4, 47)
WARNING: proposed edge already exists in state, losing one edge: f1=(14, 28)
WARNING: proposed edge already exists in state, losing one edge: f1=(7, 37)
WARNING: proposed edge already exists in state, losing one edge: f1=(2, 24)
WARNING: proposed edge already exists in state, losing one edge: f1=(22, 48)
WARNING: proposed edge already exists in state, losing one edge: f1=(14, 28)
WARNING: proposed edge already exists in state, losing one edge: f1=(20, 36)
WARNING: proposed edge already exists in state, losing one edge: f1=(19, 55)
WARNING: proposed edge already exists in state, losing one edge: f1=(11, 43)
WARNING: proposed edge already exists in state, losing one edge: f1=(9, 42)
WARNING: proposed edge already exists in state, losing one edge: f1=(0, 24)
  step=005 | valid=032 | action=04 | reward=+0.0561 | score 7.79641->7.31684 | weight patterns {10: 3, 11: 8, 12: 18, 13: 16, 14: 31, 15: 27, 16: 38}->{10: 2, 11: 10, 12: 18, 13: 12, 14: 34, 15: 29, 16: 37} | d 10->10 | k 64->64 | rank 24->24 | wmax 5->5 | qmax 3->3
WARNING: proposed edge already exists in state, losing one edge: f1=(7, 26)
WARNING: proposed edge already exists in state, losing one edge: f1=(17, 45)
WARNING: proposed edge already exists in state, losing one edge: f1=(21, 31)
WARNING: proposed edge already exists in state, losing one edge: f1=(3, 32)
WARNING: proposed edge already exists in state, losing one edge: f1=(13, 28)
WARNING: proposed edge already exists in state, losing one edge: f1=(3, 25)
  step=006 | valid=032 | action=26 | reward=-0.1101 | score 7.31684->8.285 | weight patterns {10: 2, 11: 10, 12: 18, 13: 12, 14: 34, 15: 29, 16: 37}->{10: 4, 11: 7, 12: 15, 13: 17, 14: 34, 15: 30, 16: 38} | d 10->10 | k 64->64 | rank 24->24 | wmax 5->5 | qmax 3->3
WARNING: proposed edge already exists in state, losing one edge: f1=(0, 24)
WARNING: proposed edge already exists in state, losing one edge: f1=(10, 53)
WARNING: proposed edge already exists in state, losing one edge: f1=(0, 39)
WARNING: proposed edge already exists in state, losing one edge: f1=(18, 54)
WARNING: proposed edge already exists in state, losing one edge: f1=(0, 24)
WARNING: proposed edge already exists in state, losing one edge: f1=(19, 38)
WARNING: proposed edge already exists in state, losing one edge: f1=(0, 39)
WARNING: proposed edge already exists in state, losing one edge: f1=(14, 46)
WARNING: proposed edge already exists in state, losing one edge: f1=(15, 29)
WARNING: proposed edge already exists in state, losing one edge: f1=(4, 51)
  step=007 | valid=032 | action=30 | reward=-0.0906 | score 8.285->9.16594 | weight patterns {10: 4, 11: 7, 12: 15, 13: 17, 14: 34, 15: 30, 16: 38}->{10: 5, 11: 7, 12: 13, 13: 18, 14: 36, 15: 37, 16: 39} | d 10->10 | k 64->64 | rank 24->24 | wmax 5->5 | qmax 3->3
WARNING: proposed edge already exists in state, losing one edge: f1=(16, 46)
WARNING: proposed edge already exists in state, losing one edge: f1=(15, 46)
WARNING: proposed edge already exists in state, losing one edge: f1=(16, 36)
WARNING: proposed edge already exists in state, losing one edge: f1=(6, 51)
WARNING: proposed edge already exists in state, losing one edge: f1=(15, 46)
WARNING: proposed edge already exists in state, losing one edge: f1=(0, 24)
WARNING: proposed edge already exists in state, losing one edge: f1=(16, 36)
  step=008 | valid=032 | action=07 | reward=+0.1683 | score 9.16594->7.59087 | weight patterns {10: 5, 11: 7, 12: 13, 13: 18, 14: 36, 15: 37, 16: 39}->{10: 4, 11: 5, 12: 14, 13: 17, 14: 31, 15: 35, 16: 49} | d 10->10 | k 64->64 | rank 24->24 | wmax 5->5 | qmax 3->3
WARNING: proposed edge already exists in state, losing one edge: f1=(8, 38)
WARNING: proposed edge already exists in state, losing one edge: f1=(11, 27)
WARNING: proposed edge already exists in state, losing one edge: f1=(8, 53)
WARNING: proposed edge already exists in state, losing one edge: f1=(11, 27)
WARNING: proposed edge already exists in state, losing one edge: f1=(2, 24)
WARNING: proposed edge already exists in state, losing one edge: f1=(8, 53)
WARNING: proposed edge already exists in state, losing one edge: f1=(3, 42)
  step=009 | valid=032 | action=09 | reward=+0.0298 | score 7.59087->7.33864 | weight patterns {10: 4, 11: 5, 12: 14, 13: 17, 14: 31, 15: 35, 16: 49}->{10: 3, 11: 6, 12: 20, 13: 15, 14: 27, 15: 35, 16: 41} | d 10->10 | k 64->64 | rank 24->24 | wmax 5->5 | qmax 3->3
WARNING: proposed edge already exists in state, losing one edge: f1=(6, 44)
WARNING: proposed edge already exists in state, losing one edge: f1=(1, 40)
WARNING: proposed edge already exists in state, losing one edge: f1=(22, 53)
WARNING: proposed edge already exists in state, losing one edge: f1=(5, 30)
WARNING: proposed edge already exists in state, losing one edge: f1=(2, 50)
WARNING: proposed edge already exists in state, losing one edge: f1=(5, 30)
WARNING: proposed edge already exists in state, losing one edge: f1=(19, 30)
WARNING: proposed edge already exists in state, losing one edge: f1=(9, 52)
WARNING: proposed edge already exists in state, losing one edge: f1=(11, 37)
  step=010 | valid=032 | action=27 | reward=-0.2146 | score 7.33864->9.3351 | weight patterns {10: 3, 11: 6, 12: 20, 13: 15, 14: 27, 15: 35, 16: 41}->{10: 5, 11: 6, 12: 20, 13: 13, 14: 32, 15: 43, 16: 28} | d 10->10 | k 64->64 | rank 24->24 | wmax 5->5 | qmax 3->3
WARNING: proposed edge already exists in state, losing one edge: f1=(16, 36)
WARNING: proposed edge already exists in state, losing one edge: f1=(3, 50)
WARNING: proposed edge already exists in state, losing one edge: f1=(19, 55)
WARNING: proposed edge already exists in state, losing one edge: f1=(9, 33)
WARNING: proposed edge already exists in state, losing one edge: f1=(21, 31)
WARNING: proposed edge already exists in state, losing one edge: f1=(19, 30)
WARNING: proposed edge already exists in state, losing one edge: f1=(19, 30)
  step=011 | valid=030 | action=12 | reward=+0.1569 | score 9.3351->7.83435 | weight patterns {10: 5, 11: 6, 12: 20, 13: 13, 14: 32, 15: 43, 16: 28}->{10: 3, 11: 7, 12: 22, 13: 15, 14: 29, 15: 36, 16: 37} | d 10->10 | k 64->64 | rank 24->24 | wmax 5->5 | qmax 3->3
WARNING: proposed edge already exists in state, losing one edge: f1=(15, 42)
WARNING: proposed edge already exists in state, losing one edge: f1=(21, 35)
WARNING: proposed edge already exists in state, losing one edge: f1=(0, 39)
WARNING: proposed edge already exists in state, losing one edge: f1=(1, 33)
WARNING: proposed edge already exists in state, losing one edge: f1=(0, 39)
WARNING: proposed edge already exists in state, losing one edge: f1=(21, 35)
WARNING: proposed edge already exists in state, losing one edge: f1=(1, 33)
WARNING: proposed edge already exists in state, losing one edge: f1=(1, 33)
WARNING: proposed edge already exists in state, losing one edge: f1=(15, 42)
WARNING: proposed edge already exists in state, losing one edge: f1=(16, 36)
WARNING: proposed edge already exists in state, losing one edge: f1=(16, 46)
WARNING: proposed edge already exists in state, losing one edge: f1=(10, 44)
WARNING: proposed edge already exists in state, losing one edge: f1=(18, 43)
WARNING: proposed edge already exists in state, losing one edge: f1=(15, 46)
WARNING: proposed edge already exists in state, losing one edge: f1=(0, 32)
WARNING: proposed edge already exists in state, losing one edge: f1=(15, 42)
WARNING: proposed edge already exists in state, losing one edge: f1=(18, 30)
WARNING: proposed edge already exists in state, losing one edge: f1=(21, 35)
WARNING: proposed edge already exists in state, losing one edge: f1=(16, 46)
  step=012 | valid=032 | action=08 | reward=+0.1284 | score 7.83435->6.76958 | weight patterns {10: 3, 11: 7, 12: 22, 13: 15, 14: 29, 15: 36, 16: 37}->{10: 2, 11: 8, 12: 19, 13: 12, 14: 27, 15: 34, 16: 47} | d 10->10 | k 64->64 | rank 24->24 | wmax 5->5 | qmax 3->3
WARNING: proposed edge already exists in state, losing one edge: f1=(0, 49)
WARNING: proposed edge already exists in state, losing one edge: f1=(1, 24)
WARNING: proposed edge already exists in state, losing one edge: f1=(20, 27)
WARNING: proposed edge already exists in state, losing one edge: f1=(9, 52)
WARNING: proposed edge already exists in state, losing one edge: f1=(10, 36)
WARNING: proposed edge already exists in state, losing one edge: f1=(1, 24)
WARNING: proposed edge already exists in state, losing one edge: f1=(3, 25)
WARNING: proposed edge already exists in state, losing one edge: f1=(16, 36)
WARNING: proposed edge already exists in state, losing one edge: f1=(8, 26)
WARNING: proposed edge already exists in state, losing one edge: f1=(10, 54)
WARNING: proposed edge already exists in state, losing one edge: f1=(22, 48)
WARNING: proposed edge already exists in state, losing one edge: f1=(3, 25)
WARNING: proposed edge already exists in state, losing one edge: f1=(9, 27)
WARNING: proposed edge already exists in state, losing one edge: f1=(14, 28)
WARNING: proposed edge already exists in state, losing one edge: f1=(3, 50)
  step=013 | valid=029 | action=24 | reward=-0.2237 | score 6.76958->8.71776 | weight patterns {10: 2, 11: 8, 12: 19, 13: 12, 14: 27, 15: 34, 16: 47}->{10: 5, 11: 6, 12: 13, 13: 14, 14: 32, 15: 32, 16: 45} | d 10->10 | k 64->64 | rank 24->24 | wmax 5->5 | qmax 3->3
WARNING: proposed edge already exists in state, losing one edge: f1=(3, 32)
WARNING: proposed edge already exists in state, losing one edge: f1=(13, 36)
WARNING: proposed edge already exists in state, losing one edge: f1=(7, 37)
WARNING: proposed edge already exists in state, losing one edge: f1=(7, 37)
WARNING: proposed edge already exists in state, losing one edge: f1=(2, 49)
WARNING: proposed edge already exists in state, losing one edge: f1=(15, 34)
WARNING: proposed edge already exists in state, losing one edge: f1=(7, 37)
WARNING: proposed edge already exists in state, losing one edge: f1=(9, 27)
WARNING: proposed edge already exists in state, losing one edge: f1=(9, 27)
  step=014 | valid=032 | action=08 | reward=+0.1012 | score 8.71776->7.78246 | weight patterns {10: 5, 11: 6, 12: 13, 13: 14, 14: 32, 15: 32, 16: 45}->{10: 4, 11: 5, 12: 17, 13: 14, 14: 33, 15: 33, 16: 37} | d 10->10 | k 64->64 | rank 24->24 | wmax 5->5 | qmax 3->3
WARNING: proposed edge already exists in state, losing one edge: f1=(0, 39)
WARNING: proposed edge already exists in state, losing one edge: f1=(0, 49)
WARNING: proposed edge already exists in state, losing one edge: f1=(16, 29)
WARNING: proposed edge already exists in state, losing one edge: f1=(1, 48)
WARNING: proposed edge already exists in state, losing one edge: f1=(0, 49)
  step=015 | valid=032 | action=13 | reward=-0.0288 | score 7.78246->8.03928 | weight patterns {10: 4, 11: 5, 12: 17, 13: 14, 14: 33, 15: 33, 16: 37}->{10: 4, 11: 5, 12: 19, 13: 18, 14: 29, 15: 32, 16: 42} | d 10->10 | k 64->64 | rank 24->24 | wmax 5->5 | qmax 3->3
WARNING: proposed edge already exists in state, losing one edge: f1=(11, 27)
WARNING: proposed edge already exists in state, losing one edge: f1=(1, 31)
WARNING: proposed edge already exists in state, losing one edge: f1=(10, 54)
WARNING: proposed edge already exists in state, losing one edge: f1=(0, 49)
WARNING: proposed edge already exists in state, losing one edge: f1=(7, 52)
WARNING: proposed edge already exists in state, losing one edge: f1=(6, 33)
WARNING: proposed edge already exists in state, losing one edge: f1=(7, 52)
WARNING: proposed edge already exists in state, losing one edge: f1=(6, 33)
WARNING: proposed edge already exists in state, losing one edge: f1=(0, 39)
WARNING: proposed edge already exists in state, losing one edge: f1=(0, 39)
WARNING: proposed edge already exists in state, losing one edge: f1=(10, 54)
WARNING: proposed edge already exists in state, losing one edge: f1=(11, 27)
WARNING: proposed edge already exists in state, losing one edge: f1=(10, 54)
WARNING: proposed edge already exists in state, losing one edge: f1=(11, 27)
WARNING: proposed edge already exists in state, losing one edge: f1=(10, 53)
  step=016 | valid=024 | action=15 | reward=-0.2043 | score 8.03928->10.0882 | weight patterns {10: 4, 11: 5, 12: 19, 13: 18, 14: 29, 15: 32, 16: 42}->{10: 6, 11: 7, 12: 14, 13: 14, 14: 30, 15: 30, 16: 47} | d 10->10 | k 64->64 | rank 24->24 | wmax 5->5 | qmax 3->3
WARNING: proposed edge already exists in state, losing one edge: f1=(19, 55)
WARNING: proposed edge already exists in state, losing one edge: f1=(3, 25)
WARNING: proposed edge already exists in state, losing one edge: f1=(2, 24)
WARNING: proposed edge already exists in state, losing one edge: f1=(8, 40)
WARNING: proposed edge already exists in state, losing one edge: f1=(9, 33)
WARNING: proposed edge already exists in state, losing one edge: f1=(20, 35)
WARNING: proposed edge already exists in state, losing one edge: f1=(8, 53)
WARNING: proposed edge already exists in state, losing one edge: f1=(2, 24)
WARNING: proposed edge already exists in state, losing one edge: f1=(0, 44)
WARNING: proposed edge already exists in state, losing one edge: f1=(7, 52)
WARNING: proposed edge already exists in state, losing one edge: f1=(13, 24)
WARNING: proposed edge already exists in state, losing one edge: f1=(11, 43)
WARNING: proposed edge already exists in state, losing one edge: f1=(3, 25)
WARNING: proposed edge already exists in state, losing one edge: f1=(7, 41)
WARNING: proposed edge already exists in state, losing one edge: f1=(19, 30)
  step=017 | valid=025 | action=13 | reward=+0.0399 | score 10.0882->9.65393 | weight patterns {10: 6, 11: 7, 12: 14, 13: 14, 14: 30, 15: 30, 16: 47}->{10: 6, 11: 6, 12: 12, 13: 14, 14: 34, 15: 37, 16: 42} | d 10->10 | k 64->64 | rank 24->24 | wmax 5->5 | qmax 3->3
WARNING: proposed edge already exists in state, losing one edge: f1=(16, 36)
WARNING: proposed edge already exists in state, losing one edge: f1=(9, 33)
WARNING: proposed edge already exists in state, losing one edge: f1=(15, 29)
WARNING: proposed edge already exists in state, losing one edge: f1=(2, 41)
WARNING: proposed edge already exists in state, losing one edge: f1=(3, 25)
WARNING: proposed edge already exists in state, losing one edge: f1=(8, 26)
WARNING: proposed edge already exists in state, losing one edge: f1=(1, 31)
WARNING: proposed edge already exists in state, losing one edge: f1=(20, 35)
WARNING: proposed edge already exists in state, losing one edge: f1=(14, 24)
WARNING: proposed edge already exists in state, losing one edge: f1=(8, 26)
  step=018 | valid=032 | action=02 | reward=+0.2569 | score 9.65393->7.24004 | weight patterns {10: 6, 11: 6, 12: 12, 13: 14, 14: 34, 15: 37, 16: 42}->{10: 4, 11: 3, 12: 15, 13: 23, 14: 32, 15: 32, 16: 44} | d 10->10 | k 64->64 | rank 24->24 | wmax 5->5 | qmax 3->3
  step=019 | valid=032 | action=00 | reward=+0.0923 | score 7.24004->6.51377 | weight patterns {10: 4, 11: 3, 12: 15, 13: 23, 14: 32, 15: 32, 16: 44}->{10: 3, 11: 4, 12: 16, 13: 19, 14: 32, 15: 28, 16: 46} | d 10->10 | k 64->64 | rank 24->24 | wmax 5->5 | qmax 3->3
Episode 2 finished: steps=20, final_score=6.51377, cum_reward=+6.7905, final_d=10, final_k=64

Episode 3/3
WARNING: proposed edge already exists in state, losing one edge: f1=(5, 36)
WARNING: proposed edge already exists in state, losing one edge: f1=(18, 30)
WARNING: proposed edge already exists in state, losing one edge: f1=(22, 39)
WARNING: proposed edge already exists in state, losing one edge: f1=(17, 29)
WARNING: proposed edge already exists in state, losing one edge: f1=(22, 53)
WARNING: proposed edge already exists in state, losing one edge: f1=(11, 49)
WARNING: proposed edge already exists in state, losing one edge: f1=(1, 24)
WARNING: proposed edge already exists in state, losing one edge: f1=(18, 34)
WARNING: proposed edge already exists in state, losing one edge: f1=(1, 33)
WARNING: proposed edge already exists in state, losing one edge: f1=(20, 30)
WARNING: proposed edge already exists in state, losing one edge: f1=(14, 31)
WARNING: proposed edge already exists in state, losing one edge: f1=(17, 54)
WARNING: proposed edge already exists in state, losing one edge: f1=(14, 31)
WARNING: proposed edge already exists in state, losing one edge: f1=(22, 38)
WARNING: proposed edge already exists in state, losing one edge: f1=(7, 52)
WARNING: proposed edge already exists in state, losing one edge: f1=(8, 41)
WARNING: proposed edge already exists in state, losing one edge: f1=(13, 36)
WARNING: proposed edge already exists in state, losing one edge: f1=(7, 52)
WARNING: proposed edge already exists in state, losing one edge: f1=(6, 51)
WARNING: proposed edge already exists in state, losing one edge: f1=(12, 33)
WARNING: proposed edge already exists in state, losing one edge: f1=(22, 38)
  step=000 | valid=032 | action=26 | reward=+3.7657 | score 1.24172->1.83355 | weight patterns {6: 1, 7: 0, 8: 2, 9: 0, 10: 6, 11: 0, 12: 18}->{8: 1, 9: 0, 10: 7, 11: 0, 12: 20, 13: 0, 14: 57} | d 6->8 | k 64->64 | rank 24->24 | wmax 5->5 | qmax 3->3
WARNING: proposed edge already exists in state, losing one edge: f1=(10, 35)
WARNING: proposed edge already exists in state, losing one edge: f1=(1, 40)
WARNING: proposed edge already exists in state, losing one edge: f1=(17, 45)
WARNING: proposed edge already exists in state, losing one edge: f1=(7, 40)
WARNING: proposed edge already exists in state, losing one edge: f1=(13, 28)
WARNING: proposed edge already exists in state, losing one edge: f1=(1, 24)
WARNING: proposed edge already exists in state, losing one edge: f1=(19, 30)
WARNING: proposed edge already exists in state, losing one edge: f1=(16, 47)
WARNING: proposed edge already exists in state, losing one edge: f1=(13, 28)
WARNING: proposed edge already exists in state, losing one edge: f1=(8, 41)
WARNING: proposed edge already exists in state, losing one edge: f1=(1, 24)
WARNING: proposed edge already exists in state, losing one edge: f1=(22, 39)
WARNING: proposed edge already exists in state, losing one edge: f1=(10, 35)
WARNING: proposed edge already exists in state, losing one edge: f1=(15, 46)
WARNING: proposed edge already exists in state, losing one edge: f1=(13, 28)
WARNING: proposed edge already exists in state, losing one edge: f1=(15, 34)
WARNING: proposed edge already exists in state, losing one edge: f1=(17, 54)
WARNING: proposed edge already exists in state, losing one edge: f1=(3, 25)
  step=001 | valid=032 | action=08 | reward=+2.8244 | score 1.83355->8.18098 | weight patterns {8: 1, 9: 0, 10: 7, 11: 0, 12: 20, 13: 0, 14: 57}->{10: 5, 11: 0, 12: 30, 13: 0, 14: 52, 15: 0, 16: 82} | d 8->10 | k 64->64 | rank 24->24 | wmax 5->5 | qmax 3->3
WARNING: proposed edge already exists in state, losing one edge: f1=(10, 53)
WARNING: proposed edge already exists in state, losing one edge: f1=(14, 28)
WARNING: proposed edge already exists in state, losing one edge: f1=(7, 40)
WARNING: proposed edge already exists in state, losing one edge: f1=(9, 42)
WARNING: proposed edge already exists in state, losing one edge: f1=(13, 28)
WARNING: proposed edge already exists in state, losing one edge: f1=(8, 38)
WARNING: proposed edge already exists in state, losing one edge: f1=(13, 28)
WARNING: proposed edge already exists in state, losing one edge: f1=(13, 50)
WARNING: proposed edge already exists in state, losing one edge: f1=(6, 51)
WARNING: proposed edge already exists in state, losing one edge: f1=(14, 28)
WARNING: proposed edge already exists in state, losing one edge: f1=(15, 42)
WARNING: proposed edge already exists in state, losing one edge: f1=(9, 42)
WARNING: proposed edge already exists in state, losing one edge: f1=(5, 48)
WARNING: proposed edge already exists in state, losing one edge: f1=(21, 54)
WARNING: proposed edge already exists in state, losing one edge: f1=(9, 42)
WARNING: proposed edge already exists in state, losing one edge: f1=(13, 28)
WARNING: proposed edge already exists in state, losing one edge: f1=(6, 51)
  step=002 | valid=032 | action=03 | reward=+0.2936 | score 8.18098->5.84519 | weight patterns {10: 5, 11: 0, 12: 30, 13: 0, 14: 52, 15: 0, 16: 82}->{10: 3, 11: 0, 12: 25, 13: 0, 14: 67, 15: 0, 16: 72} | d 10->10 | k 64->64 | rank 24->24 | wmax 5->5 | qmax 3->3
WARNING: proposed edge already exists in state, losing one edge: f1=(11, 27)
WARNING: proposed edge already exists in state, losing one edge: f1=(3, 32)
WARNING: proposed edge already exists in state, losing one edge: f1=(3, 32)
WARNING: proposed edge already exists in state, losing one edge: f1=(11, 49)
WARNING: proposed edge already exists in state, losing one edge: f1=(17, 29)
WARNING: proposed edge already exists in state, losing one edge: f1=(0, 39)
WARNING: proposed edge already exists in state, losing one edge: f1=(17, 29)
WARNING: proposed edge already exists in state, losing one edge: f1=(7, 52)
WARNING: proposed edge already exists in state, losing one edge: f1=(2, 34)
WARNING: proposed edge already exists in state, losing one edge: f1=(19, 38)
  step=003 | valid=032 | action=09 | reward=-0.0224 | score 5.84519->6.00016 | weight patterns {10: 3, 11: 0, 12: 25, 13: 0, 14: 67, 15: 0, 16: 72}->{10: 3, 11: 0, 12: 27, 13: 0, 14: 64, 15: 0, 16: 71} | d 10->10 | k 64->64 | rank 24->24 | wmax 5->5 | qmax 3->3
WARNING: proposed edge already exists in state, losing one edge: f1=(0, 32)
WARNING: proposed edge already exists in state, losing one edge: f1=(21, 35)
WARNING: proposed edge already exists in state, losing one edge: f1=(2, 50)
WARNING: proposed edge already exists in state, losing one edge: f1=(0, 32)
WARNING: proposed edge already exists in state, losing one edge: f1=(5, 43)
WARNING: proposed edge already exists in state, losing one edge: f1=(3, 32)
WARNING: proposed edge already exists in state, losing one edge: f1=(23, 37)
  step=004 | valid=032 | action=13 | reward=-0.0095 | score 6.00016->6.06732 | weight patterns {10: 3, 11: 0, 12: 27, 13: 0, 14: 64, 15: 0, 16: 71}->{10: 3, 11: 0, 12: 28, 13: 0, 14: 61, 15: 0, 16: 73} | d 10->10 | k 64->64 | rank 24->24 | wmax 5->5 | qmax 3->3
WARNING: proposed edge already exists in state, losing one edge: f1=(13, 28)
WARNING: proposed edge already exists in state, losing one edge: f1=(13, 28)
WARNING: proposed edge already exists in state, losing one edge: f1=(1, 55)
WARNING: proposed edge already exists in state, losing one edge: f1=(3, 46)
WARNING: proposed edge already exists in state, losing one edge: f1=(15, 46)
WARNING: proposed edge already exists in state, losing one edge: f1=(13, 28)
WARNING: proposed edge already exists in state, losing one edge: f1=(11, 40)
WARNING: proposed edge already exists in state, losing one edge: f1=(9, 49)
WARNING: proposed edge already exists in state, losing one edge: f1=(9, 49)
WARNING: proposed edge already exists in state, losing one edge: f1=(17, 29)
WARNING: proposed edge already exists in state, losing one edge: f1=(15, 46)
WARNING: proposed edge already exists in state, losing one edge: f1=(15, 46)
  step=005 | valid=032 | action=26 | reward=-0.2881 | score 6.06732->8.42686 | weight patterns {10: 3, 11: 0, 12: 28, 13: 0, 14: 61, 15: 0, 16: 73}->{10: 6, 11: 0, 12: 20, 13: 0, 14: 71, 15: 0, 16: 71} | d 10->10 | k 64->64 | rank 24->24 | wmax 5->5 | qmax 3->3
WARNING: proposed edge already exists in state, losing one edge: f1=(3, 46)
WARNING: proposed edge already exists in state, losing one edge: f1=(15, 34)
WARNING: proposed edge already exists in state, losing one edge: f1=(16, 52)
WARNING: proposed edge already exists in state, losing one edge: f1=(15, 46)
WARNING: proposed edge already exists in state, losing one edge: f1=(8, 26)
WARNING: proposed edge already exists in state, losing one edge: f1=(3, 46)
WARNING: proposed edge already exists in state, losing one edge: f1=(20, 30)
WARNING: proposed edge already exists in state, losing one edge: f1=(3, 50)
WARNING: proposed edge already exists in state, losing one edge: f1=(4, 41)
WARNING: proposed edge already exists in state, losing one edge: f1=(17, 37)
WARNING: proposed edge already exists in state, losing one edge: f1=(9, 49)
WARNING: proposed edge already exists in state, losing one edge: f1=(0, 33)
WARNING: proposed edge already exists in state, losing one edge: f1=(21, 55)
WARNING: proposed edge already exists in state, losing one edge: f1=(19, 30)
WARNING: proposed edge already exists in state, losing one edge: f1=(19, 55)
  step=006 | valid=032 | action=14 | reward=+0.0682 | score 8.42686->7.80533 | weight patterns {10: 6, 11: 0, 12: 20, 13: 0, 14: 71, 15: 0, 16: 71}->{10: 5, 11: 0, 12: 24, 13: 0, 14: 74, 15: 0, 16: 63} | d 10->10 | k 64->64 | rank 24->24 | wmax 5->5 | qmax 3->3
WARNING: proposed edge already exists in state, losing one edge: f1=(5, 25)
WARNING: proposed edge already exists in state, losing one edge: f1=(2, 41)
WARNING: proposed edge already exists in state, losing one edge: f1=(0, 32)
WARNING: proposed edge already exists in state, losing one edge: f1=(13, 50)
WARNING: proposed edge already exists in state, losing one edge: f1=(15, 42)
WARNING: proposed edge already exists in state, losing one edge: f1=(2, 50)
WARNING: proposed edge already exists in state, losing one edge: f1=(0, 32)
WARNING: proposed edge already exists in state, losing one edge: f1=(1, 55)
WARNING: proposed edge already exists in state, losing one edge: f1=(0, 33)
WARNING: proposed edge already exists in state, losing one edge: f1=(5, 25)
  step=007 | valid=032 | action=02 | reward=+0.3156 | score 7.80533->5.42212 | weight patterns {10: 5, 11: 0, 12: 24, 13: 0, 14: 74, 15: 0, 16: 63}->{10: 2, 11: 0, 12: 31, 13: 0, 14: 73, 15: 0, 16: 56} | d 10->10 | k 64->64 | rank 24->24 | wmax 5->5 | qmax 3->3
WARNING: proposed edge already exists in state, losing one edge: f1=(7, 40)
WARNING: proposed edge already exists in state, losing one edge: f1=(2, 34)
WARNING: proposed edge already exists in state, losing one edge: f1=(19, 47)
WARNING: proposed edge already exists in state, losing one edge: f1=(2, 34)
WARNING: proposed edge already exists in state, losing one edge: f1=(21, 27)
WARNING: proposed edge already exists in state, losing one edge: f1=(10, 44)
  step=008 | valid=032 | action=10 | reward=+0.0986 | score 5.42212->4.81934 | weight patterns {10: 2, 11: 0, 12: 31, 13: 0, 14: 73, 15: 0, 16: 56}->{10: 2, 11: 0, 12: 24, 13: 0, 14: 76, 15: 0, 16: 60} | d 10->10 | k 64->64 | rank 24->24 | wmax 5->5 | qmax 3->3
WARNING: proposed edge already exists in state, losing one edge: f1=(1, 47)
WARNING: proposed edge already exists in state, losing one edge: f1=(13, 28)
WARNING: proposed edge already exists in state, losing one edge: f1=(7, 40)
WARNING: proposed edge already exists in state, losing one edge: f1=(10, 27)
WARNING: proposed edge already exists in state, losing one edge: f1=(5, 25)
WARNING: proposed edge already exists in state, losing one edge: f1=(5, 43)
WARNING: proposed edge already exists in state, losing one edge: f1=(2, 34)
WARNING: proposed edge already exists in state, losing one edge: f1=(6, 54)
WARNING: proposed edge already exists in state, losing one edge: f1=(4, 25)
WARNING: proposed edge already exists in state, losing one edge: f1=(1, 55)
WARNING: proposed edge already exists in state, losing one edge: f1=(12, 45)
WARNING: proposed edge already exists in state, losing one edge: f1=(16, 52)
  step=009 | valid=032 | action=19 | reward=-0.2595 | score 4.81934->6.54343 | weight patterns {10: 2, 11: 0, 12: 24, 13: 0, 14: 76, 15: 0, 16: 60}->{10: 4, 11: 0, 12: 21, 13: 0, 14: 75, 15: 0, 16: 63} | d 10->10 | k 64->64 | rank 24->24 | wmax 5->5 | qmax 3->3
WARNING: proposed edge already exists in state, losing one edge: f1=(21, 31)
WARNING: proposed edge already exists in state, losing one edge: f1=(5, 36)
WARNING: proposed edge already exists in state, losing one edge: f1=(21, 31)
WARNING: proposed edge already exists in state, losing one edge: f1=(10, 35)
WARNING: proposed edge already exists in state, losing one edge: f1=(12, 28)
WARNING: proposed edge already exists in state, losing one edge: f1=(5, 36)
WARNING: proposed edge already exists in state, losing one edge: f1=(5, 25)
WARNING: proposed edge already exists in state, losing one edge: f1=(9, 49)
WARNING: proposed edge already exists in state, losing one edge: f1=(10, 44)
WARNING: proposed edge already exists in state, losing one edge: f1=(20, 45)
  step=010 | valid=032 | action=26 | reward=-0.1557 | score 6.54343->7.81433 | weight patterns {10: 4, 11: 0, 12: 21, 13: 0, 14: 75, 15: 0, 16: 63}->{10: 5, 11: 0, 12: 25, 13: 0, 14: 64, 15: 0, 16: 63} | d 10->10 | k 64->64 | rank 24->24 | wmax 5->5 | qmax 3->3
WARNING: proposed edge already exists in state, losing one edge: f1=(8, 52)
WARNING: proposed edge already exists in state, losing one edge: f1=(0, 32)
WARNING: proposed edge already exists in state, losing one edge: f1=(13, 44)
WARNING: proposed edge already exists in state, losing one edge: f1=(3, 25)
WARNING: proposed edge already exists in state, losing one edge: f1=(16, 52)
WARNING: proposed edge already exists in state, losing one edge: f1=(3, 42)
WARNING: proposed edge already exists in state, losing one edge: f1=(21, 35)
WARNING: proposed edge already exists in state, losing one edge: f1=(3, 25)
WARNING: proposed edge already exists in state, losing one edge: f1=(3, 25)
WARNING: proposed edge already exists in state, losing one edge: f1=(2, 34)
WARNING: proposed edge already exists in state, losing one edge: f1=(16, 36)
WARNING: proposed edge already exists in state, losing one edge: f1=(17, 37)
WARNING: proposed edge already exists in state, losing one edge: f1=(1, 40)
  step=011 | valid=032 | action=23 | reward=-0.0633 | score 7.81433->8.39054 | weight patterns {10: 5, 11: 0, 12: 25, 13: 0, 14: 64, 15: 0, 16: 63}->{10: 5, 11: 0, 12: 32, 13: 0, 14: 57, 15: 0, 16: 67} | d 10->10 | k 64->64 | rank 24->24 | wmax 5->5 | qmax 3->3
WARNING: proposed edge already exists in state, losing one edge: f1=(22, 26)
WARNING: proposed edge already exists in state, losing one edge: f1=(3, 42)
WARNING: proposed edge already exists in state, losing one edge: f1=(21, 27)
WARNING: proposed edge already exists in state, losing one edge: f1=(22, 26)
WARNING: proposed edge already exists in state, losing one edge: f1=(4, 41)
WARNING: proposed edge already exists in state, losing one edge: f1=(3, 50)
WARNING: proposed edge already exists in state, losing one edge: f1=(8, 52)
WARNING: proposed edge already exists in state, losing one edge: f1=(19, 47)
WARNING: proposed edge already exists in state, losing one edge: f1=(19, 30)
WARNING: proposed edge already exists in state, losing one edge: f1=(6, 26)
WARNING: proposed edge already exists in state, losing one edge: f1=(22, 26)
WARNING: proposed edge already exists in state, losing one edge: f1=(14, 28)
  step=012 | valid=032 | action=31 | reward=-0.0118 | score 8.39054->8.50202 | weight patterns {10: 5, 11: 0, 12: 32, 13: 0, 14: 57, 15: 0, 16: 67}->{10: 5, 11: 0, 12: 34, 13: 0, 14: 48, 15: 0, 16: 73} | d 10->10 | k 64->64 | rank 24->24 | wmax 5->5 | qmax 3->3
WARNING: proposed edge already exists in state, losing one edge: f1=(1, 40)
WARNING: proposed edge already exists in state, losing one edge: f1=(9, 42)
WARNING: proposed edge already exists in state, losing one edge: f1=(9, 42)
WARNING: proposed edge already exists in state, losing one edge: f1=(9, 42)
WARNING: proposed edge already exists in state, losing one edge: f1=(19, 46)
WARNING: proposed edge already exists in state, losing one edge: f1=(0, 24)
WARNING: proposed edge already exists in state, losing one edge: f1=(19, 46)
WARNING: proposed edge already exists in state, losing one edge: f1=(12, 28)
WARNING: proposed edge already exists in state, losing one edge: f1=(21, 55)
  step=013 | valid=032 | action=06 | reward=+0.2449 | score 8.50202->6.43777 | weight patterns {10: 5, 11: 0, 12: 34, 13: 0, 14: 48, 15: 0, 16: 73}->{10: 3, 11: 0, 12: 33, 13: 0, 14: 51, 15: 0, 16: 75} | d 10->10 | k 64->64 | rank 24->24 | wmax 5->5 | qmax 3->3
WARNING: proposed edge already exists in state, losing one edge: f1=(17, 29)
WARNING: proposed edge already exists in state, losing one edge: f1=(12, 45)
WARNING: proposed edge already exists in state, losing one edge: f1=(12, 45)
WARNING: proposed edge already exists in state, losing one edge: f1=(22, 39)
WARNING: proposed edge already exists in state, losing one edge: f1=(9, 49)
WARNING: proposed edge already exists in state, losing one edge: f1=(13, 28)
WARNING: proposed edge already exists in state, losing one edge: f1=(9, 49)
WARNING: proposed edge already exists in state, losing one edge: f1=(1, 47)
WARNING: proposed edge already exists in state, losing one edge: f1=(15, 55)
WARNING: proposed edge already exists in state, losing one edge: f1=(5, 43)
  step=014 | valid=032 | action=28 | reward=-0.1677 | score 6.43777->7.79586 | weight patterns {10: 3, 11: 0, 12: 33, 13: 0, 14: 51, 15: 0, 16: 75}->{10: 5, 11: 0, 12: 25, 13: 0, 14: 61, 15: 0, 16: 71} | d 10->10 | k 64->64 | rank 24->24 | wmax 5->5 | qmax 3->3
WARNING: proposed edge already exists in state, losing one edge: f1=(3, 50)
WARNING: proposed edge already exists in state, losing one edge: f1=(22, 39)
WARNING: proposed edge already exists in state, losing one edge: f1=(2, 50)
WARNING: proposed edge already exists in state, losing one edge: f1=(11, 49)
WARNING: proposed edge already exists in state, losing one edge: f1=(4, 41)
WARNING: proposed edge already exists in state, losing one edge: f1=(11, 49)
WARNING: proposed edge already exists in state, losing one edge: f1=(22, 26)
WARNING: proposed edge already exists in state, losing one edge: f1=(7, 54)
WARNING: proposed edge already exists in state, losing one edge: f1=(4, 35)
WARNING: proposed edge already exists in state, losing one edge: f1=(18, 30)
WARNING: proposed edge already exists in state, losing one edge: f1=(15, 29)
WARNING: proposed edge already exists in state, losing one edge: f1=(2, 41)
  step=015 | valid=032 | action=01 | reward=+0.1971 | score 7.79586->6.22229 | weight patterns {10: 5, 11: 0, 12: 25, 13: 0, 14: 61, 15: 0, 16: 71}->{10: 3, 11: 0, 12: 30, 13: 0, 14: 58, 15: 0, 16: 72} | d 10->10 | k 64->64 | rank 24->24 | wmax 5->5 | qmax 3->3
WARNING: proposed edge already exists in state, losing one edge: f1=(6, 54)
WARNING: proposed edge already exists in state, losing one edge: f1=(10, 51)
WARNING: proposed edge already exists in state, losing one edge: f1=(23, 37)
WARNING: proposed edge already exists in state, losing one edge: f1=(9, 30)
WARNING: proposed edge already exists in state, losing one edge: f1=(1, 47)
WARNING: proposed edge already exists in state, losing one edge: f1=(4, 25)
WARNING: proposed edge already exists in state, losing one edge: f1=(15, 34)
WARNING: proposed edge already exists in state, losing one edge: f1=(16, 36)
WARNING: proposed edge already exists in state, losing one edge: f1=(13, 50)
WARNING: proposed edge already exists in state, losing one edge: f1=(22, 48)
WARNING: proposed edge already exists in state, losing one edge: f1=(6, 54)
WARNING: proposed edge already exists in state, losing one edge: f1=(9, 30)
WARNING: proposed edge already exists in state, losing one edge: f1=(12, 45)
WARNING: proposed edge already exists in state, losing one edge: f1=(9, 49)
WARNING: proposed edge already exists in state, losing one edge: f1=(21, 31)
WARNING: proposed edge already exists in state, losing one edge: f1=(21, 31)
  step=016 | valid=032 | action=17 | reward=-0.0952 | score 6.22229->6.94338 | weight patterns {10: 3, 11: 0, 12: 30, 13: 0, 14: 58, 15: 0, 16: 72}->{10: 4, 11: 0, 12: 27, 13: 0, 14: 56, 15: 0, 16: 82} | d 10->10 | k 64->64 | rank 24->24 | wmax 5->5 | qmax 3->3
WARNING: proposed edge already exists in state, losing one edge: f1=(16, 52)
WARNING: proposed edge already exists in state, losing one edge: f1=(2, 50)
WARNING: proposed edge already exists in state, losing one edge: f1=(8, 52)
WARNING: proposed edge already exists in state, losing one edge: f1=(6, 54)
WARNING: proposed edge already exists in state, losing one edge: f1=(4, 25)
WARNING: proposed edge already exists in state, losing one edge: f1=(15, 42)
WARNING: proposed edge already exists in state, losing one edge: f1=(4, 25)
WARNING: proposed edge already exists in state, losing one edge: f1=(8, 52)
WARNING: proposed edge already exists in state, losing one edge: f1=(20, 45)
WARNING: proposed edge already exists in state, losing one edge: f1=(17, 44)
WARNING: proposed edge already exists in state, losing one edge: f1=(21, 31)
WARNING: proposed edge already exists in state, losing one edge: f1=(22, 48)
  step=017 | valid=032 | action=08 | reward=+0.0966 | score 6.94338->6.21206 | weight patterns {10: 4, 11: 0, 12: 27, 13: 0, 14: 56, 15: 0, 16: 82}->{10: 3, 11: 3, 12: 15, 13: 22, 14: 32, 15: 31, 16: 46} | d 10->10 | k 64->64 | rank 24->24 | wmax 5->5 | qmax 3->3
WARNING: proposed edge already exists in state, losing one edge: f1=(4, 35)
WARNING: proposed edge already exists in state, losing one edge: f1=(0, 24)
WARNING: proposed edge already exists in state, losing one edge: f1=(12, 45)
WARNING: proposed edge already exists in state, losing one edge: f1=(0, 24)
WARNING: proposed edge already exists in state, losing one edge: f1=(4, 35)
WARNING: proposed edge already exists in state, losing one edge: f1=(6, 54)
WARNING: proposed edge already exists in state, losing one edge: f1=(22, 48)
WARNING: proposed edge already exists in state, losing one edge: f1=(4, 35)
WARNING: proposed edge already exists in state, losing one edge: f1=(9, 27)
WARNING: proposed edge already exists in state, losing one edge: f1=(19, 38)
WARNING: proposed edge already exists in state, losing one edge: f1=(19, 47)
WARNING: proposed edge already exists in state, losing one edge: f1=(0, 24)
WARNING: proposed edge already exists in state, losing one edge: f1=(22, 48)
WARNING: proposed edge already exists in state, losing one edge: f1=(13, 44)
  step=018 | valid=032 | action=06 | reward=+0.0025 | score 6.21206->6.19411 | weight patterns {10: 3, 11: 3, 12: 15, 13: 22, 14: 32, 15: 31, 16: 46}->{10: 3, 11: 2, 12: 18, 13: 24, 14: 27, 15: 31, 16: 44} | d 10->10 | k 64->64 | rank 24->24 | wmax 5->5 | qmax 3->3
  step=019 | valid=032 | action=21 | reward=-0.1347 | score 6.19411->7.23153 | weight patterns {10: 3, 11: 2, 12: 18, 13: 24, 14: 27, 15: 31, 16: 44}->{10: 4, 11: 3, 12: 15, 13: 23, 14: 32, 15: 30, 16: 39} | d 10->10 | k 64->64 | rank 24->24 | wmax 5->5 | qmax 3->3
Episode 3 finished: steps=20, final_score=7.23153, cum_reward=+6.6993, final_d=10, final_k=64
Saved random-policy history to optimization/results/rl_random_sanity_C2_S20_K32_seed0_20260602_135619.csv

Done. Runtime: 701.68s
