========================================================================
5e6 BEST-CODE RE-EVALUATION
File: optimization/results/logical_guided_absolute_score_gamma01_slack1_repeated_runs/beam/logical_guided_beam_absolute_score_gamma01_slack1_C1_run2.hdf5
Run group: /[1225,49]/logical_guided_score_S50_T300_p0.03_bw5_gamma0.1_maxw18_comb10_weightslack1_window2_scoretop0.1_min3_max10_100000prec_20260613_145556
Method: beam
C: 1 ([1225,49])
Run: 2
Selection policy: distance_then_ler
Selected HDF5 row: 3433
Distance: 11.0
Stored precision LER: 0.00184 ± 0.00013552242494611964
Stored score: 142804765.99999994
Physical error rate p: 0.03
Budget: 5000000
Workers: 3
Batch size: 10000
State SHA256: 190875464d66a9bb6056661476909a429948e834cee7ec8537de1c7e61bb4249
========================================================================
/users/udayeon/optimizing_qecc/optimizing-qLDPC-code/venv312/lib/python3.12/site-packages/ldpc/code_util/code_util.py:164: UserWarning: This function has exponential complexity. Not recommended for large pcms. Use the                            'ldpc.code_util.estimate_code_distance' function instead.
  warnings.warn(
Decoder reeval_5000000_beam_C1_run2_row3433_batch0 finished in 0.0m 12.85s with 11 failures out of 10000/10000 runs.
Logical error rate for reeval_5000000_beam_C1_run2_row3433_batch0: 0.0011 ± 0.0003315 (stderr)
Decoder reeval_5000000_beam_C1_run2_row3433_batch1 finished in 0.0m 12.70s with 23 failures out of 10000/10000 runs.
Logical error rate for reeval_5000000_beam_C1_run2_row3433_batch1: 0.0023 ± 0.0004791 (stderr)
Decoder reeval_5000000_beam_C1_run2_row3433_batch2 finished in 0.0m 12.53s with 14 failures out of 10000/10000 runs.
Logical error rate for reeval_5000000_beam_C1_run2_row3433_batch2: 0.0014 ± 0.0003739 (stderr)
Decoder reeval_5000000_beam_C1_run2_row3433_batch3 finished in 0.0m 12.10s with 23 failures out of 10000/10000 runs.
Logical error rate for reeval_5000000_beam_C1_run2_row3433_batch3: 0.0023 ± 0.0004791 (stderr)
Decoder reeval_5000000_beam_C1_run2_row3433_batch4 finished in 0.0m 12.71s with 25 failures out of 10000/10000 runs.
Logical error rate for reeval_5000000_beam_C1_run2_row3433_batch4: 0.0025 ± 0.0004994 (stderr)
Decoder reeval_5000000_beam_C1_run2_row3433_batch5 finished in 0.0m 12.31s with 28 failures out of 10000/10000 runs.
Logical error rate for reeval_5000000_beam_C1_run2_row3433_batch5: 0.0028 ± 0.0005284 (stderr)
Decoder reeval_5000000_beam_C1_run2_row3433_batch6 finished in 0.0m 13.09s with 28 failures out of 10000/10000 runs.
Logical error rate for reeval_5000000_beam_C1_run2_row3433_batch6: 0.0028 ± 0.0005284 (stderr)
Decoder reeval_5000000_beam_C1_run2_row3433_batch7 finished in 0.0m 12.91s with 22 failures out of 10000/10000 runs.
Logical error rate for reeval_5000000_beam_C1_run2_row3433_batch7: 0.0022 ± 0.0004685 (stderr)
Decoder reeval_5000000_beam_C1_run2_row3433_batch8 finished in 0.0m 12.69s with 16 failures out of 10000/10000 runs.
Logical error rate for reeval_5000000_beam_C1_run2_row3433_batch8: 0.0016 ± 0.0003997 (stderr)
Decoder reeval_5000000_beam_C1_run2_row3433_batch9 finished in 0.0m 12.67s with 21 failures out of 10000/10000 runs.
Logical error rate for reeval_5000000_beam_C1_run2_row3433_batch9: 0.0021 ± 0.0004578 (stderr)
Decoder reeval_5000000_beam_C1_run2_row3433_batch10 finished in 0.0m 12.42s with 18 failures out of 10000/10000 runs.
Logical error rate for reeval_5000000_beam_C1_run2_row3433_batch10: 0.0018 ± 0.0004239 (stderr)
Decoder reeval_5000000_beam_C1_run2_row3433_batch11 finished in 0.0m 12.10s with 18 failures out of 10000/10000 runs.
Logical error rate for reeval_5000000_beam_C1_run2_row3433_batch11: 0.0018 ± 0.0004239 (stderr)
Decoder reeval_5000000_beam_C1_run2_row3433_batch12 finished in 0.0m 12.93s with 18 failures out of 10000/10000 runs.
Logical error rate for reeval_5000000_beam_C1_run2_row3433_batch12: 0.0018 ± 0.0004239 (stderr)
Decoder reeval_5000000_beam_C1_run2_row3433_batch13 finished in 0.0m 12.36s with 23 failures out of 10000/10000 runs.
Logical error rate for reeval_5000000_beam_C1_run2_row3433_batch13: 0.0023 ± 0.0004791 (stderr)
Decoder reeval_5000000_beam_C1_run2_row3433_batch14 finished in 0.0m 12.63s with 22 failures out of 10000/10000 runs.
Logical error rate for reeval_5000000_beam_C1_run2_row3433_batch14: 0.0022 ± 0.0004685 (stderr)
Decoder reeval_5000000_beam_C1_run2_row3433_batch15 finished in 0.0m 12.45s with 22 failures out of 10000/10000 runs.
Logical error rate for reeval_5000000_beam_C1_run2_row3433_batch15: 0.0022 ± 0.0004685 (stderr)
Decoder reeval_5000000_beam_C1_run2_row3433_batch16 finished in 0.0m 12.74s with 20 failures out of 10000/10000 runs.
Logical error rate for reeval_5000000_beam_C1_run2_row3433_batch16: 0.002 ± 0.0004468 (stderr)
Decoder reeval_5000000_beam_C1_run2_row3433_batch17 finished in 0.0m 13.58s with 22 failures out of 10000/10000 runs.
Logical error rate for reeval_5000000_beam_C1_run2_row3433_batch17: 0.0022 ± 0.0004685 (stderr)
Decoder reeval_5000000_beam_C1_run2_row3433_batch18 finished in 0.0m 12.60s with 19 failures out of 10000/10000 runs.
Logical error rate for reeval_5000000_beam_C1_run2_row3433_batch18: 0.0019 ± 0.0004355 (stderr)
Decoder reeval_5000000_beam_C1_run2_row3433_batch19 finished in 0.0m 12.33s with 10 failures out of 10000/10000 runs.
Logical error rate for reeval_5000000_beam_C1_run2_row3433_batch19: 0.001 ± 0.0003161 (stderr)
Decoder reeval_5000000_beam_C1_run2_row3433_batch20 finished in 0.0m 12.61s with 26 failures out of 10000/10000 runs.
Logical error rate for reeval_5000000_beam_C1_run2_row3433_batch20: 0.0026 ± 0.0005093 (stderr)
Decoder reeval_5000000_beam_C1_run2_row3433_batch21 finished in 0.0m 13.64s with 20 failures out of 10000/10000 runs.
Logical error rate for reeval_5000000_beam_C1_run2_row3433_batch21: 0.002 ± 0.0004468 (stderr)
Decoder reeval_5000000_beam_C1_run2_row3433_batch22 finished in 0.0m 12.31s with 19 failures out of 10000/10000 runs.
Logical error rate for reeval_5000000_beam_C1_run2_row3433_batch22: 0.0019 ± 0.0004355 (stderr)
Decoder reeval_5000000_beam_C1_run2_row3433_batch23 finished in 0.0m 11.80s with 18 failures out of 10000/10000 runs.
Logical error rate for reeval_5000000_beam_C1_run2_row3433_batch23: 0.0018 ± 0.0004239 (stderr)
Decoder reeval_5000000_beam_C1_run2_row3433_batch24 finished in 0.0m 13.01s with 13 failures out of 10000/10000 runs.
Logical error rate for reeval_5000000_beam_C1_run2_row3433_batch24: 0.0013 ± 0.0003603 (stderr)
Decoder reeval_5000000_beam_C1_run2_row3433_batch25 finished in 0.0m 12.11s with 19 failures out of 10000/10000 runs.
Logical error rate for reeval_5000000_beam_C1_run2_row3433_batch25: 0.0019 ± 0.0004355 (stderr)
Decoder reeval_5000000_beam_C1_run2_row3433_batch26 finished in 0.0m 12.42s with 19 failures out of 10000/10000 runs.
Logical error rate for reeval_5000000_beam_C1_run2_row3433_batch26: 0.0019 ± 0.0004355 (stderr)
Decoder reeval_5000000_beam_C1_run2_row3433_batch27 finished in 0.0m 12.30s with 13 failures out of 10000/10000 runs.
Logical error rate for reeval_5000000_beam_C1_run2_row3433_batch27: 0.0013 ± 0.0003603 (stderr)
Decoder reeval_5000000_beam_C1_run2_row3433_batch28 finished in 0.0m 12.69s with 15 failures out of 10000/10000 runs.
Logical error rate for reeval_5000000_beam_C1_run2_row3433_batch28: 0.0015 ± 0.0003870 (stderr)
Decoder reeval_5000000_beam_C1_run2_row3433_batch29 finished in 0.0m 12.97s with 22 failures out of 10000/10000 runs.
Logical error rate for reeval_5000000_beam_C1_run2_row3433_batch29: 0.0022 ± 0.0004685 (stderr)
Decoder reeval_5000000_beam_C1_run2_row3433_batch30 finished in 0.0m 12.30s with 20 failures out of 10000/10000 runs.
Logical error rate for reeval_5000000_beam_C1_run2_row3433_batch30: 0.002 ± 0.0004468 (stderr)
Decoder reeval_5000000_beam_C1_run2_row3433_batch31 finished in 0.0m 12.10s with 21 failures out of 10000/10000 runs.
Logical error rate for reeval_5000000_beam_C1_run2_row3433_batch31: 0.0021 ± 0.0004578 (stderr)
Decoder reeval_5000000_beam_C1_run2_row3433_batch32 finished in 0.0m 12.02s with 17 failures out of 10000/10000 runs.
Logical error rate for reeval_5000000_beam_C1_run2_row3433_batch32: 0.0017 ± 0.0004120 (stderr)
Decoder reeval_5000000_beam_C1_run2_row3433_batch33 finished in 0.0m 12.31s with 16 failures out of 10000/10000 runs.
Logical error rate for reeval_5000000_beam_C1_run2_row3433_batch33: 0.0016 ± 0.0003997 (stderr)
Decoder reeval_5000000_beam_C1_run2_row3433_batch34 finished in 0.0m 12.99s with 21 failures out of 10000/10000 runs.
Logical error rate for reeval_5000000_beam_C1_run2_row3433_batch34: 0.0021 ± 0.0004578 (stderr)
Decoder reeval_5000000_beam_C1_run2_row3433_batch35 finished in 0.0m 12.39s with 29 failures out of 10000/10000 runs.
Logical error rate for reeval_5000000_beam_C1_run2_row3433_batch35: 0.0029 ± 0.0005378 (stderr)
Decoder reeval_5000000_beam_C1_run2_row3433_batch36 finished in 0.0m 12.41s with 13 failures out of 10000/10000 runs.
Logical error rate for reeval_5000000_beam_C1_run2_row3433_batch36: 0.0013 ± 0.0003603 (stderr)
Decoder reeval_5000000_beam_C1_run2_row3433_batch37 finished in 0.0m 13.17s with 19 failures out of 10000/10000 runs.
Logical error rate for reeval_5000000_beam_C1_run2_row3433_batch37: 0.0019 ± 0.0004355 (stderr)
Decoder reeval_5000000_beam_C1_run2_row3433_batch38 finished in 0.0m 12.25s with 18 failures out of 10000/10000 runs.
Logical error rate for reeval_5000000_beam_C1_run2_row3433_batch38: 0.0018 ± 0.0004239 (stderr)
Decoder reeval_5000000_beam_C1_run2_row3433_batch39 finished in 0.0m 12.92s with 18 failures out of 10000/10000 runs.
Logical error rate for reeval_5000000_beam_C1_run2_row3433_batch39: 0.0018 ± 0.0004239 (stderr)
Decoder reeval_5000000_beam_C1_run2_row3433_batch40 finished in 0.0m 13.24s with 29 failures out of 10000/10000 runs.
Logical error rate for reeval_5000000_beam_C1_run2_row3433_batch40: 0.0029 ± 0.0005378 (stderr)
Decoder reeval_5000000_beam_C1_run2_row3433_batch41 finished in 0.0m 12.23s with 33 failures out of 10000/10000 runs.
Logical error rate for reeval_5000000_beam_C1_run2_row3433_batch41: 0.0033 ± 0.0005735 (stderr)
Decoder reeval_5000000_beam_C1_run2_row3433_batch42 finished in 0.0m 12.46s with 19 failures out of 10000/10000 runs.
Logical error rate for reeval_5000000_beam_C1_run2_row3433_batch42: 0.0019 ± 0.0004355 (stderr)
Decoder reeval_5000000_beam_C1_run2_row3433_batch43 finished in 0.0m 12.65s with 14 failures out of 10000/10000 runs.
Logical error rate for reeval_5000000_beam_C1_run2_row3433_batch43: 0.0014 ± 0.0003739 (stderr)
Decoder reeval_5000000_beam_C1_run2_row3433_batch44 finished in 0.0m 12.79s with 24 failures out of 10000/10000 runs.
Logical error rate for reeval_5000000_beam_C1_run2_row3433_batch44: 0.0024 ± 0.0004893 (stderr)
Decoder reeval_5000000_beam_C1_run2_row3433_batch45 finished in 0.0m 12.61s with 11 failures out of 10000/10000 runs.
Logical error rate for reeval_5000000_beam_C1_run2_row3433_batch45: 0.0011 ± 0.0003315 (stderr)
Decoder reeval_5000000_beam_C1_run2_row3433_batch46 finished in 0.0m 12.47s with 10 failures out of 10000/10000 runs.
Logical error rate for reeval_5000000_beam_C1_run2_row3433_batch46: 0.001 ± 0.0003161 (stderr)
Decoder reeval_5000000_beam_C1_run2_row3433_batch47 finished in 0.0m 12.20s with 24 failures out of 10000/10000 runs.
Logical error rate for reeval_5000000_beam_C1_run2_row3433_batch47: 0.0024 ± 0.0004893 (stderr)
Decoder reeval_5000000_beam_C1_run2_row3433_batch48 finished in 0.0m 12.40s with 10 failures out of 10000/10000 runs.
Logical error rate for reeval_5000000_beam_C1_run2_row3433_batch48: 0.001 ± 0.0003161 (stderr)
Decoder reeval_5000000_beam_C1_run2_row3433_batch49 finished in 0.0m 12.98s with 22 failures out of 10000/10000 runs.
Logical error rate for reeval_5000000_beam_C1_run2_row3433_batch49: 0.0022 ± 0.0004685 (stderr)
Decoder reeval_5000000_beam_C1_run2_row3433_batch50 finished in 0.0m 12.32s with 15 failures out of 10000/10000 runs.
Logical error rate for reeval_5000000_beam_C1_run2_row3433_batch50: 0.0015 ± 0.0003870 (stderr)
Decoder reeval_5000000_beam_C1_run2_row3433_batch51 finished in 0.0m 12.14s with 17 failures out of 10000/10000 runs.
Logical error rate for reeval_5000000_beam_C1_run2_row3433_batch51: 0.0017 ± 0.0004120 (stderr)
Decoder reeval_5000000_beam_C1_run2_row3433_batch52 finished in 0.0m 12.15s with 16 failures out of 10000/10000 runs.
Logical error rate for reeval_5000000_beam_C1_run2_row3433_batch52: 0.0016 ± 0.0003997 (stderr)
Decoder reeval_5000000_beam_C1_run2_row3433_batch53 finished in 0.0m 12.55s with 15 failures out of 10000/10000 runs.
Logical error rate for reeval_5000000_beam_C1_run2_row3433_batch53: 0.0015 ± 0.0003870 (stderr)
Decoder reeval_5000000_beam_C1_run2_row3433_batch54 finished in 0.0m 12.45s with 20 failures out of 10000/10000 runs.
Logical error rate for reeval_5000000_beam_C1_run2_row3433_batch54: 0.002 ± 0.0004468 (stderr)
Decoder reeval_5000000_beam_C1_run2_row3433_batch55 finished in 0.0m 12.74s with 16 failures out of 10000/10000 runs.
Logical error rate for reeval_5000000_beam_C1_run2_row3433_batch55: 0.0016 ± 0.0003997 (stderr)
Decoder reeval_5000000_beam_C1_run2_row3433_batch56 finished in 0.0m 12.86s with 25 failures out of 10000/10000 runs.
Logical error rate for reeval_5000000_beam_C1_run2_row3433_batch56: 0.0025 ± 0.0004994 (stderr)
Decoder reeval_5000000_beam_C1_run2_row3433_batch57 finished in 0.0m 12.72s with 17 failures out of 10000/10000 runs.
Logical error rate for reeval_5000000_beam_C1_run2_row3433_batch57: 0.0017 ± 0.0004120 (stderr)
Decoder reeval_5000000_beam_C1_run2_row3433_batch58 finished in 0.0m 12.43s with 22 failures out of 10000/10000 runs.
Logical error rate for reeval_5000000_beam_C1_run2_row3433_batch58: 0.0022 ± 0.0004685 (stderr)
Decoder reeval_5000000_beam_C1_run2_row3433_batch59 finished in 0.0m 12.51s with 16 failures out of 10000/10000 runs.
Logical error rate for reeval_5000000_beam_C1_run2_row3433_batch59: 0.0016 ± 0.0003997 (stderr)
Decoder reeval_5000000_beam_C1_run2_row3433_batch60 finished in 0.0m 12.36s with 23 failures out of 10000/10000 runs.
Logical error rate for reeval_5000000_beam_C1_run2_row3433_batch60: 0.0023 ± 0.0004791 (stderr)
Decoder reeval_5000000_beam_C1_run2_row3433_batch61 finished in 0.0m 12.75s with 16 failures out of 10000/10000 runs.
Logical error rate for reeval_5000000_beam_C1_run2_row3433_batch61: 0.0016 ± 0.0003997 (stderr)
Decoder reeval_5000000_beam_C1_run2_row3433_batch62 finished in 0.0m 12.48s with 14 failures out of 10000/10000 runs.
Logical error rate for reeval_5000000_beam_C1_run2_row3433_batch62: 0.0014 ± 0.0003739 (stderr)
Decoder reeval_5000000_beam_C1_run2_row3433_batch63 finished in 0.0m 12.42s with 15 failures out of 10000/10000 runs.
Logical error rate for reeval_5000000_beam_C1_run2_row3433_batch63: 0.0015 ± 0.0003870 (stderr)
Decoder reeval_5000000_beam_C1_run2_row3433_batch64 finished in 0.0m 12.37s with 19 failures out of 10000/10000 runs.
Logical error rate for reeval_5000000_beam_C1_run2_row3433_batch64: 0.0019 ± 0.0004355 (stderr)
Decoder reeval_5000000_beam_C1_run2_row3433_batch65 finished in 0.0m 12.39s with 23 failures out of 10000/10000 runs.
Logical error rate for reeval_5000000_beam_C1_run2_row3433_batch65: 0.0023 ± 0.0004791 (stderr)
Decoder reeval_5000000_beam_C1_run2_row3433_batch66 finished in 0.0m 12.50s with 21 failures out of 10000/10000 runs.
Logical error rate for reeval_5000000_beam_C1_run2_row3433_batch66: 0.0021 ± 0.0004578 (stderr)
Decoder reeval_5000000_beam_C1_run2_row3433_batch67 finished in 0.0m 12.49s with 14 failures out of 10000/10000 runs.
Logical error rate for reeval_5000000_beam_C1_run2_row3433_batch67: 0.0014 ± 0.0003739 (stderr)
Decoder reeval_5000000_beam_C1_run2_row3433_batch68 finished in 0.0m 12.93s with 14 failures out of 10000/10000 runs.
Logical error rate for reeval_5000000_beam_C1_run2_row3433_batch68: 0.0014 ± 0.0003739 (stderr)
Decoder reeval_5000000_beam_C1_run2_row3433_batch69 finished in 0.0m 12.09s with 15 failures out of 10000/10000 runs.
Logical error rate for reeval_5000000_beam_C1_run2_row3433_batch69: 0.0015 ± 0.0003870 (stderr)
Decoder reeval_5000000_beam_C1_run2_row3433_batch70 finished in 0.0m 12.41s with 20 failures out of 10000/10000 runs.
Logical error rate for reeval_5000000_beam_C1_run2_row3433_batch70: 0.002 ± 0.0004468 (stderr)
Decoder reeval_5000000_beam_C1_run2_row3433_batch71 finished in 0.0m 11.99s with 15 failures out of 10000/10000 runs.
Logical error rate for reeval_5000000_beam_C1_run2_row3433_batch71: 0.0015 ± 0.0003870 (stderr)
Decoder reeval_5000000_beam_C1_run2_row3433_batch72 finished in 0.0m 12.45s with 23 failures out of 10000/10000 runs.
Logical error rate for reeval_5000000_beam_C1_run2_row3433_batch72: 0.0023 ± 0.0004791 (stderr)
Decoder reeval_5000000_beam_C1_run2_row3433_batch73 finished in 0.0m 12.43s with 13 failures out of 10000/10000 runs.
Logical error rate for reeval_5000000_beam_C1_run2_row3433_batch73: 0.0013 ± 0.0003603 (stderr)
Decoder reeval_5000000_beam_C1_run2_row3433_batch74 finished in 0.0m 12.38s with 19 failures out of 10000/10000 runs.
Logical error rate for reeval_5000000_beam_C1_run2_row3433_batch74: 0.0019 ± 0.0004355 (stderr)
Decoder reeval_5000000_beam_C1_run2_row3433_batch75 finished in 0.0m 12.64s with 26 failures out of 10000/10000 runs.
Logical error rate for reeval_5000000_beam_C1_run2_row3433_batch75: 0.0026 ± 0.0005093 (stderr)
Decoder reeval_5000000_beam_C1_run2_row3433_batch76 finished in 0.0m 11.86s with 11 failures out of 10000/10000 runs.
Logical error rate for reeval_5000000_beam_C1_run2_row3433_batch76: 0.0011 ± 0.0003315 (stderr)
Decoder reeval_5000000_beam_C1_run2_row3433_batch77 finished in 0.0m 12.72s with 16 failures out of 10000/10000 runs.
Logical error rate for reeval_5000000_beam_C1_run2_row3433_batch77: 0.0016 ± 0.0003997 (stderr)
Decoder reeval_5000000_beam_C1_run2_row3433_batch78 finished in 0.0m 12.90s with 16 failures out of 10000/10000 runs.
Logical error rate for reeval_5000000_beam_C1_run2_row3433_batch78: 0.0016 ± 0.0003997 (stderr)
Decoder reeval_5000000_beam_C1_run2_row3433_batch79 finished in 0.0m 12.57s with 20 failures out of 10000/10000 runs.
Logical error rate for reeval_5000000_beam_C1_run2_row3433_batch79: 0.002 ± 0.0004468 (stderr)
Decoder reeval_5000000_beam_C1_run2_row3433_batch80 finished in 0.0m 12.11s with 18 failures out of 10000/10000 runs.
Logical error rate for reeval_5000000_beam_C1_run2_row3433_batch80: 0.0018 ± 0.0004239 (stderr)
Decoder reeval_5000000_beam_C1_run2_row3433_batch81 finished in 0.0m 12.09s with 24 failures out of 10000/10000 runs.
Logical error rate for reeval_5000000_beam_C1_run2_row3433_batch81: 0.0024 ± 0.0004893 (stderr)
Decoder reeval_5000000_beam_C1_run2_row3433_batch82 finished in 0.0m 12.84s with 14 failures out of 10000/10000 runs.
Logical error rate for reeval_5000000_beam_C1_run2_row3433_batch82: 0.0014 ± 0.0003739 (stderr)
Decoder reeval_5000000_beam_C1_run2_row3433_batch83 finished in 0.0m 12.28s with 14 failures out of 10000/10000 runs.
Logical error rate for reeval_5000000_beam_C1_run2_row3433_batch83: 0.0014 ± 0.0003739 (stderr)
Decoder reeval_5000000_beam_C1_run2_row3433_batch84 finished in 0.0m 12.63s with 30 failures out of 10000/10000 runs.
Logical error rate for reeval_5000000_beam_C1_run2_row3433_batch84: 0.003 ± 0.0005469 (stderr)
Decoder reeval_5000000_beam_C1_run2_row3433_batch85 finished in 0.0m 12.80s with 16 failures out of 10000/10000 runs.
Logical error rate for reeval_5000000_beam_C1_run2_row3433_batch85: 0.0016 ± 0.0003997 (stderr)
Decoder reeval_5000000_beam_C1_run2_row3433_batch86 finished in 0.0m 12.48s with 20 failures out of 10000/10000 runs.
Logical error rate for reeval_5000000_beam_C1_run2_row3433_batch86: 0.002 ± 0.0004468 (stderr)
Decoder reeval_5000000_beam_C1_run2_row3433_batch87 finished in 0.0m 12.34s with 16 failures out of 10000/10000 runs.
Logical error rate for reeval_5000000_beam_C1_run2_row3433_batch87: 0.0016 ± 0.0003997 (stderr)
Decoder reeval_5000000_beam_C1_run2_row3433_batch88 finished in 0.0m 12.66s with 23 failures out of 10000/10000 runs.
Logical error rate for reeval_5000000_beam_C1_run2_row3433_batch88: 0.0023 ± 0.0004791 (stderr)
Decoder reeval_5000000_beam_C1_run2_row3433_batch89 finished in 0.0m 13.14s with 22 failures out of 10000/10000 runs.
Logical error rate for reeval_5000000_beam_C1_run2_row3433_batch89: 0.0022 ± 0.0004685 (stderr)
Decoder reeval_5000000_beam_C1_run2_row3433_batch90 finished in 0.0m 12.68s with 23 failures out of 10000/10000 runs.
Logical error rate for reeval_5000000_beam_C1_run2_row3433_batch90: 0.0023 ± 0.0004791 (stderr)
Decoder reeval_5000000_beam_C1_run2_row3433_batch91 finished in 0.0m 12.47s with 17 failures out of 10000/10000 runs.
Logical error rate for reeval_5000000_beam_C1_run2_row3433_batch91: 0.0017 ± 0.0004120 (stderr)
Decoder reeval_5000000_beam_C1_run2_row3433_batch92 finished in 0.0m 12.62s with 13 failures out of 10000/10000 runs.
Logical error rate for reeval_5000000_beam_C1_run2_row3433_batch92: 0.0013 ± 0.0003603 (stderr)
Decoder reeval_5000000_beam_C1_run2_row3433_batch93 finished in 0.0m 12.98s with 16 failures out of 10000/10000 runs.
Logical error rate for reeval_5000000_beam_C1_run2_row3433_batch93: 0.0016 ± 0.0003997 (stderr)
Decoder reeval_5000000_beam_C1_run2_row3433_batch94 finished in 0.0m 12.32s with 24 failures out of 10000/10000 runs.
Logical error rate for reeval_5000000_beam_C1_run2_row3433_batch94: 0.0024 ± 0.0004893 (stderr)
Decoder reeval_5000000_beam_C1_run2_row3433_batch95 finished in 0.0m 12.29s with 13 failures out of 10000/10000 runs.
Logical error rate for reeval_5000000_beam_C1_run2_row3433_batch95: 0.0013 ± 0.0003603 (stderr)
Decoder reeval_5000000_beam_C1_run2_row3433_batch96 finished in 0.0m 12.58s with 21 failures out of 10000/10000 runs.
Logical error rate for reeval_5000000_beam_C1_run2_row3433_batch96: 0.0021 ± 0.0004578 (stderr)
Decoder reeval_5000000_beam_C1_run2_row3433_batch97 finished in 0.0m 12.56s with 17 failures out of 10000/10000 runs.
Logical error rate for reeval_5000000_beam_C1_run2_row3433_batch97: 0.0017 ± 0.0004120 (stderr)
Decoder reeval_5000000_beam_C1_run2_row3433_batch98 finished in 0.0m 12.46s with 20 failures out of 10000/10000 runs.
Logical error rate for reeval_5000000_beam_C1_run2_row3433_batch98: 0.002 ± 0.0004468 (stderr)
Decoder reeval_5000000_beam_C1_run2_row3433_batch99 finished in 0.0m 12.34s with 17 failures out of 10000/10000 runs.
Logical error rate for reeval_5000000_beam_C1_run2_row3433_batch99: 0.0017 ± 0.0004120 (stderr)
Decoder reeval_5000000_beam_C1_run2_row3433_batch100 finished in 0.0m 12.35s with 14 failures out of 10000/10000 runs.
Logical error rate for reeval_5000000_beam_C1_run2_row3433_batch100: 0.0014 ± 0.0003739 (stderr)
Decoder reeval_5000000_beam_C1_run2_row3433_batch101 finished in 0.0m 12.33s with 23 failures out of 10000/10000 runs.
Logical error rate for reeval_5000000_beam_C1_run2_row3433_batch101: 0.0023 ± 0.0004791 (stderr)
Decoder reeval_5000000_beam_C1_run2_row3433_batch102 finished in 0.0m 12.22s with 16 failures out of 10000/10000 runs.
Logical error rate for reeval_5000000_beam_C1_run2_row3433_batch102: 0.0016 ± 0.0003997 (stderr)
Decoder reeval_5000000_beam_C1_run2_row3433_batch103 finished in 0.0m 12.15s with 18 failures out of 10000/10000 runs.
Logical error rate for reeval_5000000_beam_C1_run2_row3433_batch103: 0.0018 ± 0.0004239 (stderr)
Decoder reeval_5000000_beam_C1_run2_row3433_batch104 finished in 0.0m 12.14s with 9 failures out of 10000/10000 runs.
Logical error rate for reeval_5000000_beam_C1_run2_row3433_batch104: 0.0009 ± 0.0002999 (stderr)
Decoder reeval_5000000_beam_C1_run2_row3433_batch105 finished in 0.0m 13.00s with 17 failures out of 10000/10000 runs.
Logical error rate for reeval_5000000_beam_C1_run2_row3433_batch105: 0.0017 ± 0.0004120 (stderr)
Decoder reeval_5000000_beam_C1_run2_row3433_batch106 finished in 0.0m 12.86s with 13 failures out of 10000/10000 runs.
Logical error rate for reeval_5000000_beam_C1_run2_row3433_batch106: 0.0013 ± 0.0003603 (stderr)
Decoder reeval_5000000_beam_C1_run2_row3433_batch107 finished in 0.0m 12.12s with 15 failures out of 10000/10000 runs.
Logical error rate for reeval_5000000_beam_C1_run2_row3433_batch107: 0.0015 ± 0.0003870 (stderr)
Decoder reeval_5000000_beam_C1_run2_row3433_batch108 finished in 0.0m 12.27s with 14 failures out of 10000/10000 runs.
Logical error rate for reeval_5000000_beam_C1_run2_row3433_batch108: 0.0014 ± 0.0003739 (stderr)
Decoder reeval_5000000_beam_C1_run2_row3433_batch109 finished in 0.0m 12.70s with 21 failures out of 10000/10000 runs.
Logical error rate for reeval_5000000_beam_C1_run2_row3433_batch109: 0.0021 ± 0.0004578 (stderr)
Decoder reeval_5000000_beam_C1_run2_row3433_batch110 finished in 0.0m 12.26s with 21 failures out of 10000/10000 runs.
Logical error rate for reeval_5000000_beam_C1_run2_row3433_batch110: 0.0021 ± 0.0004578 (stderr)
Decoder reeval_5000000_beam_C1_run2_row3433_batch111 finished in 0.0m 12.09s with 22 failures out of 10000/10000 runs.
Logical error rate for reeval_5000000_beam_C1_run2_row3433_batch111: 0.0022 ± 0.0004685 (stderr)
Decoder reeval_5000000_beam_C1_run2_row3433_batch112 finished in 0.0m 12.89s with 15 failures out of 10000/10000 runs.
Logical error rate for reeval_5000000_beam_C1_run2_row3433_batch112: 0.0015 ± 0.0003870 (stderr)
Decoder reeval_5000000_beam_C1_run2_row3433_batch113 finished in 0.0m 12.51s with 19 failures out of 10000/10000 runs.
Logical error rate for reeval_5000000_beam_C1_run2_row3433_batch113: 0.0019 ± 0.0004355 (stderr)
Decoder reeval_5000000_beam_C1_run2_row3433_batch114 finished in 0.0m 12.31s with 23 failures out of 10000/10000 runs.
Logical error rate for reeval_5000000_beam_C1_run2_row3433_batch114: 0.0023 ± 0.0004791 (stderr)
Decoder reeval_5000000_beam_C1_run2_row3433_batch115 finished in 0.0m 12.10s with 17 failures out of 10000/10000 runs.
Logical error rate for reeval_5000000_beam_C1_run2_row3433_batch115: 0.0017 ± 0.0004120 (stderr)
Decoder reeval_5000000_beam_C1_run2_row3433_batch116 finished in 0.0m 12.94s with 18 failures out of 10000/10000 runs.
Logical error rate for reeval_5000000_beam_C1_run2_row3433_batch116: 0.0018 ± 0.0004239 (stderr)
Decoder reeval_5000000_beam_C1_run2_row3433_batch117 finished in 0.0m 12.61s with 24 failures out of 10000/10000 runs.
Logical error rate for reeval_5000000_beam_C1_run2_row3433_batch117: 0.0024 ± 0.0004893 (stderr)
Decoder reeval_5000000_beam_C1_run2_row3433_batch118 finished in 0.0m 12.52s with 19 failures out of 10000/10000 runs.
Logical error rate for reeval_5000000_beam_C1_run2_row3433_batch118: 0.0019 ± 0.0004355 (stderr)
Decoder reeval_5000000_beam_C1_run2_row3433_batch119 finished in 0.0m 11.71s with 18 failures out of 10000/10000 runs.
Logical error rate for reeval_5000000_beam_C1_run2_row3433_batch119: 0.0018 ± 0.0004239 (stderr)
Decoder reeval_5000000_beam_C1_run2_row3433_batch120 finished in 0.0m 12.42s with 14 failures out of 10000/10000 runs.
Logical error rate for reeval_5000000_beam_C1_run2_row3433_batch120: 0.0014 ± 0.0003739 (stderr)
Decoder reeval_5000000_beam_C1_run2_row3433_batch121 finished in 0.0m 12.33s with 20 failures out of 10000/10000 runs.
Logical error rate for reeval_5000000_beam_C1_run2_row3433_batch121: 0.002 ± 0.0004468 (stderr)
Decoder reeval_5000000_beam_C1_run2_row3433_batch122 finished in 0.0m 12.60s with 10 failures out of 10000/10000 runs.
Logical error rate for reeval_5000000_beam_C1_run2_row3433_batch122: 0.001 ± 0.0003161 (stderr)
Decoder reeval_5000000_beam_C1_run2_row3433_batch123 finished in 0.0m 12.50s with 19 failures out of 10000/10000 runs.
Logical error rate for reeval_5000000_beam_C1_run2_row3433_batch123: 0.0019 ± 0.0004355 (stderr)
Decoder reeval_5000000_beam_C1_run2_row3433_batch124 finished in 0.0m 12.64s with 17 failures out of 10000/10000 runs.
Logical error rate for reeval_5000000_beam_C1_run2_row3433_batch124: 0.0017 ± 0.0004120 (stderr)
Decoder reeval_5000000_beam_C1_run2_row3433_batch125 finished in 0.0m 12.68s with 19 failures out of 10000/10000 runs.
Logical error rate for reeval_5000000_beam_C1_run2_row3433_batch125: 0.0019 ± 0.0004355 (stderr)
Decoder reeval_5000000_beam_C1_run2_row3433_batch126 finished in 0.0m 12.79s with 17 failures out of 10000/10000 runs.
Logical error rate for reeval_5000000_beam_C1_run2_row3433_batch126: 0.0017 ± 0.0004120 (stderr)
Decoder reeval_5000000_beam_C1_run2_row3433_batch127 finished in 0.0m 12.50s with 25 failures out of 10000/10000 runs.
Logical error rate for reeval_5000000_beam_C1_run2_row3433_batch127: 0.0025 ± 0.0004994 (stderr)
Decoder reeval_5000000_beam_C1_run2_row3433_batch128 finished in 0.0m 12.80s with 23 failures out of 10000/10000 runs.
Logical error rate for reeval_5000000_beam_C1_run2_row3433_batch128: 0.0023 ± 0.0004791 (stderr)
Decoder reeval_5000000_beam_C1_run2_row3433_batch129 finished in 0.0m 12.85s with 18 failures out of 10000/10000 runs.
Logical error rate for reeval_5000000_beam_C1_run2_row3433_batch129: 0.0018 ± 0.0004239 (stderr)
Decoder reeval_5000000_beam_C1_run2_row3433_batch130 finished in 0.0m 12.68s with 22 failures out of 10000/10000 runs.
Logical error rate for reeval_5000000_beam_C1_run2_row3433_batch130: 0.0022 ± 0.0004685 (stderr)
Decoder reeval_5000000_beam_C1_run2_row3433_batch131 finished in 0.0m 12.19s with 21 failures out of 10000/10000 runs.
Logical error rate for reeval_5000000_beam_C1_run2_row3433_batch131: 0.0021 ± 0.0004578 (stderr)
Decoder reeval_5000000_beam_C1_run2_row3433_batch132 finished in 0.0m 12.68s with 18 failures out of 10000/10000 runs.
Logical error rate for reeval_5000000_beam_C1_run2_row3433_batch132: 0.0018 ± 0.0004239 (stderr)
Decoder reeval_5000000_beam_C1_run2_row3433_batch133 finished in 0.0m 12.63s with 24 failures out of 10000/10000 runs.
Logical error rate for reeval_5000000_beam_C1_run2_row3433_batch133: 0.0024 ± 0.0004893 (stderr)
Decoder reeval_5000000_beam_C1_run2_row3433_batch134 finished in 0.0m 12.40s with 25 failures out of 10000/10000 runs.
Logical error rate for reeval_5000000_beam_C1_run2_row3433_batch134: 0.0025 ± 0.0004994 (stderr)
Decoder reeval_5000000_beam_C1_run2_row3433_batch135 finished in 0.0m 12.71s with 21 failures out of 10000/10000 runs.
Logical error rate for reeval_5000000_beam_C1_run2_row3433_batch135: 0.0021 ± 0.0004578 (stderr)
Decoder reeval_5000000_beam_C1_run2_row3433_batch136 finished in 0.0m 12.31s with 18 failures out of 10000/10000 runs.
Logical error rate for reeval_5000000_beam_C1_run2_row3433_batch136: 0.0018 ± 0.0004239 (stderr)
Decoder reeval_5000000_beam_C1_run2_row3433_batch137 finished in 0.0m 12.59s with 18 failures out of 10000/10000 runs.
Logical error rate for reeval_5000000_beam_C1_run2_row3433_batch137: 0.0018 ± 0.0004239 (stderr)
Decoder reeval_5000000_beam_C1_run2_row3433_batch138 finished in 0.0m 12.26s with 19 failures out of 10000/10000 runs.
Logical error rate for reeval_5000000_beam_C1_run2_row3433_batch138: 0.0019 ± 0.0004355 (stderr)
Decoder reeval_5000000_beam_C1_run2_row3433_batch139 finished in 0.0m 13.43s with 15 failures out of 10000/10000 runs.
Logical error rate for reeval_5000000_beam_C1_run2_row3433_batch139: 0.0015 ± 0.0003870 (stderr)
Decoder reeval_5000000_beam_C1_run2_row3433_batch140 finished in 0.0m 12.59s with 12 failures out of 10000/10000 runs.
Logical error rate for reeval_5000000_beam_C1_run2_row3433_batch140: 0.0012 ± 0.0003462 (stderr)
Decoder reeval_5000000_beam_C1_run2_row3433_batch141 finished in 0.0m 12.22s with 21 failures out of 10000/10000 runs.
Logical error rate for reeval_5000000_beam_C1_run2_row3433_batch141: 0.0021 ± 0.0004578 (stderr)
Decoder reeval_5000000_beam_C1_run2_row3433_batch142 finished in 0.0m 12.99s with 14 failures out of 10000/10000 runs.
Logical error rate for reeval_5000000_beam_C1_run2_row3433_batch142: 0.0014 ± 0.0003739 (stderr)
Decoder reeval_5000000_beam_C1_run2_row3433_batch143 finished in 0.0m 12.61s with 22 failures out of 10000/10000 runs.
Logical error rate for reeval_5000000_beam_C1_run2_row3433_batch143: 0.0022 ± 0.0004685 (stderr)
Decoder reeval_5000000_beam_C1_run2_row3433_batch144 finished in 0.0m 12.53s with 25 failures out of 10000/10000 runs.
Logical error rate for reeval_5000000_beam_C1_run2_row3433_batch144: 0.0025 ± 0.0004994 (stderr)
Decoder reeval_5000000_beam_C1_run2_row3433_batch145 finished in 0.0m 12.36s with 23 failures out of 10000/10000 runs.
Logical error rate for reeval_5000000_beam_C1_run2_row3433_batch145: 0.0023 ± 0.0004791 (stderr)
Decoder reeval_5000000_beam_C1_run2_row3433_batch146 finished in 0.0m 12.83s with 27 failures out of 10000/10000 runs.
Logical error rate for reeval_5000000_beam_C1_run2_row3433_batch146: 0.0027 ± 0.0005189 (stderr)
Decoder reeval_5000000_beam_C1_run2_row3433_batch147 finished in 0.0m 12.19s with 18 failures out of 10000/10000 runs.
Logical error rate for reeval_5000000_beam_C1_run2_row3433_batch147: 0.0018 ± 0.0004239 (stderr)
Decoder reeval_5000000_beam_C1_run2_row3433_batch148 finished in 0.0m 12.09s with 15 failures out of 10000/10000 runs.
Logical error rate for reeval_5000000_beam_C1_run2_row3433_batch148: 0.0015 ± 0.0003870 (stderr)
Decoder reeval_5000000_beam_C1_run2_row3433_batch149 finished in 0.0m 12.69s with 17 failures out of 10000/10000 runs.
Logical error rate for reeval_5000000_beam_C1_run2_row3433_batch149: 0.0017 ± 0.0004120 (stderr)
Decoder reeval_5000000_beam_C1_run2_row3433_batch150 finished in 0.0m 12.37s with 19 failures out of 10000/10000 runs.
Logical error rate for reeval_5000000_beam_C1_run2_row3433_batch150: 0.0019 ± 0.0004355 (stderr)
Decoder reeval_5000000_beam_C1_run2_row3433_batch151 finished in 0.0m 12.91s with 21 failures out of 10000/10000 runs.
Logical error rate for reeval_5000000_beam_C1_run2_row3433_batch151: 0.0021 ± 0.0004578 (stderr)
Decoder reeval_5000000_beam_C1_run2_row3433_batch152 finished in 0.0m 12.75s with 23 failures out of 10000/10000 runs.
Logical error rate for reeval_5000000_beam_C1_run2_row3433_batch152: 0.0023 ± 0.0004791 (stderr)
Decoder reeval_5000000_beam_C1_run2_row3433_batch153 finished in 0.0m 12.61s with 24 failures out of 10000/10000 runs.
Logical error rate for reeval_5000000_beam_C1_run2_row3433_batch153: 0.0024 ± 0.0004893 (stderr)
Decoder reeval_5000000_beam_C1_run2_row3433_batch154 finished in 0.0m 12.15s with 14 failures out of 10000/10000 runs.
Logical error rate for reeval_5000000_beam_C1_run2_row3433_batch154: 0.0014 ± 0.0003739 (stderr)
Decoder reeval_5000000_beam_C1_run2_row3433_batch155 finished in 0.0m 12.44s with 18 failures out of 10000/10000 runs.
Logical error rate for reeval_5000000_beam_C1_run2_row3433_batch155: 0.0018 ± 0.0004239 (stderr)
Decoder reeval_5000000_beam_C1_run2_row3433_batch156 finished in 0.0m 12.36s with 14 failures out of 10000/10000 runs.
Logical error rate for reeval_5000000_beam_C1_run2_row3433_batch156: 0.0014 ± 0.0003739 (stderr)
Decoder reeval_5000000_beam_C1_run2_row3433_batch157 finished in 0.0m 12.86s with 18 failures out of 10000/10000 runs.
Logical error rate for reeval_5000000_beam_C1_run2_row3433_batch157: 0.0018 ± 0.0004239 (stderr)
Decoder reeval_5000000_beam_C1_run2_row3433_batch158 finished in 0.0m 12.97s with 14 failures out of 10000/10000 runs.
Logical error rate for reeval_5000000_beam_C1_run2_row3433_batch158: 0.0014 ± 0.0003739 (stderr)
Decoder reeval_5000000_beam_C1_run2_row3433_batch159 finished in 0.0m 12.89s with 22 failures out of 10000/10000 runs.
Logical error rate for reeval_5000000_beam_C1_run2_row3433_batch159: 0.0022 ± 0.0004685 (stderr)
Decoder reeval_5000000_beam_C1_run2_row3433_batch160 finished in 0.0m 12.39s with 18 failures out of 10000/10000 runs.
Logical error rate for reeval_5000000_beam_C1_run2_row3433_batch160: 0.0018 ± 0.0004239 (stderr)
Decoder reeval_5000000_beam_C1_run2_row3433_batch161 finished in 0.0m 13.39s with 17 failures out of 10000/10000 runs.
Logical error rate for reeval_5000000_beam_C1_run2_row3433_batch161: 0.0017 ± 0.0004120 (stderr)
Decoder reeval_5000000_beam_C1_run2_row3433_batch162 finished in 0.0m 12.94s with 12 failures out of 10000/10000 runs.
Logical error rate for reeval_5000000_beam_C1_run2_row3433_batch162: 0.0012 ± 0.0003462 (stderr)
Decoder reeval_5000000_beam_C1_run2_row3433_batch163 finished in 0.0m 12.17s with 21 failures out of 10000/10000 runs.
Logical error rate for reeval_5000000_beam_C1_run2_row3433_batch163: 0.0021 ± 0.0004578 (stderr)
Decoder reeval_5000000_beam_C1_run2_row3433_batch164 finished in 0.0m 12.15s with 15 failures out of 10000/10000 runs.
Logical error rate for reeval_5000000_beam_C1_run2_row3433_batch164: 0.0015 ± 0.0003870 (stderr)
Decoder reeval_5000000_beam_C1_run2_row3433_batch165 finished in 0.0m 12.77s with 12 failures out of 10000/10000 runs.
Logical error rate for reeval_5000000_beam_C1_run2_row3433_batch165: 0.0012 ± 0.0003462 (stderr)
Decoder reeval_5000000_beam_C1_run2_row3433_batch166 finished in 0.0m 12.09s with 15 failures out of 10000/10000 runs.
Logical error rate for reeval_5000000_beam_C1_run2_row3433_batch166: 0.0015 ± 0.0003870 (stderr)
Decoder reeval_5000000_beam_C1_run2_row3433_batch167 finished in 0.0m 12.73s with 16 failures out of 10000/10000 runs.
Logical error rate for reeval_5000000_beam_C1_run2_row3433_batch167: 0.0016 ± 0.0003997 (stderr)
Decoder reeval_5000000_beam_C1_run2_row3433_batch168 finished in 0.0m 12.94s with 19 failures out of 10000/10000 runs.
Logical error rate for reeval_5000000_beam_C1_run2_row3433_batch168: 0.0019 ± 0.0004355 (stderr)
Decoder reeval_5000000_beam_C1_run2_row3433_batch169 finished in 0.0m 11.99s with 12 failures out of 10000/10000 runs.
Logical error rate for reeval_5000000_beam_C1_run2_row3433_batch169: 0.0012 ± 0.0003462 (stderr)
Decoder reeval_5000000_beam_C1_run2_row3433_batch170 finished in 0.0m 12.66s with 24 failures out of 10000/10000 runs.
Logical error rate for reeval_5000000_beam_C1_run2_row3433_batch170: 0.0024 ± 0.0004893 (stderr)
Decoder reeval_5000000_beam_C1_run2_row3433_batch171 finished in 0.0m 12.76s with 16 failures out of 10000/10000 runs.
Logical error rate for reeval_5000000_beam_C1_run2_row3433_batch171: 0.0016 ± 0.0003997 (stderr)
Decoder reeval_5000000_beam_C1_run2_row3433_batch172 finished in 0.0m 12.70s with 25 failures out of 10000/10000 runs.
Logical error rate for reeval_5000000_beam_C1_run2_row3433_batch172: 0.0025 ± 0.0004994 (stderr)
Decoder reeval_5000000_beam_C1_run2_row3433_batch173 finished in 0.0m 12.43s with 26 failures out of 10000/10000 runs.
Logical error rate for reeval_5000000_beam_C1_run2_row3433_batch173: 0.0026 ± 0.0005093 (stderr)
Decoder reeval_5000000_beam_C1_run2_row3433_batch174 finished in 0.0m 12.56s with 21 failures out of 10000/10000 runs.
Logical error rate for reeval_5000000_beam_C1_run2_row3433_batch174: 0.0021 ± 0.0004578 (stderr)
Decoder reeval_5000000_beam_C1_run2_row3433_batch175 finished in 0.0m 11.73s with 21 failures out of 10000/10000 runs.
Logical error rate for reeval_5000000_beam_C1_run2_row3433_batch175: 0.0021 ± 0.0004578 (stderr)
Decoder reeval_5000000_beam_C1_run2_row3433_batch176 finished in 0.0m 12.79s with 16 failures out of 10000/10000 runs.
Logical error rate for reeval_5000000_beam_C1_run2_row3433_batch176: 0.0016 ± 0.0003997 (stderr)
Decoder reeval_5000000_beam_C1_run2_row3433_batch177 finished in 0.0m 12.28s with 12 failures out of 10000/10000 runs.
Logical error rate for reeval_5000000_beam_C1_run2_row3433_batch177: 0.0012 ± 0.0003462 (stderr)
Decoder reeval_5000000_beam_C1_run2_row3433_batch178 finished in 0.0m 12.51s with 21 failures out of 10000/10000 runs.
Logical error rate for reeval_5000000_beam_C1_run2_row3433_batch178: 0.0021 ± 0.0004578 (stderr)
Decoder reeval_5000000_beam_C1_run2_row3433_batch179 finished in 0.0m 12.00s with 16 failures out of 10000/10000 runs.
Logical error rate for reeval_5000000_beam_C1_run2_row3433_batch179: 0.0016 ± 0.0003997 (stderr)
Decoder reeval_5000000_beam_C1_run2_row3433_batch180 finished in 0.0m 12.42s with 24 failures out of 10000/10000 runs.
Logical error rate for reeval_5000000_beam_C1_run2_row3433_batch180: 0.0024 ± 0.0004893 (stderr)
Decoder reeval_5000000_beam_C1_run2_row3433_batch181 finished in 0.0m 12.38s with 12 failures out of 10000/10000 runs.
Logical error rate for reeval_5000000_beam_C1_run2_row3433_batch181: 0.0012 ± 0.0003462 (stderr)
Decoder reeval_5000000_beam_C1_run2_row3433_batch182 finished in 0.0m 12.19s with 18 failures out of 10000/10000 runs.
Logical error rate for reeval_5000000_beam_C1_run2_row3433_batch182: 0.0018 ± 0.0004239 (stderr)
Decoder reeval_5000000_beam_C1_run2_row3433_batch183 finished in 0.0m 12.38s with 16 failures out of 10000/10000 runs.
Logical error rate for reeval_5000000_beam_C1_run2_row3433_batch183: 0.0016 ± 0.0003997 (stderr)
Decoder reeval_5000000_beam_C1_run2_row3433_batch184 finished in 0.0m 11.99s with 22 failures out of 10000/10000 runs.
Logical error rate for reeval_5000000_beam_C1_run2_row3433_batch184: 0.0022 ± 0.0004685 (stderr)
Decoder reeval_5000000_beam_C1_run2_row3433_batch185 finished in 0.0m 12.26s with 14 failures out of 10000/10000 runs.
Logical error rate for reeval_5000000_beam_C1_run2_row3433_batch185: 0.0014 ± 0.0003739 (stderr)
Decoder reeval_5000000_beam_C1_run2_row3433_batch186 finished in 0.0m 12.41s with 23 failures out of 10000/10000 runs.
Logical error rate for reeval_5000000_beam_C1_run2_row3433_batch186: 0.0023 ± 0.0004791 (stderr)
Decoder reeval_5000000_beam_C1_run2_row3433_batch187 finished in 0.0m 12.37s with 18 failures out of 10000/10000 runs.
Logical error rate for reeval_5000000_beam_C1_run2_row3433_batch187: 0.0018 ± 0.0004239 (stderr)
Decoder reeval_5000000_beam_C1_run2_row3433_batch188 finished in 0.0m 12.62s with 21 failures out of 10000/10000 runs.
Logical error rate for reeval_5000000_beam_C1_run2_row3433_batch188: 0.0021 ± 0.0004578 (stderr)
Decoder reeval_5000000_beam_C1_run2_row3433_batch189 finished in 0.0m 13.21s with 15 failures out of 10000/10000 runs.
Logical error rate for reeval_5000000_beam_C1_run2_row3433_batch189: 0.0015 ± 0.0003870 (stderr)
Decoder reeval_5000000_beam_C1_run2_row3433_batch190 finished in 0.0m 12.37s with 23 failures out of 10000/10000 runs.
Logical error rate for reeval_5000000_beam_C1_run2_row3433_batch190: 0.0023 ± 0.0004791 (stderr)
Decoder reeval_5000000_beam_C1_run2_row3433_batch191 finished in 0.0m 11.95s with 22 failures out of 10000/10000 runs.
Logical error rate for reeval_5000000_beam_C1_run2_row3433_batch191: 0.0022 ± 0.0004685 (stderr)
Decoder reeval_5000000_beam_C1_run2_row3433_batch192 finished in 0.0m 11.95s with 21 failures out of 10000/10000 runs.
Logical error rate for reeval_5000000_beam_C1_run2_row3433_batch192: 0.0021 ± 0.0004578 (stderr)
Decoder reeval_5000000_beam_C1_run2_row3433_batch193 finished in 0.0m 12.67s with 25 failures out of 10000/10000 runs.
Logical error rate for reeval_5000000_beam_C1_run2_row3433_batch193: 0.0025 ± 0.0004994 (stderr)
Decoder reeval_5000000_beam_C1_run2_row3433_batch194 finished in 0.0m 12.11s with 14 failures out of 10000/10000 runs.
Logical error rate for reeval_5000000_beam_C1_run2_row3433_batch194: 0.0014 ± 0.0003739 (stderr)
Decoder reeval_5000000_beam_C1_run2_row3433_batch195 finished in 0.0m 12.52s with 23 failures out of 10000/10000 runs.
Logical error rate for reeval_5000000_beam_C1_run2_row3433_batch195: 0.0023 ± 0.0004791 (stderr)
Decoder reeval_5000000_beam_C1_run2_row3433_batch196 finished in 0.0m 12.39s with 21 failures out of 10000/10000 runs.
Logical error rate for reeval_5000000_beam_C1_run2_row3433_batch196: 0.0021 ± 0.0004578 (stderr)
Decoder reeval_5000000_beam_C1_run2_row3433_batch197 finished in 0.0m 12.23s with 14 failures out of 10000/10000 runs.
Logical error rate for reeval_5000000_beam_C1_run2_row3433_batch197: 0.0014 ± 0.0003739 (stderr)
Decoder reeval_5000000_beam_C1_run2_row3433_batch198 finished in 0.0m 12.67s with 13 failures out of 10000/10000 runs.
Logical error rate for reeval_5000000_beam_C1_run2_row3433_batch198: 0.0013 ± 0.0003603 (stderr)
Decoder reeval_5000000_beam_C1_run2_row3433_batch199 finished in 0.0m 12.31s with 20 failures out of 10000/10000 runs.
Logical error rate for reeval_5000000_beam_C1_run2_row3433_batch199: 0.002 ± 0.0004468 (stderr)
Decoder reeval_5000000_beam_C1_run2_row3433_batch200 finished in 0.0m 12.49s with 14 failures out of 10000/10000 runs.
Logical error rate for reeval_5000000_beam_C1_run2_row3433_batch200: 0.0014 ± 0.0003739 (stderr)
Decoder reeval_5000000_beam_C1_run2_row3433_batch201 finished in 0.0m 11.97s with 17 failures out of 10000/10000 runs.
Logical error rate for reeval_5000000_beam_C1_run2_row3433_batch201: 0.0017 ± 0.0004120 (stderr)
Decoder reeval_5000000_beam_C1_run2_row3433_batch202 finished in 0.0m 12.32s with 17 failures out of 10000/10000 runs.
Logical error rate for reeval_5000000_beam_C1_run2_row3433_batch202: 0.0017 ± 0.0004120 (stderr)
Decoder reeval_5000000_beam_C1_run2_row3433_batch203 finished in 0.0m 12.68s with 17 failures out of 10000/10000 runs.
Logical error rate for reeval_5000000_beam_C1_run2_row3433_batch203: 0.0017 ± 0.0004120 (stderr)
Decoder reeval_5000000_beam_C1_run2_row3433_batch204 finished in 0.0m 12.00s with 16 failures out of 10000/10000 runs.
Logical error rate for reeval_5000000_beam_C1_run2_row3433_batch204: 0.0016 ± 0.0003997 (stderr)
Decoder reeval_5000000_beam_C1_run2_row3433_batch205 finished in 0.0m 12.60s with 24 failures out of 10000/10000 runs.
Logical error rate for reeval_5000000_beam_C1_run2_row3433_batch205: 0.0024 ± 0.0004893 (stderr)
Decoder reeval_5000000_beam_C1_run2_row3433_batch206 finished in 0.0m 12.11s with 21 failures out of 10000/10000 runs.
Logical error rate for reeval_5000000_beam_C1_run2_row3433_batch206: 0.0021 ± 0.0004578 (stderr)
Decoder reeval_5000000_beam_C1_run2_row3433_batch207 finished in 0.0m 12.61s with 16 failures out of 10000/10000 runs.
Logical error rate for reeval_5000000_beam_C1_run2_row3433_batch207: 0.0016 ± 0.0003997 (stderr)
Decoder reeval_5000000_beam_C1_run2_row3433_batch208 finished in 0.0m 11.87s with 14 failures out of 10000/10000 runs.
Logical error rate for reeval_5000000_beam_C1_run2_row3433_batch208: 0.0014 ± 0.0003739 (stderr)
Decoder reeval_5000000_beam_C1_run2_row3433_batch209 finished in 0.0m 12.39s with 20 failures out of 10000/10000 runs.
Logical error rate for reeval_5000000_beam_C1_run2_row3433_batch209: 0.002 ± 0.0004468 (stderr)
Decoder reeval_5000000_beam_C1_run2_row3433_batch210 finished in 0.0m 12.43s with 17 failures out of 10000/10000 runs.
Logical error rate for reeval_5000000_beam_C1_run2_row3433_batch210: 0.0017 ± 0.0004120 (stderr)
Decoder reeval_5000000_beam_C1_run2_row3433_batch211 finished in 0.0m 12.22s with 20 failures out of 10000/10000 runs.
Logical error rate for reeval_5000000_beam_C1_run2_row3433_batch211: 0.002 ± 0.0004468 (stderr)
Decoder reeval_5000000_beam_C1_run2_row3433_batch212 finished in 0.0m 11.99s with 14 failures out of 10000/10000 runs.
Logical error rate for reeval_5000000_beam_C1_run2_row3433_batch212: 0.0014 ± 0.0003739 (stderr)
Decoder reeval_5000000_beam_C1_run2_row3433_batch213 finished in 0.0m 12.39s with 22 failures out of 10000/10000 runs.
Logical error rate for reeval_5000000_beam_C1_run2_row3433_batch213: 0.0022 ± 0.0004685 (stderr)
Decoder reeval_5000000_beam_C1_run2_row3433_batch214 finished in 0.0m 12.13s with 19 failures out of 10000/10000 runs.
Logical error rate for reeval_5000000_beam_C1_run2_row3433_batch214: 0.0019 ± 0.0004355 (stderr)
Decoder reeval_5000000_beam_C1_run2_row3433_batch215 finished in 0.0m 12.25s with 19 failures out of 10000/10000 runs.
Logical error rate for reeval_5000000_beam_C1_run2_row3433_batch215: 0.0019 ± 0.0004355 (stderr)
Decoder reeval_5000000_beam_C1_run2_row3433_batch216 finished in 0.0m 12.55s with 20 failures out of 10000/10000 runs.
Logical error rate for reeval_5000000_beam_C1_run2_row3433_batch216: 0.002 ± 0.0004468 (stderr)
Decoder reeval_5000000_beam_C1_run2_row3433_batch217 finished in 0.0m 12.78s with 22 failures out of 10000/10000 runs.
Logical error rate for reeval_5000000_beam_C1_run2_row3433_batch217: 0.0022 ± 0.0004685 (stderr)
Decoder reeval_5000000_beam_C1_run2_row3433_batch218 finished in 0.0m 12.70s with 25 failures out of 10000/10000 runs.
Logical error rate for reeval_5000000_beam_C1_run2_row3433_batch218: 0.0025 ± 0.0004994 (stderr)
Decoder reeval_5000000_beam_C1_run2_row3433_batch219 finished in 0.0m 12.42s with 12 failures out of 10000/10000 runs.
Logical error rate for reeval_5000000_beam_C1_run2_row3433_batch219: 0.0012 ± 0.0003462 (stderr)
Decoder reeval_5000000_beam_C1_run2_row3433_batch220 finished in 0.0m 12.21s with 15 failures out of 10000/10000 runs.
Logical error rate for reeval_5000000_beam_C1_run2_row3433_batch220: 0.0015 ± 0.0003870 (stderr)
Decoder reeval_5000000_beam_C1_run2_row3433_batch221 finished in 0.0m 12.79s with 25 failures out of 10000/10000 runs.
Logical error rate for reeval_5000000_beam_C1_run2_row3433_batch221: 0.0025 ± 0.0004994 (stderr)
Decoder reeval_5000000_beam_C1_run2_row3433_batch222 finished in 0.0m 12.40s with 20 failures out of 10000/10000 runs.
Logical error rate for reeval_5000000_beam_C1_run2_row3433_batch222: 0.002 ± 0.0004468 (stderr)
Decoder reeval_5000000_beam_C1_run2_row3433_batch223 finished in 0.0m 12.55s with 17 failures out of 10000/10000 runs.
Logical error rate for reeval_5000000_beam_C1_run2_row3433_batch223: 0.0017 ± 0.0004120 (stderr)
Decoder reeval_5000000_beam_C1_run2_row3433_batch224 finished in 0.0m 12.26s with 12 failures out of 10000/10000 runs.
Logical error rate for reeval_5000000_beam_C1_run2_row3433_batch224: 0.0012 ± 0.0003462 (stderr)
Decoder reeval_5000000_beam_C1_run2_row3433_batch225 finished in 0.0m 12.60s with 17 failures out of 10000/10000 runs.
Logical error rate for reeval_5000000_beam_C1_run2_row3433_batch225: 0.0017 ± 0.0004120 (stderr)
Decoder reeval_5000000_beam_C1_run2_row3433_batch226 finished in 0.0m 12.89s with 17 failures out of 10000/10000 runs.
Logical error rate for reeval_5000000_beam_C1_run2_row3433_batch226: 0.0017 ± 0.0004120 (stderr)
Decoder reeval_5000000_beam_C1_run2_row3433_batch227 finished in 0.0m 12.86s with 20 failures out of 10000/10000 runs.
Logical error rate for reeval_5000000_beam_C1_run2_row3433_batch227: 0.002 ± 0.0004468 (stderr)
Decoder reeval_5000000_beam_C1_run2_row3433_batch228 finished in 0.0m 12.30s with 21 failures out of 10000/10000 runs.
Logical error rate for reeval_5000000_beam_C1_run2_row3433_batch228: 0.0021 ± 0.0004578 (stderr)
Decoder reeval_5000000_beam_C1_run2_row3433_batch229 finished in 0.0m 12.72s with 19 failures out of 10000/10000 runs.
Logical error rate for reeval_5000000_beam_C1_run2_row3433_batch229: 0.0019 ± 0.0004355 (stderr)
Decoder reeval_5000000_beam_C1_run2_row3433_batch230 finished in 0.0m 12.71s with 23 failures out of 10000/10000 runs.
Logical error rate for reeval_5000000_beam_C1_run2_row3433_batch230: 0.0023 ± 0.0004791 (stderr)
Decoder reeval_5000000_beam_C1_run2_row3433_batch231 finished in 0.0m 11.96s with 22 failures out of 10000/10000 runs.
Logical error rate for reeval_5000000_beam_C1_run2_row3433_batch231: 0.0022 ± 0.0004685 (stderr)
Decoder reeval_5000000_beam_C1_run2_row3433_batch232 finished in 0.0m 12.07s with 19 failures out of 10000/10000 runs.
Logical error rate for reeval_5000000_beam_C1_run2_row3433_batch232: 0.0019 ± 0.0004355 (stderr)
Decoder reeval_5000000_beam_C1_run2_row3433_batch233 finished in 0.0m 12.24s with 25 failures out of 10000/10000 runs.
Logical error rate for reeval_5000000_beam_C1_run2_row3433_batch233: 0.0025 ± 0.0004994 (stderr)
Decoder reeval_5000000_beam_C1_run2_row3433_batch234 finished in 0.0m 13.13s with 19 failures out of 10000/10000 runs.
Logical error rate for reeval_5000000_beam_C1_run2_row3433_batch234: 0.0019 ± 0.0004355 (stderr)
Decoder reeval_5000000_beam_C1_run2_row3433_batch235 finished in 0.0m 12.91s with 18 failures out of 10000/10000 runs.
Logical error rate for reeval_5000000_beam_C1_run2_row3433_batch235: 0.0018 ± 0.0004239 (stderr)
Decoder reeval_5000000_beam_C1_run2_row3433_batch236 finished in 0.0m 12.86s with 21 failures out of 10000/10000 runs.
Logical error rate for reeval_5000000_beam_C1_run2_row3433_batch236: 0.0021 ± 0.0004578 (stderr)
Decoder reeval_5000000_beam_C1_run2_row3433_batch237 finished in 0.0m 12.31s with 18 failures out of 10000/10000 runs.
Logical error rate for reeval_5000000_beam_C1_run2_row3433_batch237: 0.0018 ± 0.0004239 (stderr)
Decoder reeval_5000000_beam_C1_run2_row3433_batch238 finished in 0.0m 12.42s with 18 failures out of 10000/10000 runs.
Logical error rate for reeval_5000000_beam_C1_run2_row3433_batch238: 0.0018 ± 0.0004239 (stderr)
Decoder reeval_5000000_beam_C1_run2_row3433_batch239 finished in 0.0m 13.03s with 15 failures out of 10000/10000 runs.
Logical error rate for reeval_5000000_beam_C1_run2_row3433_batch239: 0.0015 ± 0.0003870 (stderr)
Decoder reeval_5000000_beam_C1_run2_row3433_batch240 finished in 0.0m 12.49s with 20 failures out of 10000/10000 runs.
Logical error rate for reeval_5000000_beam_C1_run2_row3433_batch240: 0.002 ± 0.0004468 (stderr)
Decoder reeval_5000000_beam_C1_run2_row3433_batch241 finished in 0.0m 12.46s with 17 failures out of 10000/10000 runs.
Logical error rate for reeval_5000000_beam_C1_run2_row3433_batch241: 0.0017 ± 0.0004120 (stderr)
Decoder reeval_5000000_beam_C1_run2_row3433_batch242 finished in 0.0m 12.70s with 19 failures out of 10000/10000 runs.
Logical error rate for reeval_5000000_beam_C1_run2_row3433_batch242: 0.0019 ± 0.0004355 (stderr)
Decoder reeval_5000000_beam_C1_run2_row3433_batch243 finished in 0.0m 12.13s with 13 failures out of 10000/10000 runs.
Logical error rate for reeval_5000000_beam_C1_run2_row3433_batch243: 0.0013 ± 0.0003603 (stderr)
Decoder reeval_5000000_beam_C1_run2_row3433_batch244 finished in 0.0m 12.12s with 20 failures out of 10000/10000 runs.
Logical error rate for reeval_5000000_beam_C1_run2_row3433_batch244: 0.002 ± 0.0004468 (stderr)
Decoder reeval_5000000_beam_C1_run2_row3433_batch245 finished in 0.0m 12.27s with 29 failures out of 10000/10000 runs.
Logical error rate for reeval_5000000_beam_C1_run2_row3433_batch245: 0.0029 ± 0.0005378 (stderr)
Decoder reeval_5000000_beam_C1_run2_row3433_batch246 finished in 0.0m 13.06s with 19 failures out of 10000/10000 runs.
Logical error rate for reeval_5000000_beam_C1_run2_row3433_batch246: 0.0019 ± 0.0004355 (stderr)
Decoder reeval_5000000_beam_C1_run2_row3433_batch247 finished in 0.0m 12.75s with 25 failures out of 10000/10000 runs.
Logical error rate for reeval_5000000_beam_C1_run2_row3433_batch247: 0.0025 ± 0.0004994 (stderr)
Decoder reeval_5000000_beam_C1_run2_row3433_batch248 finished in 0.0m 12.40s with 19 failures out of 10000/10000 runs.
Logical error rate for reeval_5000000_beam_C1_run2_row3433_batch248: 0.0019 ± 0.0004355 (stderr)
Decoder reeval_5000000_beam_C1_run2_row3433_batch249 finished in 0.0m 12.02s with 19 failures out of 10000/10000 runs.
Logical error rate for reeval_5000000_beam_C1_run2_row3433_batch249: 0.0019 ± 0.0004355 (stderr)
Decoder reeval_5000000_beam_C1_run2_row3433_batch250 finished in 0.0m 12.94s with 18 failures out of 10000/10000 runs.
Logical error rate for reeval_5000000_beam_C1_run2_row3433_batch250: 0.0018 ± 0.0004239 (stderr)
Decoder reeval_5000000_beam_C1_run2_row3433_batch251 finished in 0.0m 12.44s with 18 failures out of 10000/10000 runs.
Logical error rate for reeval_5000000_beam_C1_run2_row3433_batch251: 0.0018 ± 0.0004239 (stderr)
Decoder reeval_5000000_beam_C1_run2_row3433_batch252 finished in 0.0m 12.71s with 25 failures out of 10000/10000 runs.
Logical error rate for reeval_5000000_beam_C1_run2_row3433_batch252: 0.0025 ± 0.0004994 (stderr)
Decoder reeval_5000000_beam_C1_run2_row3433_batch253 finished in 0.0m 12.46s with 20 failures out of 10000/10000 runs.
Logical error rate for reeval_5000000_beam_C1_run2_row3433_batch253: 0.002 ± 0.0004468 (stderr)
Decoder reeval_5000000_beam_C1_run2_row3433_batch254 finished in 0.0m 12.43s with 23 failures out of 10000/10000 runs.
Logical error rate for reeval_5000000_beam_C1_run2_row3433_batch254: 0.0023 ± 0.0004791 (stderr)
Decoder reeval_5000000_beam_C1_run2_row3433_batch255 finished in 0.0m 12.38s with 14 failures out of 10000/10000 runs.
Logical error rate for reeval_5000000_beam_C1_run2_row3433_batch255: 0.0014 ± 0.0003739 (stderr)
Decoder reeval_5000000_beam_C1_run2_row3433_batch256 finished in 0.0m 12.40s with 8 failures out of 10000/10000 runs.
Logical error rate for reeval_5000000_beam_C1_run2_row3433_batch256: 0.0008 ± 0.0002827 (stderr)
Decoder reeval_5000000_beam_C1_run2_row3433_batch257 finished in 0.0m 12.72s with 19 failures out of 10000/10000 runs.
Logical error rate for reeval_5000000_beam_C1_run2_row3433_batch257: 0.0019 ± 0.0004355 (stderr)
Decoder reeval_5000000_beam_C1_run2_row3433_batch258 finished in 0.0m 12.91s with 8 failures out of 10000/10000 runs.
Logical error rate for reeval_5000000_beam_C1_run2_row3433_batch258: 0.0008 ± 0.0002827 (stderr)
Decoder reeval_5000000_beam_C1_run2_row3433_batch259 finished in 0.0m 12.88s with 13 failures out of 10000/10000 runs.
Logical error rate for reeval_5000000_beam_C1_run2_row3433_batch259: 0.0013 ± 0.0003603 (stderr)
Decoder reeval_5000000_beam_C1_run2_row3433_batch260 finished in 0.0m 12.17s with 23 failures out of 10000/10000 runs.
Logical error rate for reeval_5000000_beam_C1_run2_row3433_batch260: 0.0023 ± 0.0004791 (stderr)
Decoder reeval_5000000_beam_C1_run2_row3433_batch261 finished in 0.0m 12.99s with 20 failures out of 10000/10000 runs.
Logical error rate for reeval_5000000_beam_C1_run2_row3433_batch261: 0.002 ± 0.0004468 (stderr)
Decoder reeval_5000000_beam_C1_run2_row3433_batch262 finished in 0.0m 12.06s with 26 failures out of 10000/10000 runs.
Logical error rate for reeval_5000000_beam_C1_run2_row3433_batch262: 0.0026 ± 0.0005093 (stderr)
Decoder reeval_5000000_beam_C1_run2_row3433_batch263 finished in 0.0m 12.54s with 23 failures out of 10000/10000 runs.
Logical error rate for reeval_5000000_beam_C1_run2_row3433_batch263: 0.0023 ± 0.0004791 (stderr)
Decoder reeval_5000000_beam_C1_run2_row3433_batch264 finished in 0.0m 12.42s with 20 failures out of 10000/10000 runs.
Logical error rate for reeval_5000000_beam_C1_run2_row3433_batch264: 0.002 ± 0.0004468 (stderr)
Decoder reeval_5000000_beam_C1_run2_row3433_batch265 finished in 0.0m 12.40s with 16 failures out of 10000/10000 runs.
Logical error rate for reeval_5000000_beam_C1_run2_row3433_batch265: 0.0016 ± 0.0003997 (stderr)
Decoder reeval_5000000_beam_C1_run2_row3433_batch266 finished in 0.0m 12.43s with 21 failures out of 10000/10000 runs.
Logical error rate for reeval_5000000_beam_C1_run2_row3433_batch266: 0.0021 ± 0.0004578 (stderr)
Decoder reeval_5000000_beam_C1_run2_row3433_batch267 finished in 0.0m 12.17s with 15 failures out of 10000/10000 runs.
Logical error rate for reeval_5000000_beam_C1_run2_row3433_batch267: 0.0015 ± 0.0003870 (stderr)
Decoder reeval_5000000_beam_C1_run2_row3433_batch268 finished in 0.0m 12.30s with 27 failures out of 10000/10000 runs.
Logical error rate for reeval_5000000_beam_C1_run2_row3433_batch268: 0.0027 ± 0.0005189 (stderr)
Decoder reeval_5000000_beam_C1_run2_row3433_batch269 finished in 0.0m 12.43s with 18 failures out of 10000/10000 runs.
Logical error rate for reeval_5000000_beam_C1_run2_row3433_batch269: 0.0018 ± 0.0004239 (stderr)
Decoder reeval_5000000_beam_C1_run2_row3433_batch270 finished in 0.0m 12.25s with 24 failures out of 10000/10000 runs.
Logical error rate for reeval_5000000_beam_C1_run2_row3433_batch270: 0.0024 ± 0.0004893 (stderr)
Decoder reeval_5000000_beam_C1_run2_row3433_batch271 finished in 0.0m 12.10s with 12 failures out of 10000/10000 runs.
Logical error rate for reeval_5000000_beam_C1_run2_row3433_batch271: 0.0012 ± 0.0003462 (stderr)
Decoder reeval_5000000_beam_C1_run2_row3433_batch272 finished in 0.0m 12.67s with 19 failures out of 10000/10000 runs.
Logical error rate for reeval_5000000_beam_C1_run2_row3433_batch272: 0.0019 ± 0.0004355 (stderr)
Decoder reeval_5000000_beam_C1_run2_row3433_batch273 finished in 0.0m 12.35s with 20 failures out of 10000/10000 runs.
Logical error rate for reeval_5000000_beam_C1_run2_row3433_batch273: 0.002 ± 0.0004468 (stderr)
Decoder reeval_5000000_beam_C1_run2_row3433_batch274 finished in 0.0m 12.50s with 22 failures out of 10000/10000 runs.
Logical error rate for reeval_5000000_beam_C1_run2_row3433_batch274: 0.0022 ± 0.0004685 (stderr)
Decoder reeval_5000000_beam_C1_run2_row3433_batch275 finished in 0.0m 12.12s with 23 failures out of 10000/10000 runs.
Logical error rate for reeval_5000000_beam_C1_run2_row3433_batch275: 0.0023 ± 0.0004791 (stderr)
Decoder reeval_5000000_beam_C1_run2_row3433_batch276 finished in 0.0m 12.48s with 20 failures out of 10000/10000 runs.
Logical error rate for reeval_5000000_beam_C1_run2_row3433_batch276: 0.002 ± 0.0004468 (stderr)
Decoder reeval_5000000_beam_C1_run2_row3433_batch277 finished in 0.0m 12.02s with 16 failures out of 10000/10000 runs.
Logical error rate for reeval_5000000_beam_C1_run2_row3433_batch277: 0.0016 ± 0.0003997 (stderr)
Decoder reeval_5000000_beam_C1_run2_row3433_batch278 finished in 0.0m 12.73s with 24 failures out of 10000/10000 runs.
Logical error rate for reeval_5000000_beam_C1_run2_row3433_batch278: 0.0024 ± 0.0004893 (stderr)
Decoder reeval_5000000_beam_C1_run2_row3433_batch279 finished in 0.0m 12.41s with 23 failures out of 10000/10000 runs.
Logical error rate for reeval_5000000_beam_C1_run2_row3433_batch279: 0.0023 ± 0.0004791 (stderr)
Decoder reeval_5000000_beam_C1_run2_row3433_batch280 finished in 0.0m 12.68s with 22 failures out of 10000/10000 runs.
Logical error rate for reeval_5000000_beam_C1_run2_row3433_batch280: 0.0022 ± 0.0004685 (stderr)
Decoder reeval_5000000_beam_C1_run2_row3433_batch281 finished in 0.0m 13.16s with 26 failures out of 10000/10000 runs.
Logical error rate for reeval_5000000_beam_C1_run2_row3433_batch281: 0.0026 ± 0.0005093 (stderr)
Decoder reeval_5000000_beam_C1_run2_row3433_batch282 finished in 0.0m 12.02s with 12 failures out of 10000/10000 runs.
Logical error rate for reeval_5000000_beam_C1_run2_row3433_batch282: 0.0012 ± 0.0003462 (stderr)
Decoder reeval_5000000_beam_C1_run2_row3433_batch283 finished in 0.0m 11.97s with 22 failures out of 10000/10000 runs.
Logical error rate for reeval_5000000_beam_C1_run2_row3433_batch283: 0.0022 ± 0.0004685 (stderr)
Decoder reeval_5000000_beam_C1_run2_row3433_batch284 finished in 0.0m 12.24s with 22 failures out of 10000/10000 runs.
Logical error rate for reeval_5000000_beam_C1_run2_row3433_batch284: 0.0022 ± 0.0004685 (stderr)
Decoder reeval_5000000_beam_C1_run2_row3433_batch285 finished in 0.0m 12.19s with 15 failures out of 10000/10000 runs.
Logical error rate for reeval_5000000_beam_C1_run2_row3433_batch285: 0.0015 ± 0.0003870 (stderr)
Decoder reeval_5000000_beam_C1_run2_row3433_batch286 finished in 0.0m 12.47s with 16 failures out of 10000/10000 runs.
Logical error rate for reeval_5000000_beam_C1_run2_row3433_batch286: 0.0016 ± 0.0003997 (stderr)
Decoder reeval_5000000_beam_C1_run2_row3433_batch287 finished in 0.0m 13.11s with 15 failures out of 10000/10000 runs.
Logical error rate for reeval_5000000_beam_C1_run2_row3433_batch287: 0.0015 ± 0.0003870 (stderr)
Decoder reeval_5000000_beam_C1_run2_row3433_batch288 finished in 0.0m 12.52s with 23 failures out of 10000/10000 runs.
Logical error rate for reeval_5000000_beam_C1_run2_row3433_batch288: 0.0023 ± 0.0004791 (stderr)
Decoder reeval_5000000_beam_C1_run2_row3433_batch289 finished in 0.0m 12.77s with 11 failures out of 10000/10000 runs.
Logical error rate for reeval_5000000_beam_C1_run2_row3433_batch289: 0.0011 ± 0.0003315 (stderr)
Decoder reeval_5000000_beam_C1_run2_row3433_batch290 finished in 0.0m 12.01s with 18 failures out of 10000/10000 runs.
Logical error rate for reeval_5000000_beam_C1_run2_row3433_batch290: 0.0018 ± 0.0004239 (stderr)
Decoder reeval_5000000_beam_C1_run2_row3433_batch291 finished in 0.0m 12.72s with 19 failures out of 10000/10000 runs.
Logical error rate for reeval_5000000_beam_C1_run2_row3433_batch291: 0.0019 ± 0.0004355 (stderr)
Decoder reeval_5000000_beam_C1_run2_row3433_batch292 finished in 0.0m 12.99s with 14 failures out of 10000/10000 runs.
Logical error rate for reeval_5000000_beam_C1_run2_row3433_batch292: 0.0014 ± 0.0003739 (stderr)
Decoder reeval_5000000_beam_C1_run2_row3433_batch293 finished in 0.0m 12.48s with 15 failures out of 10000/10000 runs.
Logical error rate for reeval_5000000_beam_C1_run2_row3433_batch293: 0.0015 ± 0.0003870 (stderr)
Decoder reeval_5000000_beam_C1_run2_row3433_batch294 finished in 0.0m 12.65s with 13 failures out of 10000/10000 runs.
Logical error rate for reeval_5000000_beam_C1_run2_row3433_batch294: 0.0013 ± 0.0003603 (stderr)
Decoder reeval_5000000_beam_C1_run2_row3433_batch295 finished in 0.0m 12.67s with 14 failures out of 10000/10000 runs.
Logical error rate for reeval_5000000_beam_C1_run2_row3433_batch295: 0.0014 ± 0.0003739 (stderr)
Decoder reeval_5000000_beam_C1_run2_row3433_batch296 finished in 0.0m 12.43s with 16 failures out of 10000/10000 runs.
Logical error rate for reeval_5000000_beam_C1_run2_row3433_batch296: 0.0016 ± 0.0003997 (stderr)
Decoder reeval_5000000_beam_C1_run2_row3433_batch297 finished in 0.0m 12.32s with 17 failures out of 10000/10000 runs.
Logical error rate for reeval_5000000_beam_C1_run2_row3433_batch297: 0.0017 ± 0.0004120 (stderr)
Decoder reeval_5000000_beam_C1_run2_row3433_batch298 finished in 0.0m 12.67s with 16 failures out of 10000/10000 runs.
Logical error rate for reeval_5000000_beam_C1_run2_row3433_batch298: 0.0016 ± 0.0003997 (stderr)
Decoder reeval_5000000_beam_C1_run2_row3433_batch299 finished in 0.0m 12.38s with 18 failures out of 10000/10000 runs.
Logical error rate for reeval_5000000_beam_C1_run2_row3433_batch299: 0.0018 ± 0.0004239 (stderr)
Decoder reeval_5000000_beam_C1_run2_row3433_batch300 finished in 0.0m 12.89s with 9 failures out of 10000/10000 runs.
Logical error rate for reeval_5000000_beam_C1_run2_row3433_batch300: 0.0009 ± 0.0002999 (stderr)
Decoder reeval_5000000_beam_C1_run2_row3433_batch301 finished in 0.0m 12.52s with 15 failures out of 10000/10000 runs.
Logical error rate for reeval_5000000_beam_C1_run2_row3433_batch301: 0.0015 ± 0.0003870 (stderr)
Decoder reeval_5000000_beam_C1_run2_row3433_batch302 finished in 0.0m 12.58s with 9 failures out of 10000/10000 runs.
Logical error rate for reeval_5000000_beam_C1_run2_row3433_batch302: 0.0009 ± 0.0002999 (stderr)
Decoder reeval_5000000_beam_C1_run2_row3433_batch303 finished in 0.0m 11.86s with 15 failures out of 10000/10000 runs.
Logical error rate for reeval_5000000_beam_C1_run2_row3433_batch303: 0.0015 ± 0.0003870 (stderr)
Decoder reeval_5000000_beam_C1_run2_row3433_batch304 finished in 0.0m 12.94s with 15 failures out of 10000/10000 runs.
Logical error rate for reeval_5000000_beam_C1_run2_row3433_batch304: 0.0015 ± 0.0003870 (stderr)
Decoder reeval_5000000_beam_C1_run2_row3433_batch305 finished in 0.0m 12.86s with 14 failures out of 10000/10000 runs.
Logical error rate for reeval_5000000_beam_C1_run2_row3433_batch305: 0.0014 ± 0.0003739 (stderr)
Decoder reeval_5000000_beam_C1_run2_row3433_batch306 finished in 0.0m 12.38s with 17 failures out of 10000/10000 runs.
Logical error rate for reeval_5000000_beam_C1_run2_row3433_batch306: 0.0017 ± 0.0004120 (stderr)
Decoder reeval_5000000_beam_C1_run2_row3433_batch307 finished in 0.0m 12.27s with 18 failures out of 10000/10000 runs.
Logical error rate for reeval_5000000_beam_C1_run2_row3433_batch307: 0.0018 ± 0.0004239 (stderr)
Decoder reeval_5000000_beam_C1_run2_row3433_batch308 finished in 0.0m 12.50s with 22 failures out of 10000/10000 runs.
Logical error rate for reeval_5000000_beam_C1_run2_row3433_batch308: 0.0022 ± 0.0004685 (stderr)
Decoder reeval_5000000_beam_C1_run2_row3433_batch309 finished in 0.0m 12.43s with 13 failures out of 10000/10000 runs.
Logical error rate for reeval_5000000_beam_C1_run2_row3433_batch309: 0.0013 ± 0.0003603 (stderr)
Decoder reeval_5000000_beam_C1_run2_row3433_batch310 finished in 0.0m 13.02s with 21 failures out of 10000/10000 runs.
Logical error rate for reeval_5000000_beam_C1_run2_row3433_batch310: 0.0021 ± 0.0004578 (stderr)
Decoder reeval_5000000_beam_C1_run2_row3433_batch311 finished in 0.0m 12.25s with 19 failures out of 10000/10000 runs.
Logical error rate for reeval_5000000_beam_C1_run2_row3433_batch311: 0.0019 ± 0.0004355 (stderr)
Decoder reeval_5000000_beam_C1_run2_row3433_batch312 finished in 0.0m 12.75s with 17 failures out of 10000/10000 runs.
Logical error rate for reeval_5000000_beam_C1_run2_row3433_batch312: 0.0017 ± 0.0004120 (stderr)
Decoder reeval_5000000_beam_C1_run2_row3433_batch313 finished in 0.0m 12.76s with 16 failures out of 10000/10000 runs.
Logical error rate for reeval_5000000_beam_C1_run2_row3433_batch313: 0.0016 ± 0.0003997 (stderr)
Decoder reeval_5000000_beam_C1_run2_row3433_batch314 finished in 0.0m 12.84s with 19 failures out of 10000/10000 runs.
Logical error rate for reeval_5000000_beam_C1_run2_row3433_batch314: 0.0019 ± 0.0004355 (stderr)
Decoder reeval_5000000_beam_C1_run2_row3433_batch315 finished in 0.0m 12.46s with 16 failures out of 10000/10000 runs.
Logical error rate for reeval_5000000_beam_C1_run2_row3433_batch315: 0.0016 ± 0.0003997 (stderr)
Decoder reeval_5000000_beam_C1_run2_row3433_batch316 finished in 0.0m 12.70s with 13 failures out of 10000/10000 runs.
Logical error rate for reeval_5000000_beam_C1_run2_row3433_batch316: 0.0013 ± 0.0003603 (stderr)
Decoder reeval_5000000_beam_C1_run2_row3433_batch317 finished in 0.0m 12.45s with 23 failures out of 10000/10000 runs.
Logical error rate for reeval_5000000_beam_C1_run2_row3433_batch317: 0.0023 ± 0.0004791 (stderr)
Decoder reeval_5000000_beam_C1_run2_row3433_batch318 finished in 0.0m 12.37s with 21 failures out of 10000/10000 runs.
Logical error rate for reeval_5000000_beam_C1_run2_row3433_batch318: 0.0021 ± 0.0004578 (stderr)
Decoder reeval_5000000_beam_C1_run2_row3433_batch319 finished in 0.0m 12.88s with 20 failures out of 10000/10000 runs.
Logical error rate for reeval_5000000_beam_C1_run2_row3433_batch319: 0.002 ± 0.0004468 (stderr)
Decoder reeval_5000000_beam_C1_run2_row3433_batch320 finished in 0.0m 12.44s with 19 failures out of 10000/10000 runs.
Logical error rate for reeval_5000000_beam_C1_run2_row3433_batch320: 0.0019 ± 0.0004355 (stderr)
Decoder reeval_5000000_beam_C1_run2_row3433_batch321 finished in 0.0m 12.06s with 25 failures out of 10000/10000 runs.
Logical error rate for reeval_5000000_beam_C1_run2_row3433_batch321: 0.0025 ± 0.0004994 (stderr)
Decoder reeval_5000000_beam_C1_run2_row3433_batch322 finished in 0.0m 12.78s with 26 failures out of 10000/10000 runs.
Logical error rate for reeval_5000000_beam_C1_run2_row3433_batch322: 0.0026 ± 0.0005093 (stderr)
Decoder reeval_5000000_beam_C1_run2_row3433_batch323 finished in 0.0m 11.90s with 21 failures out of 10000/10000 runs.
Logical error rate for reeval_5000000_beam_C1_run2_row3433_batch323: 0.0021 ± 0.0004578 (stderr)
Decoder reeval_5000000_beam_C1_run2_row3433_batch324 finished in 0.0m 12.92s with 18 failures out of 10000/10000 runs.
Logical error rate for reeval_5000000_beam_C1_run2_row3433_batch324: 0.0018 ± 0.0004239 (stderr)
Decoder reeval_5000000_beam_C1_run2_row3433_batch325 finished in 0.0m 12.64s with 14 failures out of 10000/10000 runs.
Logical error rate for reeval_5000000_beam_C1_run2_row3433_batch325: 0.0014 ± 0.0003739 (stderr)
Decoder reeval_5000000_beam_C1_run2_row3433_batch326 finished in 0.0m 12.95s with 19 failures out of 10000/10000 runs.
Logical error rate for reeval_5000000_beam_C1_run2_row3433_batch326: 0.0019 ± 0.0004355 (stderr)
Decoder reeval_5000000_beam_C1_run2_row3433_batch327 finished in 0.0m 12.39s with 21 failures out of 10000/10000 runs.
Logical error rate for reeval_5000000_beam_C1_run2_row3433_batch327: 0.0021 ± 0.0004578 (stderr)
Decoder reeval_5000000_beam_C1_run2_row3433_batch328 finished in 0.0m 12.90s with 23 failures out of 10000/10000 runs.
Logical error rate for reeval_5000000_beam_C1_run2_row3433_batch328: 0.0023 ± 0.0004791 (stderr)
Decoder reeval_5000000_beam_C1_run2_row3433_batch329 finished in 0.0m 12.20s with 15 failures out of 10000/10000 runs.
Logical error rate for reeval_5000000_beam_C1_run2_row3433_batch329: 0.0015 ± 0.0003870 (stderr)
Decoder reeval_5000000_beam_C1_run2_row3433_batch330 finished in 0.0m 12.63s with 23 failures out of 10000/10000 runs.
Logical error rate for reeval_5000000_beam_C1_run2_row3433_batch330: 0.0023 ± 0.0004791 (stderr)
Decoder reeval_5000000_beam_C1_run2_row3433_batch331 finished in 0.0m 12.63s with 19 failures out of 10000/10000 runs.
Logical error rate for reeval_5000000_beam_C1_run2_row3433_batch331: 0.0019 ± 0.0004355 (stderr)
Decoder reeval_5000000_beam_C1_run2_row3433_batch332 finished in 0.0m 12.80s with 9 failures out of 10000/10000 runs.
Logical error rate for reeval_5000000_beam_C1_run2_row3433_batch332: 0.0009 ± 0.0002999 (stderr)
Decoder reeval_5000000_beam_C1_run2_row3433_batch333 finished in 0.0m 12.56s with 13 failures out of 10000/10000 runs.
Logical error rate for reeval_5000000_beam_C1_run2_row3433_batch333: 0.0013 ± 0.0003603 (stderr)
Decoder reeval_5000000_beam_C1_run2_row3433_batch334 finished in 0.0m 12.33s with 19 failures out of 10000/10000 runs.
Logical error rate for reeval_5000000_beam_C1_run2_row3433_batch334: 0.0019 ± 0.0004355 (stderr)
Decoder reeval_5000000_beam_C1_run2_row3433_batch335 finished in 0.0m 13.16s with 23 failures out of 10000/10000 runs.
Logical error rate for reeval_5000000_beam_C1_run2_row3433_batch335: 0.0023 ± 0.0004791 (stderr)
Decoder reeval_5000000_beam_C1_run2_row3433_batch336 finished in 0.0m 11.85s with 20 failures out of 10000/10000 runs.
Logical error rate for reeval_5000000_beam_C1_run2_row3433_batch336: 0.002 ± 0.0004468 (stderr)
Decoder reeval_5000000_beam_C1_run2_row3433_batch337 finished in 0.0m 12.57s with 18 failures out of 10000/10000 runs.
Logical error rate for reeval_5000000_beam_C1_run2_row3433_batch337: 0.0018 ± 0.0004239 (stderr)
Decoder reeval_5000000_beam_C1_run2_row3433_batch338 finished in 0.0m 12.24s with 19 failures out of 10000/10000 runs.
Logical error rate for reeval_5000000_beam_C1_run2_row3433_batch338: 0.0019 ± 0.0004355 (stderr)
Decoder reeval_5000000_beam_C1_run2_row3433_batch339 finished in 0.0m 12.56s with 29 failures out of 10000/10000 runs.
Logical error rate for reeval_5000000_beam_C1_run2_row3433_batch339: 0.0029 ± 0.0005378 (stderr)
Decoder reeval_5000000_beam_C1_run2_row3433_batch340 finished in 0.0m 12.82s with 19 failures out of 10000/10000 runs.
Logical error rate for reeval_5000000_beam_C1_run2_row3433_batch340: 0.0019 ± 0.0004355 (stderr)
Decoder reeval_5000000_beam_C1_run2_row3433_batch341 finished in 0.0m 12.55s with 20 failures out of 10000/10000 runs.
Logical error rate for reeval_5000000_beam_C1_run2_row3433_batch341: 0.002 ± 0.0004468 (stderr)
Decoder reeval_5000000_beam_C1_run2_row3433_batch342 finished in 0.0m 12.73s with 18 failures out of 10000/10000 runs.
Logical error rate for reeval_5000000_beam_C1_run2_row3433_batch342: 0.0018 ± 0.0004239 (stderr)
Decoder reeval_5000000_beam_C1_run2_row3433_batch343 finished in 0.0m 12.48s with 19 failures out of 10000/10000 runs.
Logical error rate for reeval_5000000_beam_C1_run2_row3433_batch343: 0.0019 ± 0.0004355 (stderr)
Decoder reeval_5000000_beam_C1_run2_row3433_batch344 finished in 0.0m 12.75s with 23 failures out of 10000/10000 runs.
Logical error rate for reeval_5000000_beam_C1_run2_row3433_batch344: 0.0023 ± 0.0004791 (stderr)
Decoder reeval_5000000_beam_C1_run2_row3433_batch345 finished in 0.0m 12.89s with 18 failures out of 10000/10000 runs.
Logical error rate for reeval_5000000_beam_C1_run2_row3433_batch345: 0.0018 ± 0.0004239 (stderr)
Decoder reeval_5000000_beam_C1_run2_row3433_batch346 finished in 0.0m 12.41s with 23 failures out of 10000/10000 runs.
Logical error rate for reeval_5000000_beam_C1_run2_row3433_batch346: 0.0023 ± 0.0004791 (stderr)
Decoder reeval_5000000_beam_C1_run2_row3433_batch347 finished in 0.0m 12.45s with 15 failures out of 10000/10000 runs.
Logical error rate for reeval_5000000_beam_C1_run2_row3433_batch347: 0.0015 ± 0.0003870 (stderr)
Decoder reeval_5000000_beam_C1_run2_row3433_batch348 finished in 0.0m 12.50s with 15 failures out of 10000/10000 runs.
Logical error rate for reeval_5000000_beam_C1_run2_row3433_batch348: 0.0015 ± 0.0003870 (stderr)
Decoder reeval_5000000_beam_C1_run2_row3433_batch349 finished in 0.0m 12.74s with 15 failures out of 10000/10000 runs.
Logical error rate for reeval_5000000_beam_C1_run2_row3433_batch349: 0.0015 ± 0.0003870 (stderr)
Decoder reeval_5000000_beam_C1_run2_row3433_batch350 finished in 0.0m 12.92s with 19 failures out of 10000/10000 runs.
Logical error rate for reeval_5000000_beam_C1_run2_row3433_batch350: 0.0019 ± 0.0004355 (stderr)
Decoder reeval_5000000_beam_C1_run2_row3433_batch351 finished in 0.0m 12.84s with 20 failures out of 10000/10000 runs.
Logical error rate for reeval_5000000_beam_C1_run2_row3433_batch351: 0.002 ± 0.0004468 (stderr)
Decoder reeval_5000000_beam_C1_run2_row3433_batch352 finished in 0.0m 12.04s with 19 failures out of 10000/10000 runs.
Logical error rate for reeval_5000000_beam_C1_run2_row3433_batch352: 0.0019 ± 0.0004355 (stderr)
Decoder reeval_5000000_beam_C1_run2_row3433_batch353 finished in 0.0m 11.99s with 23 failures out of 10000/10000 runs.
Logical error rate for reeval_5000000_beam_C1_run2_row3433_batch353: 0.0023 ± 0.0004791 (stderr)
Decoder reeval_5000000_beam_C1_run2_row3433_batch354 finished in 0.0m 11.81s with 15 failures out of 10000/10000 runs.
Logical error rate for reeval_5000000_beam_C1_run2_row3433_batch354: 0.0015 ± 0.0003870 (stderr)
Decoder reeval_5000000_beam_C1_run2_row3433_batch355 finished in 0.0m 12.58s with 19 failures out of 10000/10000 runs.
Logical error rate for reeval_5000000_beam_C1_run2_row3433_batch355: 0.0019 ± 0.0004355 (stderr)
Decoder reeval_5000000_beam_C1_run2_row3433_batch356 finished in 0.0m 12.82s with 16 failures out of 10000/10000 runs.
Logical error rate for reeval_5000000_beam_C1_run2_row3433_batch356: 0.0016 ± 0.0003997 (stderr)
Decoder reeval_5000000_beam_C1_run2_row3433_batch357 finished in 0.0m 12.60s with 18 failures out of 10000/10000 runs.
Logical error rate for reeval_5000000_beam_C1_run2_row3433_batch357: 0.0018 ± 0.0004239 (stderr)
Decoder reeval_5000000_beam_C1_run2_row3433_batch358 finished in 0.0m 12.49s with 16 failures out of 10000/10000 runs.
Logical error rate for reeval_5000000_beam_C1_run2_row3433_batch358: 0.0016 ± 0.0003997 (stderr)
Decoder reeval_5000000_beam_C1_run2_row3433_batch359 finished in 0.0m 12.57s with 18 failures out of 10000/10000 runs.
Logical error rate for reeval_5000000_beam_C1_run2_row3433_batch359: 0.0018 ± 0.0004239 (stderr)
Decoder reeval_5000000_beam_C1_run2_row3433_batch360 finished in 0.0m 13.20s with 18 failures out of 10000/10000 runs.
Logical error rate for reeval_5000000_beam_C1_run2_row3433_batch360: 0.0018 ± 0.0004239 (stderr)
Decoder reeval_5000000_beam_C1_run2_row3433_batch361 finished in 0.0m 12.15s with 17 failures out of 10000/10000 runs.
Logical error rate for reeval_5000000_beam_C1_run2_row3433_batch361: 0.0017 ± 0.0004120 (stderr)
Decoder reeval_5000000_beam_C1_run2_row3433_batch362 finished in 0.0m 12.60s with 15 failures out of 10000/10000 runs.
Logical error rate for reeval_5000000_beam_C1_run2_row3433_batch362: 0.0015 ± 0.0003870 (stderr)
Decoder reeval_5000000_beam_C1_run2_row3433_batch363 finished in 0.0m 12.36s with 13 failures out of 10000/10000 runs.
Logical error rate for reeval_5000000_beam_C1_run2_row3433_batch363: 0.0013 ± 0.0003603 (stderr)
Decoder reeval_5000000_beam_C1_run2_row3433_batch364 finished in 0.0m 12.74s with 14 failures out of 10000/10000 runs.
Logical error rate for reeval_5000000_beam_C1_run2_row3433_batch364: 0.0014 ± 0.0003739 (stderr)
Decoder reeval_5000000_beam_C1_run2_row3433_batch365 finished in 0.0m 12.92s with 13 failures out of 10000/10000 runs.
Logical error rate for reeval_5000000_beam_C1_run2_row3433_batch365: 0.0013 ± 0.0003603 (stderr)
Decoder reeval_5000000_beam_C1_run2_row3433_batch366 finished in 0.0m 13.19s with 24 failures out of 10000/10000 runs.
Logical error rate for reeval_5000000_beam_C1_run2_row3433_batch366: 0.0024 ± 0.0004893 (stderr)
Decoder reeval_5000000_beam_C1_run2_row3433_batch367 finished in 0.0m 12.49s with 22 failures out of 10000/10000 runs.
Logical error rate for reeval_5000000_beam_C1_run2_row3433_batch367: 0.0022 ± 0.0004685 (stderr)
Decoder reeval_5000000_beam_C1_run2_row3433_batch368 finished in 0.0m 12.67s with 21 failures out of 10000/10000 runs.
Logical error rate for reeval_5000000_beam_C1_run2_row3433_batch368: 0.0021 ± 0.0004578 (stderr)
Decoder reeval_5000000_beam_C1_run2_row3433_batch369 finished in 0.0m 13.10s with 28 failures out of 10000/10000 runs.
Logical error rate for reeval_5000000_beam_C1_run2_row3433_batch369: 0.0028 ± 0.0005284 (stderr)
Decoder reeval_5000000_beam_C1_run2_row3433_batch370 finished in 0.0m 12.41s with 15 failures out of 10000/10000 runs.
Logical error rate for reeval_5000000_beam_C1_run2_row3433_batch370: 0.0015 ± 0.0003870 (stderr)
Decoder reeval_5000000_beam_C1_run2_row3433_batch371 finished in 0.0m 13.32s with 15 failures out of 10000/10000 runs.
Logical error rate for reeval_5000000_beam_C1_run2_row3433_batch371: 0.0015 ± 0.0003870 (stderr)
Decoder reeval_5000000_beam_C1_run2_row3433_batch372 finished in 0.0m 12.61s with 18 failures out of 10000/10000 runs.
Logical error rate for reeval_5000000_beam_C1_run2_row3433_batch372: 0.0018 ± 0.0004239 (stderr)
Decoder reeval_5000000_beam_C1_run2_row3433_batch373 finished in 0.0m 13.08s with 25 failures out of 10000/10000 runs.
Logical error rate for reeval_5000000_beam_C1_run2_row3433_batch373: 0.0025 ± 0.0004994 (stderr)
Decoder reeval_5000000_beam_C1_run2_row3433_batch374 finished in 0.0m 12.67s with 10 failures out of 10000/10000 runs.
Logical error rate for reeval_5000000_beam_C1_run2_row3433_batch374: 0.001 ± 0.0003161 (stderr)
Decoder reeval_5000000_beam_C1_run2_row3433_batch375 finished in 0.0m 12.36s with 17 failures out of 10000/10000 runs.
Logical error rate for reeval_5000000_beam_C1_run2_row3433_batch375: 0.0017 ± 0.0004120 (stderr)
Decoder reeval_5000000_beam_C1_run2_row3433_batch376 finished in 0.0m 12.35s with 17 failures out of 10000/10000 runs.
Logical error rate for reeval_5000000_beam_C1_run2_row3433_batch376: 0.0017 ± 0.0004120 (stderr)
Decoder reeval_5000000_beam_C1_run2_row3433_batch377 finished in 0.0m 12.49s with 20 failures out of 10000/10000 runs.
Logical error rate for reeval_5000000_beam_C1_run2_row3433_batch377: 0.002 ± 0.0004468 (stderr)
Decoder reeval_5000000_beam_C1_run2_row3433_batch378 finished in 0.0m 12.14s with 15 failures out of 10000/10000 runs.
Logical error rate for reeval_5000000_beam_C1_run2_row3433_batch378: 0.0015 ± 0.0003870 (stderr)
Decoder reeval_5000000_beam_C1_run2_row3433_batch379 finished in 0.0m 12.25s with 20 failures out of 10000/10000 runs.
Logical error rate for reeval_5000000_beam_C1_run2_row3433_batch379: 0.002 ± 0.0004468 (stderr)
Decoder reeval_5000000_beam_C1_run2_row3433_batch380 finished in 0.0m 12.61s with 18 failures out of 10000/10000 runs.
Logical error rate for reeval_5000000_beam_C1_run2_row3433_batch380: 0.0018 ± 0.0004239 (stderr)
Decoder reeval_5000000_beam_C1_run2_row3433_batch381 finished in 0.0m 12.56s with 19 failures out of 10000/10000 runs.
Logical error rate for reeval_5000000_beam_C1_run2_row3433_batch381: 0.0019 ± 0.0004355 (stderr)
Decoder reeval_5000000_beam_C1_run2_row3433_batch382 finished in 0.0m 12.45s with 26 failures out of 10000/10000 runs.
Logical error rate for reeval_5000000_beam_C1_run2_row3433_batch382: 0.0026 ± 0.0005093 (stderr)
Decoder reeval_5000000_beam_C1_run2_row3433_batch383 finished in 0.0m 12.23s with 25 failures out of 10000/10000 runs.
Logical error rate for reeval_5000000_beam_C1_run2_row3433_batch383: 0.0025 ± 0.0004994 (stderr)
Decoder reeval_5000000_beam_C1_run2_row3433_batch384 finished in 0.0m 12.49s with 12 failures out of 10000/10000 runs.
Logical error rate for reeval_5000000_beam_C1_run2_row3433_batch384: 0.0012 ± 0.0003462 (stderr)
Decoder reeval_5000000_beam_C1_run2_row3433_batch385 finished in 0.0m 12.62s with 23 failures out of 10000/10000 runs.
Logical error rate for reeval_5000000_beam_C1_run2_row3433_batch385: 0.0023 ± 0.0004791 (stderr)
Decoder reeval_5000000_beam_C1_run2_row3433_batch386 finished in 0.0m 12.45s with 14 failures out of 10000/10000 runs.
Logical error rate for reeval_5000000_beam_C1_run2_row3433_batch386: 0.0014 ± 0.0003739 (stderr)
Decoder reeval_5000000_beam_C1_run2_row3433_batch387 finished in 0.0m 12.75s with 21 failures out of 10000/10000 runs.
Logical error rate for reeval_5000000_beam_C1_run2_row3433_batch387: 0.0021 ± 0.0004578 (stderr)
Decoder reeval_5000000_beam_C1_run2_row3433_batch388 finished in 0.0m 13.25s with 11 failures out of 10000/10000 runs.
Logical error rate for reeval_5000000_beam_C1_run2_row3433_batch388: 0.0011 ± 0.0003315 (stderr)
Decoder reeval_5000000_beam_C1_run2_row3433_batch389 finished in 0.0m 12.23s with 12 failures out of 10000/10000 runs.
Logical error rate for reeval_5000000_beam_C1_run2_row3433_batch389: 0.0012 ± 0.0003462 (stderr)
Decoder reeval_5000000_beam_C1_run2_row3433_batch390 finished in 0.0m 12.18s with 23 failures out of 10000/10000 runs.
Logical error rate for reeval_5000000_beam_C1_run2_row3433_batch390: 0.0023 ± 0.0004791 (stderr)
Decoder reeval_5000000_beam_C1_run2_row3433_batch391 finished in 0.0m 12.26s with 15 failures out of 10000/10000 runs.
Logical error rate for reeval_5000000_beam_C1_run2_row3433_batch391: 0.0015 ± 0.0003870 (stderr)
Decoder reeval_5000000_beam_C1_run2_row3433_batch392 finished in 0.0m 12.40s with 22 failures out of 10000/10000 runs.
Logical error rate for reeval_5000000_beam_C1_run2_row3433_batch392: 0.0022 ± 0.0004685 (stderr)
Decoder reeval_5000000_beam_C1_run2_row3433_batch393 finished in 0.0m 12.65s with 21 failures out of 10000/10000 runs.
Logical error rate for reeval_5000000_beam_C1_run2_row3433_batch393: 0.0021 ± 0.0004578 (stderr)
Decoder reeval_5000000_beam_C1_run2_row3433_batch394 finished in 0.0m 12.68s with 20 failures out of 10000/10000 runs.
Logical error rate for reeval_5000000_beam_C1_run2_row3433_batch394: 0.002 ± 0.0004468 (stderr)
Decoder reeval_5000000_beam_C1_run2_row3433_batch395 finished in 0.0m 11.99s with 21 failures out of 10000/10000 runs.
Logical error rate for reeval_5000000_beam_C1_run2_row3433_batch395: 0.0021 ± 0.0004578 (stderr)
Decoder reeval_5000000_beam_C1_run2_row3433_batch396 finished in 0.0m 12.89s with 20 failures out of 10000/10000 runs.
Logical error rate for reeval_5000000_beam_C1_run2_row3433_batch396: 0.002 ± 0.0004468 (stderr)
Decoder reeval_5000000_beam_C1_run2_row3433_batch397 finished in 0.0m 12.41s with 14 failures out of 10000/10000 runs.
Logical error rate for reeval_5000000_beam_C1_run2_row3433_batch397: 0.0014 ± 0.0003739 (stderr)
Decoder reeval_5000000_beam_C1_run2_row3433_batch398 finished in 0.0m 11.91s with 13 failures out of 10000/10000 runs.
Logical error rate for reeval_5000000_beam_C1_run2_row3433_batch398: 0.0013 ± 0.0003603 (stderr)
Decoder reeval_5000000_beam_C1_run2_row3433_batch399 finished in 0.0m 12.77s with 19 failures out of 10000/10000 runs.
Logical error rate for reeval_5000000_beam_C1_run2_row3433_batch399: 0.0019 ± 0.0004355 (stderr)
